"body_nose_lift"
"Iteration" "body_nose_lift"
("Iteration" "body_nose_lift")
1 69.8541
2 633.3066
3 662.033
4 1384.281
5 1393.669
6 888.1694
7 546.4016
8 294.0672
9 113.0528
10 -41.85769
11 -34.62173
12 -54.55698
13 -15.4095
14 13.9082
15 46.32384
16 47.74997
17 51.53875
18 44.18648
19 43.50925
20 38.79576
21 37.05719
22 34.78881
23 35.90728
24 30.56501
25 29.66113
26 24.68635
27 21.54254
28 20.29603
29 15.87154
30 14.35378
31 12.69292
32 11.03555
33 8.088078
34 5.568808
35 4.31209
36 3.530516
37 2.450214
38 1.70798
39 1.677868
40 2.135282
41 2.750855
42 2.914422
43 3.169389
44 3.14752
45 3.402231
46 3.854828
47 3.932197
48 3.849885
49 3.729996
50 3.668138
51 3.652943
52 3.371701
53 3.277267
54 3.262625
55 3.030757
56 3.175086
57 3.276147
58 3.284132
59 3.380835
60 3.365762
61 3.510514
62 3.411949
63 3.377527
64 3.429241
65 3.657651
66 3.833071
67 3.910002
68 3.985676
69 4.174629
70 4.30374
71 4.270998
72 4.344908
73 4.457948
74 4.505447
75 4.573335
76 4.697172
77 4.75081
78 4.765039
79 4.801347
80 4.878542
81 4.969585
82 4.99575
83 5.014111
84 5.084208
85 5.17035
86 5.238329
87 5.330217
88 5.403807
89 5.496439
90 5.576438
91 5.703471
92 5.772582
93 5.895085
94 5.977442
95 6.088456
96 6.21269
97 6.389468
98 6.555413
99 6.695632
100 6.804862
101 6.948953
102 7.124484
103 7.357813
104 7.533759
105 7.713197
106 7.855347
107 8.007189
108 8.159337
109 8.326498
110 8.478974
111 8.631185
112 8.794813
113 8.911175
114 9.059337
115 9.189161
116 9.305772
117 9.381186
118 9.485989
119 9.540486
120 9.602791
121 9.593163
122 9.651938
123 9.629508
124 9.701168
125 9.638786
126 9.687716
127 9.60061
128 9.646083
129 9.540989
130 9.525335
131 9.429248
132 9.407573
133 9.258742
134 9.232382
135 9.049627
136 8.94295
137 8.748426
138 8.714036
139 8.498931
140 8.510313
141 8.162728
142 8.356677
143 7.863031
144 8.282269
145 7.506516
146 7.948973
147 7.100293
148 7.055129
149 6.62551
150 7.861299
151 7.030387
152 6.34677
153 6.409059
154 6.020843
155 5.281895
156 5.846378
157 5.778442
158 6.656292
159 4.98735
160 9.869663
161 5.636005
162 10.28471
163 6.93062
164 16.64307
165 8.226295
166 17.14672
167 7.319315
168 26.92992
169 8.682442
170 36.55992
171 13.81314
172 42.83677
173 14.15615
174 66.02197
175 18.53545
176 119.8425
177 16.77089
178 155.9575
179 36.21962
180 139.6283
181 7.821136
182 182.3403
183 17.5205
184 253.0999
185 26.32049
186 411.1287
187 10.14257
188 532.8317
189 23.58398
190 554.5117
191 35.24304
192 447.465
193 -7.701331
194 669.4386
195 41.61249
196 692.8189
197 -58.03368
198 667.9804
199 -9.510514
200 523.2564
201 -89.33024
202 261.1668
203 -53.34708
204 219.2484
205 -22.58413
206 147.8301
207 -1.216716
208 72.08097
209 -8.496694
210 69.98181
211 18.01138
212 61.0182
213 15.78224
214 75.42153
215 25.41991
216 38.72559
217 12.16405
218 50.94564
219 20.96806
220 43.38914
221 18.22092
222 36.03803
223 16.55099
224 40.42526
225 18.10314
226 37.33257
227 14.3001
228 41.2826
229 16.25883
230 36.67432
231 13.27772
232 28.37552
233 14.28784
234 22.51014
235 15.3928
236 22.68686
237 16.85377
238 21.77607
239 17.43858
240 20.9511
241 17.99775
242 22.28133
243 19.38133
244 22.54981
245 19.64506
246 24.23714
247 21.09344
248 22.69091
249 20.65613
250 21.95685
251 20.25343
252 21.18282
253 19.72892
254 21.9502
255 19.51999
256 20.10999
257 18.62911
258 18.89013
259 17.74684
260 18.26717
261 17.46792
262 17.54935
263 16.6076
264 16.5625
265 15.7974
266 15.61901
267 14.88354
268 14.59569
269 14.05692
270 13.73752
271 13.05066
272 12.79468
273 12.45164
274 12.30778
275 11.94786
276 11.629
277 11.27791
278 10.91362
279 10.67447
280 10.49308
281 10.43868
282 10.28294
283 10.25928
284 10.13937
285 10.00586
286 9.982025
287 9.806633
288 9.719033
289 9.510505
290 9.36967
291 9.237502
292 9.206181
293 9.180755
294 9.158059
295 9.236827
296 9.187449
297 9.114145
298 9.08913
299 9.091548
300 9.056563
301 8.979586
302 8.969489
303 8.870626
304 8.783182
305 8.751164
306 8.686871
307 8.643416
308 8.53569
309 8.536423
310 8.539063
311 8.561939
312 8.524788
313 8.505227
314 8.505917
315 8.44489
316 8.327153
317 8.252782
318 8.091887
319 7.894229
320 7.731584
321 7.571488
322 7.400819
323 7.330355
324 7.189026
325 7.079198
326 6.96083
327 6.808467
328 6.666575
329 6.480252
330 6.372148
331 6.24297
332 6.122355
333 5.969946
334 5.805211
335 5.649343
336 5.468528
337 5.327801
338 5.186425
339 5.093292
340 4.984817
341 4.896784
342 4.832069
343 4.776403
344 4.706223
345 4.608358
346 4.500312
347 4.385231
348 4.271552
349 4.169629
350 4.083731
351 3.975935
352 3.916375
353 3.859521
354 3.819218
355 3.766763
356 3.733692
357 3.675935
358 3.632993
359 3.588907
360 3.568672
361 3.521312
362 3.490545
363 3.452915
364 3.425941
365 3.399897
366 3.38761
367 3.37132
368 3.356025
369 3.340886
370 3.33109
371 3.314849
372 3.309225
373 3.29785
374 3.297067
375 3.290627
376 3.306684
377 3.310484
378 3.326369
379 3.328815
380 3.350738
381 3.352122
382 3.369835
383 3.366713
384 3.407794
385 3.406286
386 3.437503
387 3.43777
388 3.470211
389 3.465762
390 3.538496
391 3.495318
392 3.554763
393 3.514332
394 3.586709
395 3.537865
396 3.584119
397 3.55092
398 3.574175
399 3.553085
400 3.58461
401 3.556068
402 3.584518
403 3.546781
404 3.56707
405 3.555087
406 3.568463
407 3.555648
408 3.569252
409 3.550646
410 3.559165
411 3.542765
412 3.554038
413 3.536452
414 3.54397
415 3.531581
416 3.547568
417 3.521426
418 3.5201
419 3.495255
420 3.493722
421 3.459848
422 3.45396
423 3.410429
424 3.408602
425 3.34747
426 3.359584
427 3.287409
428 3.279026
429 3.199001
430 3.235106
431 3.127405
432 3.145901
433 3.030544
434 3.057985
435 2.93125
436 2.941561
437 2.83613
438 2.89897
439 2.750758
440 2.825323
441 2.689677
442 2.747792
443 2.604971
444 2.719994
445 2.563007
446 2.650393
447 2.52761
448 2.62661
449 2.524941
450 2.631948
451 2.534036
452 2.64464
453 2.588324
454 2.715549
455 2.651452
456 2.730186
457 2.723544
458 2.794875
459 2.814159
460 2.893639
461 2.914213
462 2.978074
463 3.005526
464 3.064505
465 3.090366
466 3.137533
467 3.161739
468 3.197698
469 3.212717
470 3.244675
471 3.258735
472 3.284361
473 3.283913
474 3.300958
475 3.294071
476 3.304339
477 3.291385
478 3.302963
479 3.281843
480 3.284333
481 3.256511
482 3.264688
483 3.225003
484 3.226837
485 3.178494
486 3.199574
487 3.136762
488 3.166097
489 3.086508
490 3.136976
491 3.041675
492 3.138509
493 3.008181
494 3.141145
495 2.981736
496 3.148631
497 2.999882
498 3.07111
499 2.983641
500 3.218719
501 3.033027
502 3.217712
503 3.028387
504 3.156365
505 3.077266
506 3.177117
507 3.160273
508 3.275819
509 3.274042
510 3.361003
511 3.379817
512 3.477355
513 3.49722
514 3.57875
515 3.609522
516 3.67045
517 3.688031
518 3.754565
519 3.774753
520 3.836473
521 3.851661
522 3.89783
523 3.906687
524 3.935705
525 3.926743
526 3.929261
527 3.902818
528 3.897373
529 3.854426
530 3.834105
531 3.771199
532 3.753798
533 3.666454
534 3.643963
535 3.522938
536 3.502349
537 3.358001
538 3.333729
539 3.16717
540 3.205416
541 3.028027
542 3.003472
543 2.839481
544 2.994395
545 2.732057
546 2.888668
547 2.676416
548 2.834633
549 2.618284
550 2.838998
551 2.643241
552 2.911338
553 2.760467
554 2.958741
555 2.895006
556 3.180972
557 3.142755
558 3.414779
559 3.310259
560 3.510664
561 3.509459
562 3.665571
563 3.710052
564 3.867804
565 3.907488
566 4.015014
567 4.032237
568 4.100978
569 4.101199
570 4.157039
571 4.112453
572 4.112979
573 4.04451
574 4.046441
575 3.960069
576 3.908388
577 3.811333
578 3.775854
579 3.674226
580 3.614971
581 3.531005
582 3.475257
583 3.392926
584 3.348487
585 3.283114
586 3.26225
587 3.213646
588 3.216031
589 3.198016
590 3.227395
591 3.236798
592 3.282743
593 3.323127
594 3.399599
595 3.457659
596 3.541117
597 3.606991
598 3.69833
599 3.751592
600 3.840115
601 3.8919
602 3.967667
603 3.992795
604 4.063812
605 4.071044
606 4.131109
607 4.131309
608 4.187575
609 4.145079
610 4.146453
611 4.088801
612 4.110368
613 4.008178
614 3.986633
615 3.876319
616 3.88781
617 3.748226
618 3.791095
619 3.627076
620 3.694369
621 3.530071
622 3.627376
623 3.459766
624 3.620751
625 3.444488
626 3.677939
627 3.492982
628 3.739457
629 3.606233
630 3.848038
631 3.715352
632 3.994682
633 3.868838
634 4.154641
635 4.034378
636 4.297205
637 4.196133
638 4.461744
639 4.332002
640 4.569428
641 4.446234
642 4.667233
643 4.510363
644 4.691579
645 4.524225
646 4.639804
647 4.496976
648 4.568021
649 4.425978
650 4.492826
651 4.334731
652 4.403705
653 4.23477
654 4.320323
655 4.135974
656 4.253114
657 4.065715
658 4.217184
659 4.044491
660 4.192701
661 4.034495
662 4.348509
663 4.137727
664 4.513317
665 4.265963
666 4.742521
667 4.41472
668 5.365158
669 4.784726
670 5.795689
671 4.87641
672 5.049102
673 4.838503
674 5.136829
675 4.955687
676 5.241339
677 5.04604
678 5.426361
679 5.131719
680 5.599529
681 5.111625
682 5.750868
683 5.047297
684 5.891922
685 4.83078
686 6.381326
687 4.934569
688 6.111685
689 4.500899
690 6.818023
691 4.894352
692 6.240769
693 4.258395
694 7.902564
695 4.407856
696 7.945225
697 3.954202
698 9.280619
699 4.61935
700 8.471663
701 3.99402
702 7.762953
703 5.456988
704 6.882073
705 4.504108
706 5.38693
707 4.511554
708 5.538058
709 5.42271
710 5.538742
711 5.285731
712 5.357736
713 5.295557
714 5.347376
715 5.301799
716 5.305171
717 5.267547
718 5.233163
719 5.176214
720 5.130862
721 5.071307
722 5.015347
723 4.959201
724 4.914767
725 4.869103
726 4.835401
727 4.81596
728 4.802203
729 4.803014
730 4.813622
731 4.841059
732 4.879822
733 4.933135
734 4.997108
735 5.063484
736 5.12568
737 5.193089
738 5.263176
739 5.33564
740 5.396791
741 5.455945
742 5.4996
743 5.540732
744 5.571264
745 5.596315
746 5.606042
747 5.608414
748 5.591524
749 5.564112
750 5.511806
751 5.462812
752 5.387382
753 5.323047
754 5.243271
755 5.163079
756 5.071399
757 4.992968
758 4.907613
759 4.828346
760 4.751457
761 4.684175
762 4.616711
763 4.566532
764 4.524737
765 4.493402
766 4.480083
767 4.467765
768 4.461473
769 4.461808
770 4.467722
771 4.472514
772 4.487567
773 4.505984
774 4.527116
775 4.525167
776 4.534736
777 4.523814
778 4.519892
779 4.490198
780 4.472568
781 4.419972
782 4.398883
783 4.323776
784 4.258334
785 4.164371
786 4.096389
787 3.955956
788 3.854981
789 3.710984
790 3.627794
791 3.482665
792 3.395336
793 3.274183
794 3.204445
795 3.103744
796 3.103708
797 3.003253
798 2.974953
799 2.924503
800 2.926302
801 2.88603
802 2.988898
803 3.000014
804 3.069106
805 3.204131
806 3.425854
807 3.616132
808 3.957502
809 3.744808
810 4.442676
811 3.941895
812 5.043931
813 4.396733
814 5.427372
815 4.758942
816 6.355337
817 5.593431
818 7.659368
819 6.264095
820 8.670186
821 6.489173
822 9.862604
823 5.521898
824 14.05422
825 6.947094
826 16.13577
827 6.51738
828 23.66041
829 10.26873
830 37.20273
831 11.48539
832 44.34563
833 5.880884
834 79.31469
835 16.49817
836 77.16561
837 -5.385301
838 152.9276
839 41.15654
840 113.9485
841 4.898386
842 48.77266
843 -1.606677
844 79.66083
845 21.14964
846 52.17894
847 5.191556
848 65.77434
849 12.50618
850 26.57711
851 5.659272
852 30.61705
853 12.8403
854 58.88629
855 17.41919
856 30.70921
857 12.06246
858 64.10133
859 20.15461
860 52.3771
861 16.39604
862 99.76445
863 35.17253
864 110.511
865 36.42739
866 190.5303
867 76.43652
868 126.037
869 33.69935
870 86.64134
871 41.71792
872 108.9737
873 40.73829
874 132.3919
875 44.70501
876 165.0621
877 67.11166
878 236.0794
879 60.25455
880 300.994
