"right_wing_tank_connect_lift"
"Iteration" "right_wing_tank_connect_lift"
("Iteration" "right_wing_tank_connect_lift")
1 0.0005131342
2 0.001523481
3 0.001138215
4 0.0007703977
5 0.0004752803
6 0.0001981356
7 7.095883e-05
8 3.767036e-05
9 4.431302e-05
10 0.0001216991
11 0.000182011
12 0.0002702853
13 0.000359742
14 0.0004500799
15 0.0005519827
16 0.000686711
17 0.0007504497
18 0.0008495146
19 0.0009030768
20 0.0009569915
21 0.001051917
22 0.001104783
23 0.001215774
24 0.001266979
25 0.001338111
26 0.001445347
27 0.001504413
28 0.001567911
29 0.001656373
30 0.00169112
31 0.001730179
32 0.001766486
33 0.001808097
34 0.001852217
35 0.001901263
36 0.001945656
37 0.00198617
38 0.002032765
39 0.002072627
40 0.002102461
41 0.002125346
42 0.002145102
43 0.002150745
44 0.002143695
45 0.002128689
46 0.00210751
47 0.002088112
48 0.002064076
49 0.002039387
50 0.002012303
51 0.001988441
52 0.001967277
53 0.001942856
54 0.001919243
55 0.001892297
56 0.001863412
57 0.001834751
58 0.001813586
59 0.001795174
60 0.001774077
61 0.001746961
62 0.001734806
63 0.001717585
64 0.001703137
65 0.001694896
66 0.001679816
67 0.001663067
68 0.001657696
69 0.00164964
70 0.001633624
71 0.001619629
72 0.001598532
73 0.001578994
74 0.001553042
75 0.001538429
76 0.001525569
77 0.001502088
78 0.00147693
79 0.001465892
80 0.001444283
81 0.001429451
82 0.001412615
83 0.001396254
84 0.001379161
85 0.001367991
86 0.001364333
87 0.001357284
88 0.001357214
89 0.001364079
90 0.001368417
91 0.001377623
92 0.001384504
93 0.001398546
94 0.001408928
95 0.001417398
96 0.001424979
97 0.001431738
98 0.00144784
99 0.0014525
100 0.001453489
101 0.001456877
102 0.001455753
103 0.001449518
104 0.001441696
105 0.001434878
106 0.001417171
107 0.001399556
108 0.001375063
109 0.001354153
110 0.001339251
111 0.001324882
112 0.0013186
113 0.001309021
114 0.001302934
115 0.001285359
116 0.001279759
117 0.001266709
118 0.001265783
119 0.001256996
120 0.001253682
121 0.001244373
122 0.00123921
123 0.001234602
124 0.001236013
125 0.001231501
126 0.001232722
127 0.00122997
128 0.001226489
129 0.001220467
130 0.001205749
131 0.001196831
132 0.001188176
133 0.001178614
134 0.001169756
135 0.001161797
136 0.001152486
137 0.001143791
138 0.001137519
139 0.00113304
140 0.001130643
141 0.001128465
142 0.001124864
143 0.001122569
144 0.001116656
145 0.001112073
146 0.001107122
147 0.001101932
148 0.001098323
149 0.001092012
150 0.001086553
151 0.001082084
152 0.001078197
153 0.00107504
154 0.001072515
155 0.001069644
156 0.001067632
157 0.001066732
158 0.001065654
159 0.001065682
160 0.001064052
161 0.001065891
162 0.00106807
163 0.001070411
164 0.001072816
165 0.001075096
166 0.001078677
167 0.001080811
168 0.001085078
169 0.001088824
170 0.001092109
171 0.001096338
172 0.001102659
173 0.001109521
174 0.001115545
175 0.001122579
176 0.001129988
177 0.00113824
178 0.001146439
179 0.001154843
180 0.001162691
181 0.001169871
182 0.001178815
183 0.001188684
184 0.001199029
185 0.001207725
186 0.001217896
187 0.001230702
188 0.001239839
189 0.00124787
190 0.001256081
191 0.001265512
192 0.001273634
193 0.001283259
194 0.001291762
195 0.001299561
196 0.001308494
197 0.001317972
198 0.001325319
199 0.001331913
200 0.001337142
201 0.001342271
202 0.001346158
203 0.001349507
204 0.001351188
205 0.001353187
206 0.00135491
207 0.001356258
208 0.00135704
209 0.001357301
210 0.001356943
211 0.001354518
212 0.001352606
213 0.001349646
214 0.001345383
215 0.001341276
216 0.001337005
217 0.001332078
218 0.001326823
219 0.001322532
220 0.001316865
221 0.001312767
222 0.001307437
223 0.001301785
224 0.001295273
225 0.001287961
226 0.001280066
227 0.00127381
228 0.001267121
229 0.001260206
230 0.001253192
231 0.001246132
232 0.001238047
233 0.001231322
234 0.001223369
235 0.001218306
236 0.001211354
237 0.001205511
238 0.001199501
239 0.001194702
240 0.001189648
241 0.00118386
242 0.001178098
243 0.001173406
244 0.001167898
245 0.001162485
246 0.001156856
247 0.001151957
248 0.001145921
249 0.001139672
250 0.00113572
251 0.001132789
252 0.001129153
253 0.001125098
254 0.001121701
255 0.001118348
256 0.00111432
257 0.00111062
258 0.001105501
259 0.001101318
260 0.001096655
261 0.001092752
262 0.001089517
263 0.001086099
264 0.001085504
265 0.001083628
266 0.001081638
267 0.001079323
268 0.001077842
269 0.001075558
270 0.001073283
271 0.001070673
272 0.001067067
273 0.001063354
274 0.001060673
275 0.001056377
276 0.001054285
277 0.001051852
278 0.00105028
279 0.001049742
280 0.001046926
281 0.001047605
282 0.001048095
283 0.001049599
284 0.001050017
285 0.00105334
286 0.001056514
287 0.001058866
288 0.001061113
289 0.001063211
290 0.001064318
291 0.001066961
292 0.001068709
293 0.001070807
294 0.001071464
295 0.001073544
296 0.001075826
297 0.001077464
298 0.001078257
299 0.001078923
300 0.001078473
301 0.001077341
302 0.001074348
303 0.001072697
304 0.001072559
305 0.001071847
306 0.001070856
307 0.001072446
308 0.001072683
309 0.001072175
310 0.001071759
311 0.001070982
312 0.001070524
313 0.001070732
314 0.001069817
315 0.001069053
316 0.001069618
317 0.001069612
318 0.001070985
319 0.001071224
320 0.001071196
321 0.001071401
322 0.001071652
323 0.001071492
324 0.001070152
325 0.001069329
326 0.001067465
327 0.001066835
328 0.001067828
329 0.001067273
330 0.001067624
331 0.001067373
332 0.001067228
333 0.001066165
334 0.001065238
335 0.001063906
336 0.001062355
337 0.001061696
338 0.001059143
339 0.00105627
340 0.001054528
341 0.001051546
342 0.001048515
343 0.001046466
344 0.001043284
345 0.001039171
346 0.001036821
347 0.001034032
348 0.001030282
349 0.001027423
350 0.00102568
351 0.001022126
352 0.001019282
353 0.001016897
354 0.00101215
355 0.00101159
356 0.001008976
357 0.00100541
358 0.001001704
359 0.0009979206
360 0.0009943818
361 0.0009915757
362 0.0009858966
363 0.000981754
364 0.0009771937
365 0.0009731837
366 0.0009711856
367 0.0009692003
368 0.0009676182
369 0.0009652138
370 0.0009649889
371 0.0009640034
372 0.0009634227
373 0.000962284
374 0.0009622331
375 0.0009603166
376 0.0009610857
377 0.000962132
378 0.0009615445
379 0.0009628811
380 0.0009639993
381 0.0009643848
382 0.0009637228
383 0.0009630598
384 0.0009635038
385 0.0009640522
386 0.0009630541
387 0.0009633995
388 0.0009635186
389 0.0009621833
390 0.000960738
391 0.0009592459
392 0.0009590717
393 0.000959393
394 0.0009598403
395 0.0009598968
396 0.0009598772
397 0.0009608392
398 0.0009616606
399 0.0009623651
400 0.000964336
401 0.0009655267
402 0.0009659539
403 0.0009669027
404 0.0009699645
405 0.0009733484
406 0.0009785236
407 0.0009816573
408 0.0009834153
409 0.0009862835
410 0.0009880883
411 0.0009907483
412 0.0009925821
413 0.0009956785
414 0.0009988094
415 0.001001829
416 0.001004158
417 0.001006528
418 0.001009532
419 0.001011568
420 0.001014106
421 0.001017044
422 0.001021356
423 0.001024239
424 0.001027129
425 0.001030035
426 0.001034132
427 0.001038155
428 0.001042788
429 0.001047616
430 0.001050917
431 0.001053487
432 0.001057142
433 0.001060482
434 0.001062746
435 0.001062825
436 0.001064808
437 0.001066193
438 0.001067069
439 0.001068772
440 0.001070579
441 0.001072273
442 0.001073944
443 0.001075137
444 0.001075129
445 0.001073928
446 0.001071649
447 0.001070927
448 0.001070784
449 0.001069795
450 0.001065608
451 0.001063585
452 0.001064066
453 0.001064181
454 0.001062516
455 0.001062179
456 0.00105958
457 0.001058751
458 0.00105443
459 0.001051123
460 0.001048973
461 0.001042801
462 0.001037066
463 0.001034627
464 0.001031059
465 0.001025936
466 0.001020218
467 0.001016965
468 0.00101501
469 0.001013293
470 0.001009037
471 0.001005213
472 0.001001131
473 0.0009990495
474 0.0009954022
475 0.00099026
476 0.0009854704
477 0.0009847635
478 0.0009822851
479 0.0009816677
480 0.0009785444
481 0.000978702
482 0.0009769406
483 0.0009736379
484 0.0009735323
485 0.0009738158
486 0.0009753475
487 0.0009791504
488 0.0009828523
489 0.0009861665
490 0.0009870905
491 0.000988447
492 0.0009907876
493 0.0009934725
494 0.0009957269
495 0.0009967046
496 0.000994052
497 0.0009904528
498 0.0009861793
499 0.0009802406
500 0.0009764847
501 0.000972546
502 0.0009701382
503 0.0009678117
504 0.0009660761
505 0.0009645674
506 0.0009634088
507 0.0009633992
508 0.000962636
509 0.0009613641
510 0.0009607374
511 0.000959736
512 0.000959463
513 0.0009604345
514 0.0009612767
515 0.0009624433
516 0.000963821
517 0.0009647727
518 0.000967073
519 0.0009694638
520 0.0009726305
521 0.0009753717
522 0.0009792213
523 0.0009820417
524 0.0009851628
525 0.0009887011
526 0.0009922636
527 0.0009946283
528 0.0009964869
529 0.00099853
530 0.001001157
531 0.001003901
532 0.001006268
533 0.001008351
534 0.001010398
535 0.0010122
536 0.001013257
537 0.001014235
538 0.001015179
539 0.001014785
540 0.001014365
541 0.001014256
542 0.001013522
543 0.001012809
544 0.001012581
545 0.001012607
546 0.001012786
547 0.00101316
548 0.001013843
549 0.001014638
550 0.001015981
551 0.001017574
552 0.001019217
553 0.001021158
554 0.001023537
555 0.001025764
556 0.001027463
557 0.001029678
558 0.001031358
559 0.001032707
560 0.001033944
561 0.001035294
562 0.00103737
563 0.001038673
564 0.001041494
565 0.001042842
566 0.001043928
567 0.001044541
568 0.001044998
569 0.001045434
570 0.00104551
571 0.001046841
572 0.001047244
573 0.001048063
574 0.001048749
575 0.001049617
576 0.001050818
577 0.001051851
578 0.001052682
579 0.001053239
580 0.001053867
581 0.001054304
582 0.001054626
583 0.001055047
584 0.001055494
585 0.001055461
586 0.001055771
587 0.001056267
588 0.00105698
589 0.001055927
590 0.001055357
591 0.001055053
592 0.001053305
593 0.001052204
594 0.001050724
595 0.001049084
596 0.001047077
597 0.001044355
598 0.001041044
599 0.0010393
600 0.001036619
601 0.001034647
602 0.00103224
603 0.001029608
604 0.001026125
605 0.001023458
606 0.001019176
607 0.001015445
608 0.0010111
609 0.001006516
610 0.0009983564
611 0.0009919957
612 0.0009852658
613 0.0009784534
614 0.0009717274
615 0.0009669543
616 0.0009622802
617 0.0009576081
618 0.0009533521
619 0.0009490015
620 0.0009445117
621 0.0009394775
622 0.0009333981
623 0.0009290668
624 0.0009220046
625 0.0009175348
626 0.0009121991
627 0.0009095257
628 0.0009068517
629 0.0009054198
630 0.0009051634
631 0.0009047884
632 0.0009060598
633 0.0009067887
634 0.0009065529
635 0.0009063669
636 0.0009046536
637 0.0009027614
638 0.0009024238
639 0.0009030056
640 0.0009063308
641 0.0009088548
642 0.0009113431
643 0.0009133187
644 0.0009142324
645 0.0009161151
646 0.0009180847
647 0.0009221326
648 0.000924007
649 0.0009257299
650 0.0009274263
651 0.0009284131
652 0.0009287677
653 0.00093164
654 0.0009341418
655 0.0009363187
656 0.0009391444
657 0.0009411133
658 0.0009448083
659 0.0009496602
660 0.0009546667
661 0.0009582567
662 0.0009620752
663 0.0009660845
664 0.0009705162
665 0.0009749634
666 0.0009782613
667 0.0009810233
668 0.0009838005
669 0.0009850349
670 0.0009859689
671 0.0009869253
672 0.0009869526
673 0.0009869668
674 0.0009871675
675 0.0009867792
676 0.0009862708
677 0.0009861992
678 0.0009843154
679 0.0009826733
680 0.0009801867
681 0.0009767165
682 0.0009723248
683 0.0009682759
684 0.0009644402
685 0.0009609306
686 0.0009586877
687 0.000957061
688 0.0009544395
689 0.0009527327
690 0.0009509395
691 0.0009490537
692 0.0009476524
693 0.0009464736
694 0.0009460109
695 0.0009445418
696 0.0009431517
697 0.0009433178
698 0.0009438028
699 0.0009444135
700 0.0009452949
701 0.0009456279
702 0.000946235
703 0.0009471394
704 0.0009479321
705 0.0009494449
706 0.0009504908
707 0.0009516853
708 0.0009533879
709 0.000955493
710 0.000957881
711 0.000960985
712 0.0009638778
713 0.0009666187
714 0.000969524
715 0.0009730299
716 0.0009749815
717 0.0009776891
718 0.0009801805
719 0.0009826926
720 0.0009844275
721 0.0009861952
722 0.0009885887
723 0.0009907306
724 0.0009927037
725 0.000994782
726 0.0009963621
727 0.0009973858
728 0.00099873
729 0.001000881
730 0.001002475
731 0.001003428
732 0.001005414
733 0.001007396
734 0.001008747
735 0.001009716
736 0.001009939
737 0.001010004
738 0.001010148
739 0.001010795
740 0.001011228
741 0.001011914
742 0.001013249
743 0.001014467
744 0.001015644
745 0.001015958
746 0.001015935
747 0.00101564
748 0.001015263
749 0.001014719
750 0.001013951
751 0.001014409
752 0.001014178
753 0.001013287
754 0.001012506
755 0.001010581
756 0.001009358
757 0.001008722
758 0.001007014
759 0.001005586
760 0.001004211
761 0.001002097
762 0.001000428
763 0.000997579
764 0.0009958794
765 0.0009941194
766 0.0009922932
767 0.0009905904
768 0.0009884018
769 0.0009864161
770 0.0009850175
771 0.0009838953
772 0.0009827794
773 0.0009812133
774 0.0009797792
775 0.000979569
776 0.0009793248
777 0.000978668
778 0.000979125
779 0.0009792696
780 0.0009796434
781 0.0009798561
782 0.0009806871
783 0.0009812214
784 0.0009824313
785 0.0009849569
786 0.0009865919
787 0.0009887357
788 0.0009899292
789 0.0009924839
790 0.0009942811
791 0.0009954115
792 0.0009967412
793 0.0009976279
794 0.0009980418
795 0.0009991191
796 0.001000364
797 0.001001572
798 0.001002748
799 0.001003836
800 0.001004621
801 0.00100585
802 0.001007368
803 0.001008061
804 0.001008493
805 0.001008615
806 0.00100832
807 0.001008115
808 0.00100753
809 0.001007057
810 0.001006653
811 0.001005927
812 0.001005708
813 0.001005938
814 0.001005753
815 0.001005947
816 0.001005978
817 0.001006492
818 0.001006991
819 0.001007915
820 0.00100853
821 0.00100878
822 0.001008712
823 0.001009382
824 0.001010223
825 0.001010794
826 0.001011424
827 0.001012448
828 0.001013581
829 0.001014492
830 0.001015605
831 0.00101632
832 0.001017355
833 0.001018155
834 0.001019364
835 0.001020071
836 0.001021078
837 0.001021207
838 0.001021279
839 0.00102123
840 0.001020977
841 0.001020793
842 0.001020927
843 0.00102158
844 0.001022588
845 0.001023965
846 0.001025852
847 0.001027427
848 0.001029309
849 0.001030706
850 0.001032278
851 0.001034052
852 0.001034964
853 0.001035941
854 0.001037753
855 0.001038818
856 0.001039603
857 0.001040536
858 0.001041786
859 0.001043281
860 0.001044386
861 0.001045156
862 0.001046078
863 0.00104713
864 0.00104716
865 0.00104729
866 0.001047035
867 0.001046987
868 0.001046594
869 0.001046648
870 0.001046566
871 0.001045412
872 0.001044331
873 0.001043466
874 0.001042035
875 0.001040479
876 0.001039194
877 0.001038276
878 0.001038138
879 0.001037664
880 0.001037468
