"right_fin_lift"
"Iteration" "right_fin_lift"
("Iteration" "right_fin_lift")
1 -0.3046329
2 -0.4657726
3 -0.4490776
4 -0.416218
5 -0.3720336
6 -0.2984912
7 -0.2690682
8 -0.2241233
9 -0.2013769
10 -0.1769389
11 -0.1512434
12 -0.1324019
13 -0.1165312
14 -0.1109728
15 -0.1085021
16 -0.1132277
17 -0.1145021
18 -0.1235943
19 -0.1298813
20 -0.1372732
21 -0.1406348
22 -0.1436823
23 -0.1380959
24 -0.1353076
25 -0.1279589
26 -0.1154147
27 -0.1018113
28 -0.09496926
29 -0.08816342
30 -0.08354574
31 -0.08299395
32 -0.08632216
33 -0.09286077
34 -0.09798937
35 -0.1005375
36 -0.1045681
37 -0.1065983
38 -0.108187
39 -0.1080132
40 -0.1087305
41 -0.1081663
42 -0.1097663
43 -0.1114495
44 -0.1141621
45 -0.1160652
46 -0.1203406
47 -0.1239461
48 -0.1275882
49 -0.1306819
50 -0.1334494
51 -0.1346546
52 -0.1379754
53 -0.1369367
54 -0.1376531
55 -0.1359167
56 -0.1360255
57 -0.1353315
58 -0.133918
59 -0.1334676
60 -0.1350164
61 -0.1334342
62 -0.1334498
63 -0.1342195
64 -0.1370472
65 -0.1375908
66 -0.1415044
67 -0.1426445
68 -0.1447543
69 -0.1471846
70 -0.1493571
71 -0.1508648
72 -0.1525086
73 -0.152986
74 -0.1552083
75 -0.156091
76 -0.1553999
77 -0.1538736
78 -0.153073
79 -0.1527074
80 -0.1522825
81 -0.1492565
82 -0.1492384
83 -0.145347
84 -0.1436137
85 -0.1374922
86 -0.1334416
87 -0.1287936
88 -0.1238942
89 -0.118829
90 -0.1153455
91 -0.1087329
92 -0.1054433
93 -0.09786806
94 -0.09411138
95 -0.08890363
96 -0.08597241
97 -0.0805584
98 -0.07603174
99 -0.07033409
100 -0.06693421
101 -0.06490223
102 -0.06381789
103 -0.06246425
104 -0.06402157
105 -0.06489065
106 -0.06729366
107 -0.06905601
108 -0.0732891
109 -0.07625148
110 -0.08071797
111 -0.08419929
112 -0.09135778
113 -0.0988014
114 -0.1083869
115 -0.1176559
116 -0.1268623
117 -0.1347594
118 -0.1447777
119 -0.1534314
120 -0.1638929
121 -0.1719818
122 -0.1818642
123 -0.1911188
124 -0.2015861
125 -0.2099286
126 -0.2207725
127 -0.2299543
128 -0.2394435
129 -0.2459486
130 -0.2531867
131 -0.2569842
132 -0.264233
133 -0.2729694
134 -0.2806324
135 -0.2869059
136 -0.2922476
137 -0.2969468
138 -0.3045954
139 -0.3081336
140 -0.3109325
141 -0.3156492
142 -0.318568
143 -0.3226441
144 -0.3275767
145 -0.330393
146 -0.3347959
147 -0.338747
148 -0.3436714
149 -0.3472752
150 -0.3517258
151 -0.3574228
152 -0.3622474
153 -0.3667711
154 -0.3747118
155 -0.382578
156 -0.3881585
157 -0.3932129
158 -0.3963606
159 -0.3985876
160 -0.4024562
161 -0.4061373
162 -0.4093283
163 -0.4110029
164 -0.4119506
165 -0.4127308
166 -0.4106351
167 -0.4091729
168 -0.4070773
169 -0.4024126
170 -0.3980287
171 -0.3943757
172 -0.3915713
173 -0.3852586
174 -0.3794254
175 -0.3725309
176 -0.3690013
177 -0.3626115
178 -0.3570506
179 -0.3489048
180 -0.3432026
181 -0.3356194
182 -0.3302584
183 -0.3261613
184 -0.3233027
185 -0.3188535
186 -0.3148966
187 -0.3114522
188 -0.3093676
189 -0.3049844
190 -0.3048622
191 -0.3022452
192 -0.3012494
193 -0.299075
194 -0.2996758
195 -0.2996825
196 -0.299862
197 -0.3003318
198 -0.3010722
199 -0.2999611
200 -0.3006637
201 -0.2992158
202 -0.3002337
203 -0.2999536
204 -0.3016736
205 -0.3018717
206 -0.3033234
207 -0.3029037
208 -0.3041033
209 -0.3026252
210 -0.3029121
211 -0.3023285
212 -0.3011875
213 -0.2989808
214 -0.2980865
215 -0.2967591
216 -0.2974266
217 -0.2948735
218 -0.2937336
219 -0.2913574
220 -0.2910509
221 -0.2910228
222 -0.2925295
223 -0.292998
224 -0.2946557
225 -0.2953393
226 -0.2965972
227 -0.2982416
228 -0.3008018
229 -0.3040687
230 -0.3080542
231 -0.3114149
232 -0.3135959
233 -0.3155265
234 -0.3186173
235 -0.3200009
236 -0.3223071
237 -0.3234533
238 -0.3235058
239 -0.3233114
240 -0.3231754
241 -0.3213567
242 -0.3204674
243 -0.3170331
244 -0.3141744
245 -0.3108414
246 -0.309064
247 -0.3063771
248 -0.304135
249 -0.302153
250 -0.2995063
251 -0.2971786
252 -0.2949912
253 -0.2926388
254 -0.2901255
255 -0.2874572
256 -0.2849481
257 -0.2823672
258 -0.2807079
259 -0.2780555
260 -0.2766309
261 -0.2748466
262 -0.2742296
263 -0.2718872
264 -0.2701732
265 -0.2679725
266 -0.2659168
267 -0.2621783
268 -0.258978
269 -0.2548774
270 -0.2510647
271 -0.2473874
272 -0.2439473
273 -0.23937
274 -0.2347342
275 -0.2291154
276 -0.2239389
277 -0.2191924
278 -0.2144785
279 -0.2093331
280 -0.2041215
281 -0.1982856
282 -0.1933342
283 -0.1880444
284 -0.1837476
285 -0.1794559
286 -0.1755293
287 -0.1719965
288 -0.1697045
289 -0.1662893
290 -0.1638975
291 -0.1611712
292 -0.1591965
293 -0.1569135
294 -0.154922
295 -0.1535766
296 -0.1532638
297 -0.1522115
298 -0.1526139
299 -0.1517551
300 -0.1522151
301 -0.1517628
302 -0.1526204
303 -0.1522428
304 -0.1534284
305 -0.1536628
306 -0.1556685
307 -0.1572368
308 -0.1590644
309 -0.1602647
310 -0.1625594
311 -0.1641164
312 -0.1669005
313 -0.1685747
314 -0.1706908
315 -0.17216
316 -0.1740251
317 -0.1755603
318 -0.1780527
319 -0.1794108
320 -0.1816767
321 -0.183112
322 -0.1849778
323 -0.185861
324 -0.18739
325 -0.1882669
326 -0.1900213
327 -0.1909896
328 -0.1918408
329 -0.192327
330 -0.1938397
331 -0.1940622
332 -0.1948348
333 -0.1940743
334 -0.1945392
335 -0.1939076
336 -0.1934294
337 -0.1918265
338 -0.19061
339 -0.1882834
340 -0.1870238
341 -0.1846794
342 -0.1831605
343 -0.1809703
344 -0.1797691
345 -0.1775834
346 -0.1762787
347 -0.173622
348 -0.1719842
349 -0.1696789
350 -0.1681502
351 -0.1663731
352 -0.1656213
353 -0.1637401
354 -0.1634662
355 -0.1624843
356 -0.1623557
357 -0.1621345
358 -0.1626548
359 -0.1624055
360 -0.1626904
361 -0.1627076
362 -0.1637681
363 -0.1637864
364 -0.1649538
365 -0.1653294
366 -0.1665603
367 -0.1669914
368 -0.1682556
369 -0.1687992
370 -0.1706379
371 -0.1713082
372 -0.1729686
373 -0.1738568
374 -0.175285
375 -0.1757506
376 -0.1770909
377 -0.1776122
378 -0.1792985
379 -0.1802792
380 -0.1816498
381 -0.182422
382 -0.1837705
383 -0.1846485
384 -0.1861207
385 -0.1867459
386 -0.1879798
387 -0.1881454
388 -0.1887753
389 -0.1884473
390 -0.1888772
391 -0.1884946
392 -0.1889767
393 -0.1884607
394 -0.1889732
395 -0.1887721
396 -0.1895308
397 -0.1891292
398 -0.1893007
399 -0.1888008
400 -0.1887147
401 -0.1879864
402 -0.1878418
403 -0.1867951
404 -0.1864038
405 -0.1851466
406 -0.1847867
407 -0.1836379
408 -0.1833379
409 -0.1818919
410 -0.1818876
411 -0.1810036
412 -0.1811936
413 -0.1806258
414 -0.1807763
415 -0.1804671
416 -0.1805346
417 -0.180164
418 -0.1808153
419 -0.1804921
420 -0.1811305
421 -0.1809973
422 -0.1817886
423 -0.1818473
424 -0.1827619
425 -0.1829525
426 -0.1840604
427 -0.1843219
428 -0.1854038
429 -0.1858301
430 -0.186885
431 -0.1873265
432 -0.1884368
433 -0.1886477
434 -0.1894199
435 -0.1893136
436 -0.1901041
437 -0.1897227
438 -0.1900992
439 -0.1896021
440 -0.1897927
441 -0.1890445
442 -0.1890315
443 -0.1879976
444 -0.1877838
445 -0.1867765
446 -0.186237
447 -0.1850814
448 -0.1848087
449 -0.183618
450 -0.1834088
451 -0.1825233
452 -0.1823007
453 -0.1813374
454 -0.1810669
455 -0.1802356
456 -0.180228
457 -0.17958
458 -0.1792328
459 -0.1783026
460 -0.1782839
461 -0.1774793
462 -0.1774213
463 -0.1766433
464 -0.1763164
465 -0.1756118
466 -0.1757713
467 -0.1752527
468 -0.1753194
469 -0.1748424
470 -0.1750111
471 -0.1744321
472 -0.1745433
473 -0.1741857
474 -0.1746078
475 -0.1744348
476 -0.1748681
477 -0.1746736
478 -0.1750444
479 -0.1748967
480 -0.1753269
481 -0.1748195
482 -0.1751344
483 -0.1745456
484 -0.1745564
485 -0.1739415
486 -0.1739101
487 -0.17298
488 -0.1730283
489 -0.1725331
490 -0.1726533
491 -0.1720921
492 -0.1721341
493 -0.1713787
494 -0.171523
495 -0.1709471
496 -0.1710013
497 -0.1703796
498 -0.1703547
499 -0.1694025
500 -0.1693454
501 -0.1683386
502 -0.1682053
503 -0.1670981
504 -0.1668569
505 -0.1658002
506 -0.1655799
507 -0.164334
508 -0.164217
509 -0.1630949
510 -0.1627771
511 -0.1616
512 -0.1616462
513 -0.1607525
514 -0.1606407
515 -0.1599609
516 -0.1600579
517 -0.159337
518 -0.1595048
519 -0.1590833
520 -0.1589859
521 -0.1582374
522 -0.1582287
523 -0.1573899
524 -0.1574261
525 -0.1565645
526 -0.156128
527 -0.1555588
528 -0.1550803
529 -0.1541085
530 -0.153826
531 -0.1530396
532 -0.1525367
533 -0.1512916
534 -0.1508009
535 -0.1496964
536 -0.1491399
537 -0.1480345
538 -0.1473299
539 -0.1459895
540 -0.145207
541 -0.1438648
542 -0.1432241
543 -0.1420996
544 -0.1413845
545 -0.1400393
546 -0.1394449
547 -0.1384284
548 -0.1379956
549 -0.137095
550 -0.1367801
551 -0.1359497
552 -0.1357522
553 -0.1349672
554 -0.1349027
555 -0.1341247
556 -0.13401
557 -0.1333313
558 -0.1332467
559 -0.1324494
560 -0.1325607
561 -0.1322065
562 -0.1323981
563 -0.131924
564 -0.1323151
565 -0.1320064
566 -0.1324041
567 -0.1321282
568 -0.1325195
569 -0.132134
570 -0.1325422
571 -0.1320963
572 -0.1321017
573 -0.1315164
574 -0.1315648
575 -0.1309901
576 -0.1310407
577 -0.1305166
578 -0.1306327
579 -0.1303013
580 -0.1304358
581 -0.1300371
582 -0.1303604
583 -0.1300983
584 -0.1304265
585 -0.1300108
586 -0.1302169
587 -0.1298016
588 -0.1299359
589 -0.12943
590 -0.1296678
591 -0.1293711
592 -0.1297823
593 -0.1295539
594 -0.1301595
595 -0.1301213
596 -0.1307466
597 -0.1306586
598 -0.1312301
599 -0.1312843
600 -0.1318602
601 -0.1316786
602 -0.1322294
603 -0.1322512
604 -0.1327888
605 -0.1329357
606 -0.133477
607 -0.1336179
608 -0.1341021
609 -0.1340728
610 -0.1345214
611 -0.1343346
612 -0.1346832
613 -0.1342296
614 -0.1343236
615 -0.1338248
616 -0.1337367
617 -0.1329262
618 -0.1326984
619 -0.1318902
620 -0.1317737
621 -0.1311972
622 -0.1311955
623 -0.1307883
624 -0.1309026
625 -0.1303122
626 -0.1303017
627 -0.1293277
628 -0.1291443
629 -0.1282198
630 -0.1279502
631 -0.1269482
632 -0.126556
633 -0.1257191
634 -0.125595
635 -0.1248747
636 -0.1248224
637 -0.1243312
638 -0.1244998
639 -0.1242121
640 -0.1245896
641 -0.1243516
642 -0.1249254
643 -0.1250851
644 -0.1258139
645 -0.1258173
646 -0.1266273
647 -0.1268963
648 -0.1275775
649 -0.127767
650 -0.1285424
651 -0.1289965
652 -0.1299648
653 -0.1302026
654 -0.1312842
655 -0.1314527
656 -0.1324544
657 -0.1326246
658 -0.133371
659 -0.1331695
660 -0.1334593
661 -0.1331372
662 -0.1333602
663 -0.1330056
664 -0.1331563
665 -0.1324916
666 -0.1327735
667 -0.1323829
668 -0.1326142
669 -0.1317486
670 -0.1318054
671 -0.1310838
672 -0.1311182
673 -0.1302096
674 -0.1301786
675 -0.1292875
676 -0.1291137
677 -0.1283
678 -0.1281379
679 -0.1272719
680 -0.1269576
681 -0.1260961
682 -0.125903
683 -0.1248351
684 -0.1243208
685 -0.123403
686 -0.1232631
687 -0.1224829
688 -0.1223375
689 -0.1217778
690 -0.1217947
691 -0.1212783
692 -0.1213387
693 -0.1209277
694 -0.1211576
695 -0.1207183
696 -0.1208159
697 -0.1206502
698 -0.1209124
699 -0.1205946
700 -0.1208362
701 -0.1206213
702 -0.1210029
703 -0.1210651
704 -0.1214389
705 -0.121435
706 -0.1220296
707 -0.1219789
708 -0.1224681
709 -0.122359
710 -0.1227622
711 -0.1225659
712 -0.1228855
713 -0.1225826
714 -0.1229511
715 -0.1227041
716 -0.1231442
717 -0.1231989
718 -0.1238082
719 -0.1238238
720 -0.1241562
721 -0.1238769
722 -0.1241756
723 -0.1237989
724 -0.1237796
725 -0.1232737
726 -0.1236
727 -0.1233207
728 -0.123436
729 -0.1231139
730 -0.1234856
731 -0.1233898
732 -0.1238237
733 -0.1238171
734 -0.124174
735 -0.1241813
736 -0.1245764
737 -0.1245707
738 -0.1249743
739 -0.1250029
740 -0.1254821
741 -0.1253998
742 -0.125897
743 -0.1258642
744 -0.1264755
745 -0.1265284
746 -0.1271873
747 -0.1271957
748 -0.1278033
749 -0.1277182
750 -0.1282407
751 -0.1279917
752 -0.1283475
753 -0.1281025
754 -0.1284377
755 -0.1281922
756 -0.1285196
757 -0.1284547
758 -0.1287559
759 -0.1285047
760 -0.1288884
761 -0.1288467
762 -0.1291829
763 -0.1290055
764 -0.1293258
765 -0.1291207
766 -0.1294697
767 -0.1293015
768 -0.1295948
769 -0.1292969
770 -0.1295424
771 -0.1292053
772 -0.1294947
773 -0.1293617
774 -0.1297521
775 -0.1294955
776 -0.1298169
777 -0.1296346
778 -0.1300718
779 -0.1298857
780 -0.1302239
781 -0.1300813
782 -0.1305037
783 -0.130375
784 -0.1306335
785 -0.1303237
786 -0.1306785
787 -0.1304335
788 -0.130634
789 -0.1303711
790 -0.1304696
791 -0.129983
792 -0.130068
793 -0.1295369
794 -0.1294798
795 -0.128776
796 -0.1287379
797 -0.128017
798 -0.1279541
799 -0.1272172
800 -0.1270371
801 -0.1263653
802 -0.1263928
803 -0.1256466
804 -0.1256641
805 -0.1251478
806 -0.1251545
807 -0.1244467
808 -0.1243804
809 -0.1237122
810 -0.1237263
811 -0.123024
812 -0.1229523
813 -0.1223315
814 -0.1225321
815 -0.1220943
816 -0.1222849
817 -0.1219501
818 -0.1221585
819 -0.1218287
820 -0.1220677
821 -0.1217312
822 -0.122085
823 -0.121741
824 -0.1220158
825 -0.1217221
826 -0.1220786
827 -0.1218096
828 -0.1221532
829 -0.1218
830 -0.1222902
831 -0.1220996
832 -0.1224875
833 -0.1222965
834 -0.1227652
835 -0.1225695
836 -0.123165
837 -0.123092
838 -0.1235969
839 -0.1234812
840 -0.1240142
841 -0.1239052
842 -0.1245747
843 -0.1244813
844 -0.1249809
845 -0.1248233
846 -0.1255131
847 -0.1254113
848 -0.1260245
849 -0.1259605
850 -0.1265875
851 -0.1264785
852 -0.1270558
853 -0.1269837
854 -0.1276595
855 -0.1275441
856 -0.1282042
857 -0.1282436
858 -0.1288693
859 -0.1289336
860 -0.129651
861 -0.1298386
862 -0.1307328
863 -0.1310107
864 -0.1319787
865 -0.1322306
866 -0.1331898
867 -0.1333819
868 -0.1343492
869 -0.1346661
870 -0.1355791
871 -0.1358389
872 -0.136721
873 -0.1370183
874 -0.1380489
875 -0.1384719
876 -0.1394145
877 -0.1398425
878 -0.1408823
879 -0.1413143
880 -0.1422502
881 -0.1425156
882 -0.1434015
883 -0.1436732
884 -0.1444897
885 -0.1447045
886 -0.1454996
887 -0.1457075
888 -0.1465534
889 -0.1467537
890 -0.1475972
891 -0.1477744
892 -0.1486298
893 -0.1487748
894 -0.149676
895 -0.1497871
896 -0.1505929
897 -0.150703
898 -0.1515028
899 -0.1515647
900 -0.1522358
901 -0.1522022
902 -0.1528841
903 -0.1528253
904 -0.1533483
905 -0.1532041
906 -0.1536538
907 -0.1534564
908 -0.1538213
909 -0.1536484
910 -0.1539601
911 -0.1535398
912 -0.1538143
913 -0.1532819
914 -0.153418
915 -0.1529136
916 -0.1529642
917 -0.1522814
918 -0.1522162
919 -0.1515649
920 -0.1515125
921 -0.1508393
922 -0.1506843
923 -0.1499596
924 -0.1498747
925 -0.1492136
926 -0.1492466
927 -0.1485626
928 -0.1485548
929 -0.1478035
930 -0.1477342
931 -0.1470079
932 -0.1469874
933 -0.1462341
934 -0.1462275
935 -0.1455374
936 -0.1455182
937 -0.1448853
938 -0.1448748
939 -0.1443384
940 -0.1443844
941 -0.143745
942 -0.1438831
943 -0.143407
944 -0.1436055
945 -0.1430495
946 -0.1433501
947 -0.1427229
948 -0.1429135
949 -0.142363
950 -0.142568
951 -0.142098
952 -0.1422759
953 -0.1418173
954 -0.142077
955 -0.1416952
956 -0.1419154
957 -0.1412998
958 -0.1414223
959 -0.1408424
960 -0.14094
961 -0.1403656
962 -0.1405682
963 -0.1399739
964 -0.1400156
965 -0.1394337
966 -0.1393896
967 -0.1387313
968 -0.1385841
969 -0.1377874
970 -0.137652
971 -0.1367266
972 -0.1365176
973 -0.1354829
974 -0.1352502
975 -0.1342475
976 -0.1339451
977 -0.1329137
978 -0.1326348
979 -0.1317129
980 -0.1314636
981 -0.1305566
982 -0.1303922
983 -0.129529
984 -0.1293837
985 -0.1284765
986 -0.1282564
987 -0.1274177
988 -0.1272105
989 -0.1264503
990 -0.1263104
991 -0.1256655
992 -0.125621
993 -0.1250058
994 -0.1249892
995 -0.1244238
996 -0.1243949
997 -0.1238956
998 -0.1238825
999 -0.1233176
1000 -0.1233409
