"right_wing_drag"
"Iteration" "right_wing_drag"
("Iteration" "right_wing_drag")
1 10.81082
2 13.7965
3 9.975046
4 7.174404
5 4.426516
6 2.552382
7 1.787685
8 1.323172
9 1.367227
10 1.476731
11 1.728111
12 2.029686
13 2.422443
14 2.662535
15 2.850497
16 3.151763
17 3.248585
18 3.275161
19 3.292972
20 3.255657
21 3.231537
22 3.130261
23 3.023138
24 2.871291
25 2.703685
26 2.582461
27 2.445364
28 2.272274
29 2.127872
30 1.922536
31 1.864899
32 1.725082
33 1.587869
34 1.407033
35 1.267551
36 1.104691
37 0.9668209
38 0.7833116
39 0.6447037
40 0.4647464
41 0.3372105
42 0.1750053
43 0.05135596
44 -0.08062959
45 -0.1665554
46 -0.2819505
47 -0.3374881
48 -0.4068509
49 -0.4221183
50 -0.4609711
51 -0.4606283
52 -0.4809195
53 -0.4703003
54 -0.5003392
55 -0.4914993
56 -0.5163249
57 -0.5122248
58 -0.5468596
59 -0.5448503
60 -0.593345
61 -0.5945069
62 -0.6436058
63 -0.6539667
64 -0.7007947
65 -0.7301891
66 -0.8003809
67 -0.8292407
68 -0.9087757
69 -0.9572529
70 -1.043734
71 -1.103854
72 -1.204218
73 -1.269926
74 -1.367237
75 -1.436786
76 -1.538969
77 -1.605007
78 -1.701331
79 -1.753589
80 -1.836637
81 -1.888838
82 -1.9624
83 -2.009472
84 -2.083511
85 -2.110242
86 -2.159887
87 -2.171474
88 -2.209458
89 -2.218288
90 -2.253447
91 -2.259499
92 -2.294072
93 -2.297236
94 -2.330494
95 -2.331721
96 -2.36152
97 -2.363796
98 -2.390763
99 -2.38776
100 -2.422441
101 -2.427479
102 -2.470836
103 -2.48365
104 -2.527762
105 -2.536217
106 -2.578929
107 -2.594826
108 -2.64532
109 -2.658279
110 -2.696188
111 -2.703174
112 -2.73286
113 -2.72718
114 -2.751125
115 -2.744595
116 -2.774506
117 -2.772364
118 -2.811342
119 -2.817382
120 -2.849343
121 -2.845016
122 -2.876177
123 -2.875124
124 -2.913318
125 -2.916005
126 -2.956941
127 -2.968966
128 -3.008478
129 -3.015665
130 -3.05814
131 -3.061946
132 -3.098737
133 -3.099061
134 -3.131732
135 -3.127203
136 -3.158399
137 -3.15079
138 -3.172729
139 -3.167941
140 -3.195465
141 -3.188133
142 -3.21529
143 -3.213389
144 -3.238412
145 -3.238624
146 -3.268693
147 -3.263461
148 -3.297881
149 -3.301316
150 -3.343836
151 -3.346102
152 -3.387548
153 -3.385789
154 -3.425401
155 -3.430629
156 -3.463546
157 -3.464433
158 -3.501291
159 -3.502569
160 -3.539285
161 -3.536124
162 -3.564517
163 -3.558724
164 -3.587783
165 -3.57553
166 -3.600795
167 -3.587646
168 -3.609411
169 -3.598547
170 -3.614616
171 -3.59825
172 -3.616058
173 -3.600303
174 -3.617436
175 -3.601175
176 -3.618996
177 -3.604731
178 -3.62281
179 -3.609097
180 -3.626147
181 -3.614917
182 -3.635859
183 -3.625323
184 -3.648459
185 -3.643987
186 -3.666801
187 -3.659796
188 -3.686394
189 -3.682572
190 -3.708238
191 -3.706246
192 -3.734534
193 -3.733063
194 -3.758967
195 -3.758469
196 -3.78762
197 -3.786998
198 -3.817451
199 -3.816461
200 -3.848198
201 -3.84514
202 -3.872284
203 -3.866068
204 -3.895165
205 -3.892136
206 -3.920128
207 -3.918651
208 -3.946315
209 -3.938113
210 -3.958279
211 -3.952637
212 -3.97057
213 -3.961206
214 -3.98096
215 -3.968831
216 -3.985933
217 -3.967861
218 -3.97992
219 -3.957957
220 -3.964489
221 -3.942055
222 -3.948269
223 -3.926766
224 -3.931391
225 -3.906546
226 -3.914847
227 -3.89422
228 -3.899541
229 -3.876689
230 -3.882115
231 -3.860713
232 -3.871084
233 -3.855006
234 -3.866686
235 -3.856183
236 -3.871073
237 -3.858795
238 -3.873789
239 -3.863389
240 -3.88291
241 -3.879253
242 -3.898588
243 -3.893738
244 -3.910315
245 -3.903469
246 -3.925574
247 -3.922806
248 -3.942587
249 -3.929706
250 -3.945256
251 -3.936362
252 -3.945549
253 -3.933405
254 -3.942323
255 -3.923796
256 -3.931974
257 -3.921613
258 -3.933291
259 -3.916595
260 -3.924029
261 -3.906427
262 -3.909938
263 -3.89617
264 -3.905409
265 -3.889453
266 -3.893816
267 -3.875501
268 -3.883335
269 -3.864461
270 -3.872685
271 -3.857648
272 -3.865524
273 -3.847206
274 -3.853852
275 -3.83551
276 -3.845198
277 -3.832343
278 -3.842516
279 -3.828989
280 -3.838639
281 -3.828678
282 -3.842872
283 -3.832676
284 -3.844619
285 -3.832125
286 -3.844751
287 -3.831118
288 -3.847315
289 -3.835694
290 -3.843884
291 -3.828604
292 -3.837919
293 -3.824353
294 -3.836013
295 -3.820527
296 -3.826617
297 -3.808682
298 -3.818049
299 -3.801061
300 -3.804722
301 -3.789698
302 -3.792891
303 -3.77899
304 -3.787076
305 -3.772119
306 -3.777217
307 -3.759203
308 -3.763801
309 -3.742912
310 -3.752304
311 -3.737275
312 -3.744733
313 -3.729656
314 -3.738508
315 -3.725031
316 -3.735657
317 -3.725348
318 -3.737761
319 -3.731975
320 -3.747436
321 -3.740163
322 -3.756403
323 -3.753265
324 -3.773594
325 -3.769423
326 -3.789015
327 -3.784369
328 -3.803819
329 -3.8028
330 -3.821676
331 -3.816457
332 -3.832523
333 -3.826901
334 -3.842968
335 -3.832912
336 -3.848236
337 -3.841357
338 -3.854383
339 -3.848691
340 -3.859546
341 -3.851669
342 -3.864769
343 -3.860624
344 -3.871971
345 -3.864572
346 -3.882308
347 -3.87362
348 -3.886062
349 -3.880376
350 -3.891984
351 -3.884111
352 -3.897166
353 -3.890212
354 -3.901989
355 -3.893438
356 -3.907091
357 -3.899026
358 -3.911804
359 -3.902475
360 -3.914325
361 -3.90731
362 -3.921219
363 -3.913625
364 -3.928192
365 -3.920392
366 -3.93419
367 -3.927566
368 -3.940299
369 -3.931757
370 -3.942781
371 -3.931324
372 -3.944333
373 -3.930169
374 -3.94266
375 -3.933404
376 -3.940699
377 -3.927974
378 -3.935637
379 -3.925771
380 -3.932287
381 -3.918386
382 -3.924616
383 -3.913382
384 -3.92062
385 -3.905869
386 -3.914329
387 -3.901053
388 -3.907023
389 -3.891004
390 -3.895841
391 -3.882675
392 -3.889617
393 -3.874665
394 -3.88201
395 -3.869514
396 -3.875067
397 -3.866944
398 -3.874002
399 -3.861858
400 -3.873488
401 -3.862255
402 -3.874537
403 -3.867902
404 -3.882279
405 -3.877717
406 -3.891623
407 -3.883469
408 -3.897269
409 -3.89394
410 -3.907543
411 -3.903245
412 -3.914494
413 -3.906996
414 -3.919603
415 -3.913573
416 -3.923584
417 -3.915197
418 -3.923559
419 -3.912184
420 -3.920866
421 -3.911746
422 -3.918466
423 -3.904481
424 -3.911486
425 -3.897027
426 -3.903769
427 -3.890769
428 -3.897664
429 -3.884104
430 -3.891107
431 -3.875757
432 -3.880192
433 -3.864918
434 -3.869491
435 -3.852533
436 -3.858774
437 -3.842907
438 -3.84932
439 -3.831475
440 -3.836138
441 -3.820611
442 -3.831121
443 -3.819176
444 -3.827954
445 -3.815734
446 -3.827127
447 -3.819098
448 -3.829557
449 -3.821659
450 -3.836322
451 -3.828618
452 -3.843188
453 -3.834248
454 -3.850935
455 -3.843484
456 -3.855925
457 -3.849832
458 -3.863271
459 -3.854641
460 -3.866511
461 -3.858257
462 -3.869712
463 -3.858833
464 -3.867165
465 -3.856018
466 -3.864725
467 -3.851033
468 -3.858995
469 -3.844387
470 -3.849604
471 -3.834598
472 -3.840826
473 -3.827043
474 -3.834749
475 -3.82239
476 -3.829292
477 -3.813536
478 -3.822098
479 -3.806914
480 -3.810656
481 -3.797645
482 -3.805961
483 -3.790846
484 -3.799221
485 -3.785817
486 -3.796647
487 -3.787723
488 -3.798232
489 -3.792548
490 -3.804891
491 -3.801304
492 -3.817021
493 -3.812023
494 -3.828393
495 -3.824057
496 -3.838738
497 -3.834399
498 -3.849309
499 -3.846547
500 -3.86224
501 -3.859329
502 -3.873152
503 -3.86346
504 -3.876427
505 -3.871654
506 -3.885389
507 -3.87855
508 -3.888774
509 -3.8793
510 -3.888311
511 -3.875488
512 -3.884808
513 -3.870555
514 -3.879017
515 -3.866719
516 -3.875799
517 -3.862785
518 -3.869821
519 -3.85611
520 -3.862933
521 -3.85368
522 -3.86412
523 -3.853838
524 -3.861903
525 -3.84914
526 -3.855488
527 -3.841103
528 -3.848649
529 -3.839342
530 -3.850138
531 -3.84177
532 -3.854309
533 -3.846173
534 -3.860289
535 -3.854773
536 -3.870047
537 -3.867526
538 -3.880538
539 -3.878063
540 -3.895402
541 -3.892852
542 -3.911654
543 -3.912318
544 -3.928635
545 -3.925066
546 -3.940848
547 -3.934207
548 -3.947221
549 -3.941183
550 -3.955929
551 -3.94741
552 -3.959476
553 -3.947531
554 -3.958731
555 -3.947523
556 -3.955545
557 -3.942132
558 -3.947738
559 -3.931156
560 -3.937764
561 -3.920257
562 -3.926007
563 -3.911548
564 -3.921165
565 -3.908975
566 -3.919041
567 -3.906092
568 -3.910654
569 -3.893169
570 -3.898707
571 -3.883568
572 -3.889655
573 -3.880289
574 -3.888619
575 -3.878383
576 -3.889094
577 -3.878834
578 -3.892218
579 -3.882722
580 -3.896067
581 -3.88923
582 -3.906739
583 -3.899837
584 -3.916047
585 -3.911466
586 -3.928178
587 -3.922973
588 -3.942169
589 -3.936934
590 -3.9526
591 -3.948225
592 -3.964815
593 -3.958522
594 -3.97228
595 -3.962647
596 -3.974011
597 -3.964238
598 -3.975755
599 -3.961005
600 -3.971276
601 -3.958059
602 -3.963559
603 -3.94947
604 -3.955231
605 -3.937409
606 -3.942973
607 -3.927358
608 -3.931328
609 -3.917307
610 -3.922024
611 -3.907065
612 -3.911153
613 -3.895554
614 -3.902534
615 -3.888829
616 -3.898512
617 -3.88477
618 -3.890753
619 -3.878013
620 -3.88554
621 -3.874834
622 -3.883931
623 -3.871991
624 -3.881516
625 -3.873126
626 -3.886447
627 -3.880186
628 -3.895718
629 -3.892312
630 -3.908958
631 -3.903981
632 -3.921921
633 -3.917875
634 -3.936179
635 -3.928885
636 -3.94379
637 -3.936951
638 -3.952204
639 -3.947156
640 -3.960224
641 -3.953286
642 -3.963463
643 -3.953457
644 -3.960548
645 -3.947287
646 -3.95259
647 -3.939415
648 -3.945123
649 -3.930424
650 -3.932878
651 -3.915011
652 -3.917539
653 -3.899213
654 -3.902149
655 -3.888221
656 -3.890846
657 -3.876316
658 -3.881385
659 -3.864194
660 -3.86926
661 -3.856642
662 -3.862294
663 -3.848107
664 -3.854776
665 -3.843689
666 -3.851109
667 -3.838417
668 -3.846993
669 -3.835407
670 -3.845949
671 -3.837159
672 -3.851031
673 -3.841661
674 -3.856545
675 -3.852473
676 -3.870281
677 -3.864903
678 -3.881262
679 -3.875282
680 -3.891618
681 -3.884757
682 -3.900085
683 -3.894131
684 -3.909491
685 -3.904589
686 -3.919141
687 -3.908077
688 -3.919218
689 -3.907288
690 -3.917414
691 -3.903446
692 -3.911574
693 -3.898741
694 -3.906695
695 -3.891802
696 -3.897858
697 -3.880138
698 -3.883287
699 -3.865364
700 -3.870008
701 -3.852176
702 -3.857696
703 -3.842472
704 -3.846795
705 -3.836138
706 -3.843266
707 -3.829999
708 -3.83531
709 -3.822746
710 -3.832611
711 -3.817393
712 -3.826631
713 -3.814753
714 -3.826046
715 -3.817419
716 -3.828315
717 -3.819731
718 -3.833336
719 -3.826753
720 -3.838104
721 -3.836231
722 -3.853187
723 -3.850986
724 -3.866175
725 -3.870458
726 -3.887425
727 -3.886684
728 -3.901678
729 -3.90215
730 -3.917385
731 -3.913159
732 -3.928411
733 -3.924603
734 -3.935002
735 -3.928805
736 -3.939348
737 -3.930446
738 -3.940987
739 -3.92973
740 -3.938444
741 -3.926198
742 -3.933599
743 -3.917736
744 -3.919755
745 -3.90625
746 -3.910158
747 -3.893739
748 -3.897911
749 -3.882524
750 -3.887911
751 -3.875427
752 -3.882672
753 -3.869946
754 -3.874269
755 -3.862519
756 -3.869802
757 -3.85586
758 -3.864604
759 -3.852522
760 -3.860674
761 -3.850191
762 -3.860779
763 -3.851693
764 -3.862742
765 -3.85466
766 -3.869241
767 -3.864117
768 -3.880442
769 -3.878021
770 -3.893898
771 -3.890731
772 -3.909959
773 -3.905601
774 -3.922611
775 -3.91857
776 -3.936807
777 -3.932561
778 -3.948788
779 -3.943597
780 -3.959821
781 -3.950587
782 -3.962426
783 -3.953167
784 -3.963324
785 -3.951947
786 -3.960341
787 -3.946178
788 -3.954149
789 -3.938451
790 -3.94471
791 -3.926735
792 -3.927978
793 -3.907375
794 -3.908834
795 -3.886946
796 -3.892168
797 -3.872298
798 -3.877094
799 -3.860364
800 -3.867794
801 -3.850692
802 -3.859995
803 -3.844019
804 -3.852189
805 -3.83567
806 -3.845442
807 -3.831222
808 -3.840198
809 -3.826407
810 -3.836589
811 -3.823899
812 -3.835423
813 -3.827048
814 -3.840621
815 -3.837246
816 -3.856659
817 -3.854915
818 -3.874641
819 -3.870281
820 -3.88732
821 -3.881077
822 -3.901416
823 -3.897377
824 -3.914042
825 -3.910818
826 -3.927915
827 -3.92555
828 -3.943855
829 -3.937676
830 -3.949221
831 -3.93823
832 -3.947493
833 -3.934119
834 -3.942125
835 -3.927232
836 -3.933941
837 -3.919047
838 -3.924946
839 -3.90847
840 -3.911406
841 -3.894004
842 -3.893766
843 -3.875823
844 -3.874781
845 -3.858197
846 -3.86283
847 -3.849318
848 -3.85792
849 -3.843744
850 -3.850775
851 -3.836834
852 -3.840997
853 -3.825859
854 -3.832997
855 -3.822331
856 -3.832441
857 -3.826128
858 -3.836573
859 -3.831343
860 -3.84257
861 -3.835428
862 -3.850048
863 -3.847443
864 -3.865915
865 -3.864485
866 -3.882827
867 -3.884034
868 -3.901636
869 -3.896181
870 -3.913704
871 -3.91425
872 -3.931368
873 -3.92977
874 -3.94638
875 -3.942803
876 -3.960563
877 -3.955257
878 -3.969445
879 -3.960037
880 -3.969945
881 -3.958061
882 -3.964728
883 -3.952518
884 -3.958265
885 -3.942358
886 -3.944902
887 -3.926888
888 -3.929009
889 -3.909432
890 -3.908134
891 -3.891664
892 -3.89448
893 -3.880577
894 -3.885466
895 -3.868567
896 -3.87528
897 -3.859779
898 -3.863837
899 -3.847362
900 -3.850714
901 -3.838352
902 -3.847958
903 -3.836462
904 -3.842504
905 -3.831737
906 -3.841305
907 -3.833612
908 -3.842427
909 -3.837786
910 -3.853428
911 -3.848248
912 -3.862879
913 -3.858399
914 -3.874016
915 -3.870234
