"right_wing_tank_connect_moment"
"Iteration" "right_wing_tank_connect_moment"
("Iteration" "right_wing_tank_connect_moment")
1 -0.0002632605
2 -0.0002535797
3 -0.0001688966
4 -9.604922e-05
5 -6.965324e-05
6 -7.018882e-05
7 -8.850594e-05
8 -0.0001112228
9 -0.0001321352
10 -0.0001480822
11 -0.000160691
12 -0.000171576
13 -0.0001814988
14 -0.0001887087
15 -0.0001930815
16 -0.0001945768
17 -0.0001936362
18 -0.0001917377
19 -0.000189604
20 -0.0001867077
21 -0.0001850157
22 -0.0001857306
23 -0.0001847356
24 -0.0001858112
25 -0.0001812624
26 -0.0001794175
27 -0.0001763277
28 -0.0001714195
29 -0.000169107
30 -0.0001680094
31 -0.0001660632
32 -0.0001646607
33 -0.0001646268
34 -0.0001646714
35 -0.0001645174
36 -0.0001643197
37 -0.0001630368
38 -0.0001603029
39 -0.0001571381
40 -0.0001558746
41 -0.0001545693
42 -0.0001522918
43 -0.0001508977
44 -0.0001508165
45 -0.0001512968
46 -0.0001512856
47 -0.000150738
48 -0.0001505893
49 -0.0001512661
50 -0.0001516029
51 -0.0001510008
52 -0.0001511261
53 -0.0001516283
54 -0.0001504674
55 -0.0001500144
56 -0.0001507053
57 -0.0001513902
58 -0.000150451
59 -0.0001498222
60 -0.0001507445
61 -0.0001509045
62 -0.0001500851
63 -0.0001498488
64 -0.0001512835
65 -0.0001513686
66 -0.0001501698
67 -0.0001501612
68 -0.000150986
69 -0.000151049
70 -0.000150456
71 -0.0001508486
72 -0.0001516996
73 -0.000150981
74 -0.0001501563
75 -0.0001510967
76 -0.000151854
77 -0.0001506214
78 -0.0001500104
79 -0.0001511614
80 -0.000151345
81 -0.0001504702
82 -0.0001503709
83 -0.0001509351
84 -0.0001508238
85 -0.0001506389
86 -0.0001510512
87 -0.0001513621
88 -0.0001508837
89 -0.0001502876
90 -0.0001506164
91 -0.0001510095
92 -0.0001512598
93 -0.0001507566
94 -0.0001510427
95 -0.0001515181
96 -0.000151466
97 -0.0001509122
98 -0.0001516781
99 -0.000151901
100 -0.00015154
101 -0.0001508255
102 -0.0001514615
103 -0.0001521136
104 -0.0001511983
105 -0.0001507207
106 -0.0001519868
107 -0.0001516081
108 -0.0001506766
109 -0.0001498133
110 -0.0001510695
111 -0.0001518124
112 -0.0001505218
113 -0.0001503578
114 -0.0001519306
115 -0.0001522895
116 -0.0001509179
117 -0.000151357
118 -0.0001527697
119 -0.0001523915
120 -0.0001508904
121 -0.0001512677
122 -0.0001526397
123 -0.0001519262
124 -0.0001505355
125 -0.0001513578
126 -0.0001519757
127 -0.0001510381
128 -0.0001505091
129 -0.0001519646
130 -0.0001523627
131 -0.0001517316
132 -0.0001516079
133 -0.0001515374
134 -0.0001519375
135 -0.0001513428
136 -0.0001511941
137 -0.0001518934
138 -0.0001522562
139 -0.0001515049
140 -0.0001513756
141 -0.0001521781
142 -0.0001518526
143 -0.0001514276
144 -0.0001518578
145 -0.000151941
146 -0.0001516738
147 -0.0001515728
148 -0.0001519227
149 -0.0001520402
150 -0.0001519811
151 -0.0001517645
152 -0.0001522568
153 -0.0001521528
154 -0.0001518527
155 -0.0001522942
156 -0.00015254
157 -0.0001521436
158 -0.0001517596
159 -0.0001520665
160 -0.0001520899
161 -0.0001520355
162 -0.0001516526
163 -0.0001519075
164 -0.0001521051
165 -0.0001514772
166 -0.0001508115
167 -0.000151495
168 -0.0001517937
169 -0.0001507264
170 -0.0001502731
171 -0.0001514191
172 -0.0001519699
173 -0.0001515862
174 -0.0001511074
175 -0.0001520603
176 -0.0001521618
177 -0.000151684
178 -0.0001515278
179 -0.0001520839
180 -0.0001523789
181 -0.0001519449
182 -0.0001516677
183 -0.0001527933
184 -0.0001534489
185 -0.0001528297
186 -0.0001517914
187 -0.0001519803
188 -0.0001523894
189 -0.000151587
190 -0.0001512505
191 -0.0001516629
192 -0.0001523625
193 -0.0001527537
194 -0.0001519987
195 -0.0001517401
196 -0.0001533748
197 -0.0001533687
198 -0.0001523044
199 -0.0001525109
200 -0.0001530174
201 -0.0001521577
202 -0.0001515309
203 -0.0001513203
204 -0.0001517555
205 -0.0001522148
206 -0.000151726
207 -0.0001517237
208 -0.0001522528
209 -0.000153645
210 -0.0001527101
211 -0.0001520659
212 -0.0001533814
213 -0.0001537722
214 -0.0001524965
215 -0.0001527254
216 -0.0001536205
217 -0.0001531819
218 -0.0001523466
219 -0.0001522627
220 -0.0001524045
221 -0.0001516409
222 -0.0001510114
223 -0.0001512369
224 -0.0001519247
225 -0.0001515542
226 -0.0001512823
227 -0.0001516044
228 -0.0001517158
229 -0.0001512849
230 -0.0001514932
231 -0.0001514613
232 -0.0001511872
