"body_nose_drag"
"Iteration" "body_nose_drag"
("Iteration" "body_nose_drag")
1 7.362616
2 10.81893
3 7.70483
4 4.626114
5 2.888731
6 2.365245
7 2.457341
8 2.82455
9 3.069027
10 3.151262
11 3.137587
12 3.074734
13 3.015039
14 2.987741
15 3.01686
16 3.096257
17 3.19047
18 3.288201
19 3.385274
20 3.481058
21 3.572059
22 3.658051
23 3.741608
24 3.828021
25 3.926255
26 4.016421
27 4.119132
28 4.24153
29 4.377889
30 4.51967
31 4.66223
32 4.807104
33 4.933213
34 5.04253
35 5.188476
36 5.330085
37 5.526659
38 5.729131
39 5.934612
40 6.158846
41 6.433758
42 6.722187
43 7.044295
44 7.370742
45 7.680973
46 8.020832
47 8.331371
48 8.642565
49 8.987301
50 9.321413
51 9.651569
52 9.975648
53 10.24779
54 10.53201
55 10.88542
56 11.15813
57 11.43715
58 11.61501
59 11.78287
60 12.0196
61 12.24043
62 12.35562
63 12.53088
64 12.68888
65 12.79543
66 12.8395
67 12.98787
68 13.0898
69 13.105
70 13.13664
71 13.18187
72 13.15034
73 13.11448
74 13.06759
75 13.01439
76 12.92278
77 12.8041
78 12.75108
79 12.69502
80 12.62759
81 12.63775
82 12.5901
83 12.47335
84 12.46482
85 12.41515
86 12.34806
87 12.37169
88 12.30148
89 12.28574
90 12.2384
91 12.21794
92 12.22846
93 12.20531
94 12.23222
95 12.21259
96 12.18859
97 12.15849
98 12.13889
99 12.13445
100 12.15455
101 12.11254
102 12.03932
103 11.99845
104 11.9227
105 11.83327
106 11.71595
107 11.60341
108 11.48624
109 11.30943
110 11.12211
111 10.94836
112 10.76242
113 10.54255
114 10.31747
115 10.09012
116 9.890754
117 9.676637
118 9.445317
119 9.252983
120 9.06205
121 8.86718
122 8.705504
123 8.530086
124 8.348089
125 8.214438
126 8.087116
127 7.996682
128 7.923729
129 7.841369
130 7.777594
131 7.74876
132 7.726682
133 7.719189
134 7.736811
135 7.772964
136 7.804835
137 7.839104
138 7.916848
139 7.997525
140 8.092988
141 8.186551
142 8.263158
143 8.327426
144 8.399835
145 8.453402
146 8.529264
147 8.592113
148 8.627535
149 8.661705
150 8.654037
151 8.639988
152 8.602641
153 8.558878
154 8.537878
155 8.50724
156 8.464298
157 8.430449
158 8.377217
159 8.333176
160 8.275336
161 8.221947
162 8.161284
163 8.0943
164 8.027429
165 8.007312
166 7.98338
167 7.955877
168 7.930104
169 7.876543
170 7.848543
171 7.831831
172 7.811801
173 7.831934
174 7.837304
175 7.840018
176 7.8534
177 7.857018
178 7.877652
179 7.897428
180 7.916276
181 7.938616
182 7.979362
183 7.998363
184 8.001943
185 8.02866
186 8.038452
187 8.012547
188 7.983044
189 7.964481
190 7.930334
191 7.902434
192 7.872691
193 7.846077
194 7.798623
195 7.747768
196 7.689192
197 7.621227
198 7.561997
199 7.492255
200 7.446657
201 7.399601
202 7.339385
203 7.297657
204 7.264196
205 7.236914
206 7.205154
207 7.179603
208 7.168107
209 7.159917
210 7.171881
211 7.179114
212 7.203548
213 7.227798
214 7.261211
215 7.309446
216 7.353468
217 7.392863
218 7.427917
219 7.470265
220 7.510417
221 7.544295
222 7.571287
223 7.601853
224 7.628844
225 7.650872
226 7.662404
227 7.675835
228 7.680662
229 7.688414
230 7.682776
231 7.677128
232 7.659784
233 7.637131
234 7.622028
235 7.608508
236 7.581183
237 7.545944
238 7.523601
239 7.502192
240 7.474173
241 7.450199
242 7.42324
243 7.391574
244 7.359057
245 7.334394
246 7.309104
247 7.297074
248 7.2828
249 7.263624
250 7.245265
251 7.232511
252 7.222866
253 7.211443
254 7.202034
255 7.190477
256 7.185975
257 7.180689
258 7.170243
259 7.163852
260 7.166757
261 7.167408
262 7.167616
263 7.167728
264 7.163108
265 7.158977
266 7.146928
267 7.14395
268 7.142591
269 7.141687
270 7.148617
271 7.151756
272 7.155902
273 7.160322
274 7.156092
275 7.148257
276 7.143055
277 7.134606
278 7.133679
279 7.127993
280 7.122597
281 7.111312
282 7.103553
283 7.096612
284 7.08909
285 7.074712
286 7.067895
287 7.051649
288 7.035596
289 7.026299
290 7.014273
291 7.00339
292 6.986563
293 6.973925
294 6.961439
295 6.946242
296 6.932871
297 6.916362
298 6.899656
299 6.88785
300 6.8701
301 6.85546
302 6.848464
303 6.841806
304 6.832462
305 6.820947
306 6.812163
307 6.801072
308 6.79783
309 6.793936
310 6.786013
311 6.788062
312 6.785898
313 6.78541
314 6.78437
315 6.787208
316 6.793284
317 6.801704
318 6.809907
319 6.824298
320 6.833736
321 6.850598
322 6.862313
323 6.873465
324 6.884208
325 6.894847
326 6.903765
327 6.913224
328 6.923062
329 6.937208
330 6.948118
331 6.956979
332 6.964442
333 6.966211
334 6.966945
335 6.966586
336 6.964863
337 6.962424
338 6.961709
339 6.956097
340 6.951845
341 6.946582
342 6.935321
343 6.927875
344 6.917425
345 6.906646
346 6.896795
347 6.887697
348 6.877676
349 6.866059
350 6.85437
351 6.841553
352 6.833561
353 6.82635
354 6.818932
355 6.811101
356 6.802267
357 6.792492
358 6.786388
359 6.77895
360 6.771657
361 6.765388
362 6.761266
363 6.757036
364 6.75159
365 6.748049
366 6.743106
367 6.739838
368 6.737235
369 6.737605
370 6.737428
371 6.740088
372 6.74034
373 6.742582
374 6.742856
375 6.746422
376 6.748816
377 6.752812
378 6.759609
379 6.76482
380 6.772703
381 6.785137
382 6.79752
383 6.808064
384 6.822917
385 6.832332
386 6.845942
387 6.855631
388 6.867448
389 6.879013
390 6.888045
391 6.898464
392 6.909017
393 6.919122
394 6.929348
395 6.943851
396 6.951825
397 6.956642
398 6.960331
399 6.961748
400 6.965973
401 6.967834
402 6.968496
403 6.967637
404 6.9706
405 6.970581
406 6.967744
407 6.959876
408 6.958322
409 6.953825
410 6.947121
411 6.941432
412 6.93503
413 6.931923
414 6.926241
415 6.919263
416 6.914844
417 6.911077
418 6.916114
419 6.912685
420 6.916134
421 6.913071
422 6.914663
423 6.910767
424 6.912107
425 6.913764
426 6.919629
427 6.918813
428 6.91646
429 6.920764
430 6.923284
431 6.924606
432 6.923978
433 6.925359
434 6.92205
435 6.922293
436 6.924703
437 6.926668
438 6.92612
439 6.931082
440 6.933049
441 6.936375
442 6.934644
443 6.928102
444 6.925473
445 6.919477
446 6.909364
447 6.913223
448 6.91856
449 6.91589
450 6.914099
451 6.90659
452 6.901658
453 6.899715
454 6.89393
455 6.890474
456 6.897805
457 6.898787
458 6.899586
459 6.900117
460 6.895677
461 6.895801
462 6.895417
463 6.894881
464 6.893521
465 6.890854
466 6.890969
467 6.892122
468 6.888973
469 6.896697
470 6.899039
471 6.901707
472 6.902231
473 6.899734
474 6.895183
475 6.897492
476 6.891157
477 6.881879
478 6.866864
479 6.85394
480 6.842257
481 6.830249
482 6.815891
483 6.800724
484 6.787607
485 6.774251
486 6.755526
487 6.735968
488 6.718304
489 6.697164
490 6.683274
491 6.664184
492 6.645597
493 6.627653
494 6.610115
495 6.591819
496 6.575673
497 6.558775
498 6.54478
499 6.533347
500 6.516643
501 6.503847
502 6.49144
503 6.482863
504 6.477065
505 6.473306
506 6.464949
507 6.457402
508 6.448456
509 6.444389
510 6.436259
511 6.425398
512 6.420009
513 6.419909
514 6.416714
515 6.41063
516 6.405314
517 6.401967
518 6.397647
519 6.396527
520 6.395211
521 6.392961
522 6.384911
523 6.378296
524 6.371229
525 6.365006
526 6.36204
527 6.356402
528 6.353582
529 6.351217
530 6.355065
531 6.354207
532 6.3521
