"right_leg_drag"
"Iteration" "right_leg_drag"
("Iteration" "right_leg_drag")
1 0.2471965
2 0.418545
3 0.2793674
4 0.1284871
5 0.03825367
6 0.01264702
7 0.02716636
8 0.06387176
9 0.09409533
10 0.1113113
11 0.1215442
12 0.1293114
13 0.138785
14 0.1518596
15 0.1691231
16 0.1894763
17 0.2112049
18 0.2322486
19 0.2524269
20 0.2725326
21 0.2910506
22 0.308033
23 0.3233625
24 0.3375254
25 0.3481246
26 0.3561659
27 0.3621559
28 0.3672433
29 0.3705022
30 0.3759896
31 0.3800965
32 0.3823905
33 0.3853332
34 0.3879583
35 0.3872584
36 0.387213
37 0.3853393
38 0.3861789
39 0.3864481
40 0.3839854
41 0.382484
42 0.3799403
43 0.378002
44 0.3767118
45 0.3748057
46 0.3722834
47 0.3701064
48 0.3698005
49 0.3704808
50 0.3695782
51 0.3703898
52 0.3712606
53 0.3706394
54 0.3712337
55 0.3709953
56 0.373005
57 0.3746789
58 0.3751038
59 0.3757307
60 0.3751863
61 0.3767929
62 0.3780769
63 0.377976
64 0.3784244
65 0.3785694
66 0.3783346
67 0.377482
68 0.3774048
69 0.3774453
70 0.3779325
71 0.3768022
72 0.3756475
73 0.3745493
74 0.3730358
75 0.3718225
76 0.3696219
77 0.3680847
78 0.3666109
79 0.3648961
80 0.3622453
81 0.3598289
82 0.3580695
83 0.3567112
84 0.355387
85 0.3547662
86 0.353785
87 0.3524703
88 0.3520703
89 0.3512087
90 0.3508009
91 0.3509541
92 0.3507293
93 0.3507429
94 0.3514765
95 0.351405
96 0.3520067
97 0.3522443
98 0.3528373
99 0.3534872
100 0.3541025
101 0.3543132
102 0.354616
103 0.3549833
104 0.3553979
105 0.3554353
106 0.3557636
107 0.3559086
108 0.3560431
109 0.3560915
110 0.356526
111 0.3559088
112 0.3557329
113 0.3554249
114 0.3554116
115 0.3557217
116 0.3553727
117 0.3549017
118 0.3545026
119 0.3544126
120 0.3544957
121 0.3542508
122 0.3539247
123 0.3537206
124 0.3533272
125 0.3530121
126 0.3527499
127 0.3523154
128 0.3522798
129 0.3520555
130 0.3515066
131 0.3511022
132 0.3510057
133 0.3508174
134 0.3502182
135 0.3497231
136 0.3493512
137 0.3488657
138 0.3483887
139 0.3477412
140 0.347066
141 0.3462002
142 0.3454138
143 0.3446729
144 0.3438898
145 0.3427443
146 0.3416921
147 0.3407422
148 0.3395487
149 0.3385329
150 0.3375841
151 0.3366074
152 0.3356705
153 0.3346019
154 0.3337125
155 0.3328267
156 0.3319353
157 0.3309675
158 0.3299769
159 0.3291251
160 0.3283083
161 0.3274627
162 0.3266483
163 0.3259273
164 0.3251607
165 0.3243406
166 0.3235679
167 0.3227568
168 0.3220075
169 0.3213364
170 0.3208282
171 0.3202607
172 0.3196463
173 0.3191257
174 0.3186077
175 0.3181504
176 0.3177555
177 0.3174792
178 0.3170966
179 0.3167972
180 0.3165138
181 0.3161713
182 0.3158545
183 0.3154859
184 0.3152492
185 0.31486
186 0.3146235
187 0.3144406
188 0.3141355
189 0.3139577
190 0.3137439
191 0.3136176
192 0.3134046
193 0.3132582
194 0.3132219
195 0.3132147
196 0.3132576
197 0.3133753
198 0.313464
199 0.3135631
200 0.3136682
201 0.3138603
202 0.3141412
203 0.314381
204 0.3145989
205 0.3148744
206 0.3150889
207 0.3154124
208 0.315729
209 0.3160371
210 0.3163971
211 0.316803
212 0.3171414
213 0.3173898
214 0.3176737
215 0.3180031
216 0.3183516
217 0.3186358
218 0.319013
219 0.3192871
220 0.3195796
221 0.319869
222 0.3201049
223 0.3203279
224 0.3204665
225 0.3206303
226 0.3207769
227 0.320824
228 0.3209683
229 0.3209596
230 0.3209909
231 0.3209483
232 0.3208851
233 0.320887
234 0.320793
235 0.3206877
236 0.3205686
237 0.3204069
238 0.3201473
239 0.3198648
240 0.3196136
241 0.3195404
242 0.3193199
243 0.3189624
244 0.3186445
245 0.3183115
246 0.3179211
247 0.3175989
248 0.3172407
249 0.3169463
250 0.3165765
251 0.3162335
252 0.3158611
253 0.3154559
254 0.3150991
255 0.3147737
256 0.3144318
257 0.3140944
258 0.3137311
259 0.3133987
260 0.313078
261 0.3127767
262 0.3124406
263 0.3120479
264 0.3117499
265 0.3114657
266 0.3111728
267 0.3108863
268 0.3106948
269 0.3104323
270 0.310165
271 0.309926
272 0.3096884
273 0.3094948
274 0.3093232
275 0.3091387
276 0.3088422
277 0.3086362
278 0.308475
279 0.3083144
280 0.3081668
281 0.3079901
282 0.3078034
283 0.3076221
284 0.3074376
285 0.3072101
286 0.306999
287 0.3068165
288 0.3066714
289 0.3065289
290 0.3063842
291 0.3062958
292 0.3061588
293 0.3059939
294 0.3058188
295 0.3056763
296 0.3055393
297 0.305491
298 0.3053857
299 0.3052646
300 0.3051154
301 0.3049764
302 0.3048747
303 0.3047385
304 0.3046028
305 0.3044991
306 0.3043868
307 0.3042242
308 0.3041022
309 0.3039669
310 0.3038656
311 0.3037483
312 0.3036326
313 0.3035486
314 0.3034622
315 0.3033536
316 0.3032448
317 0.3031423
318 0.3030764
319 0.3030419
320 0.3029825
321 0.3029372
322 0.3028545
323 0.302833
324 0.302811
325 0.3028196
326 0.3027902
327 0.3027815
328 0.3027359
329 0.3027532
330 0.3027297
331 0.3027469
332 0.3027826
333 0.3028073
334 0.3028452
335 0.3028204
336 0.3028376
337 0.3028572
338 0.3028825
339 0.3029443
340 0.3029909
341 0.3030529
342 0.3031077
343 0.3031883
344 0.3032077
345 0.3032441
346 0.3032337
347 0.3032363
348 0.3032508
349 0.3032857
350 0.3033249
351 0.3033643
352 0.3034029
353 0.3033881
354 0.3033564
355 0.3033289
356 0.3033174
357 0.303269
358 0.3032303
359 0.3031867
360 0.3031415
361 0.3030891
362 0.3030514
363 0.3030216
364 0.3029813
365 0.3029377
366 0.3028744
367 0.3028189
368 0.3027709
369 0.3026858
370 0.3026329
371 0.3025822
372 0.302554
373 0.3025368
374 0.3025144
375 0.3024763
376 0.3024472
377 0.302422
378 0.3024026
379 0.3023977
380 0.3023892
381 0.3023914
382 0.3023866
383 0.3024003
384 0.3024279
385 0.3024634
386 0.3025047
387 0.3025463
388 0.3025745
389 0.3026339
390 0.302688
391 0.3027388
392 0.3027561
393 0.3027856
394 0.3028259
395 0.30289
396 0.302964
397 0.303043
398 0.3031091
399 0.3031823
400 0.303233
401 0.3032754
402 0.3033262
403 0.3033559
404 0.3033888
405 0.3034564
406 0.3035155
407 0.3035681
408 0.3036191
409 0.3036343
410 0.3036487
411 0.3036731
412 0.3036895
413 0.3036907
414 0.3036937
415 0.3036872
416 0.3037002
417 0.3037244
418 0.3037323
419 0.3037052
420 0.3037024
421 0.3037085
422 0.3037021
423 0.3036902
424 0.3036661
425 0.3036509
426 0.3036601
427 0.3036576
428 0.303679
429 0.3036899
430 0.3036941
431 0.3036886
432 0.3036907
433 0.3037057
434 0.3036991
435 0.303748
436 0.30376
437 0.3037702
438 0.3038062
439 0.3038586
440 0.3038873
441 0.3039325
442 0.3039608
443 0.303988
444 0.3040195
445 0.3040402
446 0.3040662
447 0.3041046
448 0.3041198
449 0.3041464
450 0.3041759
451 0.3042223
452 0.3042742
453 0.3043326
454 0.3043681
455 0.3044014
456 0.3044401
457 0.304475
458 0.3044877
459 0.3045123
460 0.304533
461 0.3045687
462 0.3045985
463 0.3046285
464 0.3046564
465 0.3046938
466 0.3047134
467 0.3047487
468 0.3047625
469 0.3047765
470 0.3047941
471 0.3048282
472 0.3048548
473 0.3048818
474 0.3048924
475 0.304899
476 0.3048948
477 0.3049051
478 0.3049054
479 0.3049
480 0.3048798
481 0.3048868
482 0.3048747
483 0.3048659
484 0.3048504
485 0.3048395
486 0.3048195
487 0.3047974
488 0.304782
489 0.3047621
490 0.3047272
491 0.3046916
492 0.3046701
493 0.3046433
494 0.3046067
495 0.3045718
496 0.3045331
497 0.3045059
498 0.3044626
499 0.3044271
500 0.3043865
501 0.3043495
502 0.304302
503 0.3042559
504 0.304205
505 0.3041508
506 0.304101
507 0.3040571
508 0.3040152
509 0.3039672
510 0.3039213
511 0.3038693
512 0.3038328
513 0.3037938
514 0.303745
515 0.3036896
516 0.303641
517 0.3036
518 0.3035448
519 0.3034965
520 0.3034491
521 0.3034069
522 0.303359
523 0.3033074
524 0.3032705
525 0.3032428
526 0.3032113
527 0.303187
528 0.3031551
529 0.3030992
530 0.3030731
531 0.303051
532 0.3030069
