"front_frame_lift"
"Iteration" "front_frame_lift"
("Iteration" "front_frame_lift")
1 0.05055133
2 0.1750497
3 0.1847291
4 0.2020164
5 0.1882088
6 0.1644264
7 0.1466843
8 0.1190996
9 0.1024396
10 0.07623611
11 0.06269103
12 0.04852409
13 0.03982457
14 0.03380228
15 0.0316613
16 0.03351005
17 0.03654914
18 0.04060537
19 0.04638764
20 0.05148591
21 0.05333966
22 0.05632856
23 0.05693655
24 0.05640867
25 0.05383581
26 0.04835561
27 0.03965406
28 0.0321838
29 0.01674303
30 0.00713605
31 -0.01024183
32 -0.0211651
33 -0.0375042
34 -0.04695719
35 -0.06507033
36 -0.08063386
37 -0.09193987
38 -0.1057994
39 -0.1156135
40 -0.1268154
41 -0.1344031
42 -0.1459528
43 -0.1558149
44 -0.16008
45 -0.164019
46 -0.1652129
47 -0.1636245
48 -0.160109
49 -0.1524355
50 -0.14201
51 -0.1288779
52 -0.1116253
53 -0.09069688
54 -0.06879092
55 -0.05184058
56 -0.0242841
57 0.00851379
58 0.04204882
59 0.07761658
60 0.1183552
61 0.148232
62 0.1930459
63 0.228312
64 0.2780956
65 0.3184285
66 0.3619242
67 0.4055547
68 0.4451465
69 0.4935213
70 0.5349097
71 0.5757767
72 0.6194721
73 0.6613765
74 0.7046127
75 0.741204
76 0.78212
77 0.8157341
78 0.8461214
79 0.8741791
80 0.9012617
81 0.9237004
82 0.9473936
83 0.9642236
84 0.97764
85 0.9879035
86 0.9946256
87 1.000744
88 1.00049
89 0.9994061
90 0.994533
91 0.9881811
92 0.9806185
93 0.9664786
94 0.9530649
95 0.9355412
96 0.919585
97 0.8968
98 0.8696015
99 0.8452967
100 0.8208349
101 0.7936648
102 0.7638931
103 0.7366441
104 0.7075713
105 0.6782997
106 0.6459725
107 0.6163192
108 0.5835292
109 0.5477628
110 0.5158706
111 0.4852099
112 0.4510125
113 0.4169701
114 0.388588
115 0.3656303
116 0.3335473
117 0.3058059
118 0.2764
119 0.2430191
120 0.2138737
121 0.1892141
122 0.1660754
123 0.1375839
124 0.1162166
125 0.09190882
126 0.06727814
127 0.04214247
128 0.02566383
129 -0.002937499
130 -0.01806493
131 -0.04459496
132 -0.0573183
133 -0.08093441
134 -0.09105253
135 -0.1071964
136 -0.1156679
137 -0.1191865
138 -0.1166553
139 -0.1140779
140 -0.1039271
141 -0.08208486
142 -0.06824072
143 -0.02485309
144 0.004987204
145 0.06901225
146 0.1063031
147 0.1546935
148 0.2369992
149 0.2971311
150 0.369149
151 0.4841783
152 0.5614057
153 0.6559532
154 0.7429802
155 0.8855958
156 0.9790059
157 1.087296
158 1.197047
159 1.368264
160 1.463126
161 1.586076
162 1.700099
163 1.813892
164 1.927451
165 2.07793
166 2.166498
167 2.261805
168 2.345311
169 2.420737
170 2.474352
171 2.51857
172 2.541587
173 2.545766
174 2.539907
175 2.510295
176 2.446956
177 2.390163
178 2.291151
179 2.196966
180 2.094816
181 1.98477
182 1.87442
183 1.770625
184 1.666176
185 1.569271
186 1.459063
187 1.348267
188 1.239297
189 1.154436
190 1.050074
191 0.9715876
192 0.8818135
193 0.8166122
194 0.7422374
195 0.6610231
196 0.6057168
197 0.5502214
198 0.5259426
199 0.5017347
200 0.4910151
201 0.4942161
202 0.5027789
203 0.5236227
204 0.544067
205 0.6016837
206 0.6547431
207 0.7208417
208 0.7957655
209 0.8844007
210 0.9756385
211 1.065866
212 1.150669
213 1.223702
214 1.293621
215 1.357109
216 1.394799
217 1.386354
218 1.396947
219 1.380628
220 1.30857
221 1.209788
222 1.12267
223 0.9957438
224 0.862203
225 0.6983516
226 0.5208771
227 0.3480068
228 0.1983123
229 0.04130905
230 -0.09582782
231 -0.2454933
232 -0.3557138
233 -0.457884
234 -0.5603297
235 -0.6299921
236 -0.6965237
237 -0.7461131
238 -0.7824812
239 -0.8064892
240 -0.8315542
241 -0.8271396
242 -0.8420427
243 -0.8568598
244 -0.8633422
245 -0.8649228
246 -0.8879729
247 -0.8745239
248 -0.8847595
249 -0.9074767
250 -0.9340772
251 -0.9349203
252 -0.9245553
253 -0.9139231
254 -0.8887953
255 -0.8223957
256 -0.7573709
257 -0.6471812
258 -0.5261837
259 -0.3862835
260 -0.2450812
261 -0.08620379
262 0.08546706
263 0.2311295
264 0.3752355
265 0.4692467
266 0.5677581
267 0.6068532
268 0.6153746
269 0.6145462
270 0.563705
271 0.5072624
272 0.4281954
273 0.3754081
274 0.3002362
275 0.2349264
276 0.1730948
277 0.137656
278 0.09093222
279 0.0370419
280 0.003400967
281 -0.03222665
282 -0.04258953
283 -0.05300359
284 -0.04159794
285 -0.03006606
286 -0.02032284
287 -0.007741953
288 0.02005046
289 0.04184414
290 0.06629679
291 0.08766342
292 0.1070499
293 0.1268272
294 0.1479115
295 0.1691998
296 0.1959306
297 0.2135796
298 0.2359705
299 0.2610257
300 0.2824956
301 0.3034371
302 0.3244239
303 0.3388933
304 0.3580021
305 0.3714041
306 0.3794596
307 0.3846247
308 0.3842336
309 0.3799436
310 0.3713958
311 0.3590923
312 0.3454513
313 0.3262164
314 0.3028638
315 0.2766211
316 0.2461167
317 0.2160634
318 0.1840611
319 0.1512905
320 0.1173854
321 0.08379778
322 0.05091995
323 0.0207088
324 -0.008493897
325 -0.03834661
326 -0.06619637
327 -0.09398063
328 -0.1184922
329 -0.1429639
330 -0.1664136
331 -0.1894736
332 -0.2072508
333 -0.2237108
334 -0.2394035
335 -0.2541153
336 -0.2654859
337 -0.2757927
338 -0.2841102
339 -0.2903945
340 -0.2943713
341 -0.2964811
342 -0.2968813
343 -0.296358
344 -0.2933504
345 -0.2894942
346 -0.2845915
347 -0.2783665
348 -0.2707629
349 -0.2623738
350 -0.253352
351 -0.2438788
352 -0.23369
353 -0.2237157
354 -0.2129423
355 -0.2018429
356 -0.1908678
357 -0.1802063
358 -0.1689691
359 -0.1583285
360 -0.1476814
361 -0.1373335
362 -0.1265776
363 -0.1154218
364 -0.1037189
365 -0.09241843
366 -0.08057406
367 -0.06865577
368 -0.05665534
369 -0.04414561
370 -0.03104749
371 -0.01686946
372 -0.002534779
373 0.01250063
374 0.02846796
375 0.04368706
376 0.05973129
377 0.07624231
378 0.09396468
379 0.1126394
380 0.1312579
381 0.1502577
382 0.1693296
383 0.1881549
384 0.2071388
385 0.2262615
386 0.2459596
387 0.2645697
388 0.2834418
389 0.3018854
390 0.3193941
391 0.3363309
392 0.3521347
393 0.3678773
394 0.3816089
395 0.3947746
396 0.4069703
397 0.4182304
398 0.4287413
399 0.4378105
400 0.4464104
401 0.4542187
402 0.4600367
403 0.4657158
404 0.4698971
405 0.4734969
406 0.4758846
407 0.4774134
408 0.4781156
409 0.4781784
410 0.4770718
411 0.4753737
412 0.4731881
413 0.4692314
414 0.4648216
415 0.4599218
416 0.4539543
417 0.4472063
418 0.4395821
419 0.4325033
420 0.4233071
421 0.414091
422 0.404321
423 0.3935283
424 0.3833009
425 0.37237
426 0.3611155
427 0.3496349
428 0.3380092
429 0.3263243
430 0.314816
431 0.3042275
432 0.2927793
433 0.282028
434 0.2724458
435 0.2630414
436 0.2536963
437 0.2449832
438 0.2366301
439 0.2297234
440 0.2232679
441 0.2174239
442 0.212274
443 0.2079064
444 0.2050034
445 0.202504
446 0.2009758
447 0.2004144
448 0.2011135
449 0.2023734
450 0.2051932
451 0.2090063
452 0.2133314
453 0.2183472
454 0.2242257
455 0.2309379
456 0.2383566
457 0.2455318
458 0.2534891
459 0.2620522
460 0.2700288
461 0.2780693
462 0.2862282
463 0.2940485
464 0.3014279
465 0.307927
466 0.3140796
467 0.319326
468 0.3236988
469 0.3270628
470 0.3294486
471 0.3304054
472 0.3303106
473 0.3294957
474 0.3272908
475 0.3234618
476 0.3185655
477 0.312878
478 0.3062228
479 0.2984617
480 0.2902983
481 0.2810368
482 0.2706749
483 0.2604587
484 0.249685
485 0.2385322
486 0.2276844
487 0.2163801
488 0.2052069
489 0.1938648
490 0.1830658
491 0.1726463
492 0.1625514
493 0.1528581
494 0.1437057
495 0.1352054
496 0.1272891
497 0.1200943
498 0.1134873
499 0.1074887
500 0.1024768
501 0.09844016
502 0.09499674
503 0.09240603
504 0.09099043
505 0.09020465
506 0.09019393
507 0.0907534
508 0.09200919
509 0.09406244
510 0.09658484
511 0.09987064
512 0.1033781
513 0.1072851
514 0.1114092
515 0.1159952
516 0.1206807
517 0.1252627
518 0.129997
519 0.1349405
520 0.139493
521 0.143859
522 0.1486757
523 0.1529018
524 0.1570245
525 0.1613843
526 0.1655108
527 0.1694078
528 0.1732278
529 0.1768859
530 0.1805185
531 0.184006
532 0.1874
533 0.1907396
534 0.1937638
535 0.1968902
536 0.1998685
537 0.2029449
538 0.2060303
539 0.2090379
540 0.2122445
541 0.215111
542 0.2180781
543 0.2210305
544 0.2238847
545 0.2267901
546 0.2297348
547 0.2325329
548 0.2354414
549 0.2380673
550 0.2410373
551 0.2439005
552 0.2467886
553 0.2496847
554 0.2524617
555 0.2551629
556 0.257968
557 0.2609024
558 0.263846
559 0.2663611
560 0.2692798
561 0.2721654
562 0.2748137
563 0.2776963
564 0.2804644
565 0.2833945
566 0.2862636
567 0.2892457
568 0.2920704
569 0.2949623
570 0.2978338
571 0.3009354
572 0.3040285
573 0.3071494
574 0.3104748
575 0.3136129
576 0.3168604
577 0.3199356
578 0.3228787
579 0.3258648
580 0.3286266
581 0.3317202
582 0.334571
583 0.3375675
584 0.3401993
585 0.3428089
586 0.3452728
587 0.3476191
588 0.3499024
589 0.3521229
590 0.3537879
591 0.355534
592 0.3571185
593 0.3583764
594 0.3593121
595 0.360134
596 0.3607828
597 0.3614351
598 0.3618063
599 0.3621396
600 0.3622254
601 0.3620774
602 0.3618093
603 0.3614984
604 0.3611361
605 0.3606037
606 0.3603171
607 0.3600422
608 0.3595529
609 0.3591465
610 0.358901
611 0.3587152
612 0.358802
613 0.3590361
614 0.3595509
615 0.360054
616 0.3607015
617 0.3616992
618 0.3625399
619 0.3633198
620 0.3642343
621 0.3649935
622 0.3658978
623 0.3669031
624 0.36772
625 0.3683117
626 0.368834
627 0.3692289
628 0.3696447
629 0.3695387
630 0.3695223
631 0.3694959
632 0.3693706
633 0.3687046
634 0.3683714
635 0.3676727
636 0.3666073
637 0.3654616
638 0.3642837
639 0.3626995
640 0.3614435
641 0.3601089
642 0.3586963
643 0.3570358
644 0.3549845
645 0.3532563
646 0.3513854
647 0.3491934
648 0.346928
649 0.3448563
650 0.3425852
651 0.340077
652 0.3374917
653 0.3348586
654 0.3322441
655 0.3293576
656 0.3265107
657 0.3234622
658 0.3205149
659 0.3173348
660 0.3138204
661 0.3106439
662 0.3073577
663 0.3042045
664 0.3011554
665 0.2981538
666 0.295498
667 0.2929046
668 0.2905603
669 0.2888369
670 0.2872113
671 0.2856871
672 0.2850495
673 0.2845926
674 0.2845349
675 0.284786
676 0.2856157
677 0.286447
678 0.2876439
679 0.2895258
680 0.2913259
681 0.2935275
682 0.2959945
683 0.2985103
684 0.301322
685 0.3043656
686 0.3073029
687 0.3102573
688 0.3133686
689 0.3166133
690 0.3199464
691 0.3227627
692 0.3254092
693 0.3276483
694 0.3298528
695 0.3314826
696 0.3330295
697 0.3345449
698 0.3359056
699 0.3364168
700 0.3366967
701 0.3368846
702 0.3366587
703 0.3362028
704 0.3355394
705 0.3344592
706 0.3334256
707 0.3320707
708 0.3306149
709 0.3288678
710 0.3273936
711 0.3256581
712 0.3239332
713 0.3221605
714 0.3205908
715 0.3190555
716 0.3175008
717 0.3160427
718 0.3147534
719 0.3134125
720 0.3123855
721 0.3114466
722 0.3107813
723 0.3103213
724 0.3100038
725 0.3098843
726 0.3100159
727 0.3105455
728 0.3111411
729 0.3118945
730 0.3127896
731 0.3138083
732 0.3149064
733 0.3163851
734 0.3178132
735 0.3194747
736 0.3209533
737 0.3226282
738 0.3242466
739 0.3261518
740 0.3277937
741 0.3294708
742 0.3310862
743 0.332821
744 0.3342573
745 0.3358735
746 0.3371665
747 0.3385723
748 0.3397821
749 0.3410131
750 0.3419985
751 0.3429965
752 0.3439407
753 0.3447563
754 0.3455165
755 0.3462422
756 0.3469467
757 0.3475921
758 0.3481064
759 0.3487128
760 0.3492316
761 0.3497335
762 0.3501298
763 0.3505257
764 0.3510206
765 0.3513378
766 0.3517369
767 0.3522075
768 0.3526114
769 0.3528991
770 0.3534689
771 0.3540659
772 0.3546454
773 0.3553126
774 0.3559335
775 0.3566386
776 0.3573712
777 0.3583041
778 0.3591637
779 0.3601679
780 0.3611763
781 0.3621991
782 0.3632567
783 0.3644429
784 0.3655392
785 0.3667648
786 0.3679989
787 0.369463
788 0.3706896
789 0.3721433
790 0.3735414
791 0.3752111
792 0.3768529
793 0.3785582
794 0.3802219
795 0.3820829
796 0.3837609
797 0.3855661
798 0.3874456
799 0.3896039
800 0.3916115
801 0.3937986
802 0.3959143
803 0.3983012
804 0.4005184
805 0.4031128
806 0.4054489
807 0.4079347
808 0.4104205
809 0.4131845
810 0.4156559
811 0.4184247
812 0.4207844
813 0.4235718
814 0.4260418
815 0.4288188
816 0.4312201
817 0.4337706
818 0.4360271
819 0.4384186
820 0.4406811
821 0.4430701
822 0.4452406
823 0.4474124
824 0.4491042
825 0.4507656
826 0.4520901
827 0.4533048
828 0.4542257
829 0.4548095
830 0.4552428
831 0.4551923
832 0.4550945
833 0.4545729
834 0.4540785
835 0.4531563
836 0.4518303
837 0.449955
838 0.4484986
839 0.4462033
840 0.4439628
841 0.44136
842 0.438991
843 0.4356105
844 0.4324956
845 0.4291335
846 0.4258198
847 0.4212985
848 0.417568
849 0.4136167
850 0.410278
851 0.4046599
852 0.4016887
853 0.3977373
854 0.3929776
855 0.3898425
856 0.3854888
857 0.3830282
858 0.3787023
859 0.3753896
860 0.3698757
861 0.3666573
862 0.3606574
863 0.3570135
864 0.3506952
865 0.3478877
866 0.3426406
867 0.3377297
868 0.3357468
869 0.3325129
870 0.3295698
871 0.3293075
872 0.3312389
873 0.3343977
874 0.3390766
875 0.3451327
876 0.3532499
877 0.3608227
878 0.3682065
879 0.3762463
880 0.3841925
881 0.3901217
882 0.3970236
883 0.4007604
884 0.40532
885 0.409987
886 0.4129747
887 0.414021
888 0.4143111
889 0.4126228
890 0.4125979
891 0.4111302
892 0.4082677
893 0.407611
894 0.4016124
895 0.3972073
896 0.3916384
897 0.383837
898 0.3787325
899 0.3724823
900 0.3635598
901 0.3563828
902 0.3539425
903 0.3527716
904 0.355327
905 0.3510158
906 0.3480463
907 0.3412654
908 0.3347299
909 0.3200853
910 0.3114284
911 0.2924313
912 0.2785508
913 0.2567893
914 0.2161107
915 0.2008361
916 0.1540868
917 0.08505338
918 0.04738934
919 -0.01928428
920 -0.02272768
921 0.01354887
922 0.04072204
923 0.151824
924 0.312048
925 0.5223802
926 0.7894927
927 1.133163
928 1.423151
929 1.787163
930 2.095439
931 2.325153
932 2.617638
933 2.800667
934 2.901925
935 2.749428
936 2.590595
937 2.394313
938 2.049462
939 1.740673
940 1.359917
941 0.9435977
942 0.5928252
943 0.2621502
944 -0.1206559
945 -0.4273489
946 -0.648349
947 -0.8300776
948 -1.000432
949 -1.155384
950 -1.252815
951 -1.31034
952 -1.309465
953 -1.291947
954 -1.253764
955 -1.224403
956 -1.132585
957 -1.032889
958 -0.8918543
959 -0.7985977
960 -0.6692087
961 -0.5542705
962 -0.4489583
963 -0.3520302
964 -0.2368551
965 -0.138272
966 -0.03508537
967 0.04851135
968 0.1212403
969 0.1962011
970 0.2465166
971 0.2902806
972 0.3109876
973 0.341251
974 0.350211
975 0.3543185
976 0.3391353
977 0.3404427
978 0.3234352
979 0.3030053
980 0.281555
981 0.2695629
982 0.2396122
983 0.2168576
984 0.1965336
985 0.163778
986 0.1374836
987 0.1173298
988 0.08979178
989 0.07343996
990 0.04759179
991 0.02629553
992 0.01110954
993 0.0006549477
994 -0.01072709
995 -0.02080359
996 -0.03176056
997 -0.03500625
998 -0.05205625
999 -0.0577185
1000 -0.06469515
