"back_frame_lift"
"Iteration" "back_frame_lift"
("Iteration" "back_frame_lift")
1 0.06616309
2 0.2634978
3 0.2280772
4 0.1503403
5 0.03876576
6 -0.02265706
7 -0.111402
8 -0.107567
9 -0.08327084
10 -0.06459068
11 -0.04822776
12 -0.04695096
13 -0.05657442
14 -0.07513887
15 -0.09915456
16 -0.1349723
17 -0.1560552
18 -0.1928798
19 -0.2133674
20 -0.2530673
21 -0.2746271
22 -0.3075067
23 -0.3267237
24 -0.3550073
25 -0.3701876
26 -0.416222
27 -0.4542858
28 -0.5255522
29 -0.5557166
30 -0.5978628
31 -0.6502203
32 -0.6731915
33 -0.7146701
34 -0.7613104
35 -0.8162686
36 -0.8750032
37 -0.9204444
38 -0.9782637
39 -1.033015
40 -1.090275
41 -1.144865
42 -1.195851
43 -1.247067
44 -1.300253
45 -1.346874
46 -1.388546
47 -1.425467
48 -1.46021
49 -1.490888
50 -1.505493
51 -1.514798
52 -1.511734
53 -1.500391
54 -1.478547
55 -1.442793
56 -1.396035
57 -1.33937
58 -1.271478
59 -1.190307
60 -1.094745
61 -0.9896784
62 -0.8745832
63 -0.7506744
64 -0.6174511
65 -0.478056
66 -0.3275403
67 -0.1762396
68 -0.01946883
69 0.1346848
70 0.2872845
71 0.4366972
72 0.5854167
73 0.7299382
74 0.8683292
75 0.9962295
76 1.114992
77 1.222109
78 1.320783
79 1.403171
80 1.475159
81 1.529865
82 1.574428
83 1.599668
84 1.610728
85 1.606866
86 1.585407
87 1.551058
88 1.501727
89 1.439725
90 1.364891
91 1.280914
92 1.186518
93 1.081575
94 0.9745039
95 0.8604537
96 0.743215
97 0.6247831
98 0.5092509
99 0.3967794
100 0.286162
101 0.1786676
102 0.07779273
103 -0.01414486
104 -0.09761394
105 -0.1722532
106 -0.2396151
107 -0.2997334
108 -0.3492298
109 -0.3901747
110 -0.4245173
111 -0.4511113
112 -0.4708288
113 -0.4863778
114 -0.4979264
115 -0.5053226
116 -0.5096197
117 -0.511834
118 -0.5127743
119 -0.5139099
120 -0.5147613
121 -0.5155465
122 -0.5160518
123 -0.5173085
124 -0.5185578
125 -0.5191855
126 -0.5211138
127 -0.5218538
128 -0.5215048
129 -0.5205197
130 -0.516907
131 -0.5104036
132 -0.5008168
133 -0.4881894
134 -0.4723635
135 -0.4518714
136 -0.4277591
137 -0.4004071
138 -0.3683855
139 -0.3321272
140 -0.2916738
141 -0.2472233
142 -0.2002754
143 -0.1514836
144 -0.1001185
145 -0.04674347
146 0.006958816
147 0.06192176
148 0.1162562
149 0.1696458
150 0.2226059
151 0.2734396
152 0.3233739
153 0.3695667
154 0.4129965
155 0.4524672
156 0.4865412
157 0.516952
158 0.5411834
159 0.5598794
160 0.5704865
161 0.5750089
162 0.5720148
163 0.56106
164 0.541643
165 0.5157183
166 0.4796178
167 0.4378415
168 0.387142
169 0.334281
170 0.2714688
171 0.2028893
172 0.1315661
173 0.05511425
174 -0.02222914
175 -0.102107
176 -0.1818769
177 -0.2578773
178 -0.3365555
179 -0.4127417
180 -0.4840432
181 -0.5517617
182 -0.6150526
183 -0.6711049
184 -0.7223206
185 -0.7648224
186 -0.7965204
187 -0.8209632
188 -0.8344434
189 -0.8402165
190 -0.8366225
191 -0.8249906
192 -0.805315
193 -0.7772611
194 -0.743004
195 -0.7035497
196 -0.6567675
197 -0.6061971
198 -0.5527111
199 -0.4980215
200 -0.442044
201 -0.3850409
202 -0.3275947
203 -0.2685717
204 -0.212948
205 -0.1574715
206 -0.1024543
207 -0.04812256
208 0.00366372
209 0.05425122
210 0.1019246
211 0.1479426
212 0.1925448
213 0.2357377
214 0.2753841
215 0.3133745
216 0.3504337
217 0.3835136
218 0.4135764
219 0.4412438
220 0.4670984
221 0.4895716
222 0.5107518
223 0.529175
224 0.5461665
225 0.5616091
226 0.5738396
227 0.5846298
228 0.5903056
229 0.5939751
230 0.5937468
231 0.5906839
232 0.582019
233 0.570725
234 0.556786
235 0.5357772
236 0.514096
237 0.4879268
238 0.4582888
239 0.4257744
240 0.3910106
241 0.3542842
242 0.315363
243 0.2757132
244 0.2352772
245 0.1934722
246 0.1515394
247 0.1100657
248 0.06875097
249 0.02788059
250 -0.01316415
251 -0.05247031
252 -0.08966826
253 -0.1263749
254 -0.1609695
255 -0.1933316
256 -0.2247514
257 -0.2548889
258 -0.2828858
259 -0.3103656
260 -0.3350536
261 -0.3583508
262 -0.38033
263 -0.4013803
264 -0.4191323
265 -0.4368571
266 -0.4516637
267 -0.4643695
268 -0.4758073
269 -0.4874033
270 -0.4966376
271 -0.5041755
272 -0.5118464
273 -0.5181097
274 -0.52199
275 -0.5239659
276 -0.5245743
277 -0.5231034
278 -0.520593
279 -0.5161076
280 -0.5092909
281 -0.5022419
282 -0.4920649
283 -0.4802828
284 -0.4656619
285 -0.4465037
286 -0.4259388
287 -0.4037161
288 -0.3812617
289 -0.3516836
290 -0.3228278
291 -0.2883402
292 -0.2557479
293 -0.2135946
294 -0.1795871
295 -0.1423804
296 -0.1050327
297 -0.06023514
298 -0.0219124
299 0.0210089
300 0.05889624
301 0.1013068
302 0.136205
303 0.1707132
304 0.2036281
305 0.2399315
306 0.2680717
307 0.2965477
308 0.3180373
309 0.3369934
310 0.3512091
311 0.3640068
312 0.371568
313 0.3770697
314 0.3792277
315 0.3783022
316 0.3746119
317 0.369057
318 0.3598662
319 0.3464777
320 0.3312746
321 0.313719
322 0.2952108
323 0.2735645
324 0.2486812
325 0.2197415
326 0.1953239
327 0.1695592
328 0.1418909
329 0.1125679
330 0.08597474
331 0.05945781
332 0.03305377
333 0.004673905
334 -0.0251099
335 -0.05130735
336 -0.0710895
337 -0.09072801
338 -0.1064155
339 -0.120195
340 -0.1327825
341 -0.1439003
342 -0.1540232
343 -0.1618429
344 -0.1666617
345 -0.1682761
346 -0.1673704
347 -0.1643953
348 -0.1597217
349 -0.1538992
350 -0.1462555
351 -0.1374224
352 -0.1279785
353 -0.117189
354 -0.1062329
355 -0.09671232
356 -0.08643453
357 -0.07687908
358 -0.06738026
359 -0.05829128
360 -0.04795017
361 -0.03838752
362 -0.02800153
363 -0.01971157
364 -0.01112283
365 -0.004405681
366 0.00250899
367 0.008046393
368 0.01435711
369 0.01903566
370 0.02408378
371 0.02764532
372 0.03166065
373 0.03484586
374 0.03828039
375 0.04038783
376 0.04239022
377 0.04368273
378 0.04407591
379 0.04389661
380 0.04297822
381 0.04181239
382 0.04034583
383 0.03833703
384 0.03637826
385 0.03396347
386 0.03051342
387 0.02776259
388 0.02532821
389 0.02227977
390 0.01917936
391 0.01654603
392 0.01299467
393 0.01083695
394 0.008593897
395 0.006937712
396 0.00517349
397 0.00353533
398 0.002383781
399 0.001530574
400 0.001011004
401 0.0006497958
402 0.0005328906
403 0.0007158281
404 0.001190113
405 0.001793875
406 0.002699657
407 0.00351538
408 0.004944069
409 0.006901933
410 0.008777424
411 0.01119563
412 0.01345448
413 0.01582438
414 0.01863062
415 0.0215203
416 0.02440922
417 0.02762918
418 0.03050242
419 0.03332595
420 0.03625487
421 0.039587
422 0.04252988
423 0.04511418
424 0.0470605
425 0.04849803
426 0.04975034
427 0.05073067
428 0.05098717
429 0.05110293
430 0.0505248
431 0.04935278
432 0.04763165
433 0.04525583
434 0.04226009
435 0.03894556
436 0.0349642
437 0.0303818
438 0.02513141
439 0.01988529
440 0.01397183
441 0.007903226
442 0.0009515926
443 -0.005373791
444 -0.0132948
445 -0.02065226
446 -0.02855088
447 -0.03584005
448 -0.04408865
449 -0.05109278
450 -0.05924454
451 -0.06653965
452 -0.07425362
453 -0.08013347
454 -0.08789609
455 -0.09550051
456 -0.1013667
457 -0.1067533
458 -0.112027
459 -0.1166593
460 -0.1215152
461 -0.126839
462 -0.1298416
463 -0.1326043
464 -0.1346756
465 -0.1361437
466 -0.1374361
467 -0.1382483
468 -0.137946
469 -0.1368342
470 -0.1352035
471 -0.1329839
472 -0.1304993
473 -0.1277381
474 -0.1242327
475 -0.1197002
476 -0.114253
477 -0.1082396
478 -0.1016204
479 -0.09532721
480 -0.08723434
481 -0.08042621
482 -0.0720517
483 -0.06419545
484 -0.05492231
485 -0.04642004
486 -0.03710812
487 -0.02766082
488 -0.01839837
489 -0.007826513
490 0.0005688826
491 0.007928987
492 0.01703474
493 0.02517237
494 0.03454818
495 0.04197355
496 0.04996493
497 0.05675996
498 0.06264351
499 0.06849364
500 0.07402849
501 0.07808577
502 0.08188002
503 0.08539689
504 0.08739904
505 0.08951072
506 0.09107781
507 0.0924001
508 0.0928363
509 0.09287762
510 0.09245051
511 0.09132012
512 0.08953139
513 0.08723461
514 0.08407076
515 0.08015565
516 0.07574002
517 0.07107722
518 0.0659131
519 0.06004741
520 0.05441719
521 0.04850865
522 0.0423756
523 0.03674105
524 0.02997974
525 0.02384044
526 0.01732233
527 0.01149026
528 0.004835896
529 -0.001622853
530 -0.008414894
531 -0.01376014
532 -0.01984157
533 -0.02451787
534 -0.02917629
535 -0.0331315
536 -0.03668696
537 -0.03972231
538 -0.04209745
539 -0.04354538
540 -0.04452769
541 -0.04506177
542 -0.04480112
543 -0.04407434
544 -0.04282967
545 -0.04099986
546 -0.03839874
547 -0.03550181
548 -0.031948
549 -0.02796052
550 -0.02360861
551 -0.01902654
552 -0.01366617
553 -0.008266607
554 -0.003171936
555 0.002806172
556 0.008861324
557 0.01364305
558 0.01846311
559 0.02361527
560 0.02847163
561 0.03330827
562 0.03785876
563 0.04213241
564 0.04606933
565 0.04923102
566 0.05250146
567 0.05489369
568 0.05670788
569 0.05813041
570 0.0591293
571 0.05956107
572 0.05977914
573 0.05968799
574 0.05926933
575 0.05841912
576 0.05683207
577 0.05514802
578 0.05284242
579 0.05035993
580 0.04765728
581 0.04392298
582 0.04104429
583 0.03776071
584 0.0337167
585 0.02924116
586 0.02519887
587 0.02110537
588 0.01682804
589 0.01213567
590 0.007638729
591 0.003630812
592 -0.001272694
593 -0.005396776
594 -0.009768391
595 -0.0137153
596 -0.01752063
597 -0.02106345
598 -0.02398205
599 -0.02648236
600 -0.02910652
601 -0.03124254
602 -0.03317817
603 -0.03465377
604 -0.03600061
605 -0.03707235
606 -0.0379486
607 -0.0384737
608 -0.03872471
609 -0.03866617
610 -0.0383308
611 -0.03771139
612 -0.03688055
613 -0.03586859
614 -0.03471177
615 -0.0334466
616 -0.03221544
617 -0.03089877
618 -0.0293989
619 -0.02764666
620 -0.02619575
621 -0.02465696
622 -0.02291
623 -0.0212647
624 -0.01949872
625 -0.01804654
626 -0.01663605
627 -0.01531901
628 -0.01404799
629 -0.01266518
630 -0.01117195
631 -0.009489002
632 -0.007862546
633 -0.00616186
634 -0.004206683
635 -0.002404517
636 -0.0006724385
637 0.00134852
638 0.003483198
639 0.005629874
640 0.008162514
641 0.01058957
642 0.01330729
643 0.01596563
644 0.01897131
645 0.02161418
646 0.02451121
647 0.02705297
648 0.03004768
649 0.03243666
650 0.03501171
651 0.03711686
652 0.03933645
653 0.0408642
654 0.0424759
655 0.04349725
656 0.04438638
657 0.04498929
658 0.04517241
659 0.0448916
660 0.04393201
661 0.04288437
662 0.04084801
663 0.03848246
664 0.03605084
665 0.03344044
666 0.03009336
667 0.02666794
668 0.02257963
669 0.01844258
670 0.01375481
671 0.009259922
672 0.004259041
673 -0.000667933
674 -0.005909674
675 -0.01032316
676 -0.01464326
677 -0.01883019
678 -0.02337205
679 -0.02728656
680 -0.03055102
681 -0.03438757
682 -0.03745995
683 -0.04005671
684 -0.04178248
685 -0.04268529
686 -0.04299635
687 -0.042716
688 -0.04216501
689 -0.04068849
690 -0.03827618
691 -0.03542465
692 -0.03178675
693 -0.02779498
694 -0.02391114
695 -0.0191581
696 -0.01370083
697 -0.008434013
698 -0.002100918
699 0.004983399
700 0.01210511
701 0.01908568
702 0.02738583
703 0.0346366
704 0.03997546
705 0.04611075
706 0.0504154
707 0.05474111
708 0.05893268
709 0.06239433
710 0.06587599
711 0.06856345
712 0.07033853
713 0.07108181
714 0.07096659
715 0.07011549
716 0.0685413
717 0.06652159
718 0.06356093
719 0.05955981
720 0.0559357
721 0.0520546
722 0.0468668
723 0.0423002
724 0.03665532
725 0.03143783
726 0.02553258
727 0.02038997
728 0.01474972
729 0.009560888
730 0.003176387
731 -0.002396592
732 -0.007159461
733 -0.01092317
734 -0.01480822
735 -0.01813021
736 -0.02128733
737 -0.02390105
738 -0.02641653
739 -0.02791742
740 -0.02874128
741 -0.02884258
742 -0.02800996
743 -0.02635372
744 -0.0241033
745 -0.02162318
746 -0.01781301
747 -0.0144578
748 -0.009933148
749 -0.004430267
750 0.000934161
751 0.006414132
752 0.01296683
753 0.01872091
754 0.02581021
755 0.03335623
756 0.03927606
757 0.04522412
758 0.0504211
759 0.05557935
760 0.05966124
761 0.06313445
762 0.06658481
763 0.06875607
764 0.07089706
765 0.07199624
766 0.07219385
767 0.0716711
768 0.07041799
769 0.06807286
770 0.06546655
771 0.06188625
772 0.05835984
773 0.05419389
774 0.04968332
775 0.04453542
776 0.03843248
777 0.03208996
778 0.02578012
779 0.01900115
780 0.01181538
781 0.003800874
782 -0.003458466
783 -0.01062448
784 -0.01866577
785 -0.0261632
786 -0.03429484
787 -0.04154431
788 -0.04931127
789 -0.05648878
790 -0.06400119
791 -0.07015411
792 -0.07624828
793 -0.08185533
794 -0.08688154
795 -0.0899514
796 -0.09262905
797 -0.09474618
798 -0.09611652
799 -0.09691888
800 -0.09665234
801 -0.09527721
802 -0.09321991
803 -0.08967042
804 -0.08537854
805 -0.08094393
806 -0.07541807
807 -0.06950254
808 -0.0620485
809 -0.05453335
810 -0.04616906
811 -0.03774536
812 -0.02803526
813 -0.0185358
814 -0.009385285
815 0.000213271
816 0.01022891
817 0.01965356
818 0.03114598
819 0.0396454
820 0.04920435
821 0.05787819
822 0.06704713
823 0.07496145
824 0.08306842
825 0.08928207
826 0.09578148
827 0.1006402
828 0.1053093
829 0.1081216
830 0.1104626
831 0.1114105
832 0.1115407
833 0.1104876
834 0.1087078
835 0.1054893
836 0.1017271
837 0.09737568
838 0.09222194
839 0.08634562
840 0.07901019
841 0.07129401
842 0.06306582
843 0.05415099
844 0.0459359
845 0.03703517
846 0.02809361
847 0.02001101
848 0.01314077
849 0.006252763
850 -0.001904092
851 -0.01178285
852 -0.01888488
853 -0.02705962
854 -0.03387363
855 -0.04200753
856 -0.04751287
857 -0.05342281
858 -0.05895476
859 -0.0637181
860 -0.06834511
861 -0.07192517
862 -0.07477862
863 -0.07649551
864 -0.07759749
865 -0.07779311
866 -0.0772794
867 -0.07608653
868 -0.07400119
869 -0.07145074
870 -0.06851575
871 -0.06533671
872 -0.06159784
873 -0.05751738
874 -0.05332777
875 -0.04907251
876 -0.04452403
877 -0.04017957
878 -0.03527575
879 -0.03069601
880 -0.02647746
881 -0.02302429
882 -0.01910155
883 -0.01539502
884 -0.01243419
885 -0.01006029
886 -0.007540322
887 -0.005383602
888 -0.003071311
889 -0.001361562
890 0.0003011547
891 0.001449532
892 0.002489483
893 0.003215072
894 0.003915439
895 0.004236992
896 0.004373996
897 0.004418495
898 0.004244348
899 0.004122373
900 0.003967824
901 0.003778869
902 0.00356839
903 0.003349792
904 0.003091626
905 0.002975109
906 0.002763922
907 0.002501083
908 0.00229769
909 0.002096819
910 0.001856854
911 0.001774016
912 0.001547999
913 0.001277945
914 0.001002699
915 0.0006577607
916 0.000122003
917 -0.000292301
918 -0.0008794168
919 -0.001583954
920 -0.002369673
921 -0.003305962
922 -0.004554011
923 -0.005511635
924 -0.006883604
925 -0.008187563
926 -0.009699473
927 -0.01140592
928 -0.01290171
929 -0.01463275
930 -0.0163665
931 -0.01800912
932 -0.01981181
933 -0.02141419
934 -0.02334677
935 -0.02514256
936 -0.02724545
937 -0.02878249
938 -0.03070188
939 -0.0325186
940 -0.03453472
941 -0.03653015
942 -0.0385706
943 -0.04048189
944 -0.04238822
945 -0.04443241
946 -0.0464323
947 -0.0484276
948 -0.05040514
949 -0.05247604
950 -0.05434253
951 -0.05612071
952 -0.05766076
953 -0.05915122
954 -0.06048931
955 -0.06172927
956 -0.06253985
957 -0.06324059
958 -0.06375003
959 -0.06386727
960 -0.0637467
961 -0.06342839
962 -0.06284059
963 -0.06199978
964 -0.06077545
965 -0.05945652
966 -0.05787946
967 -0.05615233
968 -0.05375732
969 -0.05113538
970 -0.04868219
971 -0.04608631
972 -0.04285362
973 -0.04027484
974 -0.03731172
975 -0.03439958
976 -0.03115148
977 -0.0281145
978 -0.02463765
979 -0.02150314
980 -0.01829114
981 -0.01553819
982 -0.01240437
983 -0.009897634
984 -0.007220993
985 -0.004674688
986 -0.002777386
987 -0.001208161
988 0.0008290821
989 0.002362445
990 0.003510377
991 0.00424015
992 0.004795213
993 0.005381897
994 0.005730126
995 0.00579214
996 0.004984159
997 0.003679758
998 0.002498832
999 0.001037127
1000 -0.0003739859
