"front_leg_lift"
"Iteration" "front_leg_lift"
("Iteration" "front_leg_lift")
1 -0.02528391
2 -0.06688104
3 -0.07183485
4 -0.07317904
5 -0.07120855
6 -0.06728672
7 -0.06428219
8 -0.06095697
9 -0.05857265
10 -0.05711778
11 -0.0562542
12 -0.05628404
13 -0.05655347
14 -0.05697329
15 -0.0568448
16 -0.05655335
17 -0.05601352
18 -0.05569329
19 -0.05525151
20 -0.05503606
21 -0.05472716
22 -0.05453617
23 -0.05434151
24 -0.05420689
25 -0.05417661
26 -0.05417099
27 -0.05417466
28 -0.05422511
29 -0.05427759
30 -0.05446314
31 -0.05463978
32 -0.054819
33 -0.0550005
34 -0.05521503
35 -0.05547738
36 -0.05576972
37 -0.05611693
38 -0.05654927
39 -0.05701304
40 -0.05754632
41 -0.05808888
42 -0.05866147
43 -0.05919809
44 -0.05985082
45 -0.06043684
46 -0.06105653
47 -0.06163536
48 -0.06222624
49 -0.06289361
50 -0.06357082
51 -0.06420556
52 -0.06481868
53 -0.06543829
54 -0.06601761
55 -0.06664975
56 -0.06723001
57 -0.06767298
58 -0.0681821
59 -0.06868646
60 -0.06917564
61 -0.06962494
62 -0.06999964
63 -0.07038717
64 -0.07069828
65 -0.07101116
66 -0.07127967
67 -0.07155221
68 -0.07178968
69 -0.07198615
70 -0.07213701
71 -0.07229456
72 -0.07242022
73 -0.07250106
74 -0.07257743
75 -0.07259679
76 -0.07259994
77 -0.07255418
78 -0.07251347
79 -0.07242705
80 -0.07230924
81 -0.07215705
82 -0.07197372
83 -0.07178878
84 -0.07158075
85 -0.07135578
86 -0.07106859
87 -0.07079927
88 -0.07051627
89 -0.07023167
90 -0.06992103
91 -0.0696044
92 -0.0692561
93 -0.06891046
94 -0.06856348
95 -0.06821869
96 -0.06792004
97 -0.06758288
98 -0.06725764
99 -0.06694119
100 -0.06661903
101 -0.06629676
102 -0.06599564
103 -0.06571979
104 -0.06545688
105 -0.06520882
106 -0.06498783
107 -0.06477636
108 -0.06458939
109 -0.06441081
110 -0.06421743
111 -0.06404681
112 -0.06391745
113 -0.06383978
114 -0.06377758
115 -0.06374325
116 -0.06369054
117 -0.06365457
118 -0.06362567
119 -0.06361327
120 -0.06363581
121 -0.0636676
122 -0.06372008
123 -0.06379116
124 -0.06388161
125 -0.06396461
126 -0.06406417
127 -0.06418555
128 -0.06429501
129 -0.0644296
130 -0.06458458
131 -0.06474039
132 -0.06490912
133 -0.0650581
134 -0.06520923
135 -0.065376
136 -0.06554446
137 -0.06574026
138 -0.06590439
139 -0.06606427
140 -0.06623391
141 -0.06638242
142 -0.066513
143 -0.06667331
144 -0.06681899
145 -0.0669587
146 -0.06707618
147 -0.0671787
148 -0.06728489
149 -0.06737854
150 -0.06744308
151 -0.06750927
152 -0.06756433
153 -0.06760075
154 -0.06762538
155 -0.06763294
156 -0.06762561
157 -0.06762645
158 -0.06761576
159 -0.06761388
160 -0.06760412
161 -0.06758913
162 -0.06756214
163 -0.06753135
164 -0.06749921
165 -0.06747494
166 -0.06744696
167 -0.06739699
168 -0.06736314
169 -0.06733185
170 -0.06731002
171 -0.06728291
172 -0.06726506
173 -0.06723622
174 -0.06721126
175 -0.06718349
176 -0.06715597
177 -0.06712068
178 -0.06708843
179 -0.06707418
180 -0.06705758
181 -0.06703649
182 -0.06700348
183 -0.06696408
184 -0.06694006
185 -0.06691276
186 -0.06690753
187 -0.0669079
188 -0.06691102
189 -0.06689642
190 -0.06689156
191 -0.06690279
192 -0.06693035
193 -0.0669474
194 -0.0669698
195 -0.06702581
196 -0.06706234
197 -0.06712313
198 -0.06716396
199 -0.06720212
200 -0.06725188
201 -0.06728397
202 -0.06734815
203 -0.06740931
204 -0.06743725
205 -0.06746779
206 -0.06751785
207 -0.0675632
208 -0.06760861
209 -0.06766063
210 -0.0677013
211 -0.06772326
212 -0.06773764
213 -0.06775368
214 -0.06776723
215 -0.06779603
216 -0.06781797
217 -0.06782988
218 -0.06782653
219 -0.06781602
220 -0.06781556
221 -0.06780247
222 -0.06778543
223 -0.06777408
224 -0.06776392
225 -0.06774282
226 -0.06770546
227 -0.06765802
228 -0.06761678
229 -0.06758437
230 -0.06753839
231 -0.0674961
232 -0.06746658
233 -0.06742853
234 -0.0673982
235 -0.06737439
236 -0.0673526
237 -0.06732935
238 -0.06730536
239 -0.06728705
240 -0.06727388
241 -0.06726246
242 -0.06726498
243 -0.06727666
244 -0.06728851
245 -0.06730196
246 -0.06731664
247 -0.06733063
248 -0.06736246
249 -0.06739573
250 -0.0674275
251 -0.06746008
252 -0.067498
253 -0.06755125
254 -0.06760971
255 -0.06766428
256 -0.06774146
257 -0.06779699
258 -0.06785895
259 -0.06792171
260 -0.06797346
261 -0.06803064
262 -0.06808419
263 -0.06813578
264 -0.06819502
265 -0.06824663
266 -0.06829242
267 -0.06832731
268 -0.06836947
269 -0.06841239
270 -0.06847598
271 -0.06852009
272 -0.06856081
273 -0.06858958
274 -0.06862529
275 -0.06866325
276 -0.06868736
277 -0.06869919
278 -0.0687092
279 -0.06872363
280 -0.06874483
281 -0.06876699
282 -0.06877621
283 -0.0687796
284 -0.06878459
285 -0.0687991
286 -0.06881145
287 -0.06881961
288 -0.06882378
289 -0.06882681
290 -0.06883251
291 -0.06884295
292 -0.06884208
293 -0.06884089
294 -0.06882986
295 -0.06882652
296 -0.06882619
297 -0.0688257
298 -0.06882144
299 -0.06881552
300 -0.06881298
301 -0.06881289
302 -0.06881776
303 -0.06881198
304 -0.06880386
305 -0.06879176
306 -0.06878156
307 -0.06877899
308 -0.06877305
309 -0.06876028
310 -0.06873527
311 -0.06871181
312 -0.068689
313 -0.068661
314 -0.0686249
315 -0.06858814
316 -0.06854519
317 -0.06850728
318 -0.06847077
319 -0.06842373
320 -0.0683944
321 -0.06835474
322 -0.06830798
323 -0.0682698
324 -0.06823444
325 -0.06818686
326 -0.06813905
327 -0.06807385
328 -0.06802277
329 -0.0679789
330 -0.06793772
331 -0.06788796
332 -0.067839
333 -0.06777833
334 -0.06772
335 -0.06766459
336 -0.06760763
337 -0.0675557
338 -0.06749823
339 -0.06745461
340 -0.0674163
341 -0.06737551
342 -0.06734245
343 -0.06730483
344 -0.06728094
345 -0.06726147
346 -0.06723789
347 -0.06721841
348 -0.067192
349 -0.06716186
350 -0.06713617
351 -0.06712615
352 -0.0671139
353 -0.06710128
354 -0.06709059
355 -0.06708807
356 -0.06708986
357 -0.06709142
358 -0.06709722
359 -0.06709406
360 -0.067094
361 -0.06709885
362 -0.06710618
363 -0.06711328
364 -0.06712425
365 -0.06712716
366 -0.06714104
367 -0.06716367
368 -0.06718858
369 -0.06720943
370 -0.06721493
371 -0.06721631
372 -0.06722826
373 -0.0672478
374 -0.06726232
375 -0.06727701
376 -0.0672908
377 -0.06730375
378 -0.06731652
379 -0.06732802
380 -0.06732946
381 -0.06732672
382 -0.06732499
383 -0.06732816
384 -0.06733638
385 -0.0673398
386 -0.0673404
387 -0.06734182
388 -0.06734464
389 -0.06734779
390 -0.06735303
391 -0.06735797
392 -0.06736081
393 -0.06736015
394 -0.06735315
395 -0.06734228
396 -0.06733122
397 -0.06731966
398 -0.06731202
399 -0.06730822
400 -0.06729933
401 -0.06729166
402 -0.06728081
403 -0.0672707
404 -0.06725466
405 -0.06723887
406 -0.06722154
407 -0.06720507
408 -0.06718663
409 -0.06716276
410 -0.06712804
411 -0.06710166
412 -0.06709532
413 -0.06708851
414 -0.06707066
415 -0.06705376
416 -0.06703581
417 -0.06701945
418 -0.06701057
419 -0.0669947
420 -0.0669744
421 -0.06695796
422 -0.0669497
423 -0.06695026
424 -0.06695185
425 -0.0669409
426 -0.06692944
427 -0.06692457
428 -0.06692504
429 -0.06692716
430 -0.06692134
431 -0.06691013
432 -0.06689769
433 -0.06689896
434 -0.0669059
435 -0.06691473
436 -0.06691512
437 -0.06691146
438 -0.06691219
439 -0.06691559
440 -0.06692358
441 -0.06692313
442 -0.06692049
443 -0.06692635
444 -0.06693313
445 -0.06694564
446 -0.06695575
447 -0.06695995
448 -0.06696587
449 -0.06696839
450 -0.0669776
451 -0.06700544
452 -0.06701531
453 -0.06702003
454 -0.06702206
455 -0.06702591
456 -0.06703439
457 -0.06704397
458 -0.06705201
459 -0.06705788
460 -0.0670678
461 -0.0670827
462 -0.06709263
463 -0.06709511
464 -0.06710365
465 -0.06710989
466 -0.06712442
467 -0.06714337
468 -0.06715146
469 -0.06715824
470 -0.06715962
471 -0.0671688
472 -0.06719251
473 -0.06721069
474 -0.06722464
475 -0.06723883
476 -0.06725459
477 -0.06727827
478 -0.06729826
479 -0.06732038
480 -0.06733804
481 -0.06735606
482 -0.06737912
483 -0.06740428
484 -0.06742543
485 -0.06744078
486 -0.06745549
487 -0.06747939
488 -0.06751106
489 -0.06753945
490 -0.06756201
491 -0.0675876
492 -0.06761092
493 -0.06765074
494 -0.06768534
495 -0.06771565
496 -0.06774077
497 -0.06776955
498 -0.06780457
499 -0.06784523
500 -0.06788224
501 -0.06791782
502 -0.06795405
503 -0.0679959
504 -0.06804395
505 -0.06809393
506 -0.06814502
507 -0.06818751
508 -0.06822801
509 -0.06827135
510 -0.06832157
511 -0.06837005
512 -0.06841194
513 -0.06844504
514 -0.0684833
515 -0.06852517
516 -0.06857708
517 -0.06862517
518 -0.06866661
519 -0.06870759
520 -0.06875417
521 -0.06880675
522 -0.06886003
523 -0.06890727
524 -0.06894916
525 -0.06899161
526 -0.06903359
527 -0.06907839
528 -0.06911491
529 -0.06914477
530 -0.0691717
531 -0.06920587
532 -0.06925019
533 -0.06929467
534 -0.06933545
535 -0.06936846
536 -0.06940074
537 -0.06943794
538 -0.06948209
539 -0.06952024
540 -0.06954847
541 -0.0695711
542 -0.06959058
543 -0.06961229
544 -0.06963336
545 -0.06964973
546 -0.06965815
547 -0.06967055
548 -0.06968981
549 -0.06971508
550 -0.06973452
551 -0.06975043
552 -0.06975972
553 -0.06977213
554 -0.06979086
555 -0.06980795
556 -0.06982151
557 -0.06982704
558 -0.06982873
559 -0.06983453
560 -0.06984236
561 -0.06984724
562 -0.06984425
563 -0.06984159
564 -0.06983786
565 -0.06983859
566 -0.069837
567 -0.06983238
568 -0.06982291
569 -0.06981663
570 -0.06981509
571 -0.06981212
572 -0.06980153
573 -0.06978852
574 -0.06977189
575 -0.06976435
576 -0.0697591
577 -0.06975171
578 -0.06974279
579 -0.06973202
580 -0.06972314
581 -0.06971078
582 -0.06970289
583 -0.06969556
584 -0.06968936
585 -0.06968521
586 -0.06967763
587 -0.06967061
588 -0.06966505
589 -0.069661
590 -0.06965659
591 -0.06964877
592 -0.06963912
593 -0.06963205
594 -0.06962886
595 -0.06962419
596 -0.06961666
597 -0.06960496
598 -0.06959576
599 -0.06958934
600 -0.06958713
601 -0.06957712
602 -0.06956019
603 -0.06954479
604 -0.06953155
605 -0.06952138
606 -0.06951041
607 -0.06948918
608 -0.06946615
609 -0.06945031
610 -0.06943536
611 -0.06941735
612 -0.06939323
613 -0.06936022
614 -0.06933538
615 -0.06931026
616 -0.06929138
617 -0.06926351
618 -0.06923345
619 -0.06920429
620 -0.06918002
621 -0.06915798
622 -0.0691296
623 -0.06909289
624 -0.06905609
625 -0.06902026
626 -0.06899504
627 -0.06897001
628 -0.0689322
629 -0.06889395
630 -0.06885634
631 -0.06882668
632 -0.06879818
633 -0.06876609
634 -0.06872674
635 -0.0686926
636 -0.06866265
637 -0.06863659
638 -0.06861036
639 -0.06857762
640 -0.06854596
641 -0.06851162
642 -0.06848534
643 -0.06846173
644 -0.06843343
645 -0.06840058
646 -0.0683702
647 -0.06834377
648 -0.06832372
649 -0.06829534
650 -0.06826638
651 -0.06823552
652 -0.06820967
653 -0.06818438
654 -0.0681592
655 -0.06812605
656 -0.0680946
657 -0.06806374
658 -0.06804121
659 -0.06802553
660 -0.06800355
661 -0.06797859
662 -0.06795059
663 -0.06792806
664 -0.06790806
665 -0.06788535
666 -0.06785628
667 -0.06782444
668 -0.06779576
669 -0.0677715
670 -0.06775127
671 -0.06772702
672 -0.06769955
673 -0.0676682
674 -0.06764255
675 -0.06762214
676 -0.06760058
677 -0.06757341
678 -0.06753907
679 -0.06750758
680 -0.06748426
681 -0.06746186
682 -0.06743336
683 -0.06740233
684 -0.06736907
685 -0.0673419
686 -0.06732013
687 -0.0672906
688 -0.06725612
689 -0.06721871
690 -0.06718751
691 -0.06715958
692 -0.06713537
693 -0.06710333
694 -0.06706695
695 -0.06703282
696 -0.0670063
697 -0.06698436
698 -0.06695858
699 -0.06692582
700 -0.06689185
701 -0.06685973
702 -0.06683563
703 -0.06680817
704 -0.06677831
705 -0.06674127
706 -0.06670582
707 -0.06667857
708 -0.06665435
709 -0.06662323
710 -0.06658947
711 -0.06655288
712 -0.06652262
713 -0.06650119
714 -0.06648211
715 -0.06645691
716 -0.06642574
717 -0.0663959
718 -0.06637469
719 -0.06635548
720 -0.06633449
721 -0.06630661
722 -0.06627503
723 -0.06624515
724 -0.06622645
725 -0.06620628
726 -0.06618644
727 -0.06616342
728 -0.0661394
729 -0.0661208
730 -0.06610633
731 -0.06608514
732 -0.06606368
733 -0.06604033
734 -0.06602047
735 -0.0660058
736 -0.06598988
737 -0.06596852
738 -0.06594663
739 -0.06592809
740 -0.06591639
741 -0.06590485
742 -0.0658967
743 -0.06589022
744 -0.06587961
745 -0.06587233
746 -0.06586938
747 -0.0658631
748 -0.06585696
749 -0.06585059
750 -0.06584676
751 -0.06583833
752 -0.06583822
753 -0.06583529
754 -0.06583287
755 -0.06583181
756 -0.06583484
757 -0.06583745
758 -0.06584355
759 -0.06584909
760 -0.06585714
761 -0.06585669
762 -0.06585604
763 -0.06585971
764 -0.06586351
765 -0.06587265
766 -0.06587747
767 -0.06588051
768 -0.06588552
769 -0.06589316
770 -0.06590815
771 -0.06591809
772 -0.06593026
773 -0.0659406
774 -0.06595528
775 -0.06597161
776 -0.06598656
777 -0.0659921
778 -0.0659958
779 -0.06600238
780 -0.06602
781 -0.06603881
782 -0.06605088
783 -0.0660617
784 -0.06606947
785 -0.06608578
786 -0.06610926
787 -0.0661299
788 -0.06614341
789 -0.06615557
790 -0.06617013
791 -0.06618962
792 -0.06620543
793 -0.06621663
794 -0.06622197
795 -0.06623194
796 -0.06624891
797 -0.06626654
798 -0.06628164
799 -0.06628891
800 -0.06629555
801 -0.06630768
802 -0.06632765
803 -0.06634246
804 -0.06635275
805 -0.06635767
806 -0.06636595
807 -0.06637846
808 -0.06639582
809 -0.06640862
810 -0.0664143
811 -0.06641373
812 -0.06642251
813 -0.06643358
814 -0.06644107
815 -0.06644248
816 -0.06644163
817 -0.06645353
818 -0.06646822
819 -0.06648161
820 -0.06648911
821 -0.06649008
822 -0.06649695
823 -0.06651125
824 -0.06653254
825 -0.06654611
826 -0.06654903
827 -0.0665501
828 -0.06655554
829 -0.06656861
830 -0.06658232
831 -0.0665904
832 -0.06659472
833 -0.06660617
834 -0.06662204
835 -0.06663961
836 -0.06665409
837 -0.06666054
838 -0.06667214
839 -0.06668857
840 -0.06670892
841 -0.06672116
842 -0.06673016
843 -0.06673671
844 -0.06675047
845 -0.06677058
846 -0.06679745
847 -0.06681822
848 -0.0668368
849 -0.0668612
850 -0.06688903
851 -0.06692107
852 -0.06694595
853 -0.06697051
854 -0.06699547
855 -0.06702464
856 -0.06706347
857 -0.067095
858 -0.06712531
859 -0.06715878
860 -0.06719194
861 -0.06723542
862 -0.06728288
863 -0.06732272
864 -0.06735569
865 -0.0673913
866 -0.06743109
867 -0.06748033
868 -0.06752546
869 -0.06756408
870 -0.06759933
871 -0.06763577
872 -0.06767493
873 -0.06771959
874 -0.06776262
875 -0.06779749
876 -0.06782988
877 -0.06786165
878 -0.06790403
879 -0.06794082
880 -0.06797316
881 -0.06800051
882 -0.06802923
883 -0.06805898
884 -0.06808807
885 -0.06810711
886 -0.06812259
887 -0.06813135
888 -0.06814457
889 -0.06816854
890 -0.06819055
891 -0.06820541
892 -0.06821389
893 -0.06822019
894 -0.06823075
895 -0.06824438
896 -0.06825159
897 -0.0682538
898 -0.06825425
899 -0.06825377
900 -0.06826003
901 -0.06826023
902 -0.0682573
903 -0.06824533
904 -0.06823619
905 -0.06823836
906 -0.06824315
907 -0.06823895
908 -0.06823037
909 -0.06822018
910 -0.06821342
911 -0.06821348
912 -0.068211
913 -0.06820339
914 -0.06818853
915 -0.0681746
916 -0.06816316
917 -0.06815192
918 -0.06813808
919 -0.06812414
920 -0.06810827
921 -0.06809798
922 -0.06809407
923 -0.0680837
924 -0.06807094
925 -0.06805677
926 -0.06804764
927 -0.06803776
928 -0.06802966
929 -0.06801805
930 -0.06800456
931 -0.06798593
932 -0.06797287
933 -0.06795862
934 -0.06794646
935 -0.06793913
936 -0.06793287
937 -0.06792434
938 -0.06791772
939 -0.06791071
940 -0.0679042
941 -0.06790297
942 -0.06790245
943 -0.06789544
944 -0.06789307
945 -0.06788764
946 -0.0678826
947 -0.06787914
948 -0.06787502
949 -0.06787117
950 -0.06787492
951 -0.0678826
952 -0.06789366
953 -0.06789417
954 -0.06789351
955 -0.06789508
956 -0.06790265
957 -0.06791288
958 -0.06792011
959 -0.06791984
960 -0.06791969
961 -0.06792031
962 -0.06792533
963 -0.06792809
964 -0.06792755
965 -0.06792739
966 -0.06793214
967 -0.06793915
968 -0.06794612
969 -0.06794312
970 -0.06794023
971 -0.06794064
972 -0.06794715
973 -0.06795657
974 -0.06795887
975 -0.06794976
976 -0.06793709
977 -0.06792861
978 -0.06792939
979 -0.06792939
980 -0.06792434
981 -0.06791674
982 -0.0679097
983 -0.06790877
984 -0.06791232
985 -0.06790726
986 -0.0678992
987 -0.06789182
988 -0.06789099
989 -0.06789061
990 -0.06788442
991 -0.06786851
992 -0.06785043
993 -0.0678359
994 -0.06783485
995 -0.06783802
996 -0.06783417
997 -0.06782274
998 -0.06780989
999 -0.06780552
1000 -0.06780906
