"front_leg_drag"
"Iteration" "front_leg_drag"
("Iteration" "front_leg_drag")
1 0.3911505
2 0.4239145
3 0.2903628
4 0.1718239
5 0.1027008
6 0.07354242
7 0.07028928
8 0.08031811
9 0.09173791
10 0.09923905
11 0.1030687
12 0.1042066
13 0.1044586
14 0.1049084
15 0.1072455
16 0.1117921
17 0.1176142
18 0.1245716
19 0.1325449
20 0.1409772
21 0.1502662
22 0.1599991
23 0.1697061
24 0.1804227
25 0.1909796
26 0.2018519
27 0.2136775
28 0.22661
29 0.2393812
30 0.2527144
31 0.2654622
32 0.2782072
33 0.2917636
34 0.3043507
35 0.3141385
36 0.3232822
37 0.3319931
38 0.3386144
39 0.3456672
40 0.3479952
41 0.3514237
42 0.3557759
43 0.3563482
44 0.3598679
45 0.3608474
46 0.3638099
47 0.3659208
48 0.3673442
49 0.3693485
50 0.3705397
51 0.3712833
52 0.3727674
53 0.3752029
54 0.376692
55 0.3789533
56 0.3812861
57 0.3842996
58 0.3854979
59 0.3865666
60 0.3895566
61 0.3914424
62 0.3921365
63 0.3937704
64 0.395281
65 0.3972108
66 0.3984254
67 0.3991782
68 0.4000785
69 0.400864
70 0.4019308
71 0.4032275
72 0.4041943
73 0.4048265
74 0.4053617
75 0.4062165
76 0.407056
77 0.407813
78 0.408646
79 0.4087143
80 0.4084236
81 0.4079185
82 0.407571
83 0.4067675
84 0.4058924
85 0.4050104
86 0.4033481
87 0.4014764
88 0.3997295
89 0.3985701
90 0.397341
91 0.3960488
92 0.3950845
93 0.3929202
94 0.3910934
95 0.389189
96 0.3874815
97 0.3860576
98 0.3851405
99 0.3834705
100 0.3822315
101 0.3812119
102 0.3802972
103 0.3799053
104 0.3789071
105 0.3784709
106 0.3780677
107 0.3772155
108 0.3765361
109 0.3756925
110 0.3749103
111 0.3745409
112 0.3742835
113 0.3738087
114 0.3736473
115 0.3731884
116 0.3726641
117 0.3719305
118 0.3712622
119 0.3705128
120 0.3700259
121 0.3694633
122 0.3691477
123 0.3685636
124 0.3681562
125 0.3676954
126 0.3672215
127 0.3665277
128 0.3659531
129 0.3652658
130 0.3645153
131 0.3637985
132 0.3630565
133 0.3622276
134 0.3614344
135 0.3607004
136 0.3598371
137 0.3589399
138 0.3580085
139 0.3570635
140 0.3560079
141 0.3550234
142 0.3540721
143 0.353031
144 0.3519427
145 0.3509512
146 0.3499796
147 0.3490618
148 0.3480756
149 0.3470393
150 0.3459865
151 0.3449729
152 0.3438903
153 0.3428465
154 0.3417648
155 0.3407302
156 0.339599
157 0.3384812
158 0.3373663
159 0.3361625
160 0.334925
161 0.3337453
162 0.3326147
163 0.331548
164 0.3305017
165 0.3294158
166 0.3281913
167 0.3269264
168 0.3257307
169 0.3246963
170 0.3236328
171 0.322602
172 0.3215938
173 0.3207291
174 0.3197451
175 0.3187772
176 0.3178583
177 0.3169803
178 0.3162121
179 0.3154374
180 0.3145913
181 0.3138452
182 0.3130497
183 0.3121776
184 0.311456
185 0.3107558
186 0.3101093
187 0.30941
188 0.3088366
189 0.3083514
190 0.3079169
191 0.3074763
192 0.3070413
193 0.3066097
194 0.306258
195 0.3059421
196 0.3055586
197 0.3052213
198 0.3049521
199 0.3047934
200 0.3046597
201 0.3046131
202 0.3046224
203 0.3046271
204 0.3047201
205 0.3048472
206 0.30491
207 0.305032
208 0.3051292
209 0.3052078
210 0.3053167
211 0.3054328
212 0.3056284
213 0.305837
214 0.3060318
215 0.3062716
216 0.3065177
217 0.306746
218 0.3069988
219 0.3072339
220 0.3074529
221 0.3077994
222 0.3081471
223 0.3084248
224 0.308744
225 0.3090761
226 0.3094188
227 0.3097648
228 0.3101482
229 0.3105189
230 0.3108666
231 0.3111942
232 0.3115595
233 0.3119608
234 0.31241
235 0.3128724
236 0.3133528
237 0.3138993
238 0.3144332
239 0.3150368
240 0.3156824
241 0.3163761
242 0.3170095
243 0.3176046
244 0.3181739
245 0.3187657
246 0.3194054
247 0.320011
248 0.3206922
249 0.3213684
250 0.3220261
251 0.3226185
252 0.3231441
253 0.3237191
254 0.324207
255 0.324737
256 0.3252187
257 0.3256408
258 0.3260561
259 0.3265036
260 0.3268699
261 0.3272611
262 0.3275735
263 0.3279912
264 0.3283657
265 0.3286459
266 0.3289544
267 0.3292347
268 0.3294518
269 0.3296852
270 0.3299249
271 0.3301535
272 0.3303714
273 0.3305031
274 0.3306428
275 0.33076
276 0.3308669
277 0.3309307
278 0.3309772
279 0.3310443
280 0.3311529
281 0.3311217
282 0.3311417
283 0.3311524
284 0.3311313
285 0.3310651
286 0.3310461
287 0.331013
288 0.3309824
289 0.3309682
290 0.3308655
291 0.3307439
292 0.3307069
293 0.330615
294 0.3305177
295 0.3305005
296 0.3305435
297 0.3306422
298 0.3307614
299 0.3308466
300 0.3309343
301 0.3310345
302 0.3311733
303 0.3312672
304 0.3313364
305 0.331497
306 0.3317236
307 0.3319476
308 0.3322285
309 0.332531
310 0.3328019
311 0.3331711
312 0.3334854
313 0.3338017
314 0.3341626
315 0.3345172
316 0.3349426
317 0.3353352
318 0.3357291
319 0.3361328
320 0.3365088
321 0.3368895
322 0.3372809
323 0.3376401
324 0.3380298
325 0.3383947
326 0.3387558
327 0.3390616
328 0.3393366
329 0.3396152
330 0.3398929
331 0.3401368
332 0.3403585
333 0.3405463
334 0.3407167
335 0.340809
336 0.3408251
337 0.3408516
338 0.3407754
339 0.3406668
340 0.3405101
341 0.3403125
342 0.34005
343 0.3397443
344 0.3394049
345 0.3389477
346 0.3384588
347 0.3378963
348 0.337325
349 0.3366733
350 0.3359153
351 0.3351491
352 0.3343407
353 0.3334713
354 0.3325654
355 0.3315898
356 0.3306243
357 0.3295181
358 0.3283404
359 0.3271289
360 0.325871
361 0.3247055
362 0.3234122
363 0.3221495
364 0.3209326
365 0.3196799
366 0.3184058
367 0.3171034
368 0.3158953
369 0.3145732
370 0.3133088
371 0.3119313
372 0.3106916
373 0.3094248
374 0.3082219
375 0.3071
376 0.3060221
377 0.3049587
378 0.3039327
379 0.3028794
380 0.3019738
381 0.3010775
382 0.3002233
383 0.2994303
384 0.2987898
385 0.2981556
386 0.2976007
387 0.2970645
388 0.296591
389 0.296189
390 0.2958322
391 0.295525
392 0.2953223
393 0.2951763
394 0.2951
395 0.2950514
396 0.2950513
397 0.295088
398 0.2951633
399 0.2952144
400 0.2953761
401 0.2956452
402 0.2960243
403 0.2964418
404 0.2969332
405 0.2974203
406 0.2979153
407 0.2984614
408 0.2990588
409 0.2996642
410 0.3002591
411 0.3009375
412 0.3015971
413 0.3022519
414 0.3028941
415 0.3035619
416 0.304202
417 0.3049021
418 0.3055512
419 0.3062243
420 0.3068576
421 0.3074982
422 0.3081197
423 0.3088103
424 0.3094523
425 0.3101206
426 0.3107483
427 0.3113845
428 0.3120796
429 0.3127813
430 0.3134338
431 0.3141408
432 0.3147377
433 0.3153951
434 0.3160381
435 0.3166384
436 0.3171614
437 0.3176785
438 0.3181766
439 0.3186885
440 0.319185
441 0.3196867
442 0.3201178
443 0.3206016
444 0.3209446
445 0.3213241
446 0.3217415
447 0.3221515
448 0.3225384
449 0.3228986
450 0.3232075
451 0.3235065
452 0.3237606
453 0.3240724
454 0.3243882
455 0.324682
456 0.324939
457 0.3252468
458 0.325499
459 0.3258205
460 0.3261132
461 0.3263722
462 0.3266947
463 0.3269512
464 0.3272005
465 0.3274142
466 0.3276426
467 0.3279352
468 0.3281698
469 0.3284002
470 0.3286337
471 0.3287319
472 0.3288721
473 0.3290375
474 0.3292751
475 0.3295185
476 0.3298082
477 0.3300111
478 0.3302146
479 0.3303623
480 0.330509
481 0.3306442
482 0.3307543
483 0.3308324
484 0.3309181
485 0.330933
486 0.3309949
487 0.3310212
488 0.3311343
489 0.3312199
490 0.3313715
491 0.3314421
492 0.3315696
493 0.3317065
494 0.3318381
495 0.331893
496 0.331958
497 0.3319443
498 0.3319718
499 0.3319677
500 0.3320497
501 0.3321186
502 0.3322867
503 0.3324611
504 0.3326784
505 0.3328559
506 0.3330248
507 0.3331794
508 0.3332988
509 0.3334242
510 0.3335339
511 0.3336141
512 0.3337055
513 0.3337281
514 0.3337785
515 0.3338937
516 0.3339535
517 0.3340319
518 0.3341072
519 0.3341739
520 0.3342513
521 0.3342963
522 0.3343404
523 0.3343668
524 0.3343797
525 0.3343469
526 0.3342952
527 0.3341639
528 0.3340898
529 0.3339663
530 0.3338737
531 0.3337388
532 0.3336508
533 0.3335409
534 0.3334477
535 0.3333155
536 0.3331974
537 0.333037
538 0.332882
539 0.3327012
540 0.3325284
541 0.3322964
542 0.3320326
543 0.3317734
544 0.3315237
545 0.3313088
546 0.3310772
547 0.3308567
548 0.3306717
549 0.3304704
550 0.3302995
551 0.3300815
552 0.3298833
553 0.3296689
554 0.3294602
555 0.3292318
556 0.3290211
557 0.3287765
558 0.3286003
559 0.3283688
560 0.3282117
561 0.3280396
562 0.3278973
563 0.327737
564 0.3276063
565 0.3274298
566 0.3272563
567 0.3270495
568 0.3269321
569 0.3268206
570 0.3267179
571 0.3266086
572 0.3264983
573 0.3264058
574 0.3263431
575 0.3263223
576 0.326284
577 0.3262356
578 0.3262466
579 0.3262216
580 0.3262379
581 0.3262441
582 0.3262785
583 0.3263084
584 0.3263714
585 0.3264109
586 0.3264892
587 0.326569
588 0.326645
589 0.326766
590 0.3269191
591 0.3270791
592 0.327234
593 0.3273958
594 0.3275658
595 0.3277377
596 0.3279024
597 0.3280303
598 0.3282017
599 0.3283512
600 0.3285265
601 0.3286964
602 0.3288586
603 0.3290177
604 0.3292271
605 0.3294229
606 0.3296353
607 0.3298017
608 0.3299942
609 0.3301683
610 0.3303587
611 0.3305161
612 0.3306551
613 0.3307332
614 0.3308167
615 0.3308894
616 0.3309584
617 0.3310126
618 0.3310934
619 0.3311555
620 0.3312269
621 0.3312842
622 0.3313774
623 0.331496
624 0.3315869
625 0.331689
626 0.3317712
627 0.331834
628 0.331882
629 0.331937
630 0.3319691
631 0.3319779
632 0.3320163
633 0.3320507
634 0.3321212
635 0.3321709
636 0.3321971
637 0.3322505
638 0.3323161
639 0.3323516
640 0.3324127
641 0.3324876
642 0.3325316
643 0.3325168
644 0.3325403
645 0.3325487
646 0.3325596
647 0.3325829
648 0.3325865
649 0.3325825
650 0.3325938
651 0.3326187
652 0.3326455
653 0.3326885
654 0.332697
655 0.3327422
656 0.3327835
657 0.33283
658 0.3328786
659 0.332937
660 0.332985
661 0.3330409
662 0.3331103
663 0.3331694
664 0.3332436
665 0.3332879
666 0.3333698
667 0.3334498
668 0.3335277
669 0.3336168
670 0.3336793
671 0.3337509
672 0.3338184
673 0.3339159
674 0.3339781
675 0.3340749
676 0.3341314
677 0.3342575
678 0.3343752
679 0.3344651
680 0.3345562
681 0.3346013
682 0.3346612
683 0.3347029
684 0.3347557
685 0.33481
686 0.3348682
687 0.3349014
688 0.3349166
689 0.3349064
690 0.3349141
691 0.3348649
692 0.3348458
693 0.3348151
694 0.3347607
695 0.3347057
696 0.3346422
697 0.3346412
698 0.3346032
699 0.3345943
700 0.3345664
701 0.3345242
702 0.3344582
703 0.3344204
704 0.3343579
705 0.3343052
706 0.3342616
707 0.3342467
708 0.334209
709 0.3341297
710 0.3340908
711 0.3340141
712 0.3339362
713 0.3338307
714 0.3337638
715 0.3336317
716 0.333466
717 0.3333003
718 0.3331685
719 0.3330048
720 0.3328631
721 0.3327223
722 0.3325824
723 0.3324678
724 0.332369
725 0.3322763
726 0.3321888
727 0.3320425
728 0.3319024
729 0.3317442
730 0.3315896
731 0.3314009
732 0.3312492
733 0.3311124
734 0.3310117
735 0.3309099
736 0.3308237
737 0.3307599
738 0.3307128
739 0.3306447
740 0.3305815
741 0.3304934
742 0.3304127
743 0.3303232
744 0.3302659
745 0.3301983
746 0.3301388
747 0.3300922
748 0.3300831
749 0.3300918
750 0.330142
751 0.3302357
752 0.3303716
753 0.3305046
754 0.3306286
755 0.3307405
756 0.3308469
757 0.3309385
758 0.3309964
759 0.3310148
760 0.3310314
761 0.3310502
762 0.3310466
763 0.3310421
764 0.3310291
765 0.3310047
766 0.330999
767 0.3310011
768 0.3310015
769 0.3309735
770 0.3309436
771 0.3308705
772 0.3307991
773 0.330703
774 0.3306157
775 0.3305158
776 0.3304548
777 0.3303634
778 0.3303453
779 0.3303362
780 0.3303777
781 0.3304253
782 0.3304873
783 0.3305397
784 0.3305782
785 0.3305925
786 0.3305882
787 0.3305899
788 0.3305629
789 0.3305378
790 0.3304903
791 0.3304308
792 0.330353
793 0.3302882
794 0.3302574
795 0.3302206
796 0.3301785
797 0.3301505
798 0.330132
799 0.3300816
800 0.330051
801 0.3300166
802 0.3299722
803 0.3298924
804 0.329829
805 0.329771
806 0.3297023
807 0.3296485
808 0.3296544
809 0.3296583
810 0.3296975
811 0.3297134
812 0.3297288
813 0.329748
814 0.3297668
815 0.3298234
816 0.329891
817 0.3299711
818 0.3300272
819 0.3300759
820 0.330103
821 0.3301663
822 0.3302505
823 0.3303821
824 0.330484
825 0.3305852
826 0.3307279
827 0.3308054
828 0.3308945
829 0.3309571
830 0.3310243
831 0.3310229
832 0.3309714
833 0.3309216
834 0.3308641
835 0.3308389
836 0.330831
837 0.3308196
838 0.3308126
839 0.3307719
840 0.3307947
841 0.330793
842 0.3308026
843 0.3308548
844 0.330886
845 0.3308892
846 0.3309265
847 0.3310377
848 0.3311279
849 0.331222
850 0.3313166
851 0.3313967
852 0.3314888
853 0.3315765
854 0.3316264
855 0.3316489
856 0.3316511
857 0.3316757
858 0.3317137
859 0.3316832
860 0.3316039
861 0.331475
862 0.3313756
863 0.3313402
864 0.3312351
865 0.3311052
866 0.3310271
867 0.3309114
868 0.3308371
869 0.3307288
870 0.330695
871 0.3306106
872 0.3306099
873 0.3306245
874 0.3306144
875 0.3305814
876 0.3305834
877 0.3305835
878 0.3305995
879 0.3305874
880 0.3305989
881 0.330667
882 0.3307813
883 0.3308158
884 0.3308915
885 0.3308938
886 0.3309014
887 0.3309034
888 0.3308641
889 0.3307977
890 0.3307696
891 0.3307611
892 0.3307222
893 0.330693
894 0.330667
895 0.3306234
896 0.3305695
897 0.3305338
898 0.3305387
899 0.3305927
900 0.3306222
901 0.330621
902 0.3306308
903 0.3306452
904 0.3306523
905 0.3306715
906 0.3307299
907 0.3307585
908 0.3307996
909 0.330887
910 0.3309734
911 0.3311222
912 0.3312713
913 0.3313997
914 0.3315322
915 0.3316005
916 0.3316711
917 0.3317022
918 0.3317454
919 0.3317696
920 0.3317724
921 0.3317662
922 0.3317865
923 0.3318641
924 0.3319258
925 0.3320158
926 0.3320955
927 0.3321484
928 0.3321921
929 0.3322021
930 0.3322338
931 0.3322423
932 0.3322616
933 0.3322593
934 0.3322936
935 0.3322784
936 0.3323088
937 0.3323678
938 0.3324148
939 0.3324808
940 0.3325554
941 0.3326288
942 0.3326863
943 0.3327868
944 0.3328694
945 0.3328988
946 0.3329154
947 0.3329602
948 0.333018
949 0.333017
950 0.3330339
951 0.3330161
952 0.3330322
953 0.333024
954 0.3330039
955 0.3330523
956 0.3331127
957 0.3331361
958 0.3331604
959 0.3331844
960 0.3331719
961 0.3332098
962 0.3332243
963 0.3332218
964 0.3332627
965 0.3333009
966 0.333328
967 0.3333766
968 0.3334548
969 0.3335458
970 0.3336523
971 0.3337009
972 0.3337715
973 0.3337766
974 0.3337566
975 0.333773
976 0.3337272
977 0.3337135
978 0.3337178
979 0.3336993
980 0.3336596
981 0.3336079
982 0.3335409
983 0.3335582
984 0.3335214
985 0.3335288
986 0.333526
987 0.3335132
988 0.3334893
989 0.3334679
990 0.3334507
991 0.3334221
992 0.3334045
993 0.3333633
994 0.3333307
995 0.3333397
996 0.3333717
997 0.3334835
998 0.3335746
999 0.3336676
1000 0.3337586
