"right_wing_tank_connect_moment"
"Iteration" "right_wing_tank_connect_moment"
("Iteration" "right_wing_tank_connect_moment")
1 -8.776008e-05
2 -0.0003063607
3 -0.0002179275
4 -8.668104e-05
5 -6.375206e-05
6 -2.1985e-05
7 -1.240977e-05
8 -9.191712e-06
9 -1.525678e-05
10 -2.327967e-05
11 -3.811238e-05
12 -5.449591e-05
13 -8.085262e-05
14 -9.439005e-05
15 -0.0001162347
16 -0.0001261161
17 -0.0001446477
18 -0.0001544299
19 -0.0001705015
20 -0.000180439
21 -0.0001981979
22 -0.0002082168
23 -0.0002281521
24 -0.0002474591
25 -0.0002582207
26 -0.0002765026
27 -0.0002871736
28 -0.0003023877
29 -0.0003107085
30 -0.0003230643
31 -0.000329536
32 -0.0003368546
33 -0.0003472205
34 -0.0003534962
35 -0.0003595146
36 -0.0003732374
37 -0.000378667
38 -0.0003838454
39 -0.0003936706
40 -0.0003986578
41 -0.0004007705
42 -0.0004052843
43 -0.0004071697
44 -0.0004063804
45 -0.0004046082
46 -0.0004012458
47 -0.0003979168
48 -0.0003942155
49 -0.0003891921
50 -0.0003839292
51 -0.0003777806
52 -0.0003703944
53 -0.0003648014
54 -0.0003570362
55 -0.0003495503
56 -0.0003443068
57 -0.0003384431
58 -0.0003324825
59 -0.000326405
60 -0.0003210537
61 -0.0003161375
62 -0.000311756
63 -0.0003060389
64 -0.000301551
65 -0.0002973528
66 -0.000295744
67 -0.0002940903
68 -0.0002930733
69 -0.0002922078
70 -0.0002910736
71 -0.0002889652
72 -0.0002876274
73 -0.0002875096
74 -0.0002873224
75 -0.000285351
76 -0.0002844672
77 -0.0002829249
78 -0.0002823054
79 -0.0002802634
80 -0.000278003
81 -0.0002766581
82 -0.0002749135
83 -0.0002747214
84 -0.000273545
85 -0.0002738866
86 -0.0002737514
87 -0.0002730627
88 -0.0002719651
89 -0.0002709737
90 -0.000270709
91 -0.0002725776
92 -0.0002748972
93 -0.0002768767
94 -0.0002796062
95 -0.0002833961
96 -0.0002861999
97 -0.0002887535
98 -0.0002916088
99 -0.0002934878
100 -0.000294525
101 -0.0002946355
102 -0.0002948848
103 -0.0002948703
104 -0.0002930993
105 -0.000291921
106 -0.0002896899
107 -0.0002854774
108 -0.0002820219
109 -0.0002769
110 -0.0002710965
111 -0.000267838
112 -0.0002634617
113 -0.000260547
114 -0.0002576488
115 -0.0002549787
116 -0.0002527629
117 -0.0002503852
118 -0.0002488564
119 -0.0002475514
120 -0.000245881
121 -0.0002446143
122 -0.000242682
123 -0.0002414444
124 -0.0002402294
125 -0.0002383868
126 -0.0002361288
127 -0.0002354553
128 -0.000234881
129 -0.0002334987
130 -0.000233078
131 -0.000232431
132 -0.0002326127
133 -0.00023217
134 -0.0002325325
135 -0.0002321822
136 -0.000231482
137 -0.0002304151
138 -0.0002292316
139 -0.0002282909
140 -0.0002277827
141 -0.0002266709
142 -0.0002257152
143 -0.0002243716
144 -0.0002233592
145 -0.0002224899
146 -0.0002216856
147 -0.00022036
148 -0.0002198719
149 -0.0002196202
150 -0.0002192475
151 -0.0002189687
152 -0.0002180034
153 -0.0002172955
154 -0.0002164554
155 -0.000215885
156 -0.0002154445
157 -0.0002146959
158 -0.0002140546
159 -0.0002135161
160 -0.0002135652
161 -0.0002128364
162 -0.0002120546
163 -0.0002114137
164 -0.00021015
165 -0.0002096603
166 -0.000208488
167 -0.0002083351
168 -0.0002077752
169 -0.0002071247
170 -0.0002070723
171 -0.0002064225
172 -0.0002063174
173 -0.0002063876
174 -0.0002061049
175 -0.0002061249
176 -0.0002062553
177 -0.0002069967
178 -0.0002073422
179 -0.0002078261
180 -0.0002080218
181 -0.000208643
182 -0.0002091654
183 -0.0002096227
184 -0.0002097323
185 -0.0002102453
186 -0.0002102618
187 -0.0002102997
188 -0.0002104329
189 -0.0002104512
190 -0.0002106663
191 -0.0002112128
192 -0.0002114801
193 -0.0002116324
194 -0.0002114613
195 -0.0002118173
196 -0.0002120475
197 -0.0002121109
198 -0.0002120502
199 -0.0002123667
200 -0.0002125101
201 -0.0002124523
202 -0.0002124867
203 -0.0002125717
204 -0.0002126623
205 -0.0002127143
206 -0.0002129742
207 -0.0002133854
208 -0.0002136842
209 -0.0002137895
210 -0.0002141656
211 -0.0002146469
212 -0.0002151821
213 -0.0002156628
214 -0.0002159461
215 -0.0002163594
216 -0.0002165466
217 -0.0002166538
218 -0.0002168522
219 -0.0002170416
220 -0.0002171065
221 -0.0002171153
222 -0.0002171806
223 -0.0002169325
224 -0.0002161861
225 -0.0002159678
226 -0.0002158313
227 -0.0002153444
228 -0.0002145903
229 -0.0002142576
230 -0.0002133156
231 -0.0002132008
232 -0.0002126287
233 -0.0002112225
234 -0.0002106698
235 -0.0002099448
236 -0.0002091668
237 -0.0002085578
238 -0.0002078964
239 -0.0002074943
240 -0.0002071839
241 -0.000206893
242 -0.0002069978
243 -0.0002071812
244 -0.0002072656
245 -0.000206934
246 -0.0002069628
247 -0.0002069309
248 -0.0002070214
249 -0.0002069153
250 -0.000207335
251 -0.0002079921
252 -0.0002085208
253 -0.0002092171
254 -0.0002100548
255 -0.0002107333
256 -0.0002113429
257 -0.0002119806
258 -0.000212687
259 -0.0002129607
260 -0.0002135111
261 -0.00021393
262 -0.0002145507
263 -0.0002147039
264 -0.0002147596
265 -0.0002152563
266 -0.0002158075
267 -0.0002161235
268 -0.0002165048
269 -0.0002167158
270 -0.0002171384
271 -0.0002173039
272 -0.0002171554
273 -0.0002172197
274 -0.0002171591
275 -0.0002173163
276 -0.0002172291
277 -0.0002172617
278 -0.0002170317
279 -0.000216808
280 -0.0002166207
281 -0.0002165722
282 -0.0002163622
283 -0.0002163559
284 -0.0002159913
285 -0.0002156998
286 -0.000215642
287 -0.0002153012
288 -0.0002150317
289 -0.0002146553
290 -0.0002141429
291 -0.0002137181
292 -0.0002130944
293 -0.000212612
294 -0.0002120954
295 -0.0002110017
296 -0.0002102388
297 -0.0002094822
298 -0.0002085757
299 -0.0002080931
300 -0.0002074613
301 -0.0002067429
302 -0.0002062391
303 -0.000205708
304 -0.0002049127
305 -0.0002041338
306 -0.0002036461
307 -0.0002030038
308 -0.0002030307
309 -0.0002025424
310 -0.000202216
311 -0.0002015397
312 -0.000201384
313 -0.0002009496
314 -0.0002006873
315 -0.0002003564
316 -0.0001996985
317 -0.0001993033
318 -0.0001988225
319 -0.0001990163
320 -0.0001988211
321 -0.0001987719
322 -0.000198483
323 -0.0001988211
324 -0.0001988363
325 -0.000199029
326 -0.0001992836
327 -0.0001991758
328 -0.0001992148
329 -0.0001987735
330 -0.0001981944
331 -0.0001979297
332 -0.000197438
333 -0.000196912
334 -0.0001965114
335 -0.0001961107
336 -0.0001956187
337 -0.0001954124
338 -0.0001952231
339 -0.0001950299
340 -0.0001949903
341 -0.0001950005
342 -0.0001948198
343 -0.0001947036
344 -0.0001945803
345 -0.000194309
346 -0.0001938461
347 -0.0001935534
348 -0.0001932905
349 -0.0001930512
350 -0.0001928105
351 -0.0001925976
352 -0.0001923081
353 -0.0001920068
354 -0.0001916658
355 -0.0001913809
356 -0.0001909221
357 -0.0001905873
358 -0.0001902735
359 -0.0001899022
360 -0.0001894896
361 -0.0001891819
362 -0.0001889254
363 -0.0001886761
364 -0.0001885168
365 -0.0001884558
366 -0.0001883651
367 -0.0001881962
368 -0.0001881383
369 -0.0001881209
370 -0.0001881301
371 -0.0001880332
372 -0.000187957
373 -0.0001879686
374 -0.00018774
375 -0.0001877754
376 -0.0001877972
377 -0.0001877725
378 -0.0001881257
379 -0.0001881823
380 -0.0001878983
381 -0.0001879096
382 -0.0001876716
383 -0.0001875936
384 -0.0001875189
385 -0.0001874243
386 -0.0001872472
387 -0.0001871363
388 -0.0001869153
389 -0.0001866819
390 -0.000186462
391 -0.0001863091
392 -0.0001859628
393 -0.0001857512
394 -0.0001854034
395 -0.0001851992
396 -0.0001848963
397 -0.0001847298
398 -0.0001844837
399 -0.0001842798
400 -0.0001841456
401 -0.0001838571
402 -0.0001837782
403 -0.0001837415
404 -0.0001837527
405 -0.0001837574
406 -0.000183814
407 -0.0001838899
408 -0.0001840575
409 -0.0001841387
410 -0.0001844116
411 -0.0001843926
412 -0.0001846233
413 -0.0001849421
414 -0.0001852311
415 -0.0001855272
416 -0.0001856563
417 -0.0001858563
418 -0.0001859787
419 -0.0001863194
420 -0.0001864807
421 -0.0001868499
422 -0.0001869805
423 -0.0001870907
424 -0.0001872629
425 -0.0001873339
426 -0.0001872504
427 -0.000187114
428 -0.0001871057
429 -0.0001871441
430 -0.0001869182
431 -0.0001867196
432 -0.0001864774
433 -0.0001862191
434 -0.0001859138
435 -0.0001857751
436 -0.0001855365
437 -0.0001851885
438 -0.0001849398
439 -0.0001845185
440 -0.0001842306
441 -0.0001839301
442 -0.0001835205
443 -0.0001831186
444 -0.000182679
445 -0.0001823822
446 -0.000181982
447 -0.0001814885
448 -0.0001810648
449 -0.0001807244
450 -0.0001803982
451 -0.0001800537
452 -0.0001796925
453 -0.0001793587
454 -0.0001788762
455 -0.0001786426
456 -0.0001784111
457 -0.0001779469
458 -0.0001775598
459 -0.0001773453
460 -0.0001770391
461 -0.0001768539
462 -0.0001767518
463 -0.0001767113
464 -0.000176695
465 -0.0001767568
466 -0.0001767275
467 -0.0001767572
468 -0.0001767466
469 -0.0001765451
470 -0.0001768505
471 -0.0001770677
472 -0.000177185
473 -0.0001773282
474 -0.0001775097
475 -0.0001776821
476 -0.0001777587
477 -0.0001779129
478 -0.0001780185
479 -0.0001782058
480 -0.0001784676
481 -0.0001786637
482 -0.0001789815
483 -0.0001794723
484 -0.0001798891
485 -0.0001802777
486 -0.0001808084
487 -0.0001812327
488 -0.0001816339
489 -0.000182131
490 -0.0001824208
491 -0.000183161
492 -0.0001835656
493 -0.000183884
494 -0.0001841021
495 -0.0001847784
496 -0.0001850533
497 -0.0001851177
498 -0.0001851444
499 -0.0001851936
500 -0.0001852475
501 -0.0001852194
502 -0.0001850565
503 -0.0001849381
504 -0.0001847531
505 -0.0001846972
506 -0.0001844743
507 -0.0001842687
508 -0.0001840054
509 -0.0001836967
510 -0.0001834286
511 -0.0001833389
512 -0.0001831793
513 -0.0001828284
514 -0.0001826812
515 -0.0001822881
516 -0.0001820223
517 -0.0001817687
518 -0.0001812045
519 -0.0001808012
520 -0.0001804103
521 -0.0001799489
522 -0.0001794911
523 -0.0001790619
524 -0.0001788192
525 -0.0001784713
526 -0.000178116
527 -0.0001779346
528 -0.0001777569
529 -0.0001773849
530 -0.0001772049
531 -0.0001769732
532 -0.000176616
533 -0.0001763177
534 -0.0001761585
535 -0.0001760261
536 -0.0001759381
537 -0.0001757482
538 -0.0001757553
539 -0.000175935
540 -0.0001760825
541 -0.000176224
542 -0.0001765134
543 -0.0001768075
544 -0.0001770638
545 -0.00017732
546 -0.0001776151
547 -0.0001777986
548 -0.0001778481
549 -0.0001779266
550 -0.0001779773
551 -0.0001779801
552 -0.000178071
553 -0.0001781374
554 -0.0001781814
555 -0.0001782202
556 -0.0001783294
557 -0.000178297
558 -0.0001783738
559 -0.0001784451
560 -0.0001783927
561 -0.0001783687
562 -0.0001784379
563 -0.0001785034
564 -0.0001785517
565 -0.0001785857
566 -0.0001786787
567 -0.00017873
568 -0.000178854
569 -0.0001788836
570 -0.0001790756
571 -0.000179236
572 -0.0001794566
573 -0.0001795708
574 -0.0001798013
575 -0.0001800185
576 -0.000180116
577 -0.0001801946
578 -0.0001803114
579 -0.0001804741
580 -0.0001806012
581 -0.0001809179
582 -0.0001811293
583 -0.000181347
584 -0.0001814764
585 -0.0001817165
586 -0.0001818231
587 -0.000181954
588 -0.0001820948
589 -0.0001822902
590 -0.0001823732
591 -0.0001823179
592 -0.0001823644
593 -0.0001823402
594 -0.0001822921
595 -0.0001822862
596 -0.0001822445
597 -0.0001821676
598 -0.0001820578
599 -0.0001819773
600 -0.0001817936
601 -0.0001815525
602 -0.0001812555
603 -0.0001810693
604 -0.0001807469
605 -0.0001806849
606 -0.0001806316
607 -0.0001806304
608 -0.0001804763
609 -0.0001803308
610 -0.0001802124
611 -0.0001800249
612 -0.0001797443
613 -0.0001795681
614 -0.0001795185
615 -0.0001796121
616 -0.0001796258
617 -0.000179656
618 -0.000179612
619 -0.0001795791
620 -0.000179575
621 -0.0001795879
622 -0.0001796426
623 -0.0001797165
624 -0.0001798152
625 -0.0001800192
626 -0.0001801062
627 -0.0001801567
628 -0.0001802992
629 -0.0001804197
630 -0.0001805549
631 -0.0001806913
632 -0.0001808915
633 -0.0001810477
634 -0.0001812106
635 -0.0001814852
636 -0.0001817028
637 -0.0001819198
638 -0.000182068
639 -0.0001822548
640 -0.0001823301
641 -0.0001824461
642 -0.0001825378
643 -0.0001826469
644 -0.0001827598
645 -0.000182856
646 -0.0001829305
647 -0.0001830207
648 -0.0001831133
649 -0.0001831223
650 -0.0001831096
651 -0.0001830843
652 -0.0001830402
653 -0.0001830169
654 -0.0001829861
655 -0.0001829553
656 -0.0001829483
657 -0.0001829062
658 -0.0001828798
659 -0.0001828304
660 -0.0001828208
661 -0.0001827375
662 -0.0001827009
663 -0.000182643
664 -0.0001826333
665 -0.0001825911
666 -0.0001825131
667 -0.0001825029
668 -0.0001824125
669 -0.0001823515
670 -0.0001823597
671 -0.0001823528
672 -0.0001822916
673 -0.0001822488
674 -0.0001821846
675 -0.0001822375
676 -0.0001822041
677 -0.0001822082
678 -0.0001822125
679 -0.0001821276
680 -0.0001820858
681 -0.000182097
682 -0.0001821621
683 -0.0001821779
684 -0.000182192
685 -0.0001821837
686 -0.0001822245
687 -0.0001822086
688 -0.0001822127
689 -0.0001821964
690 -0.0001822132
691 -0.0001822965
692 -0.0001823916
693 -0.0001824441
694 -0.0001824406
695 -0.000182449
696 -0.0001824345
697 -0.0001824228
698 -0.0001823973
699 -0.0001823864
700 -0.0001823326
701 -0.0001823307
702 -0.0001823079
703 -0.000182248
704 -0.0001822306
705 -0.0001821459
706 -0.0001821016
707 -0.0001820605
708 -0.0001819704
709 -0.0001818916
710 -0.0001817845
711 -0.0001817206
712 -0.0001816382
713 -0.0001815926
714 -0.0001814753
715 -0.0001813878
716 -0.0001813405
717 -0.0001812707
718 -0.000181095
719 -0.000180931
720 -0.0001807726
721 -0.0001806306
722 -0.0001805312
723 -0.0001804042
724 -0.0001802391
725 -0.0001801165
726 -0.0001800268
727 -0.0001799396
728 -0.0001798119
729 -0.0001797374
730 -0.0001796707
731 -0.0001795871
732 -0.0001795031
733 -0.0001794194
734 -0.0001793113
735 -0.0001792636
736 -0.0001791988
737 -0.0001791167
738 -0.0001790819
739 -0.0001790236
740 -0.0001789358
741 -0.0001788441
742 -0.0001787212
743 -0.0001785972
744 -0.000178467
745 -0.000178348
746 -0.0001781933
747 -0.0001780735
748 -0.0001778943
749 -0.0001777306
750 -0.0001775856
751 -0.0001774423
752 -0.0001772615
753 -0.0001771327
754 -0.0001770328
755 -0.0001769707
756 -0.0001769059
757 -0.0001768968
758 -0.0001768827
759 -0.0001768956
760 -0.0001768841
761 -0.000176866
762 -0.0001769272
763 -0.0001769184
764 -0.000176968
765 -0.0001769718
766 -0.0001770048
767 -0.0001770466
768 -0.0001770393
769 -0.0001770537
770 -0.0001770995
771 -0.0001770846
772 -0.0001770848
773 -0.0001770569
774 -0.0001770017
775 -0.0001770094
776 -0.0001770349
777 -0.0001770887
778 -0.0001771702
779 -0.0001772017
780 -0.0001773015
781 -0.0001773771
782 -0.0001774406
783 -0.0001775022
784 -0.0001775783
785 -0.0001776539
786 -0.0001777237
787 -0.0001777825
788 -0.0001778578
789 -0.0001779489
790 -0.000177984
791 -0.0001780475
792 -0.0001780911
793 -0.0001781777
794 -0.00017831
795 -0.0001784154
796 -0.0001785637
797 -0.0001786913
798 -0.0001788151
799 -0.0001789481
800 -0.0001790549
801 -0.0001791719
802 -0.0001792857
803 -0.0001794323
804 -0.0001795978
805 -0.0001797899
806 -0.0001800547
807 -0.0001801833
808 -0.0001804125
809 -0.0001805619
810 -0.0001806608
811 -0.0001808557
812 -0.0001810207
813 -0.0001812461
814 -0.0001813775
815 -0.0001815332
816 -0.0001816781
817 -0.0001817767
818 -0.0001819007
819 -0.0001819482
820 -0.0001820028
821 -0.0001820482
822 -0.0001820697
823 -0.0001821146
824 -0.0001822134
825 -0.0001823111
826 -0.0001824174
827 -0.0001824556
828 -0.0001824909
829 -0.0001826096
830 -0.0001827272
831 -0.000182859
832 -0.0001829466
833 -0.0001830242
834 -0.0001830672
835 -0.0001831081
836 -0.0001832383
837 -0.0001833982
838 -0.0001835957
839 -0.0001837275
840 -0.0001838585
841 -0.0001839173
842 -0.0001840065
843 -0.0001841023
844 -0.0001841714
845 -0.0001842631
846 -0.0001843912
847 -0.0001845408
848 -0.0001845816
849 -0.0001846532
850 -0.000184776
851 -0.0001849365
852 -0.0001850435
853 -0.0001851348
854 -0.0001852215
855 -0.0001853415
856 -0.0001854756
857 -0.0001856071
858 -0.0001856966
859 -0.0001858016
860 -0.0001858921
861 -0.0001859607
862 -0.000186046
863 -0.0001861292
864 -0.0001862509
865 -0.000186344
866 -0.0001863861
867 -0.0001863941
868 -0.0001864415
869 -0.0001864967
870 -0.0001865501
871 -0.0001865746
872 -0.0001866309
873 -0.0001866707
874 -0.0001866982
875 -0.0001867636
876 -0.0001868397
877 -0.0001868843
878 -0.0001869486
879 -0.0001869798
880 -0.0001870106
881 -0.0001870486
882 -0.0001871115
883 -0.0001871715
884 -0.0001872453
885 -0.0001872974
886 -0.0001873427
887 -0.0001874171
888 -0.000187518
889 -0.0001875886
890 -0.0001876391
891 -0.0001876901
892 -0.0001876889
893 -0.0001876938
894 -0.0001876686
895 -0.0001876743
896 -0.0001877112
897 -0.0001877231
898 -0.0001877729
899 -0.0001877851
900 -0.0001877882
901 -0.0001878117
902 -0.0001878568
903 -0.0001879103
904 -0.0001879718
905 -0.0001880354
906 -0.0001881178
907 -0.0001882233
908 -0.0001883403
909 -0.0001884415
910 -0.0001885498
911 -0.0001886322
912 -0.0001887078
913 -0.0001887636
914 -0.000188794
915 -0.0001888274
916 -0.0001888104
917 -0.0001888288
918 -0.0001888013
919 -0.0001887891
920 -0.0001887248
921 -0.0001886646
922 -0.0001885652
923 -0.000188484
924 -0.0001883855
925 -0.0001883189
926 -0.0001882196
927 -0.0001880889
928 -0.0001879855
929 -0.0001878786
930 -0.0001877588
931 -0.0001876582
932 -0.000187564
933 -0.000187486
934 -0.0001873535
935 -0.0001872481
936 -0.0001871463
937 -0.0001870626
938 -0.000186912
939 -0.0001868118
940 -0.0001866972
941 -0.0001865584
942 -0.0001864294
943 -0.0001863073
944 -0.0001861866
945 -0.0001860481
946 -0.0001859194
947 -0.0001858267
948 -0.0001857023
949 -0.0001856212
950 -0.0001855504
951 -0.0001854574
952 -0.0001853726
953 -0.0001853307
954 -0.0001852843
955 -0.0001852706
956 -0.000185269
957 -0.0001852839
958 -0.0001853184
959 -0.0001853737
960 -0.0001853996
961 -0.0001854182
962 -0.0001854245
963 -0.0001854553
964 -0.0001854749
965 -0.0001854771
966 -0.000185455
967 -0.0001854574
968 -0.0001854544
969 -0.0001854439
970 -0.000185448
971 -0.000185433
972 -0.0001854151
973 -0.0001854153
974 -0.0001854182
975 -0.0001854078
976 -0.000185445
977 -0.0001855152
978 -0.0001855727
979 -0.0001856599
980 -0.0001857321
981 -0.000185819
982 -0.0001858366
983 -0.000185861
984 -0.0001859112
985 -0.0001859921
986 -0.0001861111
987 -0.0001861986
988 -0.0001862894
989 -0.0001863602
990 -0.0001863797
991 -0.0001863697
992 -0.0001863433
993 -0.0001863209
994 -0.0001863214
995 -0.0001863534
996 -0.0001863167
997 -0.000186295
998 -0.00018628
999 -0.0001862333
1000 -0.0001862789
1001 -0.0001862656
