"body_nose_lift"
"Iteration" "body_nose_lift"
("Iteration" "body_nose_lift")
1 1.08059
2 1.045175
3 0.3145458
4 -0.5177836
5 -1.15257
6 -1.536945
7 -1.613916
8 -1.487502
9 -1.301631
10 -1.128657
11 -1.045385
12 -1.028559
13 -1.03058
14 -1.094892
15 -1.157699
16 -1.229413
17 -1.27479
18 -1.327237
19 -1.332407
20 -1.357653
21 -1.348758
22 -1.367725
23 -1.354515
24 -1.365066
25 -1.345846
26 -1.35246
27 -1.333321
28 -1.338302
29 -1.304474
30 -1.310542
31 -1.273866
32 -1.254703
33 -1.208814
34 -1.18541
35 -1.129542
36 -1.093707
37 -1.015352
38 -0.9555426
39 -0.8722738
40 -0.7945362
41 -0.687768
42 -0.5997865
43 -0.4782852
44 -0.3665922
45 -0.2050827
46 -0.08240321
47 0.07145131
48 0.2019008
49 0.3880348
50 0.5333551
51 0.7198716
52 0.8761052
53 1.054402
54 1.191156
55 1.374798
56 1.531407
57 1.737005
58 1.911269
59 2.146383
60 2.311724
61 2.530699
62 2.715189
63 2.906206
64 3.095303
65 3.346739
66 3.545788
67 3.78199
68 3.987741
69 4.275231
70 4.550624
71 4.863464
72 5.102276
73 5.377827
74 5.668418
75 5.988041
76 6.299563
77 6.657032
78 7.011926
79 7.368218
80 7.743281
81 8.118036
82 8.509297
83 8.927805
84 9.360532
85 9.767658
86 10.20142
87 10.66367
88 11.13512
89 11.60615
90 12.08172
91 12.53339
92 12.97673
93 13.44987
94 13.87835
95 14.34906
96 14.81579
97 15.24458
98 15.68309
99 16.08269
100 16.48866
101 16.82964
102 17.13509
103 17.40013
104 17.68273
105 17.89731
106 18.04871
107 18.16958
108 18.27179
109 18.24693
110 18.19049
111 18.10263
112 17.97656
113 17.7954
114 17.56894
115 17.2233
116 16.89169
117 16.48731
118 16.05561
119 15.51453
120 14.98704
121 14.41396
122 13.84322
123 13.21098
124 12.5099
125 11.82713
126 11.13465
127 10.41991
128 9.735797
129 9.008567
130 8.32913
131 7.659104
132 6.982305
133 6.344989
134 5.760945
135 5.147775
136 4.641831
137 4.119125
138 3.627333
139 3.116959
140 2.700881
141 2.281024
142 1.932512
143 1.584546
144 1.296249
145 1.010603
146 0.8145341
147 0.6108938
148 0.4911192
149 0.3755802
150 0.3399449
151 0.3148499
152 0.3533513
153 0.4090011
154 0.5211374
155 0.642352
156 0.8168817
157 0.9898683
158 1.226989
159 1.453137
160 1.716762
161 1.986949
162 2.273789
163 2.575015
164 2.889013
165 3.200485
166 3.55488
167 3.871786
168 4.230588
169 4.577349
170 4.9199
171 5.255894
172 5.609713
173 5.950437
174 6.310322
175 6.646042
176 6.974127
177 7.298281
178 7.613233
179 7.89818
180 8.200856
181 8.478216
182 8.75391
183 9.001626
184 9.242931
185 9.455189
186 9.677209
187 9.840139
188 10.01664
189 10.15516
190 10.2677
191 10.33157
192 10.40897
193 10.42971
194 10.45069
195 10.42551
196 10.38482
197 10.32466
198 10.25646
199 10.13792
200 10.01204
201 9.838289
202 9.659058
203 9.442351
204 9.241995
205 9.000195
206 8.766832
207 8.507351
208 8.276128
209 8.029491
210 7.799911
211 7.547933
212 7.325496
213 7.092302
214 6.88137
215 6.662114
216 6.480778
217 6.303314
218 6.170559
219 6.014326
220 5.918588
221 5.805882
222 5.742216
223 5.657606
224 5.636507
225 5.614812
226 5.622003
227 5.619795
228 5.660761
229 5.671316
230 5.7286
231 5.756827
232 5.828709
233 5.875527
234 5.971734
235 6.029073
236 6.14055
237 6.206027
238 6.317877
239 6.390075
240 6.494262
241 6.567701
242 6.672563
243 6.735071
244 6.833463
245 6.904195
246 7.000362
247 7.055243
248 7.13816
249 7.190701
250 7.258183
251 7.289111
252 7.340341
253 7.361744
254 7.407451
255 7.418695
256 7.445963
257 7.463542
258 7.477258
259 7.475874
260 7.485094
261 7.48754
262 7.490955
263 7.48741
264 7.487858
265 7.495364
266 7.493015
267 7.490637
268 7.491796
269 7.49613
270 7.499286
271 7.491716
272 7.494761
273 7.501672
274 7.510986
275 7.509608
276 7.515251
277 7.516602
278 7.522256
279 7.525661
280 7.532857
281 7.531565
282 7.539706
283 7.538465
284 7.5369
285 7.538597
286 7.532192
287 7.527983
288 7.522251
289 7.516952
290 7.514394
291 7.508945
292 7.50546
293 7.50223
294 7.491433
295 7.491976
296 7.483641
297 7.476663
298 7.469479
299 7.472666
300 7.464827
301 7.465229
302 7.459793
303 7.4685
304 7.468235
305 7.476807
306 7.488379
307 7.501961
308 7.514535
309 7.535243
310 7.556508
311 7.585587
312 7.598811
313 7.626848
314 7.655627
315 7.688518
316 7.717071
317 7.749156
318 7.780177
319 7.816908
320 7.843743
321 7.882528
322 7.90954
323 7.945338
324 7.96997
325 8.003782
326 8.031642
327 8.052398
328 8.075987
329 8.101937
330 8.117331
331 8.131361
332 8.146567
333 8.158811
334 8.171624
335 8.180529
336 8.1863
337 8.190268
338 8.19669
339 8.192995
340 8.197403
341 8.201138
342 8.199697
343 8.200428
344 8.205524
345 8.205404
346 8.214148
347 8.214834
348 8.220402
349 8.211859
350 8.225729
351 8.221355
352 8.231564
353 8.230525
354 8.242902
355 8.238714
356 8.253603
357 8.242449
358 8.257836
359 8.252389
360 8.252728
361 8.238233
362 8.245056
363 8.228571
364 8.229198
365 8.208668
366 8.201979
367 8.172356
368 8.164772
369 8.129475
370 8.125374
371 8.082832
372 8.068689
373 8.030582
374 8.020392
375 7.973125
376 7.95541
377 7.910557
378 7.889381
379 7.845338
380 7.824248
381 7.775363
382 7.757785
383 7.711059
384 7.688227
385 7.640012
386 7.628156
387 7.586662
388 7.573606
389 7.534432
390 7.521184
391 7.482632
392 7.47121
393 7.42912
394 7.423417
395 7.381571
396 7.369354
397 7.328352
398 7.320374
399 7.275359
400 7.264387
401 7.220864
402 7.208267
403 7.157565
404 7.149126
405 7.100985
406 7.098405
407 7.049499
408 7.034595
409 6.992899
410 6.986259
411 6.932738
412 6.925391
413 6.880949
414 6.87534
415 6.827903
416 6.819867
417 6.776376
418 6.770765
419 6.724728
420 6.717137
421 6.679302
422 6.675282
423 6.635685
424 6.632614
425 6.599323
426 6.595333
427 6.560231
428 6.555995
429 6.523007
430 6.525569
431 6.488433
432 6.494398
433 6.469684
434 6.478243
435 6.448397
436 6.461146
437 6.441346
438 6.452066
439 6.431834
440 6.442064
441 6.427121
442 6.438504
443 6.415319
444 6.424012
445 6.41332
446 6.424772
447 6.409562
448 6.417693
449 6.403396
450 6.410042
451 6.397443
452 6.402011
453 6.387277
454 6.399854
455 6.380363
456 6.386667
457 6.377436
458 6.386868
459 6.372711
460 6.376742
461 6.368192
462 6.380166
463 6.368651
464 6.379601
465 6.370135
466 6.391824
467 6.376351
468 6.392947
469 6.392514
470 6.412433
471 6.40682
472 6.428927
473 6.432107
474 6.455863
475 6.460021
476 6.483356
477 6.493817
478 6.522909
479 6.524845
480 6.552529
481 6.563003
482 6.599204
483 6.602283
484 6.63043
485 6.643885
486 6.675322
487 6.686764
488 6.71094
489 6.727207
490 6.755899
491 6.763639
492 6.788405
493 6.80629
494 6.834268
495 6.842214
496 6.866539
497 6.880404
498 6.904147
499 6.914075
500 6.934449
501 6.949207
502 6.967372
503 6.977701
504 6.995265
505 7.012105
506 7.029655
507 7.039939
508 7.054947
509 7.064106
510 7.080497
511 7.087575
512 7.101091
513 7.112806
514 7.12725
515 7.131448
516 7.142682
517 7.152634
518 7.161313
519 7.169974
520 7.172971
521 7.18594
522 7.192158
523 7.20101
524 7.202647
525 7.215948
526 7.220335
527 7.232727
528 7.235687
529 7.24772
530 7.254486
531 7.265604
532 7.268655
533 7.283675
534 7.29014
535 7.306521
536 7.308635
537 7.327644
538 7.330537
539 7.345023
540 7.346965
541 7.362582
542 7.367022
543 7.376177
544 7.376553
545 7.392006
546 7.394722
547 7.402475
548 7.397022
549 7.407207
550 7.409076
551 7.409204
552 7.405847
553 7.411211
554 7.413252
555 7.410975
556 7.40834
557 7.411841
558 7.406104
559 7.407147
560 7.396208
561 7.398235
562 7.393547
563 7.389555
564 7.375119
565 7.381245
566 7.375401
567 7.371877
568 7.365693
569 7.369795
570 7.364284
571 7.363029
572 7.355178
573 7.358528
574 7.348405
575 7.350796
576 7.339693
577 7.340177
578 7.337985
579 7.336377
580 7.3303
581 7.332662
582 7.318626
583 7.323619
584 7.31053
585 7.321078
586 7.31149
587 7.311648
588 7.303232
589 7.305454
590 7.295883
591 7.297928
592 7.284524
593 7.288657
594 7.277352
595 7.273736
596 7.26722
597 7.268885
598 7.262757
599 7.253805
600 7.242313
601 7.250465
602 7.236145
603 7.231719
604 7.218317
605 7.218671
606 7.214673
607 7.203696
608 7.19344
609 7.195209
610 7.181591
611 7.176711
612 7.160977
613 7.165942
614 7.152389
615 7.147194
616 7.132214
617 7.133114
618 7.119724
619 7.109834
620 7.095635
621 7.097769
622 7.082963
623 7.074657
624 7.058019
625 7.065586
626 7.054287
627 7.043345
628 7.029442
629 7.031021
630 7.019171
631 7.009416
632 6.996336
633 7.000107
634 6.98558
635 6.980082
636 6.963344
637 6.966749
638 6.958517
639 6.952512
640 6.938264
641 6.944987
642 6.928171
643 6.925944
644 6.907548
645 6.914612
646 6.899233
647 6.894361
648 6.880316
649 6.888332
650 6.871873
651 6.871505
652 6.852174
653 6.859031
654 6.846308
655 6.845697
656 6.831539
657 6.839868
658 6.82893
659 6.824639
660 6.808265
661 6.816957
662 6.806629
663 6.807384
664 6.795021
665 6.803693
666 6.795702
667 6.796716
668 6.786764
669 6.794094
670 6.78462
671 6.788616
672 6.781819
673 6.787401
674 6.784342
675 6.786967
676 6.780022
677 6.788712
678 6.786594
679 6.788602
680 6.784788
681 6.795981
682 6.792849
683 6.797801
684 6.790214
685 6.798814
686 6.798151
687 6.806794
688 6.804467
689 6.817033
690 6.82035
691 6.827799
692 6.822687
693 6.837824
694 6.839013
695 6.846393
696 6.84967
697 6.862616
698 6.873343
699 6.881826
700 6.885565
701 6.89905
702 6.904376
703 6.916717
704 6.919575
705 6.938306
706 6.943112
707 6.95765
708 6.960435
709 6.982516
710 6.985271
711 6.998364
712 6.998449
713 7.018366
714 7.018915
715 7.036819
716 7.037687
717 7.059385
718 7.06045
719 7.07672
720 7.076974
721 7.100865
722 7.102731
723 7.12315
724 7.121673
725 7.150417
726 7.151482
727 7.170598
728 7.168701
729 7.195063
730 7.20026
731 7.222574
732 7.227561
733 7.253131
734 7.260689
735 7.28139
736 7.286124
737 7.314939
738 7.322108
739 7.346216
740 7.347501
741 7.375999
742 7.37966
743 7.399448
744 7.401289
745 7.431174
746 7.433995
747 7.455303
748 7.457253
749 7.483305
750 7.479698
751 7.500439
752 7.499605
753 7.530921
754 7.523109
755 7.544482
756 7.538048
757 7.564886
758 7.558012
759 7.575919
760 7.566602
761 7.593112
762 7.584316
763 7.599026
764 7.593043
765 7.608689
766 7.600379
767 7.611478
768 7.598496
769 7.613549
770 7.598804
771 7.605032
772 7.59302
773 7.606295
774 7.583563
775 7.583604
776 7.56512
777 7.571723
778 7.553935
779 7.554325
780 7.533125
781 7.537985
782 7.52304
783 7.527263
784 7.500855
785 7.505773
786 7.486829
787 7.485967
788 7.471627
789 7.470642
790 7.458018
791 7.458896
792 7.443073
793 7.443378
794 7.430526
795 7.428921
796 7.412196
797 7.415818
798 7.406285
799 7.402683
800 7.389748
801 7.392818
802 7.386207
803 7.379053
804 7.365778
805 7.364474
806 7.360082
807 7.358253
808 7.346522
809 7.346547
810 7.336195
811 7.333205
812 7.322246
813 7.317645
814 7.315948
815 7.309008
816 7.29741
817 7.293038
818 7.290625
819 7.27346
820 7.267962
821 7.261055
822 7.251529
823 7.240149
824 7.231026
825 7.220792
826 7.212133
827 7.204979
828 7.197504
829 7.193726
830 7.189118
831 7.186342
832 7.174303
833 7.175997
834 7.168844
835 7.168595
836 7.161446
837 7.168181
838 7.167686
839 7.175101
840 7.174604
841 7.184074
842 7.189458
843 7.202311
844 7.194214
845 7.210967
846 7.207436
847 7.221634
848 7.219414
849 7.232018
850 7.222708
851 7.24011
852 7.239022
853 7.250548
854 7.246278
855 7.260813
856 7.247089
857 7.259724
858 7.247808
859 7.253082
860 7.233415
861 7.241439
862 7.225829
863 7.227341
864 7.208664
865 7.213008
866 7.197167
867 7.194069
868 7.175516
869 7.17551
870 7.158718
871 7.152655
872 7.135206
873 7.139174
874 7.124794
875 7.115841
876 7.097544
877 7.09186
878 7.078477
879 7.064536
880 7.048197
881 7.051465
882 7.033951
883 7.02081
884 7.002629
885 6.995565
886 6.973536
887 6.96177
888 6.938478
889 6.93258
890 6.908106
891 6.901038
892 6.871773
893 6.864533
894 6.839121
895 6.82658
896 6.803845
897 6.803305
898 6.785209
899 6.784679
900 6.764191
901 6.763977
902 6.747989
903 6.742139
904 6.726233
905 6.724802
906 6.71562
907 6.714221
908 6.705464
909 6.706772
910 6.699328
911 6.698264
912 6.689698
913 6.690968
914 6.686069
915 6.682353
916 6.673743
917 6.672171
918 6.668643
919 6.664902
920 6.656186
921 6.658997
922 6.653876
923 6.654214
924 6.647954
925 6.650476
926 6.649972
927 6.649217
928 6.649698
929 6.656786
930 6.651536
931 6.655694
932 6.651333
933 6.658932
934 6.659596
935 6.667578
936 6.658854
937 6.674585
938 6.67109
939 6.678496
940 6.67918
941 6.697057
942 6.693902
943 6.704821
944 6.707479
945 6.719714
946 6.725143
947 6.735813
948 6.734418
949 6.753244
950 6.755545
951 6.766245
952 6.77566
953 6.792072
954 6.801771
955 6.811086
956 6.818128
957 6.83221
958 6.839964
959 6.851343
960 6.85507
961 6.870361
962 6.881217
963 6.886203
964 6.894763
965 6.908112
966 6.912114
967 6.926117
968 6.930252
969 6.940037
970 6.949661
971 6.959947
972 6.966434
973 6.980579
974 6.988826
975 7.005079
976 7.006858
977 7.021495
978 7.026239
979 7.036714
980 7.04542
981 7.056826
982 7.068161
983 7.080319
984 7.084846
985 7.101671
986 7.108584
987 7.120634
988 7.121929
989 7.141398
990 7.142006
991 7.160986
992 7.158692
993 7.174032
994 7.183847
995 7.193035
996 7.196316
997 7.21376
998 7.217916
999 7.230127
1000 7.236341
