"right_wing_lift"
"Iteration" "right_wing_lift"
("Iteration" "right_wing_lift")
1 2.944213
2 -1.488075
3 -2.736386
4 -3.50784
5 -3.682286
6 -3.374992
7 -2.903417
8 -2.319419
9 -1.916901
10 -1.660717
11 -1.554858
12 -1.500519
13 -1.521732
14 -1.488457
15 -1.476137
16 -1.419748
17 -1.384133
18 -1.281078
19 -1.185245
20 -1.062141
21 -0.9745691
22 -0.8766581
23 -0.8108248
24 -0.7377694
25 -0.7005063
26 -0.6332355
27 -0.6194013
28 -0.5977056
29 -0.6008669
30 -0.5899811
31 -0.5907554
32 -0.5775421
33 -0.5485826
34 -0.5373853
35 -0.4757515
36 -0.4470868
37 -0.3997832
38 -0.3537493
39 -0.2967221
40 -0.2577382
41 -0.220082
42 -0.1913535
43 -0.177253
44 -0.1677397
45 -0.1446373
46 -0.1786796
47 -0.1958666
48 -0.219268
49 -0.2454467
50 -0.2860568
51 -0.3439312
52 -0.4099822
53 -0.4836514
54 -0.608228
55 -0.6914701
56 -0.8080164
57 -0.9347646
58 -1.070049
59 -1.209442
60 -1.36535
61 -1.518226
62 -1.66986
63 -1.835044
64 -1.999687
65 -2.150518
66 -2.305771
67 -2.423083
68 -2.571802
69 -2.70579
70 -2.82723
71 -2.921315
72 -3.028147
73 -3.098418
74 -3.17712
75 -3.227229
76 -3.283232
77 -3.29688
78 -3.296649
79 -3.2726
80 -3.224813
81 -3.153849
82 -3.097217
83 -2.980099
84 -2.855628
85 -2.716218
86 -2.563687
87 -2.405596
88 -2.242938
89 -2.049508
90 -1.873322
91 -1.68272
92 -1.492904
93 -1.285315
94 -1.099028
95 -0.8897396
96 -0.7154909
97 -0.5432776
98 -0.3729657
99 -0.1890864
100 -0.03980851
101 0.1149136
102 0.2425005
103 0.3862813
104 0.4794126
105 0.6091183
106 0.6741558
107 0.7729328
108 0.8327225
109 0.8860043
110 0.9484618
111 1.007099
112 1.041063
113 1.091722
114 1.144136
115 1.20768
116 1.256601
117 1.297132
118 1.337008
119 1.368976
120 1.388525
121 1.464299
122 1.519004
123 1.594724
124 1.616871
125 1.707325
126 1.780175
127 1.852807
128 1.943245
129 2.063936
130 2.157501
131 2.253616
132 2.339735
133 2.470854
134 2.569434
135 2.703417
136 2.800633
137 2.947923
138 3.028172
139 3.126519
140 3.196411
141 3.275939
142 3.311798
143 3.397831
144 3.419392
145 3.464168
146 3.461076
147 3.508477
148 3.498729
149 3.552023
150 3.56254
151 3.636824
152 3.649197
153 3.715319
154 3.738312
155 3.81993
156 3.842464
157 3.953323
158 3.97561
159 4.076342
160 4.110556
161 4.215716
162 4.251091
163 4.337265
164 4.377036
165 4.458718
166 4.497329
167 4.565232
168 4.580566
169 4.646723
170 4.639502
171 4.689315
172 4.6956
173 4.735582
174 4.73177
175 4.777757
176 4.744298
177 4.787899
178 4.751782
179 4.763622
180 4.703816
181 4.720171
182 4.656397
183 4.66205
184 4.595868
185 4.580416
186 4.531727
187 4.528028
188 4.469529
189 4.473993
190 4.406061
191 4.391699
192 4.329336
193 4.331105
194 4.289461
195 4.290946
196 4.240838
197 4.254489
198 4.219416
199 4.212091
200 4.144851
201 4.143592
202 4.088385
203 4.077567
204 4.02186
205 4.017062
206 3.969635
207 3.966407
208 3.923975
209 3.945331
210 3.916461
211 3.926339
212 3.895249
213 3.911969
214 3.892047
215 3.897711
216 3.875808
217 3.910484
218 3.897926
219 3.924114
220 3.910405
221 3.956431
222 3.950378
223 3.967498
224 3.957911
225 3.986099
226 3.972923
227 3.994786
228 3.97273
229 3.990911
230 3.976211
231 3.986768
232 3.949483
233 3.955284
234 3.920193
235 3.90557
236 3.865522
237 3.861499
238 3.812469
239 3.803846
240 3.744231
241 3.727422
242 3.68236
243 3.666087
244 3.612449
245 3.592077
246 3.5612
247 3.54138
248 3.496616
249 3.486799
250 3.451831
251 3.434996
252 3.393968
253 3.379037
254 3.345038
255 3.333221
256 3.274904
257 3.268292
258 3.226252
259 3.227949
260 3.178716
261 3.187895
262 3.161939
263 3.170303
264 3.137476
265 3.150135
266 3.134254
267 3.149101
268 3.121698
269 3.144346
270 3.134111
271 3.156911
272 3.141525
273 3.167732
274 3.170066
275 3.196359
276 3.18957
277 3.223019
278 3.224269
279 3.257038
280 3.244826
281 3.280057
282 3.281743
283 3.314021
284 3.305627
285 3.340621
286 3.33936
287 3.373939
288 3.370199
289 3.405357
290 3.414061
291 3.453874
292 3.452633
293 3.496458
294 3.504493
295 3.540895
296 3.540523
297 3.583103
298 3.589707
299 3.63165
300 3.62655
301 3.660573
302 3.664528
303 3.693165
304 3.690937
305 3.72015
306 3.721801
307 3.742706
308 3.738842
309 3.768314
310 3.767019
311 3.793258
312 3.787089
313 3.806607
314 3.807446
315 3.825578
316 3.812087
317 3.837877
318 3.82589
319 3.846949
320 3.829349
321 3.852825
322 3.839539
323 3.848442
324 3.827536
325 3.839627
326 3.817504
327 3.819391
328 3.792703
329 3.807044
330 3.781531
331 3.787169
332 3.755271
333 3.766426
334 3.740986
335 3.742379
336 3.720159
337 3.718608
338 3.698657
339 3.702119
340 3.676919
341 3.681552
342 3.665443
343 3.663661
344 3.643891
345 3.653463
346 3.640653
347 3.641173
348 3.617311
349 3.629993
350 3.605571
351 3.612545
352 3.586676
353 3.598351
354 3.579638
355 3.580779
356 3.558336
357 3.568673
358 3.546793
359 3.55578
360 3.533047
361 3.544971
362 3.531655
363 3.542205
364 3.522001
365 3.537802
366 3.520765
367 3.527036
368 3.507976
369 3.523937
370 3.512564
371 3.516044
372 3.500454
373 3.507038
374 3.492967
375 3.491229
376 3.470586
377 3.47922
378 3.458672
379 3.46603
380 3.434813
381 3.446844
382 3.426305
383 3.428275
384 3.412054
385 3.422404
386 3.407212
387 3.414603
388 3.396749
389 3.416129
390 3.401249
391 3.418104
392 3.401502
393 3.418828
394 3.415967
395 3.423007
396 3.406976
397 3.424973
398 3.415307
399 3.42805
400 3.409517
401 3.419151
402 3.407992
403 3.414432
404 3.398758
405 3.408424
406 3.397854
407 3.407001
408 3.390619
409 3.40135
410 3.390104
411 3.400152
412 3.386417
413 3.410218
414 3.403439
415 3.418262
416 3.405737
417 3.421921
418 3.416018
419 3.434312
420 3.426201
421 3.447889
422 3.433686
423 3.436761
424 3.420267
425 3.436843
426 3.421154
427 3.434313
428 3.41512
429 3.437451
430 3.415646
431 3.428859
432 3.404495
433 3.418712
434 3.408352
435 3.425651
436 3.416976
437 3.434694
438 3.420938
439 3.441103
440 3.421427
441 3.443427
442 3.429759
443 3.447137
444 3.420392
445 3.437213
446 3.41385
447 3.425159
448 3.402896
449 3.424203
450 3.402952
451 3.411546
452 3.393944
453 3.420237
454 3.423214
455 3.431759
456 3.420574
457 3.449823
458 3.448335
459 3.470135
460 3.468549
461 3.498456
462 3.49747
463 3.52766
464 3.522813
465 3.557189
466 3.557393
467 3.591229
468 3.5789
469 3.608739
470 3.605074
471 3.63501
472 3.625003
473 3.649283
474 3.646801
475 3.677477
476 3.664073
477 3.690687
478 3.676497
479 3.696811
480 3.678341
481 3.701984
482 3.685721
483 3.696866
484 3.678204
485 3.688246
486 3.669567
487 3.672836
488 3.652237
489 3.66745
490 3.646274
491 3.657359
492 3.632818
493 3.639096
494 3.612748
495 3.619041
496 3.596118
497 3.609581
498 3.58869
499 3.59406
500 3.571564
501 3.584603
502 3.56961
503 3.576431
504 3.555071
505 3.566962
506 3.549688
507 3.56409
508 3.539802
509 3.553608
510 3.537693
511 3.545603
512 3.525529
513 3.54683
514 3.542256
515 3.555725
516 3.538874
517 3.560838
518 3.550815
519 3.575308
520 3.551621
521 3.575267
522 3.56867
523 3.579934
524 3.570098
525 3.579599
526 3.566202
527 3.574768
528 3.555051
529 3.570739
530 3.551608
531 3.567536
532 3.544423
533 3.564149
534 3.552292
535 3.566778
536 3.556717
537 3.584644
538 3.57754
539 3.598174
540 3.588934
541 3.613479
542 3.599721
543 3.617348
544 3.602782
545 3.621937
546 3.605659
547 3.609245
548 3.589118
549 3.609468
550 3.585159
551 3.593087
552 3.569141
553 3.579213
554 3.570664
555 3.577843
556 3.558668
557 3.577012
558 3.561319
559 3.574616
560 3.555219
561 3.575116
562 3.56349
563 3.579026
564 3.561245
565 3.578457
566 3.563118
567 3.58288
568 3.571033
569 3.595029
570 3.585672
571 3.594109
572 3.579876
573 3.602268
574 3.593511
575 3.59685
576 3.579975
577 3.589213
578 3.569197
579 3.577424
580 3.554976
581 3.573656
582 3.563759
583 3.573551
584 3.570334
585 3.592314
586 3.585234
587 3.60367
588 3.593282
589 3.615506
590 3.607053
591 3.627412
592 3.614647
593 3.638438
594 3.634674
595 3.648296
596 3.642057
597 3.660841
598 3.654579
599 3.66759
600 3.657099
601 3.676527
602 3.670283
603 3.683954
604 3.678963
605 3.701598
606 3.698111
607 3.721086
608 3.717683
609 3.748959
610 3.750292
611 3.77683
612 3.776072
613 3.807575
614 3.810799
615 3.836566
616 3.83228
617 3.865266
618 3.86849
619 3.891226
620 3.886603
621 3.914404
622 3.911695
623 3.925939
624 3.918744
625 3.93601
626 3.931462
627 3.947909
628 3.936223
629 3.960038
630 3.947219
631 3.960464
632 3.948727
633 3.970144
634 3.959282
635 3.968372
636 3.958493
637 3.969295
638 3.95786
639 3.970318
640 3.953742
641 3.964972
642 3.947796
643 3.944225
644 3.932317
645 3.950138
646 3.934463
647 3.953902
648 3.941875
649 3.966748
650 3.958222
651 3.985028
652 3.971014
653 4.008052
654 3.997978
655 4.009681
656 4.003717
657 4.025036
658 4.016132
659 4.029324
660 4.012273
661 4.029809
662 4.015224
663 4.027945
664 4.019003
665 4.034252
666 4.029602
667 4.032398
668 4.016498
669 4.03577
670 4.015669
671 4.015938
672 3.992698
673 3.996582
674 3.973162
675 3.967925
676 3.946404
677 3.955102
678 3.93525
679 3.939729
680 3.91953
681 3.940748
682 3.93425
683 3.949411
684 3.942427
685 3.958951
686 3.952384
687 3.964707
688 3.954278
689 3.975975
690 3.968574
691 3.975925
692 3.961187
693 3.970952
694 3.955602
695 3.952674
696 3.934135
697 3.942759
698 3.919507
699 3.934907
700 3.906415
701 3.92153
702 3.903116
703 3.90996
704 3.896642
705 3.913574
706 3.89836
707 3.907459
708 3.896345
709 3.913122
710 3.901006
711 3.918586
712 3.914078
713 3.930265
714 3.924142
715 3.922738
716 3.907125
717 3.92285
718 3.901127
719 3.897569
720 3.868855
721 3.868729
722 3.841236
723 3.828836
724 3.793921
725 3.798286
726 3.768024
727 3.759849
728 3.734277
729 3.747742
730 3.729684
731 3.738426
732 3.719396
733 3.73662
734 3.723248
735 3.72712
736 3.707184
737 3.726525
738 3.71354
739 3.718948
740 3.704413
741 3.723139
742 3.705516
743 3.714277
744 3.697868
745 3.715368
746 3.70791
747 3.729497
748 3.709735
749 3.730749
750 3.730074
751 3.744628
752 3.733715
753 3.755084
754 3.753839
755 3.760277
756 3.742331
757 3.763342
758 3.751597
759 3.760454
760 3.736413
761 3.756203
762 3.743077
763 3.74657
764 3.733227
765 3.755308
766 3.75007
767 3.760748
768 3.757134
769 3.783824
770 3.776951
771 3.785767
772 3.761459
773 3.772927
774 3.752235
775 3.753666
776 3.73446
777 3.762814
778 3.750522
779 3.784125
780 3.77747
781 3.816602
782 3.81833
783 3.859066
784 3.866003
785 3.90482
786 3.913993
787 3.947735
788 3.94497
789 3.984511
790 3.976663
791 3.981497
792 3.967445
793 3.985401
794 3.972052
795 3.969897
796 3.942622
797 3.963391
798 3.942619
799 3.948218
800 3.918926
801 3.933057
802 3.911849
803 3.913826
804 3.894763
805 3.922916
806 3.923831
807 3.947062
808 3.932647
809 3.953872
810 3.949142
811 3.960357
812 3.940671
813 3.954163
814 3.94264
815 3.949365
816 3.944705
817 3.95955
818 3.952664
819 3.962988
820 3.943878
821 3.970979
822 3.960119
823 3.974593
824 3.966154
825 3.987717
826 3.976321
827 3.997579
828 3.980232
829 4.011757
830 4.007359
831 4.026057
832 4.013758
833 4.044002
834 4.045325
835 4.056799
836 4.047627
837 4.068412
838 4.06096
839 4.07266
840 4.052815
841 4.064645
842 4.052535
843 4.053026
844 4.034124
845 4.038549
846 4.032279
847 4.032732
848 4.010564
849 4.03251
850 4.018742
851 4.035481
852 4.026944
853 4.058539
854 4.055731
855 4.064432
856 4.050127
857 4.073509
858 4.056283
859 4.076784
860 4.055876
861 4.074196
862 4.067617
863 4.075655
864 4.060494
865 4.074488
866 4.059586
867 4.071594
868 4.051562
869 4.078029
870 4.063014
871 4.068263
872 4.058098
873 4.069809
874 4.063114
875 4.071134
876 4.066356
877 4.100652
878 4.101603
879 4.126673
880 4.132647
881 4.161319
882 4.156879
883 4.17084
884 4.162493
885 4.175526
886 4.157365
887 4.16561
888 4.146188
889 4.148973
890 4.123166
891 4.121263
892 4.089902
893 4.08878
894 4.069516
895 4.063267
896 4.038644
897 4.047282
898 4.023878
899 4.030351
900 4.006727
901 4.024598
902 4.014891
903 4.024284
904 4.009119
905 4.024478
906 4.009689
907 4.021384
908 4.004779
909 4.033896
910 4.018445
911 4.036156
912 4.031221
913 4.050503
914 4.046932
915 4.058002
916 4.050671
917 4.072472
918 4.049276
919 4.064762
920 4.040536
921 4.068414
922 4.053581
923 4.054326
924 4.038964
925 4.059093
926 4.054175
927 4.062937
928 4.044272
929 4.071527
930 4.056384
931 4.060757
932 4.032868
933 4.045195
934 4.015814
935 4.010197
936 3.989718
937 3.993744
938 3.969851
939 3.971487
940 3.941077
941 3.935518
942 3.900935
943 3.891926
944 3.86225
945 3.862925
946 3.839548
947 3.850341
948 3.845851
949 3.86362
950 3.850099
951 3.862066
952 3.855177
953 3.872675
954 3.873628
955 3.882086
956 3.877434
957 3.905664
958 3.902298
959 3.910875
960 3.897426
961 3.915979
962 3.899004
963 3.907653
964 3.895133
965 3.902656
966 3.893665
967 3.898687
968 3.882581
969 3.907636
970 3.89095
971 3.898411
972 3.891234
973 3.909228
974 3.907143
975 3.920227
976 3.910339
977 3.937398
978 3.935344
979 3.944994
980 3.940651
981 3.963707
982 3.953042
983 3.973608
984 3.96385
985 3.987697
986 3.980505
987 3.98668
988 3.975325
989 3.989262
990 3.962129
991 3.952096
992 3.922642
993 3.929786
994 3.921682
995 3.918545
996 3.904519
997 3.925742
998 3.912151
999 3.950103
1000 3.93488
