"body_nose_lift"
"Iteration" "body_nose_lift"
("Iteration" "body_nose_lift")
1 13.25711
2 33.25939
3 -27.91426
4 485.7823
5 134.4004
6 -255.2519
7 -116.6553
8 -161.3365
9 -31.22129
10 70.2923
11 10.4374
12 -49.02445
13 -48.35913
14 -21.20885
15 1.519265
16 -5.32973
17 -9.295639
18 -3.196027
19 3.018921
20 2.079555
21 2.26279
22 2.80272
23 3.05891
24 3.407284
25 3.687534
26 3.675374
27 3.602525
28 3.647209
29 3.643816
30 3.533745
31 3.483499
32 3.618862
33 3.41821
34 3.428146
35 3.382765
36 3.336713
37 3.362404
38 3.408267
39 3.536045
40 3.722002
41 3.923414
42 4.132839
43 4.204981
44 4.432481
45 4.682975
46 4.942585
47 5.112983
48 5.297598
49 5.459059
50 5.637031
51 5.876122
52 6.101543
53 6.300237
54 6.508804
55 6.71259
56 6.991829
57 7.159791
58 7.386409
59 7.47302
60 7.685979
61 7.871852
62 8.073298
63 8.279629
64 8.530849
65 8.727585
66 8.923043
67 9.061957
68 9.241287
69 9.451403
70 9.601225
71 9.799079
72 10.00729
73 10.19959
74 10.45904
75 10.69104
76 10.95166
77 11.19663
78 11.47493
79 11.74996
80 12.02112
81 12.30787
82 12.64142
83 12.93243
84 13.24927
85 13.57476
86 13.94285
87 14.28596
88 14.67971
89 15.07885
90 15.50091
91 15.91536
92 16.37218
93 16.78795
94 17.20345
95 17.58431
96 18.00616
97 18.43351
98 18.84081
99 19.25885
100 19.63499
101 19.99616
102 20.34991
103 20.66954
104 20.97379
105 21.25834
106 21.52122
107 21.74044
108 21.95546
109 22.12925
110 22.29346
111 22.41579
112 22.50004
113 22.56311
114 22.59942
115 22.6095
116 22.59963
117 22.55799
118 22.49967
119 22.40784
120 22.29002
121 22.13282
122 21.96152
123 21.77329
124 21.57176
125 21.35221
126 21.13396
127 20.87977
128 20.61787
129 20.33283
130 20.03451
131 19.72523
132 19.39784
133 19.05447
134 18.71517
135 18.34581
136 17.98031
137 17.59548
138 17.21809
139 16.81805
140 16.43563
141 16.02194
142 15.63022
143 15.20775
144 14.82532
145 14.43299
146 14.0646
147 13.68256
148 13.32315
149 12.97837
150 12.66121
151 12.34319
152 12.08412
153 11.81347
154 11.61293
155 11.40911
156 11.2479
157 11.08945
158 10.96985
159 10.86874
160 10.79702
161 10.73585
162 10.73423
163 10.73569
164 10.78237
165 10.82757
166 10.91289
167 10.99125
168 11.11365
169 11.22828
170 11.38013
171 11.53497
172 11.7148
173 11.89435
174 12.11082
175 12.3127
176 12.53473
177 12.74759
178 12.98466
179 13.2193
180 13.46562
181 13.69311
182 13.93901
183 14.17395
184 14.42278
185 14.65995
186 14.90008
187 15.13131
188 15.37315
189 15.5957
190 15.81781
191 16.02608
192 16.22743
193 16.4145
194 16.60254
195 16.77975
196 16.93987
197 17.08673
198 17.23882
199 17.35556
200 17.47709
201 17.57071
202 17.65475
203 17.7167
204 17.78239
205 17.82808
206 17.86431
207 17.8858
208 17.89529
209 17.87833
210 17.86501
211 17.84917
212 17.81606
213 17.77187
214 17.71846
215 17.64355
216 17.57637
217 17.48076
218 17.38669
219 17.27773
220 17.16764
221 17.04421
222 16.92208
223 16.78823
224 16.65542
225 16.51821
226 16.3915
227 16.25346
228 16.1219
229 15.98789
230 15.85877
231 15.72
232 15.5932
233 15.45605
234 15.32937
235 15.20652
236 15.09866
237 14.98706
238 14.88493
239 14.78536
240 14.69744
241 14.61889
242 14.5562
243 14.48865
244 14.43358
245 14.36725
246 14.32357
247 14.28918
248 14.25733
249 14.22812
250 14.20208
251 14.1714
252 14.15163
253 14.1284
254 14.1054
255 14.08685
256 14.06125
257 14.03493
258 14.00804
259 13.98614
260 13.96012
261 13.92685
262 13.88818
263 13.85072
264 13.80418
265 13.76339
266 13.71731
267 13.67037
268 13.61157
269 13.54936
270 13.48283
271 13.41257
272 13.34125
273 13.2699
274 13.19242
275 13.11139
276 13.03319
277 12.96028
278 12.89145
279 12.82932
280 12.76868
281 12.71132
282 12.65507
283 12.60245
284 12.55031
285 12.50426
286 12.46616
287 12.4342
288 12.40143
289 12.37843
290 12.35669
291 12.34249
292 12.33054
293 12.31862
294 12.30655
295 12.29966
296 12.29414
297 12.29118
298 12.28519
299 12.28173
300 12.27565
301 12.26723
302 12.25798
303 12.24981
304 12.24333
305 12.23546
306 12.22562
307 12.22039
308 12.2127
309 12.2078
310 12.19983
311 12.19714
312 12.19086
313 12.1874
314 12.1837
315 12.18647
316 12.18642
317 12.19435
318 12.19894
319 12.21004
320 12.2201
321 12.23751
322 12.25358
323 12.27509
324 12.29343
325 12.3145
326 12.33454
327 12.35859
328 12.38029
329 12.4061
330 12.42959
331 12.4552
332 12.47618
333 12.50213
334 12.52343
335 12.54751
336 12.56819
337 12.59111
338 12.60572
339 12.62436
340 12.63799
341 12.65289
342 12.66128
343 12.67212
344 12.67817
345 12.68827
346 12.6939
347 12.7061
348 12.71346
349 12.7273
350 12.73382
351 12.74893
352 12.75694
353 12.77269
354 12.78098
355 12.79623
356 12.8084
357 12.82785
358 12.84601
359 12.86939
360 12.89324
361 12.92231
362 12.95074
363 12.98069
364 13.01258
365 13.04877
366 13.0863
367 13.12631
368 13.16516
369 13.20864
370 13.24886
371 13.29345
372 13.33792
373 13.38699
374 13.43362
375 13.4819
376 13.52945
377 13.58155
378 13.62855
379 13.68431
380 13.73488
381 13.79112
382 13.84387
383 13.89882
384 13.95153
385 14.00557
386 14.05743
387 14.1181
388 14.1721
389 14.23717
390 14.29975
391 14.36665
392 14.42564
393 14.49235
394 14.55926
395 14.62392
396 14.69553
397 14.76889
398 14.83611
399 14.90257
400 14.96899
401 15.04962
402 15.12073
403 15.18305
404 15.25048
405 15.32803
406 15.38887
407 15.46288
408 15.52879
409 15.59781
410 15.65622
411 15.71436
412 15.76532
413 15.82863
414 15.87564
415 15.92397
416 15.96958
417 16.02507
418 16.07012
419 16.10649
420 16.145
421 16.17311
422 16.19734
423 16.21132
424 16.2114
425 16.22332
426 16.2338
427 16.24269
428 16.25356
429 16.25145
430 16.24262
431 16.24669
432 16.23587
433 16.2226
434 16.20937
435 16.19445
436 16.16858
437 16.16993
438 16.14488
439 16.12707
440 16.10443
441 16.08283
442 16.04646
443 16.01024
444 15.98053
445 15.94633
446 15.92008
447 15.88626
448 15.84816
449 15.80567
450 15.75185
451 15.69165
452 15.62107
453 15.55763
454 15.50046
455 15.44221
456 15.36541
457 15.28715
458 15.20651
459 15.1303
460 15.03034
461 14.95393
462 14.86734
463 14.78739
464 14.69796
465 14.6237
466 14.53449
467 14.46564
468 14.37647
469 14.31594
470 14.23666
471 14.16347
472 14.08423
473 14.01517
474 13.9553
475 13.89272
476 13.83912
477 13.77901
478 13.7254
479 13.67793
480 13.62459
481 13.56064
482 13.5113
483 13.45013
484 13.39414
485 13.3357
486 13.28877
487 13.22461
488 13.18439
489 13.11183
490 13.06753
491 12.99233
492 12.95757
493 12.85869
494 12.82085
495 12.73989
496 12.76899
497 12.62615
498 12.62686
499 12.50367
500 12.58243
501 12.4216
502 12.55174
503 12.31297
504 12.57597
505 12.23235
506 12.60436
507 12.09655
508 12.78182
509 12.06302
510 13.0246
511 12.10879
512 13.17898
513 12.0969
514 13.62722
515 12.069
516 13.28561
517 12.04077
518 13.94764
519 11.78363
520 13.49057
521 11.65292
522 13.38179
523 11.64547
524 12.92754
525 11.54504
526 12.37471
527 11.41765
528 12.58605
529 11.71506
530 12.90063
531 11.41288
532 13.98608
533 11.89491
534 15.49182
535 12.08613
536 21.23581
537 13.55762
538 19.65543
539 12.37381
540 32.28691
541 15.74951
542 31.58095
543 14.18498
544 48.62114
545 16.0739
546 52.25611
547 14.88681
548 43.34617
549 10.41917
550 24.30105
551 10.82033
552 21.01876
553 13.32617
554 21.69049
555 13.03885
556 20.66634
557 12.95738
558 24.39132
559 13.5238
560 29.84856
561 15.68271
562 31.9434
563 13.93082
564 24.31632
565 12.63696
566 16.84854
567 13.6629
568 16.30877
569 14.44225
570 15.81684
571 13.68151
572 15.03292
573 13.86849
574 14.57004
575 14.06304
576 14.45711
577 14.10841
578 14.44599
579 14.1792
580 14.35909
581 14.15183
582 14.41647
583 14.27478
584 14.39914
585 14.30615
586 14.4159
587 14.36671
588 14.47271
589 14.41057
590 14.46014
591 14.45102
592 14.49749
593 14.53305
594 14.57477
595 14.59774
596 14.62391
597 14.64255
598 14.6839
599 14.72414
600 14.76719
601 14.82247
602 14.87268
603 14.91964
604 14.94795
605 14.99712
606 15.03961
607 15.09812
608 15.15026
609 15.21765
610 15.28516
611 15.34537
612 15.42022
613 15.499
614 15.58028
615 15.64505
616 15.72142
617 15.797
618 15.87315
619 15.95274
620 16.03214
621 16.09986
622 16.18291
623 16.2515
624 16.32048
625 16.37937
626 16.46209
627 16.52304
628 16.58681
629 16.6374
630 16.70092
631 16.74655
632 16.78829
633 16.84035
634 16.88832
635 16.9318
636 16.96644
637 16.99646
638 17.02554
639 17.04605
640 17.0561
641 17.05987
642 17.06112
643 17.07007
644 17.06315
645 17.0647
646 17.05162
647 17.04444
648 17.02741
649 17.01937
650 16.99764
651 16.97284
652 16.93899
653 16.90624
654 16.85895
655 16.81287
656 16.76896
657 16.70893
658 16.66047
659 16.61008
660 16.54932
661 16.48982
662 16.4349
663 16.38027
664 16.30926
665 16.23701
666 16.15556
667 16.08248
668 16.00793
669 15.92417
670 15.84637
671 15.76412
672 15.68857
673 15.60377
674 15.51542
675 15.42076
676 15.32538
677 15.23042
678 15.15061
679 15.05266
680 14.96595
681 14.86257
682 14.79633
683 14.67566
684 14.61842
685 14.50141
686 14.48252
687 14.31521
688 14.2848
689 14.13587
690 14.10509
691 13.96534
692 13.93762
693 13.78041
694 13.71651
695 13.55694
696 13.48719
697 13.37967
698 13.31328
699 13.21068
700 13.12556
701 13.02588
702 12.93113
703 12.82729
704 12.73524
705 12.6421
706 12.54486
707 12.45377
708 12.35695
709 12.2769
710 12.18917
711 12.11751
712 12.02978
713 11.93886
714 11.84541
715 11.76381
716 11.68471
717 11.60641
718 11.52826
719 11.45125
720 11.37058
721 11.29838
722 11.22531
723 11.15281
724 11.07025
725 10.99831
726 10.92394
727 10.86485
728 10.79464
729 10.73901
730 10.67884
731 10.61087
732 10.56076
733 10.50288
734 10.45101
735 10.39569
736 10.3514
737 10.30576
738 10.2696
739 10.23657
740 10.22171
741 10.193
742 10.18521
743 10.17232
744 10.19082
745 10.17481
746 10.20334
747 10.19472
748 10.23342
749 10.21616
750 10.27913
751 10.23961
752 10.32661
753 10.28678
754 10.34532
755 10.31618
756 10.48131
757 10.42176
758 10.49448
759 10.43777
760 10.62667
761 10.52286
762 10.5955
763 10.59794
764 10.66249
765 10.68856
766 10.76193
767 10.80626
768 10.86109
769 10.9174
770 10.96826
771 11.03062
772 11.08919
773 11.16321
774 11.23114
775 11.3024
776 11.36468
777 11.43291
778 11.48962
779 11.55719
780 11.62029
781 11.68359
782 11.73481
783 11.79243
784 11.84706
785 11.89883
786 11.94084
787 11.98353
788 12.02758
789 12.06795
790 12.09634
791 12.12881
792 12.14799
793 12.17102
794 12.18862
795 12.20825
796 12.22035
797 12.23037
798 12.24082
799 12.25007
800 12.26207
801 12.27176
802 12.27749
803 12.28734
804 12.28945
805 12.29561
806 12.29535
807 12.2994
808 12.2947
809 12.29013
810 12.28594
811 12.2888
812 12.28542
813 12.28696
814 12.2841
815 12.28663
816 12.28882
817 12.29894
818 12.2989
819 12.30761
820 12.3187
821 12.33623
822 12.34725
823 12.3743
824 12.39543
825 12.43532
826 12.46553
827 12.52628
828 12.56164
829 12.63741
830 12.67859
831 12.76737
832 12.8103
833 12.92248
834 12.97486
835 13.10139
836 13.15755
837 13.30765
838 13.37599
839 13.5597
840 13.57777
841 13.73686
842 13.79139
843 14.03187
844 14.02332
845 14.23996
846 14.25714
847 14.47534
848 14.47369
849 14.66544
850 14.7076
851 14.91252
852 14.94479
853 15.11521
854 15.15998
855 15.30794
856 15.39232
857 15.50291
858 15.58345
859 15.68805
860 15.77696
861 15.86122
862 15.93017
863 16.02491
864 16.11525
865 16.20169
866 16.27864
867 16.35955
868 16.42449
869 16.4955
870 16.56479
871 16.62797
872 16.68771
873 16.7287
874 16.75126
875 16.76038
876 16.7749
877 16.79142
878 16.79829
879 16.79762
880 16.78997
881 16.75746
882 16.72323
883 16.70771
884 16.68159
885 16.64917
886 16.6093
887 16.56451
888 16.50319
889 16.44558
890 16.39143
891 16.34083
892 16.25817
893 16.21676
894 16.15963
895 16.11748
896 16.06256
897 16.02182
898 15.95742
899 15.92069
900 15.87759
901 15.84443
902 15.77698
903 15.74868
904 15.68519
905 15.6561
906 15.58377
907 15.54329
908 15.47299
909 15.42366
910 15.33113
911 15.27405
912 15.16807
913 15.0916
914 14.96677
915 14.88795
916 14.74557
917 14.65304
918 14.52012
919 14.46546
920 14.34687
921 14.31434
922 14.19665
923 14.13532
924 14.00914
925 13.94636
926 13.8214
927 13.79764
928 13.68698
929 13.69404
930 13.60373
931 13.61154
932 13.56583
933 13.58747
934 13.46527
935 13.61244
936 13.42255
937 13.47329
938 13.34641
939 14.03601
940 13.37572
941 13.49096
942 13.26356
943 14.19426
944 13.30175
945 14.37192
946 14.50885
947 14.99407
948 13.79221
949 16.65267
950 14.7366
951 17.58802
952 14.92339
953 19.88101
954 15.83851
955 23.19465
956 17.4656
957 27.79104
958 17.91754
959 30.91316
960 18.70276
961 41.15452
962 17.853
963 56.27504
964 21.61733
965 66.4087
966 22.07803
967 68.34842
968 44.13704
969 92.42389
970 27.14561
971 111.7535
972 14.54811
973 221.3241
974 37.97103
975 282.9686
976 35.68974
977 429.2898
978 64.83049
979 434.2964
980 3.086372
981 817.4299
982 162.7884
983 890.6895
984 -33.14715
985 1081.387
986 -12.60251
987 1050.713
988 22.4723
989 1183.942
990 34.1834
991 852.8936
992 158.5718
993 523.0529
994 1.920995
995 191.4744
996 -45.11813
997 103.667
998 4.824835
999 91.35332
1000 31.33241
