"left_fin_lift"
"Iteration" "left_fin_lift"
("Iteration" "left_fin_lift")
1 0.2504179
2 0.2873405
3 0.2775739
4 0.2630643
5 0.2557776
6 0.2451447
7 0.2311006
8 0.213326
9 0.2001317
10 0.1888544
11 0.183731
12 0.1836241
13 0.1887008
14 0.1943678
15 0.1995647
16 0.2035471
17 0.2065947
18 0.2089471
19 0.2103018
20 0.2105056
21 0.2102752
22 0.2100019
23 0.2101315
24 0.2108714
25 0.2123018
26 0.2146262
27 0.2168755
28 0.2195586
29 0.2216947
30 0.2238922
31 0.225813
32 0.2280475
33 0.2302914
34 0.2324116
35 0.2348122
36 0.2373796
37 0.2398571
38 0.2425991
39 0.2452711
40 0.2479425
41 0.2506867
42 0.253473
43 0.2563508
44 0.2592245
45 0.261622
46 0.2641436
47 0.266651
48 0.2693259
49 0.2718822
50 0.274444
51 0.2769563
52 0.2796526
53 0.281988
54 0.2844332
55 0.2866405
56 0.2889906
57 0.2910605
58 0.2932946
59 0.2951956
60 0.2971206
61 0.2989018
62 0.3008756
63 0.302504
64 0.304059
65 0.3053008
66 0.3065588
67 0.3075352
68 0.3086171
69 0.3094564
70 0.3107949
71 0.3115244
72 0.3123608
73 0.3128873
74 0.3136877
75 0.3142276
76 0.31472
77 0.3151498
78 0.3156746
79 0.3157693
80 0.31619
81 0.3165909
82 0.3172851
83 0.3175508
84 0.3181974
85 0.31861
86 0.3191034
87 0.3194772
88 0.3200969
89 0.3206868
90 0.3216028
91 0.3224384
92 0.3235417
93 0.3247566
94 0.3261962
95 0.3278537
96 0.3298128
97 0.3319741
98 0.3345333
99 0.3371528
100 0.3401218
101 0.3431097
102 0.3461735
103 0.3489911
104 0.3522191
105 0.3550505
106 0.3582419
107 0.3612036
108 0.3642884
109 0.3668095
110 0.369573
111 0.3718957
112 0.3741828
113 0.3763551
114 0.3783459
115 0.3801242
116 0.381584
117 0.3826137
118 0.3835905
119 0.3842828
120 0.3850262
121 0.3851275
122 0.3852895
123 0.3850969
124 0.3850707
125 0.3845797
126 0.3842058
127 0.3836889
128 0.3832461
129 0.3828159
130 0.3824408
131 0.3818787
132 0.3815934
133 0.3811761
134 0.3808106
135 0.3802647
136 0.3800031
137 0.3796129
138 0.3794711
139 0.3791033
140 0.3789983
141 0.378768
142 0.3787429
143 0.3785421
144 0.3787272
145 0.3786278
146 0.3788263
147 0.3788012
148 0.3790349
149 0.3790322
150 0.3790021
151 0.3786932
152 0.3782601
153 0.3776132
154 0.3768634
155 0.3759792
156 0.3751209
157 0.3738766
158 0.3727617
159 0.3713858
160 0.3699681
161 0.3682759
162 0.3666278
163 0.3647373
164 0.3629912
165 0.3610013
166 0.3593031
167 0.3573942
168 0.3557413
169 0.353992
170 0.352506
171 0.3510604
172 0.3500165
173 0.3489423
174 0.3481853
175 0.347554
176 0.3471841
177 0.346657
178 0.3464684
179 0.3462009
180 0.3463632
181 0.3464201
182 0.3465794
183 0.346551
184 0.3466976
185 0.3465343
186 0.3464165
187 0.3460813
188 0.3457066
189 0.3450267
190 0.3443003
191 0.3434835
192 0.3425491
193 0.3416582
194 0.3406734
195 0.3396167
196 0.3387603
197 0.3378516
198 0.3370181
199 0.3361714
200 0.3355536
201 0.3351508
202 0.3348336
203 0.3344948
204 0.3345101
205 0.3345841
206 0.3347606
207 0.3350308
208 0.3355547
209 0.3361886
210 0.3369591
211 0.3376525
212 0.3385873
213 0.3393821
214 0.3401393
215 0.3408483
216 0.3414459
217 0.3419229
218 0.3423416
219 0.3425394
220 0.3427777
221 0.3428181
222 0.3428839
223 0.3427538
224 0.3426799
225 0.3425774
226 0.3425729
227 0.342465
228 0.3425456
229 0.3425365
230 0.3427567
231 0.3429245
232 0.3432761
233 0.3436695
234 0.3443767
235 0.3450947
236 0.3460301
237 0.3469179
238 0.3480386
239 0.3491198
240 0.3503951
241 0.3515843
242 0.3529497
243 0.3542049
244 0.3555355
245 0.3567912
246 0.3580877
247 0.3591757
248 0.3603604
249 0.3612913
250 0.3622159
251 0.3628716
252 0.3635852
253 0.3641239
254 0.3646857
255 0.3651515
256 0.3657058
257 0.3661874
258 0.3667436
259 0.3673139
260 0.3679307
261 0.3685272
262 0.3692373
263 0.3698766
264 0.3706516
265 0.3713868
266 0.3722652
267 0.3731907
268 0.3742199
269 0.375229
270 0.3762823
271 0.3774015
272 0.37854
273 0.3795543
274 0.3806429
275 0.3816521
276 0.38267
277 0.3835905
278 0.3845116
279 0.3853372
280 0.386116
281 0.386754
282 0.3873611
283 0.387864
284 0.3882863
285 0.3886058
286 0.3889252
287 0.3892505
288 0.3895136
289 0.3898261
290 0.3901888
291 0.3905906
292 0.3909706
293 0.3913669
294 0.3917668
295 0.3922753
296 0.3927158
297 0.3931753
298 0.3936651
299 0.3941414
300 0.3946551
301 0.3951852
302 0.3957386
303 0.3961896
304 0.396753
305 0.3972384
306 0.3978117
307 0.3982765
308 0.3986419
309 0.3989722
310 0.3993653
311 0.3995746
312 0.3997905
313 0.3999675
314 0.4001238
315 0.4002547
316 0.4004667
317 0.4006245
318 0.4008393
319 0.4009921
320 0.4012737
321 0.4015386
322 0.4018472
323 0.4020653
324 0.4024064
325 0.402847
326 0.4033729
327 0.4038349
328 0.4043684
329 0.4049377
330 0.4056312
331 0.4063034
332 0.4070479
333 0.4077785
334 0.4085221
335 0.4091682
336 0.4098004
337 0.4103675
338 0.4109082
339 0.4113798
340 0.4118674
341 0.4124163
342 0.4128749
343 0.4131716
344 0.413541
345 0.4137812
346 0.4141678
347 0.4143789
348 0.4146049
349 0.4148322
350 0.4151225
351 0.41528
352 0.4154866
353 0.4156142
354 0.4158633
355 0.4160213
356 0.4161144
357 0.4160823
358 0.4160429
359 0.4160261
360 0.4160548
361 0.4159513
362 0.4158513
363 0.4156048
364 0.4155002
365 0.4151972
366 0.4148192
367 0.4141735
368 0.413429
369 0.4124946
370 0.4115472
371 0.4102974
372 0.4091453
373 0.4077789
374 0.4065499
375 0.4050711
376 0.4037076
377 0.4022786
378 0.4008707
379 0.3993706
380 0.397962
381 0.3965769
382 0.395335
383 0.3940011
384 0.3927661
385 0.3916332
386 0.3906404
387 0.3897813
388 0.3890091
389 0.3881933
390 0.3876749
391 0.3872005
392 0.3869264
393 0.3866808
394 0.3864992
395 0.386443
396 0.3863785
397 0.3863943
398 0.3864586
399 0.386497
400 0.3866162
401 0.386754
402 0.386897
403 0.3870839
404 0.3872496
405 0.3873542
406 0.3875143
407 0.3876475
408 0.3878024
409 0.3879897
410 0.3882142
411 0.3883892
412 0.3886987
413 0.3890025
414 0.3893536
415 0.3897608
416 0.3902368
417 0.3906783
418 0.3911052
419 0.3915355
420 0.3919495
421 0.3924153
422 0.3928948
423 0.3933452
424 0.3937554
425 0.3942331
426 0.39466
427 0.395091
428 0.3954498
429 0.3958063
430 0.3960672
431 0.39637
432 0.3966088
433 0.3969006
434 0.3971281
435 0.3973033
436 0.397436
437 0.3975634
438 0.3977236
439 0.3977755
440 0.3978654
441 0.3978817
442 0.3979645
443 0.3980002
444 0.3980169
445 0.3980475
446 0.3980656
447 0.3980284
448 0.398029
449 0.3980072
450 0.3979889
451 0.3979138
452 0.3978413
453 0.3977709
454 0.3976701
455 0.3975011
456 0.3972329
457 0.3970257
458 0.3967701
459 0.3965029
460 0.3962371
461 0.3958989
462 0.3955535
463 0.3951786
464 0.3948462
465 0.3945362
466 0.3942633
467 0.3939749
468 0.3936852
469 0.3934341
470 0.3931904
471 0.3929321
472 0.3926818
473 0.3924701
474 0.3922373
475 0.3920447
476 0.3918854
477 0.3917398
478 0.3915617
479 0.3913191
480 0.3910992
481 0.3908101
482 0.3905411
483 0.390212
484 0.3898328
485 0.3894326
486 0.3890899
487 0.3886313
488 0.3881105
489 0.387543
490 0.3870279
491 0.3864646
492 0.3858946
493 0.3853053
494 0.38479
495 0.3842536
496 0.3837369
497 0.3832338
498 0.3827428
499 0.3823167
500 0.381882
501 0.3815698
502 0.3812381
503 0.3809285
504 0.3806014
505 0.3802914
506 0.3800939
507 0.3799113
508 0.3797235
509 0.3795511
510 0.3793606
511 0.379145
512 0.3789642
513 0.378824
514 0.3786879
515 0.3784601
516 0.3782669
517 0.3780474
518 0.3778061
519 0.3775805
520 0.3773135
521 0.3770658
522 0.3767905
523 0.3764914
524 0.3761404
525 0.3757842
526 0.375409
527 0.3749411
528 0.3744895
529 0.3740752
530 0.3736551
531 0.3731743
532 0.3727174
533 0.3722952
534 0.3718798
535 0.3714021
536 0.3709483
537 0.370442
538 0.3699781
539 0.3694725
540 0.368987
541 0.368434
542 0.367978
543 0.367492
544 0.3670426
545 0.3666129
546 0.3662001
547 0.3657992
548 0.3655151
549 0.3651525
550 0.3648784
551 0.3645125
552 0.3642254
553 0.3639567
554 0.3637088
555 0.3633988
556 0.3632161
557 0.3629434
558 0.3628207
559 0.3625834
560 0.3624241
561 0.3622431
562 0.3621511
563 0.3619752
564 0.3619033
565 0.361787
566 0.3617086
567 0.361538
568 0.3613957
569 0.3612392
570 0.3611576
571 0.3609996
572 0.360884
573 0.3607138
574 0.3605393
575 0.3603526
576 0.3601643
577 0.3599379
578 0.3597386
579 0.3594838
580 0.3592733
581 0.3590214
582 0.3588071
583 0.3585841
584 0.3583679
585 0.3581656
586 0.3580063
587 0.3578244
588 0.3577474
589 0.357693
590 0.3577014
591 0.357703
592 0.3577913
593 0.3579065
594 0.3580582
595 0.3582276
596 0.3584315
597 0.3586425
598 0.3588631
599 0.3591282
600 0.3594046
601 0.3596666
602 0.3599201
603 0.360235
604 0.3605305
605 0.3608668
606 0.3611827
607 0.3615033
608 0.3618256
609 0.3621088
610 0.3624283
611 0.3627248
612 0.3630465
613 0.3633264
614 0.3636954
615 0.3640651
616 0.3644192
617 0.3648568
618 0.3653178
619 0.3657801
620 0.366255
621 0.366742
622 0.3672588
623 0.367793
624 0.3683789
625 0.3689622
626 0.3695536
627 0.3701362
628 0.3707035
629 0.3712826
630 0.3718355
631 0.3723468
632 0.3728352
633 0.3733296
634 0.3737778
635 0.3741879
636 0.3745714
637 0.3748996
638 0.3752495
639 0.3755763
640 0.3758928
641 0.3761839
642 0.3764567
643 0.376674
644 0.3769053
645 0.3770645
646 0.3772895
647 0.3774821
648 0.3776784
649 0.3778455
650 0.37806
651 0.3782198
652 0.3784223
653 0.3786629
654 0.3788938
655 0.3791487
656 0.3794103
657 0.3796376
658 0.3799239
659 0.3801916
660 0.3804724
661 0.3807791
662 0.3810568
663 0.3812832
664 0.3815947
665 0.3818262
666 0.3821155
667 0.3822825
668 0.3825653
669 0.3827763
670 0.3830208
671 0.3831185
672 0.383293
673 0.3833862
674 0.383498
675 0.3835385
676 0.383567
677 0.3836017
678 0.3836206
679 0.383592
680 0.3836076
681 0.3835987
682 0.3836141
683 0.3836007
684 0.3836058
685 0.3836273
686 0.3836572
687 0.3836804
688 0.383664
689 0.3837304
690 0.3837271
691 0.3837775
692 0.3838416
693 0.3837683
694 0.3837562
695 0.3836586
696 0.3836066
697 0.3834948
698 0.383341
699 0.3831819
700 0.3830299
701 0.3828211
702 0.382578
703 0.3823258
704 0.3820589
705 0.3817433
706 0.3814729
707 0.3812165
708 0.3809448
709 0.3806991
710 0.3804588
711 0.3802007
712 0.3799755
713 0.379762
714 0.3795699
715 0.379338
716 0.379136
717 0.3789607
718 0.3787896
719 0.3786155
720 0.378501
721 0.3783308
722 0.3781393
723 0.3779365
724 0.3777801
725 0.3775463
726 0.37733
727 0.3770829
728 0.3768785
729 0.3765807
730 0.3763307
731 0.3760085
732 0.3757817
733 0.3755182
734 0.3752814
735 0.3750144
736 0.3748347
737 0.3745579
738 0.3743356
739 0.3741327
740 0.3739831
741 0.3737812
742 0.3736249
743 0.3734768
744 0.3734003
745 0.3733009
746 0.3732038
747 0.3731161
748 0.3730353
749 0.372974
750 0.3729122
751 0.3728616
752 0.3727998
753 0.3727617
754 0.3727564
755 0.3727278
756 0.372713
757 0.3726538
758 0.3726079
759 0.3725476
760 0.3724906
761 0.3724304
762 0.3723308
763 0.3722115
764 0.3721251
765 0.3720182
766 0.3719444
767 0.3718527
768 0.3717234
769 0.3716189
770 0.3715054
771 0.3714347
772 0.3713041
773 0.3711611
774 0.3710178
775 0.3709593
776 0.3708503
777 0.3707739
778 0.3707156
779 0.3706417
780 0.3705368
781 0.3705032
782 0.3704447
783 0.3704065
784 0.3703545
785 0.3703269
786 0.3702919
787 0.3702785
788 0.3702685
789 0.3702696
790 0.3702995
791 0.3703568
792 0.3704478
793 0.3705153
794 0.3706533
795 0.3707765
796 0.3708934
797 0.3710613
798 0.3712195
799 0.3714283
800 0.3716288
801 0.3718523
802 0.3721318
803 0.3724535
804 0.3727995
805 0.373149
806 0.3735318
807 0.3739011
808 0.374338
809 0.3747597
810 0.3752308
811 0.3757198
812 0.3762535
813 0.3767725
814 0.3773351
815 0.3778857
816 0.3784431
817 0.3789588
818 0.3795322
819 0.3800351
820 0.3805717
821 0.3810599
822 0.3815413
823 0.3819955
824 0.382463
825 0.3829321
826 0.3833709
827 0.3837669
828 0.3841645
829 0.3845488
830 0.3849515
831 0.3853312
832 0.3857244
833 0.3861063
834 0.3864789
835 0.3868455
836 0.3872073
837 0.3875015
838 0.3878289
839 0.3880711
840 0.3883525
841 0.3885702
842 0.3887627
843 0.3889436
844 0.3891667
845 0.389296
846 0.3894034
847 0.3894896
848 0.3895825
849 0.3895941
850 0.389605
851 0.3895507
852 0.3895296
853 0.3894728
854 0.3894666
855 0.3893881
856 0.3893358
857 0.389284
858 0.3891953
859 0.3891023
860 0.3889928
861 0.3889515
862 0.388863
863 0.3888054
864 0.3886984
865 0.3886947
866 0.3886204
867 0.38868
868 0.3886046
869 0.3886182
870 0.388608
871 0.3886485
872 0.3886551
873 0.3886082
874 0.3886031
875 0.3886164
876 0.3886601
877 0.3887104
878 0.3887787
879 0.3888748
880 0.3889481
881 0.3890496
882 0.3891629
883 0.3891999
884 0.3892208
885 0.3892498
886 0.3893047
887 0.389259
888 0.3892487
889 0.3892415
890 0.3892477
891 0.3891637
892 0.3891178
893 0.3890491
894 0.3889345
895 0.3887711
896 0.3885108
897 0.3883227
898 0.3881019
899 0.3877972
900 0.3875175
901 0.3871989
902 0.3868623
903 0.386526
904 0.3860861
905 0.3856936
906 0.3852478
907 0.3847407
908 0.3841813
909 0.3836127
910 0.3830337
911 0.3824259
912 0.3818023
913 0.3811655
914 0.3805359
915 0.3799267
916 0.3792985
917 0.3786469
918 0.3779624
919 0.3772507
920 0.3766149
921 0.3759317
922 0.3752543
923 0.3745691
924 0.3738866
925 0.3731735
926 0.3725662
927 0.3719342
928 0.3713765
929 0.370753
930 0.3702029
931 0.3696063
932 0.3690939
933 0.368536
934 0.3680589
935 0.3676027
936 0.3671482
937 0.3666719
938 0.3661959
939 0.3657074
940 0.3652666
941 0.3647998
942 0.3643637
943 0.3639456
944 0.3635452
945 0.3631378
946 0.3627742
947 0.3624899
948 0.3621571
949 0.361863
950 0.3615521
951 0.3612939
952 0.3609636
953 0.3607344
954 0.3605026
955 0.3603815
956 0.3602415
957 0.3601291
958 0.3600483
959 0.3600309
960 0.359963
961 0.3599715
962 0.3599221
963 0.3599609
964 0.3599407
965 0.3599503
966 0.3598897
967 0.3598773
968 0.3598598
969 0.3598343
970 0.3598223
971 0.3599049
972 0.3600053
973 0.3600991
974 0.3602324
975 0.3603843
976 0.3605776
977 0.360802
978 0.3610421
979 0.3613235
980 0.3616295
981 0.3619824
982 0.3623255
983 0.3627419
984 0.3631275
985 0.3635274
986 0.3639823
987 0.3644171
988 0.3649157
989 0.3654207
990 0.3659348
991 0.3664289
992 0.3670094
993 0.3675326
994 0.3681197
995 0.3687278
996 0.3692822
997 0.3698574
998 0.370362
999 0.3709081
1000 0.371446
