"left_tank_drag"
"Iteration" "left_tank_drag"
("Iteration" "left_tank_drag")
1 5.176692
2 4.858531
3 3.286703
4 2.399973
5 1.868881
6 1.492324
7 1.271184
8 1.098173
9 0.9861336
10 0.904722
11 0.8615482
12 0.8445325
13 0.843258
14 0.8427534
15 0.8407766
16 0.8328799
17 0.8237288
18 0.810696
19 0.7966667
20 0.7805336
21 0.766726
22 0.7542408
23 0.7452993
24 0.737527
25 0.7329776
26 0.7298424
27 0.7296014
28 0.7290995
29 0.7301836
30 0.7299663
31 0.730958
32 0.7304365
33 0.7313616
34 0.7323446
35 0.734226
36 0.7357748
37 0.7388371
38 0.7415826
39 0.7455169
40 0.7489913
41 0.7527043
42 0.7557747
43 0.7604905
44 0.7645842
45 0.7689607
46 0.7739385
47 0.7787688
48 0.7826473
49 0.7872666
50 0.7920905
51 0.7979128
52 0.8032981
53 0.8102841
54 0.816628
55 0.8238063
56 0.8299835
57 0.8359767
58 0.8435618
59 0.850134
60 0.8577381
61 0.8651986
62 0.8733055
63 0.8826579
64 0.8900133
65 0.8982887
66 0.9055593
67 0.9141213
68 0.9221567
69 0.9313387
70 0.9387721
71 0.94663
72 0.9552504
73 0.9634069
74 0.9712039
75 0.9803737
76 0.9883242
77 0.9960792
78 1.002718
79 1.010078
80 1.016837
81 1.023515
82 1.028772
83 1.033228
84 1.036478
85 1.040662
86 1.044935
87 1.047914
88 1.049836
89 1.052368
90 1.053982
91 1.055851
92 1.057436
93 1.058311
94 1.059359
95 1.061771
96 1.063094
97 1.064256
98 1.065027
99 1.06637
100 1.066766
101 1.067565
102 1.068423
103 1.069594
104 1.06914
105 1.069932
106 1.07002
107 1.070236
108 1.0701
109 1.070408
110 1.069578
111 1.070453
112 1.070427
113 1.070944
114 1.069034
115 1.068806
116 1.067537
117 1.068064
118 1.066491
119 1.066172
120 1.064681
121 1.065536
122 1.064147
123 1.064262
124 1.063884
125 1.062647
126 1.06073
127 1.06022
128 1.058542
129 1.058926
130 1.057247
131 1.057528
132 1.054252
133 1.053293
134 1.049306
135 1.046819
136 1.042598
137 1.040022
138 1.034954
139 1.032826
140 1.029077
141 1.027336
142 1.023215
143 1.022599
144 1.020051
145 1.019207
146 1.016884
147 1.016644
148 1.015379
149 1.015634
150 1.013919
151 1.014034
152 1.014133
153 1.015699
154 1.014247
155 1.014346
156 1.013307
157 1.0138
158 1.012647
159 1.012238
160 1.011631
161 1.012653
162 1.012667
163 1.014229
164 1.013672
165 1.014742
166 1.014321
167 1.015593
168 1.015512
169 1.016701
170 1.01691
171 1.018466
172 1.017992
173 1.01855
174 1.017678
175 1.017629
176 1.015926
177 1.015888
178 1.014122
179 1.013773
180 1.012284
181 1.012483
182 1.010646
183 1.010777
184 1.008626
185 1.008426
186 1.006108
187 1.005451
188 1.002798
189 1.002387
190 1.000269
191 0.9995291
192 0.998054
193 0.9973432
194 0.9956638
195 0.9957701
196 0.9941356
197 0.9942415
198 0.9924807
199 0.9918633
200 0.9900026
201 0.9889923
202 0.9867475
203 0.9862958
204 0.9848465
205 0.9846475
206 0.9833149
207 0.9835371
208 0.9822088
209 0.9823657
210 0.9810698
211 0.9811635
212 0.9795267
213 0.9789531
214 0.9764907
215 0.9757112
216 0.9738599
217 0.9733726
218 0.9715065
219 0.9711034
220 0.9693407
221 0.9694844
222 0.9682131
223 0.9685687
224 0.9673537
225 0.9679472
226 0.9668938
227 0.9673216
228 0.9664575
229 0.9673105
230 0.9660063
231 0.9661239
232 0.9651617
233 0.9654378
234 0.9644982
235 0.9648636
236 0.9639529
237 0.9643045
238 0.962967
239 0.9632167
240 0.9619899
241 0.9621068
242 0.9611279
243 0.9616619
244 0.9611523
245 0.962134
246 0.9619429
247 0.9633949
248 0.963721
249 0.9654697
250 0.9658423
251 0.9674671
252 0.9677398
253 0.9690042
254 0.9690081
255 0.9706094
256 0.9706067
257 0.9718007
258 0.9714684
259 0.9723682
260 0.9712654
261 0.9716352
262 0.9708221
263 0.9715357
264 0.9709033
265 0.9712257
266 0.9703653
267 0.9705892
268 0.9691705
269 0.9688804
270 0.9669512
271 0.9660334
272 0.9645201
273 0.9642774
274 0.9632122
275 0.962809
276 0.9614704
277 0.960773
278 0.9592686
279 0.9592513
280 0.95842
281 0.9584941
282 0.9578212
283 0.958722
284 0.9584119
285 0.9596283
286 0.9596334
287 0.9610155
288 0.9612706
289 0.9626733
290 0.962997
291 0.9643194
292 0.9641994
293 0.9651175
294 0.965126
295 0.9661663
296 0.9662309
297 0.967306
298 0.9661673
299 0.9666208
300 0.9662577
301 0.9668634
302 0.9662546
303 0.9674102
304 0.9670922
305 0.9683581
306 0.9675583
307 0.9675467
308 0.9663153
309 0.9663093
310 0.9650642
311 0.9651913
312 0.9638153
313 0.9645569
314 0.9638484
315 0.9642226
316 0.9629217
317 0.9626539
318 0.9614502
319 0.9610116
320 0.9594112
321 0.9588572
322 0.9578691
323 0.9583381
324 0.9581099
325 0.959251
326 0.9595696
327 0.9604797
328 0.9606494
329 0.9614043
330 0.9613347
331 0.9620021
332 0.9620195
333 0.9630086
334 0.9628648
335 0.9643492
336 0.9644202
337 0.9656188
338 0.9657385
339 0.9669927
340 0.9668191
341 0.9677229
342 0.9677981
343 0.969136
344 0.9686457
345 0.9691254
346 0.9686777
347 0.9692009
348 0.9688834
349 0.9694097
350 0.9693497
351 0.9701858
352 0.9700935
353 0.9707228
354 0.9701537
355 0.9705184
356 0.9692329
357 0.9691075
358 0.967859
359 0.9682659
360 0.9677156
361 0.9682837
362 0.9677634
363 0.9688627
364 0.9684914
365 0.9696066
366 0.9697064
367 0.9709728
368 0.9708451
369 0.9722959
370 0.9719746
371 0.9727801
372 0.9719219
373 0.9723862
374 0.9715936
375 0.9717125
376 0.9705249
377 0.9702632
378 0.9685947
379 0.9683079
380 0.966648
381 0.9662052
382 0.9645287
383 0.9641168
384 0.9626884
385 0.962716
386 0.9604971
387 0.9606881
388 0.959591
389 0.9599498
390 0.9584794
391 0.9590507
392 0.9583914
393 0.9583281
394 0.9573188
395 0.9578096
396 0.956362
397 0.9566687
398 0.9557676
399 0.9562609
400 0.9554003
401 0.9556909
402 0.9551349
403 0.9555535
404 0.9550156
405 0.9561312
406 0.9560463
407 0.9569322
408 0.9569237
409 0.9577807
410 0.9576064
411 0.958622
412 0.9586005
413 0.9596767
414 0.9593107
415 0.9602436
416 0.9603898
417 0.9616233
418 0.9617476
419 0.9627974
420 0.9629233
421 0.9643575
422 0.9643545
423 0.9653825
424 0.9655377
425 0.9664094
426 0.9659752
427 0.9668384
428 0.9667218
429 0.9674482
430 0.9665791
431 0.9672623
432 0.9658971
433 0.9659286
434 0.9655504
435 0.9662993
436 0.9652772
437 0.9658797
438 0.9650124
439 0.9656056
440 0.9650008
441 0.9658319
442 0.9651382
443 0.9656526
444 0.9653313
445 0.9660452
446 0.9652972
447 0.9661362
448 0.9659466
449 0.9664526
450 0.965747
451 0.966728
452 0.9663589
453 0.9670715
454 0.9664122
455 0.9674094
456 0.9668093
457 0.9672697
458 0.9663124
459 0.9667981
460 0.9659093
461 0.9664481
462 0.9657109
463 0.9664451
464 0.9660541
465 0.9670135
466 0.9665891
467 0.9677247
468 0.9672539
469 0.9682105
470 0.9676005
471 0.9685665
472 0.9679926
473 0.9686471
474 0.9680636
475 0.968959
476 0.9684592
477 0.969535
478 0.9689307
479 0.9699814
480 0.9696094
481 0.9711434
482 0.9706669
483 0.9714019
484 0.9707688
485 0.9716834
486 0.970979
487 0.9719673
488 0.9717274
489 0.9727622
490 0.9721303
491 0.9731081
492 0.972359
493 0.9734243
494 0.9730321
495 0.9737509
496 0.973143
497 0.9739406
498 0.9731474
499 0.9737438
500 0.9728857
501 0.9735085
502 0.9727011
503 0.9733409
504 0.9726389
505 0.9733983
506 0.97259
507 0.9733446
508 0.9724514
509 0.973125
510 0.9720322
511 0.9723123
512 0.9711546
513 0.9713678
514 0.9701526
515 0.9705755
516 0.9694326
517 0.9699293
518 0.9689046
519 0.969374
520 0.9686105
521 0.9692523
522 0.9684281
523 0.9693238
524 0.9688413
525 0.9697638
526 0.9688114
527 0.9696615
528 0.9691023
529 0.9700759
530 0.9693897
531 0.9701984
532 0.9692988
533 0.9701824
534 0.9695899
535 0.9704119
536 0.9695463
537 0.9701103
538 0.9691305
539 0.969431
540 0.9682429
541 0.9684469
542 0.9672241
543 0.9671091
544 0.9655525
545 0.9655281
546 0.9643436
547 0.9643004
548 0.9629655
549 0.963126
550 0.9620858
551 0.9624537
552 0.9612354
553 0.9614278
554 0.960574
555 0.9608584
556 0.9602034
557 0.960786
558 0.9601738
559 0.9608978
560 0.960541
561 0.9616852
562 0.9613959
563 0.9625334
564 0.9622897
565 0.9633243
566 0.962883
567 0.9637362
568 0.9630779
569 0.9638013
570 0.9632462
571 0.9638301
572 0.9633353
573 0.9642227
574 0.9635352
575 0.9640113
576 0.9632931
577 0.9640171
578 0.9632824
579 0.9639275
580 0.9632998
581 0.9640301
582 0.9637746
583 0.9646047
584 0.9641753
585 0.9651963
586 0.9649025
587 0.9657854
588 0.9653496
589 0.9659762
590 0.965399
591 0.9660057
592 0.9652395
593 0.9657727
594 0.9652489
595 0.9657062
596 0.9651227
597 0.9655173
598 0.9646159
599 0.9651992
600 0.9643394
601 0.9651679
602 0.9645683
603 0.9646448
604 0.9639493
605 0.9646611
606 0.9637386
607 0.9643611
608 0.9635412
609 0.9643117
610 0.9637232
611 0.9643044
612 0.9635056
613 0.9643463
614 0.9637347
615 0.9645075
616 0.9638782
617 0.9642341
618 0.9635195
619 0.9638313
620 0.9630405
621 0.963548
622 0.9629166
623 0.9631666
624 0.9623213
625 0.9626932
626 0.9618146
627 0.9622661
628 0.9614753
629 0.9621003
630 0.9613881
631 0.9621445
632 0.9617534
633 0.9626491
634 0.9620515
635 0.9628842
636 0.9624586
637 0.9634016
638 0.9630566
639 0.9642012
640 0.9638563
641 0.9648829
642 0.9644556
643 0.9651766
644 0.964454
645 0.9651406
646 0.9643394
647 0.964836
648 0.9639492
649 0.9644358
650 0.9636297
651 0.9643476
652 0.9637392
653 0.9645014
654 0.9638398
655 0.9645429
656 0.9638336
657 0.9643912
658 0.9634601
659 0.9638928
660 0.9630991
661 0.9635467
662 0.9629669
663 0.9634585
664 0.9627581
665 0.963353
666 0.9627856
667 0.9636943
668 0.9629959
669 0.9635227
670 0.9627926
671 0.9634943
672 0.9626802
673 0.9633807
674 0.9627125
675 0.9634206
676 0.9628671
677 0.9636267
678 0.9629923
679 0.9640408
680 0.9636247
681 0.9646026
682 0.9641176
683 0.9651096
684 0.9646589
685 0.9653481
686 0.9648465
687 0.9658244
688 0.9653649
689 0.9664468
690 0.9661758
691 0.9674398
692 0.9672381
693 0.9681067
694 0.9675639
695 0.9685232
696 0.9679881
697 0.9686463
698 0.968183
699 0.9691455
700 0.968643
701 0.9696065
702 0.968982
703 0.9696275
704 0.9689136
705 0.9696141
706 0.9686112
707 0.9695728
708 0.9689597
709 0.9695718
710 0.9686725
711 0.9692696
712 0.9682581
713 0.9689881
714 0.9681774
715 0.9688396
716 0.967877
717 0.9683271
718 0.9673589
719 0.9680589
720 0.967454
721 0.9681399
722 0.9674405
723 0.9680583
724 0.9673755
725 0.9679084
726 0.966938
727 0.9673503
728 0.9664375
729 0.9668731
730 0.9657012
731 0.9660776
732 0.9649084
733 0.9653026
734 0.9641632
735 0.9645535
736 0.9632877
737 0.9632699
738 0.962149
739 0.9624025
740 0.9610071
741 0.9613017
742 0.960054
743 0.9602665
744 0.9592354
745 0.9595858
746 0.9588023
747 0.9592828
748 0.958415
749 0.9589901
750 0.95792
751 0.9582797
752 0.9569971
753 0.9570346
754 0.9558976
755 0.9562115
756 0.9551743
757 0.955603
758 0.9548238
759 0.9553506
760 0.9544561
761 0.9548411
762 0.9534965
763 0.953995
764 0.9528639
765 0.953258
766 0.9521011
767 0.9523802
768 0.9511999
769 0.9518875
770 0.9510391
771 0.9518747
772 0.9509218
773 0.9515838
774 0.9506053
775 0.9512196
776 0.9503541
777 0.9510334
778 0.9503284
779 0.9508568
780 0.9499189
781 0.9504158
782 0.9493465
783 0.9498118
784 0.9489707
785 0.9497184
786 0.9489726
787 0.9496195
788 0.9489882
789 0.9497868
790 0.9491838
791 0.9500808
792 0.9497855
793 0.9508426
794 0.9504729
795 0.9514397
796 0.9513252
797 0.9525721
798 0.9522948
799 0.9535363
800 0.9534121
801 0.954627
802 0.9545734
803 0.9556453
804 0.9553155
805 0.9562433
806 0.9560627
807 0.9567061
808 0.9562728
809 0.9573115
810 0.9568465
811 0.957738
812 0.9570436
813 0.9576449
814 0.9570811
815 0.9577224
816 0.9573066
817 0.9583791
818 0.9580734
819 0.9590592
820 0.9589176
821 0.960077
822 0.9598103
823 0.9609814
824 0.9609326
825 0.9620438
826 0.9617265
827 0.9627024
828 0.9621784
829 0.9630358
830 0.9623951
831 0.9631208
832 0.9625471
833 0.9632337
834 0.9626551
835 0.9631655
836 0.9625382
837 0.9631918
838 0.9623465
839 0.962886
840 0.9623406
841 0.9628813
842 0.9622808
843 0.9630986
844 0.9628956
845 0.9638685
846 0.9633829
847 0.9643707
848 0.9640657
849 0.965224
850 0.9650583
851 0.9661512
852 0.9658614
853 0.9668916
854 0.9662763
855 0.9670795
856 0.9667011
857 0.9673969
858 0.9666819
859 0.9672451
860 0.9663699
861 0.9670925
862 0.9663224
863 0.9672873
864 0.9665431
865 0.9671898
866 0.9662465
867 0.9668699
868 0.9658394
869 0.9663409
870 0.9658867
871 0.9663836
872 0.9658642
873 0.966377
874 0.9656794
875 0.9661377
876 0.9657059
877 0.9663382
878 0.9655473
879 0.9660365
880 0.9650698
881 0.9656451
882 0.964716
883 0.9651578
884 0.9642065
885 0.9647815
886 0.963643
887 0.9640692
888 0.9628615
889 0.9632124
890 0.9620332
891 0.9623336
892 0.9614549
893 0.9618456
894 0.9612162
895 0.9619619
896 0.9612355
897 0.962045
898 0.9612707
899 0.9622278
900 0.961769
901 0.9626492
902 0.9622398
903 0.9629273
904 0.9622921
905 0.9630328
906 0.9623529
907 0.9630172
908 0.9622617
909 0.9627565
910 0.9619169
911 0.9625562
912 0.961742
913 0.9624274
914 0.9617665
915 0.9624686
916 0.9618096
917 0.9625869
918 0.9617451
919 0.9623445
920 0.9612626
921 0.9617711
922 0.9609939
923 0.9617954
924 0.9610445
925 0.9618233
926 0.9614009
927 0.962056
928 0.9613596
929 0.9622033
930 0.9614103
931 0.9618402
932 0.9610907
933 0.9615635
934 0.9605289
935 0.9608476
936 0.9599333
937 0.9602491
938 0.9595162
939 0.959877
940 0.9589723
941 0.9594586
942 0.9586208
943 0.9589663
944 0.9581026
945 0.95867
946 0.9577581
947 0.9582009
948 0.9572623
949 0.9580569
950 0.9575379
951 0.9584165
952 0.9579214
953 0.9588369
954 0.9583761
955 0.9592035
956 0.9586197
957 0.9593465
958 0.9584252
959 0.9587494
960 0.9579535
961 0.9583642
962 0.9574376
963 0.9579722
964 0.9573833
965 0.9580259
966 0.9573793
967 0.9579096
968 0.9572207
969 0.9576098
970 0.9570559
971 0.9577596
972 0.9569638
973 0.9574156
974 0.9566635
975 0.957421
976 0.9568346
977 0.9574611
978 0.9570618
979 0.9580561
980 0.9576806
981 0.9585708
982 0.957941
983 0.9586104
984 0.9581239
985 0.9589859
986 0.9583918
987 0.9591619
988 0.9584562
989 0.9592614
990 0.9585472
991 0.959301
992 0.9588857
993 0.959565
994 0.9589362
995 0.9598333
996 0.9594063
997 0.9602678
998 0.9597668
999 0.9607864
1000 0.960468
