"left_fin_lift"
"Iteration" "left_fin_lift"
("Iteration" "left_fin_lift")
1 0.01816826
2 0.1176659
3 0.1385478
4 0.1125843
5 0.1701437
6 0.05227743
7 0.04558234
8 0.0001761913
9 -0.01579963
10 0.01284171
11 0.04432964
12 0.07607832
13 0.1026713
14 0.1281074
15 0.1553599
16 0.1627323
17 0.1681215
18 0.1693543
19 0.1724319
20 0.1680759
21 0.1695601
22 0.1705576
23 0.1789145
24 0.1875826
25 0.1972947
26 0.2051936
27 0.216426
28 0.2280886
29 0.2391161
30 0.2461572
31 0.2520833
32 0.256268
33 0.2593755
34 0.2611406
35 0.260846
36 0.2621337
37 0.2640815
38 0.2667681
39 0.2709577
40 0.2745706
41 0.2765449
42 0.2781148
43 0.2808121
44 0.283761
45 0.2867001
46 0.2890184
47 0.2913651
48 0.2947694
49 0.2981397
50 0.3014695
51 0.3064534
52 0.3117089
53 0.3157381
54 0.321348
55 0.3267747
56 0.3318458
57 0.3359413
58 0.338836
59 0.3397521
60 0.3405506
61 0.34096
62 0.3420132
63 0.3438272
64 0.3454322
65 0.3464211
66 0.3460768
67 0.3453224
68 0.3455139
69 0.3456719
70 0.3467509
71 0.3485121
72 0.3482762
73 0.34935
74 0.3512417
75 0.3531938
76 0.3566608
77 0.3588409
78 0.3608308
79 0.3629467
80 0.3651823
81 0.3678806
82 0.370192
83 0.3730347
84 0.3739338
85 0.3773706
86 0.3792239
87 0.3849196
88 0.3887599
89 0.3951122
90 0.4000686
91 0.4063579
92 0.4125206
93 0.4192511
94 0.4262275
95 0.4336667
96 0.4404302
97 0.4485277
98 0.4562205
99 0.4644645
100 0.4719785
101 0.4802037
102 0.4865199
103 0.4947478
104 0.5012785
105 0.5084255
106 0.5130658
107 0.5170532
108 0.5195259
109 0.5238663
110 0.5257039
111 0.5273753
112 0.5275149
113 0.529033
114 0.5300039
115 0.5305097
116 0.5285308
117 0.5278794
118 0.5245612
119 0.5231992
120 0.5189804
121 0.5168869
122 0.5128765
123 0.5089684
124 0.5044104
125 0.5002432
126 0.4946472
127 0.4888639
128 0.4812307
129 0.4736533
130 0.4644368
131 0.4571355
132 0.4477011
133 0.4408961
134 0.4339488
135 0.4268852
136 0.420259
137 0.4143174
138 0.4081402
139 0.4017843
140 0.3961438
141 0.3880048
142 0.3810582
143 0.3731715
144 0.36772
145 0.3608174
146 0.356257
147 0.3494139
148 0.3444823
149 0.3391992
150 0.3354093
151 0.3313004
152 0.3260794
153 0.3226706
154 0.3217216
155 0.3210587
156 0.3193252
157 0.3174104
158 0.3147685
159 0.3111783
160 0.3094181
161 0.3062112
162 0.303753
163 0.3001627
164 0.2958755
165 0.2911198
166 0.2880105
167 0.2843366
168 0.2803459
169 0.2769455
170 0.2738759
171 0.2695027
172 0.2654995
173 0.2637725
174 0.259057
175 0.2578041
176 0.2573024
177 0.2554237
178 0.2523489
179 0.2475877
180 0.2466283
181 0.247214
182 0.2455106
183 0.2458629
184 0.2466248
185 0.2497037
186 0.2526718
187 0.25592
188 0.2602793
189 0.2643069
190 0.2686526
191 0.2728941
192 0.277496
193 0.2848285
194 0.2901258
195 0.2959659
196 0.3018552
197 0.3062077
198 0.3120415
199 0.3176385
200 0.3233559
201 0.3303626
202 0.3361243
203 0.3420674
204 0.3481758
205 0.353754
206 0.3588397
207 0.3627826
208 0.3656236
209 0.3670761
210 0.367147
211 0.3677724
212 0.3693472
213 0.3707819
214 0.3714294
215 0.3709925
216 0.3705949
217 0.3696127
218 0.3675626
219 0.3670414
220 0.3659705
221 0.3645454
222 0.3633253
223 0.3618119
224 0.3593965
225 0.3563647
226 0.3539934
227 0.3515734
228 0.3510836
229 0.3487814
230 0.3470705
231 0.3470151
232 0.3466527
233 0.3461701
234 0.3450738
235 0.3449073
236 0.3436884
237 0.3413251
238 0.339104
239 0.3365226
240 0.3342751
241 0.3304928
242 0.3269339
243 0.3227879
244 0.3202794
245 0.3172279
246 0.3144296
247 0.3112335
248 0.3085998
249 0.3060697
250 0.3031984
251 0.3010641
252 0.2982624
253 0.2961237
254 0.2934474
255 0.2907836
256 0.2886712
257 0.2876439
258 0.2852539
259 0.2848956
260 0.2845837
261 0.283912
262 0.2841959
263 0.2854514
264 0.2850633
265 0.2856327
266 0.2854088
267 0.2858335
268 0.286419
269 0.2868013
270 0.2862577
271 0.286936
272 0.2869179
273 0.2877688
274 0.2877726
275 0.2898834
276 0.2907124
277 0.2918808
278 0.2944255
279 0.2983104
280 0.3027403
281 0.3061411
282 0.3096437
283 0.3135274
284 0.3170023
285 0.3207259
286 0.3241422
287 0.327798
288 0.3311961
289 0.3341419
290 0.3368544
291 0.3397695
292 0.3431123
293 0.3465057
294 0.3500768
295 0.3535857
296 0.3569612
297 0.3604264
298 0.3636368
299 0.3659709
300 0.3684621
301 0.370454
302 0.3718978
303 0.3731312
304 0.3742487
305 0.3745213
306 0.3751709
307 0.3752235
308 0.3758062
309 0.3754963
310 0.375603
311 0.3752479
312 0.3751031
313 0.3742882
314 0.3733371
315 0.3724431
316 0.3712836
317 0.3697909
318 0.3678719
319 0.3666487
320 0.3653582
321 0.3644152
322 0.3639483
323 0.3630718
324 0.3625304
325 0.3617406
326 0.3612058
327 0.3609372
328 0.3604599
329 0.3601345
330 0.360257
331 0.360418
332 0.3603855
333 0.3606548
334 0.3605352
335 0.3600294
336 0.3598865
337 0.3601477
338 0.3600147
339 0.3597908
340 0.3594012
341 0.359358
342 0.3592548
343 0.3586693
344 0.3584343
345 0.3586748
346 0.3588219
347 0.3589102
348 0.3588654
349 0.3584137
350 0.3576636
351 0.3574781
352 0.3572295
353 0.3566416
354 0.3564158
355 0.356652
356 0.3568362
357 0.3568241
358 0.357172
359 0.3572141
360 0.3573015
361 0.3576899
362 0.3580574
363 0.3583012
364 0.3587793
365 0.3594146
366 0.3602626
367 0.3613722
368 0.3626405
369 0.363931
370 0.364768
371 0.3663073
372 0.3673851
373 0.3686149
374 0.3696311
375 0.3707003
376 0.3714094
377 0.3725842
378 0.3735146
379 0.3748862
380 0.3760489
381 0.376943
382 0.3778923
383 0.3791462
384 0.3799681
385 0.3809348
386 0.3817415
387 0.3823602
388 0.3829638
389 0.3842021
390 0.3842776
391 0.3842163
392 0.3842466
393 0.3844797
394 0.3843307
395 0.3845353
396 0.3844061
397 0.3837134
398 0.3827035
399 0.3828604
400 0.3825383
401 0.3827167
402 0.3825699
403 0.3827528
404 0.3823254
405 0.3824779
406 0.3818815
407 0.3822594
408 0.3818346
409 0.3821921
410 0.3822385
411 0.3828855
412 0.3832654
413 0.3842801
414 0.3851015
415 0.3862458
416 0.3866739
417 0.3877068
418 0.3885178
419 0.3898762
420 0.3906773
421 0.3918689
422 0.3929134
423 0.3938869
424 0.3949298
425 0.3959084
426 0.3966677
427 0.3978332
428 0.3983877
429 0.399131
430 0.399861
431 0.400672
432 0.4010015
433 0.4014831
434 0.4014672
435 0.4015585
436 0.4014557
437 0.4016627
438 0.4017021
439 0.4017472
440 0.4014515
441 0.4019195
442 0.4018819
443 0.4020691
444 0.4023807
445 0.4022157
446 0.4020292
447 0.4019732
448 0.4021939
449 0.4025125
450 0.4027994
451 0.4031013
452 0.4034497
453 0.4039559
454 0.4047076
455 0.4053544
456 0.405999
457 0.4066274
458 0.4067753
459 0.4070298
460 0.4071597
461 0.4074592
462 0.4074696
463 0.4082626
464 0.4086927
465 0.4092821
466 0.409879
467 0.4101702
468 0.4103251
469 0.4104747
470 0.4103127
471 0.4100803
472 0.4098329
473 0.409516
474 0.4092069
475 0.4090413
476 0.4085323
477 0.4083306
478 0.4077854
479 0.4076695
480 0.4075254
481 0.4074951
482 0.4073616
483 0.4073449
484 0.4071538
485 0.4072663
486 0.4074681
487 0.4076657
488 0.408191
489 0.408393
490 0.4091811
491 0.4096566
492 0.4104216
493 0.4110011
494 0.4118046
495 0.4125617
496 0.4136681
497 0.41384
498 0.4145439
499 0.4149318
500 0.4158451
501 0.4162727
502 0.4171672
503 0.4176748
504 0.4185142
505 0.4190102
506 0.4199007
507 0.4204698
508 0.4212361
509 0.4215169
510 0.4222186
511 0.4222875
512 0.4226233
513 0.4223299
514 0.4222634
515 0.422165
516 0.422121
517 0.4219966
518 0.4220107
519 0.4217211
520 0.42162
521 0.4213178
522 0.4214323
523 0.4211307
524 0.4211706
525 0.4208868
526 0.4205486
527 0.4201962
528 0.4199618
529 0.4196217
530 0.4192877
531 0.4188141
532 0.4187225
533 0.4182276
534 0.418108
535 0.4176027
536 0.4174714
537 0.4170876
538 0.4171085
539 0.4168251
540 0.4169178
541 0.4165819
542 0.4164697
543 0.4161991
544 0.4160916
545 0.4155979
546 0.4156022
547 0.4151869
548 0.4152766
549 0.414935
550 0.4151226
551 0.4147321
552 0.414894
553 0.4147661
554 0.4149695
555 0.4148127
556 0.4150974
557 0.4146059
558 0.4147192
559 0.4143135
560 0.4144218
561 0.4142069
562 0.4143519
563 0.413937
564 0.413999
565 0.4135613
566 0.413676
567 0.4134572
568 0.4137397
569 0.4132049
570 0.4133062
571 0.4128829
572 0.4131605
573 0.4128503
574 0.4130457
575 0.4127314
576 0.4130611
577 0.4125693
578 0.4128181
579 0.4124847
580 0.4126918
581 0.4126176
582 0.4128154
583 0.4124674
584 0.4128554
585 0.4128182
586 0.4130965
587 0.4128163
588 0.4132337
589 0.413164
590 0.4135801
591 0.4133851
592 0.4139993
593 0.4140753
594 0.414548
595 0.4143689
596 0.4148845
597 0.4146538
598 0.4151438
599 0.4149598
600 0.4156452
601 0.4157378
602 0.4165204
603 0.4166569
604 0.4174463
605 0.4176038
606 0.4183732
607 0.4183261
608 0.4190771
609 0.4192746
610 0.4197259
611 0.4195331
612 0.4200845
613 0.4200361
614 0.4205273
615 0.4202089
616 0.4207991
617 0.4207154
618 0.4212455
619 0.4210466
620 0.421539
621 0.4216592
622 0.4222027
623 0.4222271
624 0.4227804
625 0.4227994
626 0.4234369
627 0.4234148
628 0.4240788
629 0.4242844
630 0.4250641
631 0.4252773
632 0.426084
633 0.4262237
634 0.4269491
635 0.4272954
636 0.4279604
637 0.4283621
638 0.4289836
639 0.429088
640 0.4295903
641 0.4297464
642 0.4303692
643 0.4303689
644 0.4309005
645 0.4307712
646 0.4312055
647 0.4310348
648 0.4313934
649 0.4311402
650 0.4315137
651 0.4312389
652 0.4315246
653 0.4310029
654 0.4311413
655 0.4307236
656 0.431044
657 0.4305778
658 0.4310243
659 0.4307417
660 0.4313219
661 0.4311486
662 0.4316956
663 0.4315305
664 0.4320849
665 0.4320083
666 0.4325939
667 0.432667
668 0.4332581
669 0.4333388
670 0.4338875
671 0.4337686
672 0.4343941
673 0.4344298
674 0.435042
675 0.4348806
676 0.4354813
677 0.4355941
678 0.4361307
679 0.4360634
680 0.4367495
681 0.4366174
682 0.4373047
683 0.4371892
684 0.4377274
685 0.4376486
686 0.4381314
687 0.4377384
688 0.4380195
689 0.4377101
690 0.4379374
691 0.4375678
692 0.4378762
693 0.4378213
694 0.4382322
695 0.4380442
696 0.4383609
697 0.4382382
698 0.4387421
699 0.4385314
700 0.4389174
701 0.4388022
702 0.4393201
703 0.4391196
704 0.4395624
705 0.4394974
706 0.4400526
707 0.4399548
708 0.4404602
709 0.4404069
710 0.4409829
711 0.4407292
712 0.4414427
713 0.4414429
714 0.442012
715 0.4419927
716 0.4425682
717 0.4425798
718 0.4430782
719 0.4427857
720 0.4430422
721 0.4428962
722 0.4431797
723 0.442807
724 0.443015
725 0.442596
726 0.4427391
727 0.4423575
728 0.4425573
729 0.4420643
730 0.442293
731 0.4417973
732 0.4420342
733 0.441719
734 0.4420934
735 0.4417467
736 0.442018
737 0.441735
738 0.4421562
739 0.441916
740 0.4423347
741 0.44199
742 0.442608
743 0.4423208
744 0.4429546
745 0.4428391
746 0.4433568
747 0.4430387
748 0.4435901
749 0.4433344
750 0.4438541
751 0.4435812
752 0.4440409
753 0.4437496
754 0.4440955
755 0.4436636
756 0.4440655
757 0.4438235
758 0.4441577
759 0.4436243
760 0.4437164
761 0.4432159
762 0.4434023
763 0.4429694
764 0.4432233
765 0.4427988
766 0.4428532
767 0.4423041
768 0.4424448
769 0.4419652
770 0.4420208
771 0.4414738
772 0.4415734
773 0.4412284
774 0.4413279
775 0.4409786
776 0.4411819
777 0.4408821
778 0.4412442
779 0.4410515
780 0.4413888
781 0.4410403
782 0.4414156
783 0.4411074
784 0.4415856
785 0.4414061
786 0.4417811
787 0.4415157
788 0.4420633
789 0.4418893
790 0.442354
791 0.4421462
792 0.4427287
793 0.4423209
794 0.4427463
795 0.4422582
796 0.4426844
797 0.4423482
798 0.4427613
799 0.4423738
800 0.4426588
801 0.4422728
802 0.4425384
803 0.4419246
804 0.4421462
805 0.4418474
806 0.4419307
807 0.4412988
808 0.4411809
809 0.4405909
810 0.4406702
811 0.4401392
812 0.4402586
813 0.4398684
814 0.4401023
815 0.4394767
816 0.4394858
817 0.4388492
818 0.439068
819 0.4385738
820 0.438768
821 0.4384569
822 0.4388058
823 0.4383908
824 0.4386895
825 0.4386109
826 0.4390724
827 0.4388417
828 0.4394818
829 0.4393377
830 0.4399165
831 0.4397552
832 0.4402102
833 0.4398493
834 0.4403368
835 0.4400229
836 0.4406928
837 0.4405552
838 0.4413146
839 0.4411243
840 0.4419825
841 0.4418795
842 0.4425503
843 0.4424385
844 0.4429685
845 0.4427471
846 0.4432452
847 0.4431035
848 0.4435476
849 0.443372
850 0.4438442
851 0.4436623
852 0.4440605
853 0.4439057
854 0.4445536
855 0.4444134
856 0.4451325
857 0.4448348
858 0.4453995
859 0.4452156
860 0.445927
861 0.4458434
862 0.446478
863 0.4462006
864 0.4467609
865 0.4464244
866 0.4470685
867 0.4466869
868 0.4471114
869 0.446693
870 0.4469076
871 0.446507
872 0.4468701
873 0.4465824
874 0.4471631
875 0.4470173
876 0.4475027
877 0.4474252
878 0.4480884
879 0.4481733
880 0.4487271
881 0.4488257
882 0.449477
883 0.4491258
884 0.4496319
885 0.4494389
886 0.4498906
887 0.4495349
888 0.4498885
889 0.4495393
890 0.4501109
891 0.4497953
892 0.4503017
893 0.4499286
894 0.4503436
895 0.449953
896 0.4502967
897 0.4498415
898 0.4501618
899 0.4495127
900 0.4497083
901 0.4490923
902 0.4493788
903 0.4486914
904 0.4490472
905 0.4483302
906 0.4487016
907 0.4481712
908 0.4484681
909 0.4481116
910 0.4484187
911 0.4481232
912 0.44833
913 0.4478628
914 0.4480151
915 0.4476736
916 0.4479854
917 0.4475241
918 0.4477098
919 0.4472427
920 0.4476099
921 0.4473189
922 0.4479142
923 0.447734
924 0.4484406
925 0.4484483
926 0.4492365
927 0.4491817
928 0.4498899
929 0.4499016
930 0.450639
931 0.4507009
932 0.4512725
933 0.4511707
934 0.4516164
935 0.4514582
936 0.4519264
937 0.4515991
938 0.4519793
939 0.4517542
940 0.4520343
941 0.4517224
942 0.4520282
943 0.4517785
944 0.452215
945 0.4518048
946 0.4521556
947 0.4516544
948 0.4518725
949 0.4512898
950 0.4513962
951 0.4507291
952 0.450882
953 0.450471
954 0.4506898
955 0.4501333
956 0.4505121
957 0.4503307
958 0.4508293
959 0.4506604
960 0.4511598
961 0.4512056
962 0.4517583
963 0.4517143
964 0.4521348
965 0.4520379
966 0.4523316
967 0.4521088
968 0.4524011
969 0.4521608
970 0.4525976
971 0.4522749
972 0.452509
973 0.4521414
974 0.4522998
975 0.4519046
976 0.452068
977 0.451654
978 0.4519061
979 0.4514572
980 0.4517774
981 0.4513973
982 0.451876
983 0.4516577
984 0.452238
985 0.4520538
986 0.4524956
987 0.4522823
988 0.4528272
989 0.4526641
990 0.4531391
991 0.4531974
992 0.4538002
993 0.4537801
994 0.4542324
995 0.4540931
996 0.4545468
997 0.4542881
998 0.4547473
999 0.4546191
1000 0.4551954
