"body_nose_lift"
"Iteration" "body_nose_lift"
("Iteration" "body_nose_lift")
1 24.9433
2 22.77577
3 -46.34204
4 -13.91246
5 3.281034
6 15.76654
7 22.53222
8 26.47726
9 29.64794
10 32.41579
11 34.20747
12 35.09578
13 35.03035
14 34.38211
15 33.49136
16 32.64509
17 32.04004
18 31.95317
19 32.14539
20 32.4268
21 32.68733
22 32.92097
23 33.04028
24 33.03727
25 32.96768
26 32.90057
27 32.92767
28 33.05834
29 33.16632
30 33.1752
31 33.1077
32 33.1835
33 33.30719
34 33.31381
35 33.28545
36 33.27273
37 33.20713
38 33.13795
39 33.16173
40 33.20634
41 33.23702
42 33.27692
43 33.28747
44 33.24611
45 33.19569
46 33.13433
47 33.0431
48 32.97606
49 32.93923
50 32.88357
51 32.81984
52 32.78542
53 32.77995
54 32.79843
55 32.8072
56 32.81532
57 32.89652
58 33.00386
59 32.9799
60 32.89088
61 32.83572
62 32.82487
63 32.76403
64 32.70538
65 32.65812
66 32.66979
67 32.68486
68 32.72256
69 32.71799
70 32.78677
71 32.80201
72 32.80849
73 32.72644
74 32.73965
75 32.65295
76 32.66269
77 32.61423
78 32.60393
79 32.57152
80 32.61876
81 32.64583
82 32.6601
83 32.67543
84 32.67108
85 32.66192
86 32.65994
87 32.70405
88 32.72314
89 32.71135
90 32.64999
91 32.57235
92 32.56028
93 32.57978
94 32.58458
95 32.62634
96 32.73711
97 32.86923
98 32.84776
99 32.76014
100 32.67905
101 32.57978
102 32.53094
103 32.51603
104 32.50359
105 32.4922
106 32.48623
107 32.49038
108 32.51483
109 32.58643
110 32.67094
111 32.74072
112 32.80159
113 32.84044
114 32.84451
115 32.78875
116 32.7114
117 32.68341
118 32.70823
119 32.68216
120 32.61111
121 32.5173
122 32.52554
123 32.51827
124 32.58712
125 32.64931
126 32.77791
127 32.86425
128 32.87741
129 32.82665
130 32.81386
131 32.84881
132 32.86391
133 32.78424
134 32.66946
135 32.61623
136 32.60331
137 32.47681
138 32.38839
139 32.32405
140 32.43178
141 32.47347
142 32.52242
143 32.51965
144 32.56831
145 32.59416
146 32.58025
147 32.61832
148 32.70781
149 32.80785
150 32.8133
151 32.79028
152 32.73296
153 32.62904
154 32.54449
155 32.52045
156 32.47773
157 32.57465
158 32.58033
159 32.60322
160 32.62207
161 32.62205
162 32.60556
163 32.62564
164 32.65479
165 32.73458
166 32.71007
167 32.63326
168 32.56618
169 32.54153
170 32.56415
171 32.5409
172 32.53177
173 32.64194
174 32.72014
175 32.75209
176 32.78549
177 32.77696
178 32.81918
179 32.71444
180 32.64161
181 32.67023
182 32.66361
183 32.52431
184 32.44915
185 32.4063
186 32.38966
187 32.39815
188 32.50636
189 32.64155
190 32.83445
191 32.79113
192 32.61647
193 32.54076
194 32.65001
195 32.66003
196 32.67588
197 32.66872
198 32.74132
199 32.70623
200 32.53783
201 32.53403
202 32.56919
203 32.74858
204 32.74516
205 32.67319
206 32.69531
207 32.71664
208 32.70456
209 32.52612
210 32.29923
211 32.32541
212 32.47698
213 32.35927
214 32.33221
215 32.37902
216 32.46273
217 32.54454
218 32.60333
219 32.71902
220 32.85753
221 32.97263
222 32.94227
223 32.72066
224 32.62282
225 32.54472
226 32.56398
227 32.54406
228 32.57784
229 32.59512
230 32.65812
231 32.622
232 32.63549
233 32.66553
234 32.78545
235 32.82376
236 32.80814
237 32.77806
238 32.71504
239 32.6599
240 32.57922
241 32.56367
242 32.57424
243 32.62584
244 32.54779
245 32.49564
246 32.45671
247 32.47779
248 32.43802
249 32.48475
250 32.56648
251 32.75008
252 32.71106
253 32.6394
254 32.56458
255 32.62728
256 32.61489
257 32.53778
258 32.54443
259 32.60741
260 32.66625
261 32.56311
262 32.40443
263 32.31179
264 32.42355
265 32.42376
266 32.3991
267 32.42493
268 32.56012
269 32.66278
270 32.63765
271 32.63987
272 32.66069
273 32.67784
274 32.61503
275 32.65128
276 32.69502
277 32.67646
278 32.61285
279 32.57414
280 32.60258
281 32.66647
282 32.66739
283 32.63805
284 32.76985
285 32.87814
286 32.85294
287 32.77198
288 32.82278
289 32.77389
290 32.76483
291 32.74538
292 32.77129
293 32.73689
294 32.70238
295 32.6063
296 32.63658
297 32.5993
298 32.5934
299 32.59437
300 32.69871
301 32.77185
302 32.80526
303 32.73228
304 32.686
305 32.64803
306 32.58504
307 32.53613
308 32.51587
309 32.46408
310 32.43843
311 32.45236
312 32.36855
313 32.31546
314 32.38534
315 32.48432
316 32.55869
317 32.65174
318 32.65085
319 32.65388
320 32.55626
321 32.46794
322 32.45979
323 32.53695
324 32.4542
325 32.43791
326 32.40088
327 32.41423
328 32.42321
329 32.37661
330 32.42593
331 32.488
332 32.63698
333 32.64841
334 32.59927
335 32.5714
336 32.57992
337 32.54653
338 32.47838
339 32.46045
340 32.44363
341 32.47716
342 32.49281
343 32.49382
344 32.5862
345 32.67575
346 32.74469
347 32.80966
348 32.9896
349 33.04631
350 32.97729
351 32.88462
352 32.87201
353 32.78381
354 32.73793
355 32.64514
356 32.59571
357 32.57859
358 32.60126
359 32.51996
360 32.52742
361 32.58107
362 32.73008
363 32.77261
364 32.83983
365 32.90269
366 32.98777
367 32.95569
368 32.94703
369 32.82591
370 32.80445
371 32.75821
372 32.62752
373 32.49656
374 32.50493
375 32.50547
376 32.53202
377 32.56404
378 32.55462
379 32.55215
380 32.65591
381 32.75183
382 32.78261
383 32.80683
384 32.8027
385 32.78147
386 32.70672
387 32.65255
388 32.54888
389 32.48351
390 32.4857
391 32.42803
392 32.32352
393 32.31945
394 32.41321
395 32.49551
396 32.41785
397 32.40135
398 32.59193
399 32.68783
400 32.68231
401 32.68099
402 32.62694
403 32.63574
404 32.55106
405 32.51126
406 32.49998
407 32.60949
408 32.59798
409 32.50307
410 32.44639
411 32.47198
412 32.52774
413 32.50661
414 32.55163
415 32.60823
416 32.7271
417 32.69306
418 32.68047
419 32.68401
420 32.70133
421 32.72592
422 32.73175
423 32.72717
424 32.6781
425 32.68247
426 32.54069
427 32.51415
428 32.50618
429 32.59646
430 32.57842
431 32.54629
432 32.49317
433 32.438
434 32.34606
435 32.44212
436 32.50441
437 32.59605
438 32.61481
439 32.534
440 32.57471
441 32.57291
442 32.54816
443 32.50716
444 32.56094
445 32.62777
446 32.66801
447 32.65776
448 32.67583
449 32.71102
450 32.69771
451 32.60059
452 32.56771
453 32.62396
454 32.6548
455 32.54705
456 32.5341
457 32.59732
458 32.69345
459 32.65836
460 32.66013
461 32.77795
462 32.88227
463 32.88415
464 32.7768
465 32.70034
466 32.64642
467 32.67553
468 32.67568
469 32.62331
470 32.55503
471 32.55546
472 32.50058
473 32.41116
474 32.3773
475 32.4955
476 32.70685
477 32.82446
478 32.86889
479 32.78167
480 32.69357
481 32.59576
482 32.48817
483 32.41975
484 32.4518
485 32.46655
486 32.36567
487 32.28577
488 32.28574
489 32.28967
490 32.32815
491 32.36118
492 32.53319
493 32.74401
494 32.86846
495 32.87009
496 32.80835
497 32.76489
498 32.67436
499 32.5826
500 32.56571
501 32.65853
502 32.60898
503 32.53689
504 32.48395
505 32.4888
506 32.56099
507 32.59518
508 32.66665
509 32.77688
510 32.77549
511 32.82512
512 32.72091
513 32.59895
514 32.61327
515 32.67194
516 32.68441
517 32.58708
518 32.49445
519 32.4948
520 32.44056
521 32.36267
522 32.40985
523 32.5004
524 32.64505
525 32.60178
526 32.56799
527 32.52129
528 32.4571
529 32.40804
530 32.41676
531 32.49917
532 32.6511
533 32.61475
534 32.48266
535 32.47554
536 32.56713
537 32.509
538 32.46998
539 32.46037
540 32.59039
541 32.66666
542 32.71619
543 32.61596
544 32.61939
545 32.64374
546 32.54194
547 32.42517
548 32.43804
549 32.43615
550 32.37946
551 32.31355
552 32.30723
553 32.33235
554 32.42773
555 32.54878
556 32.69554
557 32.80895
558 32.88047
559 32.81641
560 32.70325
561 32.64537
562 32.64007
563 32.68436
564 32.68988
565 32.64777
566 32.61014
567 32.65157
568 32.62564
569 32.5892
570 32.63068
571 32.72413
572 32.81921
573 32.90963
574 32.92166
575 32.86449
576 32.8365
577 32.71284
578 32.6384
579 32.6341
580 32.57466
581 32.45525
582 32.37774
583 32.42634
584 32.46907
585 32.48452
586 32.47823
587 32.59497
588 32.73495
589 32.76266
590 32.69213
591 32.63652
592 32.59152
593 32.50882
594 32.4649
595 32.47564
596 32.55487
597 32.529
598 32.45279
599 32.49314
600 32.55898
601 32.59035
602 32.60562
603 32.67827
604 32.72767
605 32.77005
606 32.74368
607 32.73757
608 32.7423
609 32.70708
610 32.61902
611 32.64896
612 32.66835
613 32.69151
614 32.65944
615 32.59752
616 32.52368
617 32.59314
618 32.58682
619 32.61655
620 32.67974
621 32.6402
622 32.60918
623 32.56442
624 32.52396
625 32.58215
626 32.60677
627 32.57925
628 32.63449
629 32.61394
630 32.56953
631 32.5406
632 32.57025
633 32.64472
634 32.79125
635 32.85234
636 32.86332
637 32.81807
638 32.74677
639 32.52068
640 32.41833
641 32.39729
642 32.42087
643 32.42661
644 32.45219
645 32.40479
646 32.45589
647 32.43079
648 32.38789
649 32.37039
650 32.48167
651 32.60737
652 32.62044
653 32.64376
654 32.70338
655 32.70795
656 32.63788
657 32.59716
658 32.6254
659 32.60792
660 32.62903
661 32.62985
662 32.67037
663 32.71177
664 32.73985
665 32.73346
666 32.72828
667 32.73457
668 32.72485
669 32.72187
670 32.76136
671 32.71218
672 32.68173
673 32.61432
674 32.62264
675 32.58339
676 32.57279
677 32.53011
678 32.55374
679 32.624
680 32.65255
681 32.72417
682 32.75878
683 32.80209
684 32.88271
685 32.89085
686 32.83596
687 32.67092
688 32.66615
689 32.59131
690 32.49256
691 32.39084
692 32.3901
693 32.51663
694 32.65738
695 32.69197
696 32.71126
697 32.77721
698 32.69965
699 32.68489
700 32.65607
701 32.60467
702 32.59547
703 32.49039
704 32.47232
705 32.49406
706 32.49743
707 32.35835
708 32.33397
709 32.40306
710 32.53933
711 32.58736
712 32.61835
713 32.64698
714 32.75089
715 32.78534
716 32.79243
717 32.79636
718 32.76044
719 32.69227
720 32.59189
721 32.58977
722 32.58263
723 32.60072
724 32.58255
725 32.64674
726 32.69479
727 32.75453
728 32.71459
729 32.72754
730 32.81245
731 32.78159
732 32.76913
733 32.70798
734 32.67233
735 32.68063
736 32.55359
737 32.49889
738 32.54444
739 32.67271
740 32.69677
741 32.61197
742 32.6728
743 32.7785
744 32.76229
745 32.67995
746 32.68525
747 32.74274
748 32.85876
749 32.75276
750 32.64153
751 32.51936
752 32.44123
753 32.37696
754 32.38959
755 32.37006
756 32.33054
757 32.31379
758 32.31362
759 32.41039
760 32.48033
761 32.58738
762 32.61405
763 32.73712
764 32.76849
765 32.67598
766 32.60048
767 32.56954
768 32.55753
769 32.57784
770 32.57021
771 32.49939
772 32.55191
773 32.53741
774 32.48677
775 32.38938
776 32.42574
777 32.45374
778 32.50232
779 32.60609
780 32.69171
781 32.66973
782 32.60365
783 32.52625
784 32.49546
785 32.47397
786 32.45919
787 32.34194
788 32.31923
789 32.33938
