"right_wing_drag"
"Iteration" "right_wing_drag"
("Iteration" "right_wing_drag")
1 13.40193
2 10.00794
3 3.118353
4 -2.106337
5 -5.624216
6 -7.819538
7 -9.301519
8 -10.30105
9 -11.04777
10 -11.57686
11 -11.93577
12 -12.12381
13 -12.23743
14 -12.33519
15 -12.40808
16 -12.42223
17 -12.41938
18 -12.41251
19 -12.39506
20 -12.36953
21 -12.35509
22 -12.33822
23 -12.29546
24 -12.21008
25 -12.10734
26 -12.00569
27 -11.90853
28 -11.81761
29 -11.74477
30 -11.69832
31 -11.63809
32 -11.57284
33 -11.5378
34 -11.52129
35 -11.51468
36 -11.512
37 -11.52646
38 -11.54757
39 -11.55534
40 -11.56146
41 -11.57401
42 -11.57365
43 -11.56377
44 -11.55384
45 -11.53599
46 -11.51287
47 -11.49311
48 -11.47262
49 -11.44782
50 -11.42872
51 -11.41412
52 -11.39233
53 -11.36672
54 -11.35079
55 -11.33887
56 -11.31812
57 -11.29659
58 -11.284
59 -11.27184
60 -11.2409
61 -11.20936
62 -11.20004
63 -11.2051
64 -11.19483
65 -11.17825
66 -11.18964
67 -11.22851
68 -11.25449
69 -11.27448
70 -11.31561
71 -11.3535
72 -11.34773
73 -11.3028
74 -11.3018
75 -11.2677
76 -11.2241
77 -11.18411
78 -11.15541
79 -11.13749
80 -11.09826
81 -11.09909
82 -11.09443
83 -11.10028
84 -11.13375
85 -11.17244
86 -11.2388
87 -11.28486
88 -11.33546
89 -11.3534
90 -11.3418
91 -11.34573
92 -11.31358
93 -11.28584
94 -11.25204
95 -11.21546
96 -11.18277
97 -11.12979
98 -11.10105
99 -11.06056
100 -11.00654
101 -10.969
102 -10.91711
103 -10.91582
104 -10.92338
105 -10.95405
106 -11.04215
107 -11.13513
108 -11.24965
109 -11.31171
110 -11.34405
111 -11.36502
112 -11.35827
113 -11.33787
114 -11.28032
115 -11.24798
116 -11.20412
117 -11.14874
118 -11.1126
119 -11.06638
120 -11.04285
121 -10.99767
122 -10.96397
123 -10.94078
124 -10.91193
125 -10.96654
126 -11.04549
127 -11.15328
128 -11.25389
129 -11.31549
130 -11.38477
131 -11.38729
132 -11.35408
133 -11.33595
134 -11.30325
135 -11.28973
136 -11.25348
137 -11.22213
138 -11.17633
139 -11.12708
140 -11.09911
141 -11.07236
142 -11.06735
143 -11.07128
144 -11.1035
145 -11.20035
146 -11.25944
147 -11.32512
148 -11.37861
149 -11.39137
150 -11.40707
151 -11.37706
152 -11.36857
153 -11.3388
154 -11.28966
155 -11.25713
156 -11.20016
157 -11.16059
158 -11.11387
159 -11.11332
160 -11.12147
161 -11.1284
162 -11.18051
163 -11.23428
164 -11.29613
165 -11.35948
166 -11.34427
167 -11.34595
168 -11.32518
169 -11.30131
170 -11.28825
171 -11.2365
172 -11.22783
173 -11.22349
174 -11.23547
175 -11.2433
176 -11.23756
177 -11.26411
178 -11.27506
179 -11.27551
180 -11.30561
181 -11.31843
182 -11.33794
183 -11.32087
184 -11.28558
185 -11.25923
186 -11.19402
187 -11.1516
188 -11.10804
189 -11.08552
190 -11.05746
191 -11.02032
192 -11.04034
193 -11.0853
194 -11.15217
195 -11.24985
196 -11.30656
197 -11.39555
198 -11.43184
199 -11.43555
200 -11.43147
201 -11.38453
202 -11.3672
203 -11.3168
204 -11.28948
205 -11.26288
206 -11.21857
207 -11.19306
208 -11.14863
209 -11.11164
210 -11.06648
211 -11.03798
212 -11.07845
213 -11.13495
214 -11.19933
215 -11.25085
216 -11.28311
217 -11.34083
218 -11.3559
219 -11.34628
220 -11.33245
221 -11.31585
222 -11.3139
223 -11.26571
224 -11.21193
225 -11.16427
226 -11.14032
227 -11.13414
228 -11.11918
229 -11.15013
230 -11.19253
231 -11.25039
232 -11.32641
233 -11.36484
234 -11.42089
235 -11.44118
236 -11.43447
237 -11.4104
238 -11.37311
239 -11.36041
240 -11.3083
241 -11.24855
242 -11.22493
243 -11.17336
244 -11.15242
245 -11.10929
246 -11.07798
247 -11.07144
248 -11.03296
249 -11.07505
250 -11.14815
251 -11.26889
252 -11.36263
253 -11.37998
254 -11.40325
255 -11.41137
256 -11.42745
257 -11.40682
258 -11.36452
259 -11.35124
260 -11.30288
261 -11.26277
262 -11.23547
263 -11.17463
264 -11.16394
265 -11.13371
266 -11.11398
267 -11.09741
268 -11.12103
269 -11.21004
270 -11.26567
271 -11.31095
272 -11.36888
273 -11.40243
274 -11.41745
275 -11.37454
276 -11.35639
277 -11.34059
278 -11.28694
279 -11.24016
280 -11.1894
281 -11.17972
282 -11.15604
283 -11.10805
284 -11.08475
285 -11.06914
286 -11.09534
287 -11.10937
288 -11.15139
289 -11.23433
290 -11.28345
291 -11.31906
292 -11.32961
293 -11.33183
294 -11.33517
295 -11.29437
296 -11.26654
297 -11.21213
298 -11.16409
299 -11.12438
300 -11.07997
301 -11.05597
302 -11.00535
303 -10.99517
304 -11.01732
305 -11.04504
306 -11.1349
307 -11.24254
308 -11.33063
309 -11.38504
310 -11.41228
311 -11.44049
312 -11.41942
313 -11.40607
314 -11.3743
315 -11.33093
316 -11.31231
317 -11.28068
318 -11.26285
319 -11.23587
320 -11.19334
321 -11.17061
322 -11.14177
323 -11.14532
324 -11.1549
325 -11.17321
326 -11.22666
327 -11.25886
328 -11.28132
329 -11.2848
330 -11.27268
331 -11.26873
332 -11.24981
333 -11.25168
334 -11.21121
335 -11.15751
336 -11.1425
337 -11.11183
338 -11.09396
339 -11.04891
340 -11.04317
341 -11.0795
342 -11.12547
343 -11.20545
344 -11.27802
345 -11.36022
346 -11.42769
347 -11.458
348 -11.46878
349 -11.46071
350 -11.46174
351 -11.42216
352 -11.37025
353 -11.35154
354 -11.29885
355 -11.25424
356 -11.22779
357 -11.21806
358 -11.20393
359 -11.1412
360 -11.13536
361 -11.1226
362 -11.12702
363 -11.19998
364 -11.27562
365 -11.35554
366 -11.41037
367 -11.43478
368 -11.46248
369 -11.42505
370 -11.39486
371 -11.36088
372 -11.31494
373 -11.28123
374 -11.225
375 -11.19554
376 -11.1729
377 -11.13962
378 -11.10384
379 -11.08759
380 -11.13299
381 -11.1996
382 -11.26793
383 -11.34687
384 -11.39826
385 -11.43345
386 -11.42014
387 -11.39583
388 -11.3816
389 -11.33729
390 -11.32579
391 -11.27852
392 -11.23483
393 -11.22196
394 -11.19228
395 -11.17304
396 -11.11686
397 -11.11741
398 -11.16411
399 -11.19129
400 -11.25954
401 -11.32649
402 -11.39128
403 -11.43474
404 -11.42683
405 -11.43549
406 -11.4254
407 -11.42493
408 -11.38212
409 -11.31031
410 -11.30421
411 -11.29423
412 -11.28319
413 -11.24994
414 -11.19242
415 -11.16638
416 -11.13235
417 -11.12284
418 -11.1426
419 -11.18389
420 -11.28213
421 -11.33959
422 -11.37834
423 -11.40369
424 -11.38673
425 -11.35688
426 -11.2979
427 -11.28006
428 -11.264
429 -11.22004
430 -11.20079
431 -11.15776
432 -11.11251
433 -11.07461
434 -11.07495
435 -11.14329
436 -11.22258
437 -11.31564
438 -11.36567
439 -11.38435
440 -11.42255
441 -11.4235
442 -11.40265
443 -11.3675
444 -11.34784
445 -11.34189
446 -11.29446
447 -11.26057
448 -11.23101
449 -11.20417
450 -11.18522
451 -11.13466
452 -11.12461
453 -11.12407
454 -11.15294
455 -11.19062
456 -11.22867
457 -11.31075
458 -11.36133
459 -11.39415
460 -11.40603
461 -11.39099
462 -11.3805
463 -11.34282
464 -11.30986
465 -11.25279
466 -11.20157
467 -11.17861
468 -11.10411
469 -11.06655
470 -11.04776
471 -11.03937
472 -11.06337
473 -11.0784
474 -11.14618
475 -11.22908
476 -11.304
477 -11.37022
478 -11.36964
479 -11.37426
480 -11.36594
481 -11.31891
482 -11.29522
483 -11.24169
484 -11.22005
485 -11.189
486 -11.15669
487 -11.13327
488 -11.07938
489 -11.07948
490 -11.09679
491 -11.13533
492 -11.22137
493 -11.30085
494 -11.39502
495 -11.43807
496 -11.44124
497 -11.44932
498 -11.42351
499 -11.39773
500 -11.34891
501 -11.32157
502 -11.30037
503 -11.26577
504 -11.24464
505 -11.19047
506 -11.14391
507 -11.11272
508 -11.10071
509 -11.10004
510 -11.0726
511 -11.10692
512 -11.18626
513 -11.24205
514 -11.33234
515 -11.3686
516 -11.39621
517 -11.39903
518 -11.36581
519 -11.35948
520 -11.32985
521 -11.30497
522 -11.25908
523 -11.21465
524 -11.18923
525 -11.1367
526 -11.1037
527 -11.08368
528 -11.04957
529 -11.07463
530 -11.1204
531 -11.22833
532 -11.33439
533 -11.37681
534 -11.43333
535 -11.42853
536 -11.41762
537 -11.41806
538 -11.4099
539 -11.38704
540 -11.34569
541 -11.34183
542 -11.30364
543 -11.2549
544 -11.2368
545 -11.21011
546 -11.20589
547 -11.15738
548 -11.13754
549 -11.13981
550 -11.13758
551 -11.16414
552 -11.15387
553 -11.1768
554 -11.21138
555 -11.22802
556 -11.23732
557 -11.22886
558 -11.26159
559 -11.26635
560 -11.22382
561 -11.22071
562 -11.19642
563 -11.21144
564 -11.23414
565 -11.21898
566 -11.23567
567 -11.26402
568 -11.30165
569 -11.29953
570 -11.28811
571 -11.33122
572 -11.35054
573 -11.3266
574 -11.3018
575 -11.2855
576 -11.27881
577 -11.21031
578 -11.18771
579 -11.18679
580 -11.15871
581 -11.13212
582 -11.08505
583 -11.0998
584 -11.13881
585 -11.16563
586 -11.20596
587 -11.25419
588 -11.31985
589 -11.33723
590 -11.33537
591 -11.34729
592 -11.33918
593 -11.333
594 -11.28256
595 -11.22822
596 -11.21132
597 -11.17932
598 -11.13371
599 -11.07383
600 -11.03641
601 -11.04487
602 -11.02485
603 -11.04939
604 -11.10305
605 -11.19539
606 -11.28685
607 -11.32907
608 -11.396
609 -11.41638
610 -11.41502
611 -11.40218
612 -11.38378
613 -11.37841
614 -11.32683
615 -11.30253
616 -11.26939
617 -11.21671
618 -11.18738
619 -11.15284
620 -11.10108
621 -11.07039
622 -11.07132
623 -11.15655
624 -11.22971
625 -11.29463
626 -11.35139
627 -11.38473
628 -11.42807
629 -11.4109
630 -11.38496
631 -11.36451
632 -11.34873
633 -11.31066
634 -11.24315
635 -11.22862
636 -11.17899
637 -11.13151
638 -11.11047
639 -11.06732
640 -11.09548
641 -11.11684
642 -11.13424
643 -11.1881
644 -11.22295
645 -11.27485
646 -11.29049
647 -11.30157
648 -11.30946
649 -11.27906
650 -11.25148
651 -11.22431
652 -11.1969
653 -11.15631
654 -11.11123
655 -11.10217
656 -11.06251
657 -11.02851
658 -11.02545
659 -11.05024
660 -11.1223
661 -11.2006
662 -11.30608
663 -11.38421
664 -11.4185
665 -11.44227
666 -11.43659
667 -11.4237
668 -11.39187
669 -11.34863
670 -11.32365
671 -11.27773
672 -11.25703
673 -11.19744
674 -11.15894
675 -11.15022
676 -11.0877
677 -11.0544
678 -11.04286
679 -11.0754
680 -11.12773
681 -11.17251
682 -11.28241
683 -11.3652
684 -11.38043
685 -11.3822
686 -11.36913
687 -11.36934
688 -11.34945
689 -11.32387
690 -11.2958
691 -11.23819
692 -11.20524
693 -11.15196
694 -11.10891
695 -11.09994
696 -11.08442
697 -11.11397
698 -11.14474
699 -11.19377
700 -11.2676
701 -11.3247
702 -11.38602
703 -11.36597
704 -11.35803
705 -11.36537
706 -11.32565
707 -11.29682
708 -11.27057
709 -11.26552
710 -11.2475
711 -11.21515
712 -11.18865
713 -11.1587
714 -11.14421
715 -11.14731
716 -11.1563
717 -11.18837
718 -11.20914
719 -11.25909
720 -11.27872
721 -11.30745
722 -11.35656
723 -11.35532
724 -11.34476
725 -11.32478
726 -11.3137
727 -11.24198
728 -11.17173
729 -11.16437
730 -11.12948
731 -11.0832
732 -11.03636
733 -10.99727
734 -11.04252
735 -11.09038
736 -11.15778
737 -11.25387
738 -11.32196
739 -11.39449
740 -11.40908
741 -11.40376
742 -11.39701
743 -11.38586
744 -11.36892
745 -11.29174
746 -11.25836
747 -11.22408
748 -11.14294
749 -11.10339
750 -11.04471
751 -11.04256
752 -11.04507
753 -11.06773
754 -11.14888
755 -11.22351
756 -11.30718
757 -11.35141
758 -11.36857
759 -11.38381
760 -11.36453
761 -11.33604
762 -11.30844
763 -11.29263
764 -11.27673
765 -11.22728
766 -11.18729
767 -11.13856
768 -11.09852
769 -11.08978
770 -11.09174
771 -11.1375
772 -11.19584
773 -11.27617
774 -11.32045
775 -11.33922
776 -11.37415
777 -11.37265
778 -11.34835
779 -11.31812
780 -11.29562
781 -11.26942
782 -11.18701
783 -11.13225
784 -11.08402
785 -11.05345
786 -11.0341
787 -10.97349
788 -10.98621
789 -11.04644
