"left_fin_moment"
"Iteration" "left_fin_moment"
("Iteration" "left_fin_moment")
1 0.1957415
2 0.1341465
3 0.05287578
4 0.005329803
5 -0.01848689
6 -0.03083728
7 -0.03733649
8 -0.04160147
9 -0.04506753
10 -0.04809164
11 -0.05085068
12 -0.05320996
13 -0.05523538
14 -0.05674609
15 -0.05793936
16 -0.05879837
17 -0.05939713
18 -0.0597759
19 -0.06007162
20 -0.06036825
21 -0.06066266
22 -0.06105691
23 -0.06153388
24 -0.06197396
25 -0.06245381
26 -0.06292313
27 -0.06319048
28 -0.06330655
29 -0.06346244
30 -0.0634979
31 -0.06353977
32 -0.06351651
33 -0.0636499
34 -0.06371854
35 -0.06374814
36 -0.06376375
37 -0.0639035
38 -0.06400023
39 -0.06416818
40 -0.06436715
41 -0.06456617
42 -0.06475899
43 -0.06505469
44 -0.06544571
45 -0.06581923
46 -0.06620748
47 -0.06662869
48 -0.06711485
49 -0.06763919
50 -0.06823805
51 -0.06895004
52 -0.06970882
53 -0.07049704
54 -0.07130225
55 -0.07224201
56 -0.07332578
57 -0.07450128
58 -0.07560951
59 -0.07679255
60 -0.07807451
61 -0.07940441
62 -0.0806978
63 -0.08209001
64 -0.08361268
65 -0.08509096
66 -0.08660965
67 -0.08821574
68 -0.08978117
69 -0.09133487
70 -0.09295149
71 -0.0944685
72 -0.09608302
73 -0.09760766
74 -0.09926309
75 -0.1007929
76 -0.1023254
77 -0.1037549
78 -0.1052343
79 -0.1067344
80 -0.1080557
81 -0.1093882
82 -0.1106782
83 -0.1119448
84 -0.1132351
85 -0.1145149
86 -0.1157008
87 -0.1169604
88 -0.1182371
89 -0.119481
90 -0.1207158
91 -0.1219631
92 -0.1232986
93 -0.1246404
94 -0.1259192
95 -0.1272429
96 -0.1285806
97 -0.1299449
98 -0.13124
99 -0.1325644
100 -0.1338456
101 -0.1350761
102 -0.1362241
103 -0.1372937
104 -0.1383398
105 -0.1393255
106 -0.1402304
107 -0.1410805
108 -0.141784
109 -0.1423741
110 -0.1429881
111 -0.1435014
112 -0.1439083
113 -0.1443089
114 -0.1446533
115 -0.1449876
116 -0.1451629
117 -0.1452844
118 -0.1453416
119 -0.1453615
120 -0.1453687
121 -0.145346
122 -0.1452511
123 -0.145077
124 -0.1449307
125 -0.1448068
126 -0.1446573
127 -0.1445201
128 -0.1444016
129 -0.1442664
130 -0.1440965
131 -0.1439153
132 -0.1436658
133 -0.143424
134 -0.143144
135 -0.1428355
136 -0.1425435
137 -0.1422681
138 -0.1420041
139 -0.1417291
140 -0.1413813
141 -0.1411456
142 -0.1408977
143 -0.1405761
144 -0.1403158
145 -0.1399821
146 -0.1396407
147 -0.1393343
148 -0.139066
149 -0.1387174
150 -0.1383708
151 -0.1379211
152 -0.1374483
153 -0.1369302
154 -0.1363083
155 -0.1356583
156 -0.1348554
157 -0.1341188
158 -0.1332825
159 -0.1323617
160 -0.1314211
161 -0.130397
162 -0.1293847
163 -0.1283871
164 -0.1272873
165 -0.1261565
166 -0.1250093
167 -0.1237829
168 -0.1224245
169 -0.121084
170 -0.119589
171 -0.1180885
172 -0.1164563
173 -0.1147052
174 -0.1129182
175 -0.1110363
176 -0.1090525
177 -0.1070262
178 -0.1050123
179 -0.102901
180 -0.1008176
181 -0.0987382
182 -0.09667066
183 -0.09458719
184 -0.09250228
185 -0.09048994
186 -0.08848081
187 -0.08659049
188 -0.08464852
189 -0.08283594
190 -0.08101562
191 -0.07929964
192 -0.0776486
193 -0.07608722
194 -0.07460543
195 -0.07324675
196 -0.07195431
197 -0.07077359
198 -0.06962897
199 -0.06853633
200 -0.06755442
201 -0.06664333
202 -0.06583957
203 -0.0651214
204 -0.06443479
205 -0.06382652
206 -0.06324352
207 -0.06270861
208 -0.06219923
209 -0.06181401
210 -0.06144323
211 -0.06114065
212 -0.06084329
213 -0.06057884
214 -0.06035562
215 -0.0601371
216 -0.059866
217 -0.05961725
218 -0.05937153
219 -0.05913894
220 -0.05897824
221 -0.0588639
222 -0.05874687
223 -0.05862323
224 -0.05849645
225 -0.05843433
226 -0.05831312
227 -0.05820959
228 -0.0582144
229 -0.05820599
230 -0.05823214
231 -0.05828657
232 -0.05842055
233 -0.05863837
234 -0.05891193
235 -0.05922155
236 -0.05961018
237 -0.06001619
238 -0.06044946
239 -0.06090803
240 -0.0614008
241 -0.06201189
242 -0.06269822
243 -0.06341107
244 -0.06422403
245 -0.06500379
246 -0.0658932
247 -0.06685828
248 -0.06786008
249 -0.06897698
250 -0.07010817
251 -0.07124085
252 -0.07235876
253 -0.07347727
254 -0.07455815
255 -0.07561002
256 -0.07665766
257 -0.07770696
258 -0.07866376
259 -0.07959861
260 -0.08048826
261 -0.08140027
262 -0.08228415
263 -0.08316368
264 -0.08401959
265 -0.0848969
266 -0.08576148
267 -0.08660385
268 -0.08740541
269 -0.08821129
270 -0.0889943
271 -0.08976232
272 -0.09048909
273 -0.09121694
274 -0.09189904
275 -0.09252592
276 -0.09313845
277 -0.09370591
278 -0.09422891
279 -0.09473242
280 -0.09520997
281 -0.0956286
282 -0.09600642
283 -0.09633221
284 -0.09658425
285 -0.09681985
286 -0.09696431
287 -0.0971003
288 -0.09720948
289 -0.09727873
290 -0.09732936
291 -0.09737165
292 -0.09735525
293 -0.09731446
294 -0.09724902
295 -0.09718358
296 -0.09711821
297 -0.09698355
298 -0.09689205
299 -0.09681321
300 -0.09671491
301 -0.09656962
302 -0.09641571
303 -0.09624714
304 -0.09607905
305 -0.09589222
306 -0.09571751
307 -0.09544596
308 -0.09517574
309 -0.0948599
310 -0.09456513
311 -0.09430113
312 -0.09395314
313 -0.09362559
314 -0.09327728
315 -0.09289039
316 -0.09250492
317 -0.09212442
318 -0.09180507
319 -0.09150033
320 -0.091204
321 -0.09093866
322 -0.0906932
323 -0.09046328
324 -0.09026189
325 -0.09011143
326 -0.08998573
327 -0.08989917
328 -0.08988146
329 -0.08990891
330 -0.08995407
331 -0.08998285
332 -0.09009667
333 -0.09023402
334 -0.09044355
335 -0.09067366
336 -0.09090099
337 -0.09116424
338 -0.09140576
339 -0.09164152
340 -0.09191563
341 -0.09216463
342 -0.0924226
343 -0.09269659
344 -0.09296631
345 -0.09326823
346 -0.09353773
347 -0.09381058
348 -0.09406004
349 -0.09431434
350 -0.09453922
351 -0.09472847
352 -0.094912
353 -0.09507566
354 -0.09521449
355 -0.09535807
356 -0.09545673
357 -0.09554219
358 -0.09559424
359 -0.0956407
360 -0.09567529
361 -0.09571005
362 -0.09569832
363 -0.09569642
364 -0.09564021
365 -0.09556266
366 -0.09544966
367 -0.09535753
368 -0.09524419
369 -0.09508404
370 -0.09490219
371 -0.0947058
372 -0.09449397
373 -0.09428674
374 -0.09404038
375 -0.09379235
376 -0.0935325
377 -0.09326511
378 -0.09300683
379 -0.09271567
380 -0.09241396
381 -0.09211408
382 -0.09178676
383 -0.09145417
384 -0.09111208
385 -0.09077665
386 -0.09044769
387 -0.0901133
388 -0.0897672
389 -0.08945553
390 -0.08912832
391 -0.08879581
392 -0.08848689
393 -0.08821366
394 -0.08791891
395 -0.08765136
396 -0.08739416
397 -0.08716681
398 -0.08692832
399 -0.0867101
400 -0.086532
401 -0.08635943
402 -0.08621436
403 -0.08607271
404 -0.08596475
405 -0.08588339
406 -0.08581728
407 -0.08577096
408 -0.08573662
409 -0.0857147
410 -0.08569023
411 -0.08571344
412 -0.08575754
413 -0.08581382
414 -0.08589795
415 -0.0859914
416 -0.08610778
417 -0.08624052
418 -0.08638142
419 -0.08655064
420 -0.08670909
421 -0.08690384
422 -0.08710484
423 -0.08732174
424 -0.08755537
425 -0.08778678
426 -0.08803124
427 -0.08829022
428 -0.08856972
429 -0.08884788
430 -0.08912825
431 -0.0894229
432 -0.08972158
433 -0.0900502
434 -0.09035319
435 -0.0906453
436 -0.09094881
437 -0.09123752
438 -0.09153847
439 -0.09182268
440 -0.09210202
441 -0.09237081
442 -0.09263129
443 -0.09287514
444 -0.09311306
445 -0.09333841
446 -0.09355921
447 -0.09375705
448 -0.09396827
449 -0.0941503
450 -0.09431621
451 -0.09449038
452 -0.09465164
453 -0.09478991
454 -0.09491825
455 -0.09501537
456 -0.09511657
457 -0.09520733
458 -0.09530485
459 -0.0953898
460 -0.09546813
461 -0.09554686
462 -0.09561498
463 -0.09566769
464 -0.09569655
465 -0.09571967
466 -0.09572889
467 -0.09573986
468 -0.09574369
469 -0.09574948
470 -0.09574301
471 -0.0957138
472 -0.09569404
473 -0.09566738
474 -0.09564683
475 -0.09561717
476 -0.09557882
477 -0.09553453
478 -0.09549942
479 -0.09545273
480 -0.09540863
481 -0.09535537
482 -0.09530941
483 -0.09525008
484 -0.09519508
485 -0.09515109
486 -0.09510338
487 -0.09506047
488 -0.09502597
489 -0.09499383
490 -0.094947
491 -0.09490764
492 -0.09485468
493 -0.09481242
494 -0.09476575
495 -0.09471702
496 -0.09465181
497 -0.09459558
498 -0.0945358
499 -0.09447534
500 -0.09440159
501 -0.09433115
502 -0.09423131
503 -0.09413017
504 -0.09402308
505 -0.09392459
506 -0.09381341
507 -0.09371046
508 -0.0935647
509 -0.09344599
510 -0.09329277
511 -0.09313762
512 -0.09298451
513 -0.09282004
514 -0.0926492
515 -0.0924966
516 -0.09231108
517 -0.09212923
518 -0.09193935
519 -0.09176223
520 -0.09158792
521 -0.09142124
522 -0.09125377
523 -0.09109657
524 -0.09094697
525 -0.09079459
526 -0.09063508
527 -0.09048493
528 -0.09033521
529 -0.09021461
530 -0.09008362
531 -0.08996492
532 -0.08984594
533 -0.08973862
534 -0.0896269
535 -0.08952305
536 -0.08940971
537 -0.08928308
538 -0.0891647
539 -0.08904997
540 -0.08894657
541 -0.08886112
542 -0.08877377
543 -0.0886796
544 -0.08859109
545 -0.08849531
546 -0.08838322
547 -0.08829468
548 -0.08821908
549 -0.08814372
550 -0.08806578
551 -0.08799525
552 -0.08792307
553 -0.0878626
554 -0.08779518
555 -0.08772326
556 -0.08766546
557 -0.08759597
558 -0.08753791
559 -0.08748837
560 -0.08744218
561 -0.0873946
562 -0.08735815
563 -0.08731175
564 -0.08727805
565 -0.0872416
566 -0.08721144
567 -0.08718156
568 -0.08714308
569 -0.08711078
570 -0.08707718
571 -0.08705015
572 -0.08703041
573 -0.08699857
574 -0.08697693
575 -0.08695596
576 -0.08693362
577 -0.08691564
578 -0.08690853
579 -0.08689548
580 -0.08688429
581 -0.08686446
582 -0.08685336
583 -0.08683615
584 -0.08682274
585 -0.08681113
586 -0.08680183
587 -0.08678666
588 -0.08677892
589 -0.08675742
590 -0.08674554
591 -0.08671922
592 -0.08668672
593 -0.0866489
594 -0.08658506
595 -0.08652977
596 -0.08645712
597 -0.08637207
598 -0.08628239
599 -0.0862046
600 -0.08611172
601 -0.0860134
602 -0.08590186
603 -0.08577402
604 -0.08565328
605 -0.08552019
606 -0.08538964
607 -0.08524679
608 -0.08511312
609 -0.084979
610 -0.08484898
611 -0.08472087
612 -0.08459064
613 -0.08446655
614 -0.08434791
615 -0.08423655
616 -0.08412264
617 -0.08400714
618 -0.08388698
619 -0.08375768
620 -0.08362082
621 -0.08349205
622 -0.08336985
623 -0.0832456
624 -0.08312845
625 -0.08301431
626 -0.08289815
627 -0.08278619
628 -0.0826699
629 -0.08256752
630 -0.08246412
631 -0.08236997
632 -0.08226354
633 -0.08216158
634 -0.08204764
635 -0.08194703
636 -0.0818517
637 -0.08176012
638 -0.0816839
639 -0.0816204
640 -0.08157256
641 -0.08152805
642 -0.0815043
643 -0.08147439
644 -0.0814571
645 -0.08146358
646 -0.08147641
647 -0.0814934
648 -0.08152629
649 -0.08156643
650 -0.08160836
651 -0.08166126
652 -0.08170535
653 -0.08176401
654 -0.08183429
655 -0.08190871
656 -0.0819874
657 -0.08208049
658 -0.08217031
659 -0.08225261
660 -0.08232754
661 -0.08240986
662 -0.08247175
663 -0.08253977
664 -0.0825932
665 -0.08265156
666 -0.08269427
667 -0.08272284
668 -0.08274491
669 -0.08275986
670 -0.08276007
671 -0.08274963
672 -0.08273045
673 -0.08269395
674 -0.08264868
675 -0.0825894
676 -0.08251296
677 -0.08244015
678 -0.08235577
679 -0.08227004
680 -0.08218339
681 -0.08207674
682 -0.08196519
683 -0.081848
684 -0.08173157
685 -0.08159897
686 -0.08147426
687 -0.08134208
688 -0.0812033
689 -0.0810724
690 -0.08093904
691 -0.08080705
692 -0.08067855
693 -0.08055054
694 -0.08042418
695 -0.08030283
696 -0.08018257
697 -0.08007108
698 -0.07995911
699 -0.07984465
700 -0.07973439
701 -0.07962819
702 -0.07952918
703 -0.07942312
704 -0.07933005
705 -0.07923073
706 -0.079127
707 -0.07903122
708 -0.07893218
709 -0.07883582
710 -0.07874696
711 -0.07866945
712 -0.07859192
713 -0.07852763
714 -0.078475
715 -0.07840949
716 -0.07835062
717 -0.07829662
718 -0.07825795
719 -0.07822134
720 -0.0781944
721 -0.0781821
722 -0.0781801
723 -0.07818157
724 -0.07820541
725 -0.07823384
726 -0.0782872
727 -0.07833737
728 -0.07840404
729 -0.07847968
730 -0.07855986
731 -0.07864007
732 -0.0787288
733 -0.07882304
734 -0.07891574
735 -0.07900918
736 -0.0791058
737 -0.07920575
738 -0.07930338
739 -0.0794058
740 -0.07950705
741 -0.0796117
742 -0.07970447
743 -0.0797743
744 -0.07983835
745 -0.07989717
746 -0.07994214
747 -0.07996912
748 -0.07998209
749 -0.07999408
750 -0.07999365
751 -0.07998936
752 -0.0799773
753 -0.07994708
754 -0.0799028
755 -0.07983673
756 -0.07976314
757 -0.07968221
758 -0.07958745
759 -0.07948525
760 -0.07937624
761 -0.07925825
762 -0.07913178
763 -0.07899515
764 -0.07885564
765 -0.07871722
766 -0.07857474
767 -0.0784381
768 -0.07830682
769 -0.07818723
770 -0.07807574
771 -0.07796547
772 -0.07787156
773 -0.07776494
774 -0.07765799
775 -0.07754882
776 -0.07745259
777 -0.07735993
778 -0.07726892
779 -0.0771913
780 -0.07712861
781 -0.07707739
782 -0.07703274
783 -0.0769985
784 -0.07696377
785 -0.07693431
786 -0.07689824
787 -0.07686494
788 -0.07683438
789 -0.07680374
790 -0.07678196
791 -0.07676661
792 -0.07675561
793 -0.07674706
794 -0.07674331
795 -0.07674088
796 -0.07673742
797 -0.07674394
798 -0.07675485
799 -0.07676342
800 -0.07677761
801 -0.07680226
802 -0.07682787
803 -0.07686213
804 -0.07689868
805 -0.07694337
806 -0.07699534
807 -0.07705233
808 -0.07711191
809 -0.07718456
810 -0.07724988
811 -0.07732239
812 -0.07740708
813 -0.07749632
814 -0.07758513
815 -0.0776719
816 -0.07775814
817 -0.077837
818 -0.07792252
819 -0.07799534
820 -0.07806802
821 -0.07814226
822 -0.07821596
823 -0.07827482
824 -0.07833596
825 -0.07839219
826 -0.07844997
827 -0.07848733
828 -0.07850663
829 -0.07851536
830 -0.07851427
831 -0.0784846
832 -0.07844047
833 -0.07839386
834 -0.07833073
835 -0.07825602
836 -0.0781786
837 -0.07809471
838 -0.07798868
839 -0.07787284
840 -0.07776701
841 -0.07764751
842 -0.07752674
843 -0.0773977
844 -0.07727808
845 -0.07715363
846 -0.0770277
847 -0.07690184
848 -0.07678183
849 -0.07665073
850 -0.07653513
851 -0.07642122
852 -0.07631913
853 -0.07621926
854 -0.07612305
855 -0.07604437
856 -0.07596716
857 -0.07589214
858 -0.07582118
859 -0.07575126
860 -0.07569206
861 -0.07564499
862 -0.07561548
863 -0.07559122
864 -0.07558699
865 -0.0755912
866 -0.075598
867 -0.07561855
868 -0.07564577
869 -0.07566874
870 -0.07570589
871 -0.07574368
872 -0.07578843
873 -0.07582588
874 -0.075875
875 -0.07592605
876 -0.07599204
877 -0.07605888
878 -0.07613017
879 -0.07620475
880 -0.07628478
881 -0.0763625
882 -0.07644335
883 -0.07651372
884 -0.07659517
885 -0.07666536
886 -0.07674044
887 -0.07681835
888 -0.07691388
889 -0.07700582
890 -0.07709885
891 -0.07718281
892 -0.07728276
893 -0.07737947
894 -0.07748372
895 -0.07757547
896 -0.07767799
897 -0.077765
898 -0.07784607
899 -0.07791394
900 -0.07798393
901 -0.07805382
902 -0.07811725
903 -0.07817257
904 -0.07823525
905 -0.07828355
906 -0.07833327
907 -0.07836738
908 -0.07839506
909 -0.07840951
910 -0.07841904
911 -0.07841676
912 -0.07841019
913 -0.07839508
914 -0.07836948
915 -0.07832544
916 -0.07826553
917 -0.07819375
918 -0.07812011
919 -0.07803594
920 -0.07794656
921 -0.07783963
922 -0.07772714
923 -0.07760059
924 -0.07747568
925 -0.0773535
926 -0.07723175
927 -0.07710172
928 -0.07697821
929 -0.07685445
930 -0.07673982
931 -0.07662306
932 -0.07651982
933 -0.0764177
934 -0.07631822
935 -0.07621695
936 -0.0761314
937 -0.07605258
938 -0.07597821
939 -0.07590495
940 -0.07585527
941 -0.07581007
942 -0.07576689
943 -0.07573297
944 -0.07570861
945 -0.07569911
946 -0.07569329
947 -0.07569744
948 -0.07571429
949 -0.07572509
950 -0.07575777
951 -0.07578229
952 -0.0758201
953 -0.0758549
954 -0.07589702
955 -0.07594716
956 -0.07599802
957 -0.07605842
958 -0.07612196
959 -0.07618307
960 -0.07624698
961 -0.07631731
962 -0.07638502
963 -0.07645626
964 -0.07653218
965 -0.07660779
966 -0.07667922
967 -0.07674303
968 -0.0768171
969 -0.07688399
970 -0.07695246
971 -0.07702571
972 -0.07709447
973 -0.0771764
974 -0.07725345
975 -0.0773268
976 -0.07739145
977 -0.07745671
978 -0.07752014
979 -0.07757191
980 -0.07762106
981 -0.07767869
982 -0.07772344
983 -0.07777149
984 -0.07780977
985 -0.077853
986 -0.07789078
987 -0.07792269
988 -0.07794534
989 -0.07795535
990 -0.07795841
991 -0.07795332
992 -0.0779423
993 -0.07792556
994 -0.07789521
995 -0.07786044
996 -0.07782069
997 -0.07778771
998 -0.0777439
999 -0.07768986
1000 -0.07763126
