"left_wing_drag"
"Iteration" "left_wing_drag"
("Iteration" "left_wing_drag")
1 7.999235
2 8.637356
3 6.100505
4 4.328502
5 3.187219
6 2.694843
7 2.634221
8 2.768057
9 3.040987
10 3.253879
11 3.41243
12 3.474371
13 3.473217
14 3.452942
15 3.460903
16 3.518338
17 3.592189
18 3.664862
19 3.73661
20 3.792652
21 3.826113
22 3.841236
23 3.846638
24 3.83802
25 3.800252
26 3.743401
27 3.665798
28 3.593725
29 3.472485
30 3.370108
31 3.249924
32 3.152305
33 3.029231
34 2.907852
35 2.777614
36 2.670727
37 2.570751
38 2.469325
39 2.36866
40 2.2969
41 2.249652
42 2.217085
43 2.159234
44 2.131282
45 2.118719
46 2.115594
47 2.114392
48 2.12974
49 2.153756
50 2.187941
51 2.224867
52 2.254463
53 2.281714
54 2.314417
55 2.340157
56 2.360187
57 2.367268
58 2.372871
59 2.382632
60 2.374536
61 2.362795
62 2.34476
63 2.315125
64 2.286383
65 2.251033
66 2.219098
67 2.179357
68 2.141327
69 2.104708
70 2.063708
71 2.016767
72 1.979323
73 1.934242
74 1.888386
75 1.841612
76 1.809134
77 1.766318
78 1.729513
79 1.690509
80 1.653964
81 1.620081
82 1.589692
83 1.556142
84 1.528295
85 1.497236
86 1.470345
87 1.447154
88 1.422584
89 1.404297
90 1.388861
91 1.373861
92 1.362784
93 1.355765
94 1.342799
95 1.330172
96 1.327395
97 1.323053
98 1.318218
99 1.314874
100 1.317248
101 1.317832
102 1.32394
103 1.329714
104 1.332507
105 1.33657
106 1.339678
107 1.344991
108 1.350792
109 1.356466
110 1.358554
111 1.359634
112 1.357651
113 1.351117
114 1.344244
115 1.33755
116 1.325802
117 1.313893
118 1.307757
119 1.292152
120 1.279886
121 1.264421
122 1.254073
123 1.239346
124 1.22954
125 1.219331
126 1.211254
127 1.203575
128 1.201521
129 1.198112
130 1.192436
131 1.187425
132 1.185084
133 1.182655
134 1.183607
135 1.184258
136 1.187595
137 1.193045
138 1.200098
139 1.204422
140 1.208189
141 1.213427
142 1.221282
143 1.223794
144 1.229861
145 1.229828
146 1.234478
147 1.236147
148 1.24027
149 1.236855
150 1.237907
151 1.239844
152 1.24291
153 1.243746
154 1.244994
155 1.242844
156 1.24728
157 1.247476
158 1.250349
159 1.249411
160 1.249398
161 1.248136
162 1.246692
163 1.243128
164 1.239447
165 1.235564
166 1.232007
167 1.224567
168 1.217066
169 1.206275
170 1.199288
171 1.187198
172 1.178046
173 1.169138
174 1.160072
175 1.144955
176 1.134288
177 1.12435
178 1.112823
179 1.100386
180 1.088907
181 1.077773
182 1.06714
183 1.057537
184 1.045926
185 1.037783
186 1.027853
187 1.018851
188 1.007809
189 0.9997774
190 0.990424
191 0.9812533
192 0.9712207
193 0.9628813
194 0.9517794
195 0.9422286
196 0.9311569
197 0.9252741
198 0.9144487
199 0.9036195
200 0.8926367
201 0.8864932
202 0.8728814
203 0.866688
204 0.8559466
205 0.848497
206 0.8367384
207 0.8306268
208 0.8209421
209 0.8161935
210 0.807266
211 0.8022797
212 0.7949249
213 0.790465
214 0.7837464
215 0.7771802
216 0.7716306
217 0.7668475
218 0.7580487
219 0.7558022
220 0.7503378
221 0.7465429
222 0.741267
223 0.7376232
224 0.7327597
225 0.7302968
226 0.725755
227 0.7202113
228 0.7143025
229 0.7121828
230 0.7081316
231 0.7038193
232 0.6988389
233 0.6962413
234 0.6936884
235 0.6891623
236 0.684871
237 0.6836859
238 0.6818168
239 0.6810275
240 0.679555
241 0.6789682
242 0.6804811
243 0.680786
244 0.6793485
245 0.6796923
246 0.6820788
247 0.6842248
248 0.6845994
249 0.687688
250 0.6912334
251 0.6938679
252 0.6946263
253 0.6935136
254 0.6921346
255 0.6910919
256 0.689253
257 0.6858877
258 0.6831127
259 0.6791885
260 0.6767003
261 0.6752415
262 0.6756235
263 0.6746228
264 0.6750032
265 0.6714337
266 0.6687037
267 0.6647903
268 0.6650606
269 0.6620501
270 0.6614137
271 0.6600773
272 0.6599251
273 0.6609526
274 0.6613316
275 0.6591499
276 0.6595982
277 0.6593695
278 0.6586841
279 0.6564151
280 0.6562703
281 0.6551043
282 0.6555644
283 0.6524278
284 0.6543254
285 0.6571599
286 0.6603786
287 0.6613894
288 0.6644049
289 0.667871
290 0.6725038
291 0.6769593
292 0.6814804
293 0.6853742
294 0.69157
295 0.6976894
296 0.7038887
297 0.7098495
298 0.7148546
299 0.7219335
300 0.7253332
301 0.7298936
302 0.7310158
303 0.7345449
304 0.7356821
305 0.7353393
306 0.7344023
307 0.7360063
308 0.7360368
309 0.7360188
310 0.7366228
311 0.7351458
312 0.7331907
313 0.7306903
314 0.7293282
315 0.7260786
316 0.723987
317 0.7212235
318 0.7196935
319 0.7148155
320 0.7110583
321 0.7056621
322 0.7023511
323 0.6966112
324 0.6919691
325 0.6853411
326 0.6796182
327 0.6730926
328 0.6686262
329 0.661522
330 0.6572636
331 0.6520043
332 0.6466702
333 0.6409549
334 0.6385266
335 0.6352456
336 0.6336125
337 0.6295838
338 0.6300467
339 0.6268202
340 0.6258452
341 0.6228076
342 0.6232291
343 0.6213362
344 0.6237512
345 0.6233417
346 0.6246054
347 0.6232262
348 0.6250716
349 0.6232153
350 0.6252413
351 0.623427
352 0.6238003
353 0.6206943
354 0.6224052
355 0.6201177
356 0.6209431
357 0.6181016
358 0.6193612
359 0.6172615
360 0.6181372
361 0.6158934
362 0.6162544
363 0.6136426
364 0.6140562
365 0.6094536
366 0.6108893
367 0.6066123
368 0.6072212
369 0.6023067
370 0.604111
371 0.5993181
372 0.6009942
373 0.5944387
374 0.5949886
375 0.5894752
376 0.5905409
377 0.5848445
378 0.5868756
379 0.5818766
380 0.5854627
381 0.5813969
382 0.582103
383 0.5797035
384 0.5835883
385 0.5800178
386 0.5826497
387 0.5813742
388 0.5855909
389 0.5842592
390 0.5870277
391 0.586592
392 0.5886683
393 0.5887777
394 0.5933349
395 0.5927206
396 0.5969425
397 0.5954896
398 0.5980881
399 0.595276
400 0.596741
401 0.5942438
402 0.5969056
403 0.5938035
404 0.5963936
405 0.5926282
406 0.5936404
407 0.5906592
408 0.5920557
409 0.5890918
410 0.5903437
411 0.5859177
412 0.5870202
413 0.5821018
414 0.5820434
415 0.5780993
416 0.5781583
417 0.5741437
418 0.5741518
419 0.5676641
420 0.5671788
421 0.5610197
422 0.5604439
423 0.5545586
424 0.5538524
425 0.5485011
426 0.5471048
427 0.5410935
428 0.5407692
429 0.5350121
430 0.5336847
431 0.5292581
432 0.5291982
433 0.5249689
434 0.524967
435 0.5213962
436 0.5224364
437 0.5188046
438 0.520331
439 0.5177709
440 0.5190815
441 0.5168818
442 0.5188692
443 0.516631
444 0.5190645
445 0.5171471
446 0.5196042
447 0.5183808
448 0.5211221
449 0.5203018
450 0.5230254
451 0.5204147
452 0.5231813
453 0.520907
454 0.5241945
455 0.522751
456 0.5258044
457 0.5246001
458 0.5274085
459 0.5257311
460 0.5282915
461 0.5260969
462 0.5297415
463 0.5283967
464 0.5313993
465 0.5290728
466 0.5325644
467 0.5310723
468 0.5345498
469 0.531955
470 0.5356099
471 0.5333464
472 0.5375862
473 0.5354908
474 0.5398728
475 0.5368037
476 0.5416888
477 0.5396883
478 0.5437576
479 0.541723
480 0.5465219
481 0.5439314
482 0.5490603
483 0.5471453
484 0.552458
485 0.5492821
486 0.5535604
487 0.5504309
488 0.5551465
489 0.551434
490 0.555261
491 0.5523418
492 0.5565652
493 0.5524618
494 0.5556288
495 0.5521334
496 0.5550734
497 0.5508462
498 0.5537846
499 0.5490401
500 0.5522071
501 0.54842
502 0.5510775
503 0.5467796
504 0.5494843
505 0.5458858
506 0.5483708
507 0.5439314
508 0.5458393
509 0.5416654
510 0.5437764
511 0.5401629
512 0.5424521
513 0.5388898
514 0.5414138
515 0.5382633
516 0.5405298
517 0.5368587
518 0.539392
519 0.5357673
520 0.5378919
521 0.534474
522 0.5364219
523 0.533172
524 0.5351482
525 0.5321957
526 0.5340551
527 0.5306305
528 0.5328922
529 0.5308011
530 0.5331162
531 0.5307608
532 0.5331149
533 0.5308901
534 0.5332431
535 0.5317411
536 0.5345943
537 0.532865
538 0.5358789
539 0.5348045
540 0.5377241
541 0.5359505
542 0.5390275
543 0.5372255
544 0.5401509
545 0.538726
546 0.541532
547 0.5399569
548 0.5429589
549 0.5411696
550 0.5440582
551 0.5420587
552 0.5446033
553 0.5427344
554 0.5453476
555 0.5437109
556 0.5459877
557 0.5434645
558 0.5461017
559 0.5438651
560 0.5460699
561 0.5431597
562 0.5453501
563 0.5428532
564 0.5448552
565 0.5427163
566 0.5443505
567 0.5417964
568 0.542622
569 0.5402692
570 0.5411358
571 0.5385462
572 0.5396772
573 0.5373056
574 0.5378557
575 0.5361353
576 0.5366346
577 0.5346426
578 0.5352067
579 0.5335841
580 0.5337501
581 0.5323633
582 0.5329657
583 0.5317695
584 0.5319486
585 0.5308794
586 0.5314823
587 0.529864
588 0.5305971
589 0.5290278
590 0.5304211
591 0.5291736
592 0.5299845
593 0.5284747
594 0.5294454
595 0.527404
596 0.5284033
597 0.5266604
598 0.5272431
599 0.5248132
600 0.5253593
601 0.5234058
602 0.5240856
603 0.5216331
604 0.5223958
605 0.5200527
606 0.5207883
607 0.5184349
608 0.5189955
609 0.5165669
610 0.5168847
611 0.5152918
612 0.5156653
613 0.5136389
614 0.5136831
615 0.5122682
616 0.5124904
617 0.5110779
618 0.511367
619 0.510141
620 0.5106357
621 0.5092466
622 0.5098374
623 0.5089211
624 0.5099569
625 0.508853
626 0.5096123
627 0.508397
628 0.508885
629 0.5073974
630 0.5078477
631 0.5066738
632 0.5075684
633 0.5062957
634 0.5064498
635 0.504705
636 0.5053158
637 0.5038908
638 0.5037934
639 0.5021319
640 0.5021778
641 0.5006238
642 0.5007167
643 0.498839
644 0.4986283
645 0.4969922
646 0.4971081
647 0.495601
648 0.4956955
649 0.4941324
650 0.4939651
651 0.4925069
652 0.4926581
653 0.4912874
654 0.4912831
655 0.4897051
656 0.4902207
657 0.4887627
658 0.4888724
659 0.4873861
660 0.4874616
661 0.4859423
662 0.4863682
663 0.4855263
664 0.4861366
665 0.4846627
666 0.485096
667 0.4840359
668 0.4847376
669 0.4833102
670 0.4842782
671 0.4834872
672 0.4845554
673 0.4834131
674 0.4843627
675 0.4835787
676 0.4846736
677 0.4837013
678 0.4847168
679 0.4839733
680 0.4849776
681 0.4841476
682 0.4855131
683 0.4851041
684 0.4860678
685 0.4854041
686 0.486589
687 0.4862379
688 0.4875506
689 0.4871666
690 0.4884976
691 0.4882746
692 0.4898182
693 0.489228
694 0.4906494
695 0.4905242
696 0.4920318
697 0.4917622
698 0.4932074
699 0.4933367
700 0.4946223
701 0.4944996
702 0.4958635
703 0.4961407
704 0.4969172
705 0.4961668
706 0.4973134
707 0.4970679
708 0.4980531
709 0.49774
710 0.4980519
711 0.4981265
712 0.498692
713 0.4982373
714 0.4991898
715 0.499602
716 0.5001287
717 0.4994202
718 0.500078
719 0.4998804
720 0.500528
721 0.5002998
722 0.5009236
723 0.50085
724 0.5013121
725 0.5012863
726 0.5019898
727 0.5019966
728 0.5028133
729 0.5027124
730 0.5034263
731 0.5035207
732 0.50457
733 0.5039708
734 0.5045507
735 0.5052815
736 0.5051024
737 0.5056257
738 0.5050688
739 0.5062543
740 0.5057523
741 0.50649
742 0.506145
743 0.5071617
744 0.5066178
745 0.5078253
746 0.5075345
747 0.5092117
748 0.5086313
749 0.5089912
750 0.508647
751 0.5103987
752 0.5102097
753 0.5111286
754 0.5106432
755 0.5120393
756 0.5115147
757 0.5122724
758 0.5119746
759 0.5138257
760 0.5131969
761 0.5137281
762 0.5132793
763 0.5137511
764 0.5135289
765 0.5145934
766 0.5140319
767 0.5147881
768 0.5137143
769 0.5147916
770 0.5133985
771 0.5144128
772 0.5131296
773 0.5141952
774 0.5125051
775 0.5135486
776 0.5118248
777 0.5127414
778 0.5107247
779 0.5115253
780 0.509982
781 0.5109435
782 0.5093395
783 0.5102227
784 0.5085703
785 0.5095744
786 0.5078992
787 0.5086795
788 0.5069259
789 0.5082818
790 0.5067157
791 0.5076073
792 0.5063276
793 0.5076264
794 0.5059822
795 0.5078046
796 0.5060871
797 0.507283
798 0.5055453
799 0.5068385
800 0.5054848
801 0.5066755
802 0.5055912
803 0.5067078
804 0.5060585
805 0.5071262
806 0.5059115
807 0.5063828
808 0.5050562
809 0.5061519
810 0.5051075
811 0.5059206
812 0.5045577
813 0.5055755
814 0.5041323
815 0.5049736
816 0.5034767
817 0.5048968
818 0.5033846
819 0.504804
820 0.5029622
821 0.5045787
822 0.5026382
823 0.5038455
824 0.5024941
825 0.5038354
826 0.5021003
827 0.5034927
828 0.501643
829 0.5031447
830 0.5011975
831 0.5024725
832 0.5005103
833 0.5020372
834 0.4998905
835 0.5014179
836 0.4992126
837 0.5004614
838 0.4978602
839 0.499778
840 0.4968868
841 0.4986237
842 0.4957264
843 0.4970616
844 0.494168
845 0.4953915
846 0.4927952
847 0.4943847
848 0.4915925
849 0.492765
850 0.4902781
851 0.492002
852 0.4896393
853 0.4910191
854 0.4883026
855 0.4899305
856 0.4876128
857 0.4885555
858 0.4860668
859 0.4875291
860 0.4850098
861 0.4859697
862 0.4831958
863 0.4851359
864 0.4825723
865 0.4837929
866 0.4812631
867 0.482923
868 0.4801357
869 0.4813922
870 0.4786
871 0.4800178
872 0.4773869
873 0.4784034
874 0.4759183
875 0.4777026
876 0.4752858
877 0.4765323
878 0.4745554
879 0.4761283
880 0.474111
881 0.4751984
882 0.4731038
883 0.4748183
884 0.4729775
885 0.4742235
886 0.4723639
887 0.4742106
888 0.4720746
889 0.4733588
890 0.4714655
891 0.4737062
892 0.4716246
893 0.4729467
894 0.4709517
895 0.472363
896 0.4709299
897 0.4724974
898 0.4713999
899 0.4729616
900 0.4720538
901 0.4731537
902 0.4721949
903 0.473858
904 0.4729565
905 0.4749201
906 0.4738835
907 0.4764364
908 0.4754483
909 0.4782656
910 0.4775076
911 0.4808455
912 0.479435
913 0.4819738
914 0.4806049
915 0.4836433
916 0.4824876
917 0.4852611
918 0.4845908
919 0.48692
920 0.4861271
921 0.4883833
922 0.4874607
923 0.4894174
924 0.4882132
925 0.4898761
926 0.4891782
927 0.4923624
928 0.4897651
929 0.4925808
930 0.490314
931 0.4941235
932 0.4917651
933 0.4953822
934 0.4926729
935 0.4961734
936 0.494173
937 0.4973973
938 0.4956286
939 0.4990939
940 0.4972475
941 0.5015366
942 0.4994811
943 0.5029241
944 0.5012673
945 0.5046002
946 0.503142
947 0.5067438
948 0.5047344
949 0.5084128
950 0.5066243
951 0.5097323
