"left_wing_moment"
"Iteration" "left_wing_moment"
("Iteration" "left_wing_moment")
1 0.06648645
2 1.976051
3 2.897243
4 3.655249
5 3.894981
6 3.919547
7 3.755242
8 3.424981
9 3.024014
10 2.692222
11 2.414383
12 2.178732
13 1.941357
14 1.709416
15 1.460974
16 1.207836
17 0.9543996
18 0.7001981
19 0.4574318
20 0.2238384
21 0.01131904
22 -0.2001241
23 -0.3975578
24 -0.5851641
25 -0.7682511
26 -0.9502857
27 -1.114452
28 -1.283291
29 -1.440141
30 -1.60119
31 -1.738749
32 -1.887185
33 -2.018312
34 -2.16434
35 -2.297435
36 -2.436625
37 -2.566214
38 -2.709312
39 -2.843209
40 -2.97875
41 -3.095555
42 -3.219146
43 -3.326666
44 -3.444966
45 -3.543708
46 -3.644841
47 -3.734106
48 -3.820165
49 -3.89802
50 -3.972921
51 -4.040779
52 -4.112902
53 -4.171334
54 -4.217325
55 -4.259682
56 -4.287918
57 -4.306613
58 -4.312901
59 -4.32357
60 -4.313976
61 -4.306865
62 -4.283166
63 -4.258937
64 -4.213124
65 -4.171149
66 -4.114799
67 -4.069979
68 -4.011709
69 -3.952411
70 -3.886853
71 -3.833495
72 -3.765056
73 -3.701932
74 -3.635239
75 -3.576228
76 -3.505426
77 -3.451568
78 -3.391459
79 -3.336185
80 -3.274657
81 -3.222813
82 -3.177908
83 -3.137498
84 -3.098527
85 -3.073673
86 -3.042831
87 -3.020854
88 -3.002964
89 -2.999277
90 -2.99366
91 -3.002494
92 -3.010237
93 -3.028852
94 -3.040099
95 -3.070088
96 -3.096159
97 -3.140271
98 -3.176922
99 -3.226389
100 -3.272604
101 -3.33094
102 -3.382349
103 -3.453497
104 -3.508535
105 -3.568466
106 -3.622526
107 -3.679623
108 -3.720622
109 -3.775594
110 -3.81509
111 -3.859406
112 -3.889145
113 -3.921194
114 -3.940324
115 -3.966769
116 -3.975407
117 -3.985508
118 -3.983459
119 -3.986916
120 -3.98879
121 -3.987813
122 -3.983436
123 -3.989401
124 -3.982997
125 -3.985552
126 -3.979155
127 -3.986673
128 -3.983548
129 -3.990891
130 -3.985303
131 -3.993021
132 -3.984164
133 -3.993498
134 -3.99016
135 -3.996603
136 -3.994433
137 -4.00219
138 -4.000827
139 -4.012747
140 -4.017536
141 -4.037498
142 -4.040899
143 -4.061271
144 -4.07627
145 -4.095682
146 -4.109898
147 -4.132476
148 -4.146
149 -4.168771
150 -4.175616
151 -4.196776
152 -4.202709
153 -4.222756
154 -4.226473
155 -4.244721
156 -4.246953
157 -4.265168
158 -4.270025
159 -4.285819
160 -4.28598
161 -4.301425
162 -4.299448
163 -4.308734
164 -4.303802
165 -4.312569
166 -4.310807
167 -4.320101
168 -4.317311
169 -4.330762
170 -4.332263
171 -4.344174
172 -4.34723
173 -4.361448
174 -4.363897
175 -4.380179
176 -4.379036
177 -4.393085
178 -4.398557
179 -4.409721
180 -4.410595
181 -4.421798
182 -4.423733
183 -4.436332
184 -4.438895
185 -4.449754
186 -4.444991
187 -4.451363
188 -4.450563
189 -4.45699
190 -4.44745
191 -4.44788
192 -4.443615
193 -4.447446
194 -4.442043
195 -4.445312
196 -4.438166
197 -4.441836
198 -4.435274
199 -4.437645
200 -4.43075
201 -4.43492
202 -4.428817
203 -4.432467
204 -4.430538
205 -4.436613
206 -4.437356
207 -4.444934
208 -4.442227
209 -4.45036
210 -4.449657
211 -4.456423
212 -4.454297
213 -4.460214
214 -4.458681
215 -4.465361
216 -4.467238
217 -4.473989
218 -4.472193
219 -4.476479
220 -4.471927
221 -4.475021
222 -4.472382
223 -4.475698
224 -4.473405
225 -4.474999
226 -4.473227
227 -4.479392
228 -4.478738
229 -4.480767
230 -4.479506
231 -4.482232
232 -4.47796
233 -4.482064
234 -4.480786
235 -4.48468
236 -4.480261
237 -4.48181
238 -4.477183
239 -4.478048
240 -4.47128
241 -4.471281
242 -4.46221
243 -4.460328
244 -4.448632
245 -4.443396
246 -4.435002
247 -4.431931
248 -4.421664
249 -4.416291
250 -4.407503
251 -4.407704
252 -4.398689
253 -4.399341
254 -4.392278
255 -4.397033
256 -4.392864
257 -4.395945
258 -4.393392
259 -4.396862
260 -4.394925
261 -4.394699
262 -4.390266
263 -4.39214
264 -4.388712
265 -4.38871
266 -4.383203
267 -4.385395
268 -4.377532
269 -4.375954
270 -4.368006
271 -4.370266
272 -4.365015
273 -4.363118
274 -4.355906
275 -4.356428
276 -4.354631
277 -4.354726
278 -4.352674
279 -4.3575
280 -4.360636
281 -4.365954
282 -4.371801
283 -4.382585
284 -4.390795
285 -4.401924
286 -4.406675
287 -4.418301
288 -4.425743
289 -4.434902
290 -4.438929
291 -4.450545
292 -4.456501
293 -4.462749
294 -4.46517
295 -4.473095
296 -4.477751
297 -4.483643
298 -4.485508
299 -4.491946
300 -4.492949
301 -4.498212
302 -4.500379
303 -4.507459
304 -4.511038
305 -4.515747
306 -4.521027
307 -4.527251
308 -4.532138
309 -4.54061
310 -4.546304
311 -4.555418
312 -4.564669
313 -4.572385
314 -4.579828
315 -4.589626
316 -4.594658
317 -4.601805
318 -4.607698
319 -4.615976
320 -4.621313
321 -4.627395
322 -4.631888
323 -4.635574
324 -4.638334
325 -4.643435
326 -4.64434
327 -4.652518
328 -4.653807
329 -4.658178
330 -4.659088
331 -4.664218
332 -4.664755
333 -4.66896
334 -4.667625
335 -4.669273
336 -4.669335
337 -4.668553
338 -4.666009
339 -4.666176
340 -4.658618
341 -4.656586
342 -4.649401
343 -4.644901
344 -4.63695
345 -4.634705
346 -4.624098
347 -4.619948
348 -4.613128
349 -4.610513
350 -4.603898
351 -4.604519
352 -4.59681
353 -4.596663
354 -4.593208
355 -4.593254
356 -4.589118
357 -4.590881
358 -4.588064
359 -4.590372
360 -4.586718
361 -4.589589
362 -4.585485
363 -4.589061
364 -4.58455
365 -4.585928
366 -4.580396
367 -4.581734
368 -4.576632
369 -4.578316
370 -4.571915
371 -4.573313
372 -4.569211
373 -4.569391
374 -4.563831
375 -4.56726
376 -4.566093
377 -4.568531
378 -4.566344
379 -4.572256
380 -4.571575
381 -4.577654
382 -4.57773
383 -4.587239
384 -4.586355
385 -4.593886
386 -4.590791
387 -4.598633
388 -4.596783
389 -4.598612
390 -4.596717
391 -4.598092
392 -4.594306
393 -4.59778
394 -4.594493
395 -4.597085
396 -4.588984
397 -4.59203
398 -4.586163
399 -4.585871
400 -4.58132
401 -4.581426
402 -4.575142
403 -4.57537
404 -4.57084
405 -4.572217
406 -4.5647
407 -4.565728
408 -4.560902
409 -4.559897
410 -4.550975
411 -4.549467
412 -4.540169
413 -4.536584
414 -4.52553
415 -4.524433
416 -4.511912
417 -4.508104
418 -4.497921
419 -4.49584
420 -4.487122
421 -4.486107
422 -4.479394
423 -4.480046
424 -4.476431
425 -4.477859
426 -4.473413
427 -4.47888
428 -4.476733
429 -4.483088
430 -4.4818
431 -4.485851
432 -4.488271
433 -4.491354
434 -4.490535
435 -4.495449
436 -4.494084
437 -4.496827
438 -4.495765
439 -4.501125
440 -4.498144
441 -4.502453
442 -4.500314
443 -4.502355
444 -4.497569
445 -4.501558
446 -4.497356
447 -4.502508
448 -4.498824
449 -4.50202
450 -4.502714
451 -4.507781
452 -4.504375
453 -4.508627
454 -4.506813
455 -4.508335
456 -4.505138
457 -4.506317
458 -4.500538
459 -4.500184
460 -4.492678
461 -4.490953
462 -4.48445
463 -4.483437
464 -4.474851
465 -4.472869
466 -4.465663
467 -4.463203
468 -4.455503
469 -4.454338
470 -4.448907
471 -4.451333
472 -4.446981
473 -4.449876
474 -4.447903
475 -4.454768
476 -4.452682
477 -4.457912
478 -4.458982
479 -4.463231
480 -4.459193
481 -4.462418
482 -4.459206
483 -4.462898
484 -4.457273
485 -4.459014
486 -4.456221
487 -4.458574
488 -4.455463
489 -4.455758
490 -4.452285
491 -4.456167
492 -4.451107
493 -4.451522
494 -4.449152
495 -4.452962
496 -4.451151
497 -4.454953
498 -4.453731
499 -4.458855
500 -4.456277
501 -4.457911
502 -4.453799
503 -4.454983
504 -4.450422
505 -4.450426
506 -4.444323
507 -4.444208
508 -4.437494
509 -4.433283
510 -4.428586
511 -4.426476
512 -4.418855
513 -4.415051
514 -4.407983
515 -4.407791
516 -4.400298
517 -4.401772
518 -4.398307
519 -4.402505
520 -4.401004
521 -4.405083
522 -4.404819
523 -4.412543
524 -4.411082
525 -4.415887
526 -4.413495
527 -4.417435
528 -4.416837
529 -4.418701
530 -4.415248
531 -4.416619
532 -4.411842
533 -4.411109
534 -4.406056
535 -4.408096
536 -4.402818
537 -4.404449
538 -4.400889
539 -4.401606
540 -4.398809
541 -4.398251
542 -4.395848
543 -4.398538
544 -4.399188
545 -4.401775
546 -4.401482
547 -4.407593
548 -4.406018
549 -4.408578
550 -4.407393
551 -4.411868
552 -4.410638
553 -4.410676
554 -4.408127
555 -4.41034
556 -4.405272
557 -4.405529
558 -4.402866
559 -4.40422
560 -4.397331
561 -4.399804
562 -4.392156
563 -4.392202
564 -4.385558
565 -4.385722
566 -4.380868
567 -4.385632
568 -4.385322
569 -4.388305
570 -4.386489
571 -4.391962
572 -4.391198
573 -4.394003
574 -4.393096
575 -4.395982
576 -4.392624
577 -4.395307
578 -4.388784
579 -4.39097
580 -4.384618
581 -4.384912
582 -4.379739
583 -4.381976
584 -4.378111
585 -4.37995
586 -4.374293
587 -4.378276
588 -4.374414
589 -4.377471
590 -4.374628
591 -4.377907
592 -4.376274
593 -4.380624
594 -4.378746
595 -4.384057
596 -4.383154
597 -4.384025
598 -4.380672
599 -4.383214
600 -4.380505
601 -4.379485
602 -4.372855
603 -4.373263
604 -4.368201
605 -4.364506
606 -4.355639
607 -4.354666
608 -4.347412
609 -4.34413
610 -4.336683
611 -4.335882
612 -4.331231
613 -4.329324
614 -4.323764
615 -4.327413
616 -4.324562
617 -4.326661
618 -4.32298
619 -4.328192
620 -4.325811
621 -4.326161
622 -4.323235
623 -4.324039
624 -4.318952
625 -4.319719
626 -4.31246
627 -4.312697
628 -4.306703
629 -4.303729
630 -4.299431
631 -4.297707
632 -4.291724
633 -4.290813
634 -4.287185
635 -4.289079
636 -4.286433
637 -4.291308
638 -4.289649
639 -4.296901
640 -4.297508
641 -4.304495
642 -4.305068
643 -4.312823
644 -4.311799
645 -4.316757
646 -4.317108
647 -4.32191
648 -4.319151
649 -4.322886
650 -4.320264
651 -4.323033
652 -4.319305
653 -4.320441
654 -4.3175
655 -4.321344
656 -4.318127
657 -4.322555
658 -4.319935
659 -4.325329
660 -4.323299
661 -4.328954
662 -4.325973
663 -4.332701
664 -4.331519
665 -4.336834
666 -4.337214
667 -4.343156
668 -4.340192
669 -4.345438
670 -4.344244
671 -4.346301
672 -4.342907
673 -4.345708
674 -4.339258
675 -4.339044
676 -4.33124
677 -4.330753
678 -4.323951
679 -4.323488
680 -4.315131
681 -4.316089
682 -4.311034
683 -4.312466
684 -4.309611
685 -4.312568
686 -4.310806
687 -4.31558
688 -4.314301
689 -4.319254
690 -4.318905
691 -4.323841
692 -4.32197
693 -4.325191
694 -4.322018
695 -4.325708
696 -4.324161
697 -4.325231
698 -4.32227
699 -4.322879
700 -4.318315
701 -4.318696
702 -4.315804
703 -4.318064
704 -4.312108
705 -4.314517
706 -4.311737
707 -4.315785
708 -4.313556
709 -4.318951
710 -4.319951
711 -4.326106
712 -4.326147
713 -4.331848
714 -4.333692
715 -4.339337
716 -4.336658
717 -4.340183
718 -4.337512
719 -4.338161
720 -4.335407
721 -4.33574
722 -4.329046
723 -4.328358
724 -4.320876
725 -4.320761
726 -4.313313
727 -4.313827
728 -4.306856
729 -4.307965
730 -4.302668
731 -4.304189
732 -4.301548
733 -4.303178
734 -4.301836
735 -4.306718
736 -4.307662
737 -4.31076
738 -4.312452
739 -4.316329
740 -4.313729
741 -4.315294
742 -4.313793
743 -4.317733
744 -4.312952
745 -4.314369
746 -4.310806
747 -4.314725
748 -4.308306
749 -4.308362
750 -4.306205
751 -4.308418
752 -4.304241
753 -4.306895
754 -4.303381
755 -4.308185
756 -4.30482
757 -4.310479
758 -4.308738
759 -4.31649
760 -4.314719
761 -4.320812
762 -4.318558
763 -4.323962
764 -4.321806
765 -4.325266
766 -4.32322
767 -4.326291
768 -4.321251
769 -4.322858
770 -4.315742
771 -4.317698
772 -4.311269
773 -4.309581
774 -4.304059
775 -4.304682
776 -4.29614
777 -4.296969
778 -4.291368
779 -4.292445
780 -4.288897
781 -4.292349
782 -4.28737
783 -4.293165
784 -4.290564
785 -4.293685
786 -4.290213
787 -4.293048
788 -4.288775
789 -4.291103
790 -4.286747
791 -4.287746
792 -4.281018
793 -4.28012
794 -4.27319
795 -4.273149
796 -4.266714
797 -4.264842
798 -4.259952
799 -4.261146
800 -4.256632
801 -4.260431
802 -4.256856
803 -4.262987
804 -4.262205
805 -4.267989
806 -4.267147
807 -4.275916
808 -4.278269
809 -4.283936
810 -4.285872
811 -4.293398
812 -4.291693
813 -4.297195
814 -4.295747
815 -4.30209
816 -4.297732
817 -4.302394
818 -4.296885
819 -4.301324
820 -4.295527
821 -4.297748
822 -4.292989
823 -4.295138
824 -4.290071
825 -4.293308
826 -4.29081
827 -4.292288
828 -4.290225
829 -4.297856
830 -4.295691
831 -4.301022
832 -4.299534
833 -4.304452
834 -4.30063
835 -4.304458
836 -4.301899
837 -4.30594
838 -4.300884
839 -4.303167
840 -4.299599
841 -4.301199
842 -4.294899
843 -4.297905
844 -4.289316
845 -4.288992
846 -4.284288
847 -4.286952
848 -4.281835
849 -4.285699
850 -4.281981
851 -4.286275
852 -4.283629
853 -4.292586
854 -4.291511
855 -4.300361
856 -4.301574
857 -4.310334
858 -4.312045
859 -4.318426
860 -4.318723
861 -4.322485
862 -4.320977
863 -4.325268
864 -4.322413
865 -4.325377
866 -4.321401
867 -4.324198
868 -4.318969
869 -4.319726
870 -4.314566
871 -4.317657
872 -4.313561
873 -4.318689
874 -4.314661
875 -4.320847
876 -4.318548
877 -4.326237
878 -4.324605
879 -4.332368
880 -4.334266
881 -4.339302
882 -4.340018
883 -4.346257
884 -4.343448
885 -4.346686
886 -4.34255
887 -4.345877
888 -4.341033
889 -4.344367
890 -4.338202
891 -4.341082
892 -4.334224
893 -4.333271
894 -4.326669
895 -4.328314
896 -4.321793
897 -4.324674
898 -4.318782
899 -4.322357
900 -4.317815
901 -4.322695
902 -4.321326
903 -4.327919
904 -4.326477
905 -4.329901
906 -4.329354
907 -4.332236
908 -4.329823
909 -4.332514
910 -4.327101
911 -4.328421
912 -4.323665
913 -4.324704
914 -4.318699
915 -4.320047
916 -4.313485
917 -4.314033
918 -4.30908
919 -4.311916
920 -4.307913
921 -4.310948
922 -4.310946
923 -4.315299
924 -4.314845
925 -4.321557
926 -4.323239
927 -4.331048
928 -4.334132
929 -4.340112
930 -4.341
931 -4.347049
932 -4.346944
933 -4.350268
934 -4.34832
935 -4.35277
936 -4.349747
937 -4.352569
938 -4.34636
939 -4.347934
940 -4.342333
941 -4.340889
942 -4.33362
943 -4.331343
944 -4.326451
945 -4.326524
946 -4.321803
947 -4.322176
948 -4.319245
949 -4.322467
950 -4.320528
951 -4.324502
952 -4.320986
953 -4.32391
954 -4.319576
955 -4.322809
956 -4.319429
957 -4.321434
958 -4.315583
959 -4.316595
960 -4.312132
961 -4.315
962 -4.307647
963 -4.310078
964 -4.304296
965 -4.306181
966 -4.301436
967 -4.300827
968 -4.299484
969 -4.302306
970 -4.300813
971 -4.305098
972 -4.304944
973 -4.31077
974 -4.310308
975 -4.318245
976 -4.317725
977 -4.322785
978 -4.320621
979 -4.326118
980 -4.32496
981 -4.329594
982 -4.327706
983 -4.329454
984 -4.326061
985 -4.327758
986 -4.321097
987 -4.321135
988 -4.31572
989 -4.314236
990 -4.308493
991 -4.307147
992 -4.299898
993 -4.30108
994 -4.294703
995 -4.297912
996 -4.293128
997 -4.297232
998 -4.293328
999 -4.298717
1000 -4.295055
