"left_wing_tank_connect_lift"
"Iteration" "left_wing_tank_connect_lift"
("Iteration" "left_wing_tank_connect_lift")
1 0.0004623351
2 0.001705863
3 0.001193091
4 0.0004481235
5 0.0003198731
6 0.0001119121
7 6.807603e-05
8 7.017016e-05
9 9.787679e-05
10 0.000142774
11 0.0002129467
12 0.0002986441
13 0.0004432243
14 0.0005219017
15 0.0006405483
16 0.0006999277
17 0.0007985511
18 0.000859582
19 0.0009514302
20 0.001008608
21 0.00110931
22 0.001165519
23 0.00126574
24 0.001361422
25 0.001425806
26 0.001528192
27 0.001585492
28 0.001665126
29 0.00170845
30 0.001768883
31 0.001803418
32 0.001842574
33 0.001923001
34 0.001954018
35 0.001981043
36 0.002047525
37 0.00207154
38 0.002090182
39 0.002138085
40 0.002155949
41 0.0021772
42 0.002205619
43 0.002205092
44 0.002199477
45 0.00218408
46 0.002174289
47 0.002150283
48 0.002126258
49 0.002099646
50 0.002071948
51 0.002039888
52 0.002007782
53 0.001974226
54 0.001938549
55 0.00189215
56 0.001842786
57 0.001804302
58 0.001764405
59 0.001730944
60 0.001699655
61 0.00167215
62 0.001646145
63 0.001624241
64 0.00160086
65 0.001581348
66 0.001575625
67 0.001561174
68 0.001551056
69 0.001540635
70 0.001534346
71 0.001529152
72 0.001523771
73 0.001515464
74 0.001505265
75 0.001495598
76 0.001485572
77 0.001481374
78 0.001472767
79 0.001461896
80 0.001450026
81 0.001433132
82 0.001421641
83 0.001405802
84 0.001392641
85 0.001389032
86 0.001379761
87 0.001374019
88 0.001380262
89 0.001389085
90 0.001398036
91 0.001411398
92 0.00141902
93 0.001428735
94 0.001433302
95 0.001449537
96 0.00146121
97 0.001477677
98 0.001480553
99 0.001483799
100 0.001487026
101 0.001488053
102 0.001492769
103 0.001486017
104 0.001483307
105 0.001467166
106 0.001452265
107 0.001437978
108 0.001425776
109 0.001412007
110 0.001398507
111 0.001383331
112 0.001367435
113 0.001349516
114 0.001331171
115 0.001315806
116 0.001304757
117 0.001288437
118 0.001281023
119 0.001270216
120 0.001260294
121 0.00124985
122 0.001238482
123 0.001229457
124 0.001224113
125 0.00121761
126 0.001220057
127 0.001222238
128 0.001223352
129 0.001228713
130 0.001226726
131 0.001223026
132 0.001220315
133 0.001218769
134 0.001217833
135 0.001219788
136 0.001222932
137 0.00122716
138 0.001229026
139 0.001231574
140 0.001234697
141 0.001239227
142 0.001241845
143 0.001245264
144 0.001248184
145 0.001252878
146 0.00125788
147 0.001263879
148 0.001266472
149 0.001270165
150 0.001273323
151 0.001276056
152 0.0012817
153 0.001283255
154 0.001285252
155 0.001288257
156 0.001290062
157 0.001292866
158 0.001294891
159 0.001297818
160 0.001299352
161 0.001300134
162 0.001301591
163 0.001300222
164 0.001299339
165 0.001296441
166 0.001294645
167 0.001291731
168 0.001285809
169 0.001284159
170 0.001279763
171 0.001274621
172 0.001269202
173 0.001262169
174 0.001254541
175 0.001251533
176 0.001244634
177 0.001240501
178 0.00123614
179 0.001232211
180 0.00122876
181 0.00122353
182 0.001220531
183 0.001218695
184 0.001216346
185 0.001214068
186 0.001211163
187 0.001208166
188 0.001207372
189 0.001209979
190 0.001208103
191 0.001207038
192 0.00120649
193 0.001206985
194 0.001204457
195 0.001202116
196 0.001202618
197 0.001200972
198 0.001201925
199 0.001202145
200 0.001205608
201 0.001206664
202 0.001206486
203 0.001208479
204 0.00120808
205 0.001209066
206 0.001210704
207 0.001208372
208 0.001208087
209 0.001204135
210 0.001200291
211 0.001197152
212 0.001193256
213 0.001191762
214 0.001189918
215 0.00118645
216 0.001181769
217 0.001175691
218 0.001169193
219 0.001164334
220 0.001159151
221 0.001151732
222 0.001144109
223 0.00113937
224 0.001130138
225 0.001123503
226 0.001117309
227 0.001109882
228 0.00109904
229 0.00109195
230 0.001081505
231 0.001076703
232 0.00107048
233 0.001062071
234 0.001054254
235 0.001045364
236 0.001038754
237 0.001030809
238 0.001020357
239 0.001013418
240 0.001006483
241 0.00100191
242 0.0009954893
243 0.0009924377
244 0.0009889259
245 0.000983241
246 0.0009771187
247 0.000974699
248 0.0009744731
249 0.0009739618
250 0.0009739168
251 0.0009778277
252 0.0009791955
253 0.0009809149
254 0.000982185
255 0.000981141
256 0.0009797995
257 0.0009800339
258 0.0009847303
259 0.0009854452
260 0.0009864009
261 0.00098657
262 0.0009872217
263 0.0009871017
264 0.0009880172
265 0.0009881525
266 0.000987424
267 0.0009892134
268 0.0009875222
269 0.0009836155
270 0.0009806433
271 0.0009777137
272 0.0009738969
273 0.0009704803
274 0.0009668139
275 0.0009622948
276 0.0009572451
277 0.0009531504
278 0.0009451511
279 0.0009392843
280 0.0009331358
281 0.0009283933
282 0.0009248491
283 0.0009200839
284 0.0009174683
285 0.0009143931
286 0.000910648
287 0.0009073537
288 0.0009044519
289 0.0009008031
290 0.0008973225
291 0.0008935974
292 0.0008900161
293 0.0008884436
294 0.0008860177
295 0.0008852185
296 0.0008846578
297 0.0008836132
298 0.000882554
299 0.0008816343
300 0.0008823848
301 0.0008808677
302 0.0008793487
303 0.0008775782
304 0.0008757073
305 0.0008737714
306 0.0008725411
307 0.000870609
308 0.0008676008
309 0.0008651117
310 0.0008622535
311 0.0008596554
312 0.0008574433
313 0.0008562159
314 0.0008532787
315 0.0008498752
316 0.0008475096
317 0.0008456036
318 0.0008427327
319 0.0008387833
320 0.0008351296
321 0.0008327492
322 0.0008299728
323 0.0008273983
324 0.0008244136
325 0.0008204072
326 0.0008164544
327 0.0008126729
328 0.0008082652
329 0.0008045564
330 0.000799802
331 0.0007974109
332 0.0007935916
333 0.000792298
334 0.0007901477
335 0.0007874329
336 0.0007848511
337 0.0007833051
338 0.0007796537
339 0.0007776406
340 0.000776372
341 0.0007742798
342 0.0007711211
343 0.0007712066
344 0.0007688048
345 0.0007679823
346 0.0007670923
347 0.0007686699
348 0.0007703448
349 0.0007725281
350 0.0007756875
351 0.0007784822
352 0.000781401
353 0.0007847606
354 0.000786336
355 0.0007895707
356 0.0007934696
357 0.0007986012
358 0.0008067031
359 0.0008158121
360 0.0008248444
361 0.000831907
362 0.0008401658
363 0.0008498947
364 0.0008611835
365 0.0008724513
366 0.00088446
367 0.0008970213
368 0.0009112343
369 0.0009237501
370 0.0009380521
371 0.0009513515
372 0.0009622818
373 0.0009731997
374 0.0009856963
375 0.000995963
376 0.001005841
377 0.001016415
378 0.001024877
379 0.001035495
380 0.001041584
381 0.001048115
382 0.00105177
383 0.001054796
384 0.001056699
385 0.001057648
386 0.001060602
387 0.001059799
388 0.001057274
389 0.001054161
390 0.001049905
391 0.001045816
392 0.001042563
393 0.001037349
394 0.001034595
395 0.001030552
396 0.001026142
397 0.001022658
398 0.001020934
399 0.001017735
400 0.001015125
401 0.001012662
402 0.001007626
403 0.001002851
404 0.001001656
405 0.00100185
406 0.001003399
407 0.001004207
408 0.00100485
409 0.001005217
410 0.001005947
411 0.001004272
412 0.001001868
413 0.001003106
414 0.001005379
415 0.001003552
416 0.001001889
417 0.001000643
418 0.001000852
419 0.001002495
420 0.001000859
421 0.00100207
422 0.001002885
423 0.001002599
424 0.001001352
425 0.0009980358
426 0.0009963299
427 0.0009963844
428 0.0009966842
429 0.0009982361
430 0.001000202
431 0.001001332
432 0.001003708
433 0.001005814
434 0.001007529
435 0.001009294
436 0.001012734
437 0.001015717
438 0.001018086
439 0.001020563
440 0.001023881
441 0.001026776
442 0.001030733
443 0.0010341
444 0.001037113
445 0.00104102
446 0.001043601
447 0.001046622
448 0.001049322
449 0.001052554
450 0.001055532
451 0.001058112
452 0.001060187
453 0.001062334
454 0.001064239
455 0.001065674
456 0.001067062
457 0.001068472
458 0.001068425
459 0.001070411
460 0.001073529
461 0.001074572
462 0.001076409
463 0.001079563
464 0.00108051
465 0.001081472
466 0.001081596
467 0.001082754
468 0.001083387
469 0.001084019
470 0.001083744
471 0.001082885
472 0.001082391
473 0.001079291
474 0.001078447
475 0.001078319
476 0.001077301
477 0.001075129
478 0.001073736
479 0.001072331
480 0.001070387
481 0.001068346
482 0.001066783
483 0.001063666
484 0.001060415
485 0.001058287
486 0.001056181
487 0.001057003
488 0.001056457
489 0.00105363
490 0.001051862
491 0.001048969
492 0.001048894
493 0.001051749
494 0.00105313
495 0.00105606
496 0.001060548
497 0.001064502
498 0.001068741
499 0.001075331
500 0.001078174
501 0.001087995
502 0.001093447
503 0.001100808
504 0.00110826
505 0.001112928
506 0.001119028
507 0.001125665
508 0.001137498
509 0.001145543
510 0.001149639
511 0.001156478
512 0.00115913
513 0.001163534
514 0.001168233
515 0.001170438
516 0.001171509
517 0.001173135
518 0.001178162
519 0.001181371
520 0.001183423
521 0.001183469
522 0.001182571
523 0.001183992
524 0.001183483
525 0.001184249
526 0.001183806
527 0.001181248
528 0.0011791
529 0.001177353
530 0.001175705
531 0.001172297
532 0.001169606
533 0.001166976
534 0.001163476
535 0.001158665
536 0.001154387
537 0.001149349
538 0.001143075
539 0.001138437
540 0.001133056
541 0.001128316
542 0.001122669
543 0.001117802
544 0.001113363
545 0.001105845
546 0.001100498
547 0.001093907
548 0.001088127
549 0.001081518
550 0.001076085
551 0.001070677
552 0.001067933
553 0.001064486
554 0.001060942
555 0.001057959
556 0.001054638
557 0.001051133
558 0.001048834
559 0.00104631
560 0.001043827
561 0.001039487
562 0.001036731
563 0.0010352
564 0.001034846
565 0.001032828
566 0.00103246
567 0.001032092
568 0.001032154
569 0.001032532
570 0.001032974
571 0.001032701
572 0.001031087
573 0.001029844
574 0.001028909
575 0.001028759
576 0.001028416
577 0.001026484
578 0.001025292
579 0.001024142
580 0.001024132
581 0.001024088
582 0.001024456
583 0.001022633
584 0.001023529
585 0.001024512
586 0.001025353
587 0.001025558
588 0.001026244
589 0.001027778
590 0.001028154
591 0.001029779
592 0.001031894
593 0.001032381
594 0.001032981
595 0.001034756
596 0.001036186
597 0.001037611
598 0.001038698
599 0.00103989
600 0.001041364
601 0.001043006
602 0.001046638
603 0.00104701
604 0.001048377
605 0.001048818
606 0.00104818
607 0.001045873
608 0.001045021
609 0.001045254
610 0.001046618
611 0.001047929
612 0.001047875
613 0.001048966
614 0.001047554
615 0.001046695
616 0.001047879
617 0.001044648
618 0.001044574
619 0.00104492
620 0.001044763
621 0.001046479
622 0.001046251
623 0.001047777
624 0.001047199
625 0.001045575
626 0.001042486
627 0.001038646
628 0.001038967
629 0.001036483
630 0.001033376
631 0.001032821
632 0.001032824
633 0.001031762
634 0.001029177
635 0.001026872
636 0.001024489
637 0.001022234
638 0.0010204
639 0.001017939
640 0.001015647
641 0.001013345
642 0.001013077
643 0.001012392
644 0.001011398
645 0.001010646
646 0.001010133
647 0.001009844
648 0.001009335
649 0.001008605
650 0.001008521
651 0.001008722
652 0.001008191
653 0.001007384
654 0.001006523
655 0.001006067
656 0.001005572
657 0.001004595
658 0.001003863
659 0.001003056
660 0.001002398
661 0.001001799
662 0.001000529
663 0.0009993676
664 0.0009984164
665 0.0009976894
666 0.0009969168
667 0.0009960125
668 0.0009950815
669 0.0009936302
670 0.0009928065
671 0.0009927887
672 0.0009913174
673 0.0009903598
674 0.0009893272
675 0.0009888016
676 0.0009878969
677 0.0009869908
678 0.0009859212
679 0.0009850402
680 0.0009841458
681 0.0009840272
682 0.0009834786
683 0.0009826538
684 0.0009817315
685 0.0009813387
686 0.0009808835
687 0.0009802229
688 0.000979265
689 0.0009793527
690 0.0009797037
691 0.0009804631
692 0.0009817972
693 0.0009830116
694 0.0009839435
695 0.0009847094
696 0.0009862762
697 0.0009881645
698 0.0009898028
699 0.0009919826
700 0.0009930475
701 0.0009951727
702 0.0009976205
703 0.0009986063
704 0.001000026
705 0.001001328
706 0.001002821
707 0.001003782
708 0.00100453
709 0.001006432
710 0.001007978
711 0.001010486
712 0.001012916
713 0.001014046
714 0.001015157
715 0.001017818
716 0.001020846
717 0.001023183
718 0.001025566
719 0.001027334
720 0.001028639
721 0.001031026
722 0.001032317
723 0.00103378
724 0.001034027
725 0.001034708
726 0.001034303
727 0.001035621
728 0.001037401
729 0.001037795
730 0.001038166
731 0.001038287
732 0.001038383
733 0.001038662
734 0.001039498
735 0.001039762
736 0.001039327
737 0.001038395
738 0.001036417
739 0.001035479
740 0.00103376
741 0.001033494
742 0.001032204
743 0.001029644
744 0.001027589
745 0.001026582
746 0.001026059
747 0.00102567
748 0.001024227
749 0.001024449
750 0.001025382
751 0.001025824
752 0.001025975
753 0.00102537
754 0.001025356
755 0.001024245
756 0.001024049
757 0.001024054
758 0.001024611
759 0.001025059
760 0.001026101
761 0.00102618
762 0.001026978
763 0.001027353
764 0.001027604
765 0.001027234
766 0.001027499
767 0.001027999
768 0.001027904
769 0.001027777
770 0.001027788
771 0.001027685
772 0.001027393
773 0.001026191
774 0.00102508
775 0.001024562
776 0.001023997
777 0.001023226
778 0.001022022
779 0.001021231
780 0.001019395
781 0.001018099
782 0.001016526
783 0.001015173
784 0.001013253
785 0.001011888
786 0.001010216
787 0.001008628
788 0.001006852
789 0.00100482
790 0.001002848
791 0.001001142
792 0.0009996698
793 0.0009981877
794 0.0009969722
795 0.0009957562
796 0.0009943926
797 0.0009927049
798 0.0009919922
799 0.0009913034
800 0.0009909899
801 0.0009911972
802 0.0009917265
803 0.0009917264
804 0.0009922931
805 0.0009931016
806 0.0009942061
807 0.0009942218
808 0.0009946361
809 0.0009956799
810 0.0009976187
811 0.0009998394
812 0.001001577
813 0.00100288
814 0.001004292
815 0.001005734
816 0.001006537
817 0.001007167
818 0.001007883
819 0.001006107
820 0.00100547
821 0.001004329
822 0.001004878
823 0.001006684
824 0.001006747
825 0.001007576
826 0.001007013
827 0.001006048
828 0.001005154
829 0.001002821
830 0.001001534
831 0.001001042
832 0.0009996302
833 0.0009975771
834 0.000995116
835 0.0009928518
836 0.0009899583
837 0.000988869
838 0.0009865084
839 0.0009853806
840 0.0009839659
841 0.0009841894
842 0.0009832658
843 0.0009830655
844 0.0009821774
845 0.0009812359
846 0.0009802617
847 0.0009810579
848 0.0009819147
849 0.0009832208
850 0.0009845592
851 0.0009851337
852 0.0009865767
853 0.0009878663
854 0.000990854
855 0.0009932001
856 0.0009959133
857 0.0009981823
858 0.001001472
859 0.001003598
860 0.001005867
861 0.001008188
862 0.00101065
863 0.001012867
864 0.001014739
865 0.001015892
866 0.00101775
867 0.001019489
868 0.001020942
869 0.001021492
870 0.001022019
871 0.001023173
872 0.001023806
873 0.001023971
874 0.0010241
875 0.001024609
876 0.001025014
877 0.001024531
878 0.001023549
879 0.001022809
880 0.001021724
881 0.001020649
882 0.001019838
883 0.001018871
884 0.001017922
885 0.001016919
886 0.00101538
887 0.001013951
888 0.001012352
889 0.001010259
890 0.001008275
891 0.001006431
892 0.001004193
893 0.001002793
894 0.001001705
895 0.001000586
896 0.0009985321
897 0.0009968275
898 0.0009962996
899 0.0009959135
900 0.0009951821
901 0.000994888
902 0.0009944531
903 0.0009941052
904 0.0009939697
905 0.0009941991
906 0.0009946718
907 0.0009948667
908 0.000995263
909 0.0009962878
910 0.0009975707
911 0.0009986147
912 0.0009999701
913 0.001000956
914 0.001002147
915 0.001003072
916 0.001003476
917 0.001004365
918 0.001005151
919 0.001005737
920 0.001006016
921 0.001006551
922 0.001006784
923 0.001007179
924 0.001007769
925 0.00100763
926 0.001007344
927 0.001007363
928 0.001007524
929 0.00100733
930 0.001007847
931 0.00100743
932 0.001007592
933 0.001007358
934 0.001007247
935 0.001006784
936 0.001005826
937 0.001006316
938 0.001005539
939 0.001004762
940 0.001004322
941 0.001004534
942 0.00100413
943 0.001003173
944 0.001002644
945 0.001003178
946 0.001002922
947 0.001002657
948 0.00100358
949 0.001003564
950 0.001004665
951 0.001004867
952 0.001005097
953 0.001006106
954 0.001007998
955 0.00100945
956 0.001011227
957 0.001012802
958 0.00101358
959 0.001014842
960 0.001016817
961 0.001018183
962 0.001018842
963 0.001020888
964 0.001022154
965 0.001023476
966 0.001025262
967 0.001025679
968 0.001026332
969 0.00102724
970 0.001027393
971 0.001028159
972 0.00102831
973 0.001028533
974 0.001028439
975 0.001028638
976 0.001027809
977 0.001027404
978 0.001027255
979 0.001026679
980 0.001026258
981 0.001025374
982 0.001025191
983 0.001024764
984 0.001024714
985 0.001024403
986 0.001024188
987 0.001024138
988 0.00102438
989 0.001023538
990 0.001023531
991 0.001023779
992 0.001024049
993 0.001024654
994 0.001024532
995 0.00102542
996 0.001025987
997 0.001027551
998 0.001029152
999 0.001029925
1000 0.001030728
1001 0.001031971
