"right_tank_lift"
"Iteration" "right_tank_lift"
("Iteration" "right_tank_lift")
1 0.01626101
2 0.3728065
3 0.4804187
4 0.7729114
5 0.9273909
6 1.31316
7 1.403578
8 1.465689
9 1.41699
10 1.329682
11 1.18557
12 1.011355
13 0.6855474
14 0.5410543
15 0.3553854
16 0.2997156
17 0.2692824
18 0.2888173
19 0.3682919
20 0.4262422
21 0.5383616
22 0.5984474
23 0.6801683
24 0.7352945
25 0.7425642
26 0.7131822
27 0.6778334
28 0.5930935
29 0.5409821
30 0.4591737
31 0.4153835
32 0.3807296
33 0.3379969
34 0.3300902
35 0.3359436
36 0.3653552
37 0.3859299
38 0.4093595
39 0.4373313
40 0.4530541
41 0.4665567
42 0.4668577
43 0.4634595
44 0.4538982
45 0.4380817
46 0.4280534
47 0.4159727
48 0.402622
49 0.3961982
50 0.3888545
51 0.383244
52 0.3736802
53 0.3729657
54 0.36631
55 0.3579458
56 0.3506276
57 0.3486867
58 0.3368717
59 0.3245749
60 0.311452
61 0.3031605
62 0.2975542
63 0.2988577
64 0.3033251
65 0.3086731
66 0.3149775
67 0.3241981
68 0.3452633
69 0.3602533
70 0.372168
71 0.3813581
72 0.3991164
73 0.4113231
74 0.4197817
75 0.4332784
76 0.4472924
77 0.4547541
78 0.4686459
79 0.4736042
80 0.4757618
81 0.4832253
82 0.492841
83 0.4948862
84 0.504757
85 0.5126218
86 0.5196688
87 0.5294663
88 0.5293903
89 0.5274234
90 0.5341766
91 0.5355601
92 0.5398879
93 0.5395465
94 0.5398394
95 0.541528
96 0.5380146
97 0.530834
98 0.5237281
99 0.5126305
100 0.5024607
101 0.4848435
102 0.4759775
103 0.4703067
104 0.4618277
105 0.4526792
106 0.448798
107 0.4377747
108 0.4270175
109 0.4204749
110 0.4148279
111 0.4069397
112 0.4020069
113 0.3966027
114 0.390359
115 0.3877878
116 0.3798482
117 0.3773017
118 0.3742549
119 0.3771741
120 0.3771969
121 0.382991
122 0.3899774
123 0.3947573
124 0.4016195
125 0.4118094
126 0.4217704
127 0.4305407
128 0.4330826
129 0.4410673
130 0.45061
131 0.456435
132 0.466112
133 0.4730326
134 0.4847908
135 0.486971
136 0.4868152
137 0.4817738
138 0.4804125
139 0.4809685
140 0.4837516
141 0.481175
142 0.4818303
143 0.4815951
144 0.4791453
145 0.4810555
146 0.4786339
147 0.4753845
148 0.4697303
149 0.4638831
150 0.4660429
151 0.4645207
152 0.4636964
153 0.4617859
154 0.4674862
155 0.4736321
156 0.4793558
157 0.4839159
158 0.4927111
159 0.5067805
160 0.5192316
161 0.5360971
162 0.561137
163 0.5878742
164 0.6150492
165 0.644142
166 0.668211
167 0.6851797
168 0.7034618
169 0.7153019
170 0.7306374
171 0.7437385
172 0.7685503
173 0.7937118
174 0.8170089
175 0.8336822
176 0.8534384
177 0.8702787
178 0.8843046
179 0.8932269
180 0.9056906
181 0.9121982
182 0.9177573
183 0.9203009
184 0.9233218
185 0.9201968
186 0.9161564
187 0.9134652
188 0.9024273
189 0.8937472
190 0.8839666
191 0.8775817
192 0.8627652
193 0.8520604
194 0.8411584
195 0.828217
196 0.8134826
197 0.7991286
198 0.7851059
199 0.7712091
200 0.7544003
201 0.7395648
202 0.7258929
203 0.7072845
204 0.6890343
205 0.6698943
206 0.6508181
207 0.6356286
208 0.6181673
209 0.6054358
210 0.5866611
211 0.5747088
212 0.5615857
213 0.55159
214 0.5394326
215 0.5306079
216 0.5242566
217 0.5176205
218 0.5141323
219 0.5135291
220 0.5127469
221 0.5169942
222 0.5213878
223 0.5246272
224 0.5322392
225 0.5376028
226 0.542437
227 0.5476332
228 0.5534697
229 0.556699
230 0.5606864
231 0.5624043
232 0.5635014
233 0.5660163
234 0.5688084
235 0.5720284
236 0.5762339
237 0.5817592
238 0.583487
239 0.5873124
240 0.5876456
241 0.5883755
242 0.5894403
243 0.5896717
244 0.5903853
245 0.5897498
246 0.5911955
247 0.5932696
248 0.5927948
249 0.5932446
250 0.5926113
251 0.5929836
252 0.5950547
253 0.5963797
254 0.5992752
255 0.6011352
256 0.6043668
257 0.6060923
258 0.6061482
259 0.6066092
260 0.6069213
261 0.6070761
262 0.6076415
263 0.607376
264 0.6085732
265 0.6082553
266 0.6098367
267 0.6077856
268 0.6054077
269 0.6014391
270 0.5940619
271 0.5863726
272 0.5766993
273 0.5667038
274 0.5571207
275 0.547527
276 0.5391032
277 0.5317935
278 0.5260113
279 0.5215322
280 0.5153763
281 0.5102775
282 0.5042973
283 0.4997974
284 0.4951519
285 0.4898107
286 0.4849132
287 0.4833215
288 0.4800783
289 0.4784219
290 0.4783775
291 0.4773654
292 0.4743593
293 0.472044
294 0.4686749
295 0.4656719
296 0.46163
297 0.4576914
298 0.4543371
299 0.451483
300 0.4498429
301 0.4484836
302 0.4452532
303 0.4430051
304 0.4386851
305 0.4342926
306 0.4286653
307 0.4252009
308 0.4203432
309 0.4165351
310 0.4138179
311 0.4118492
312 0.4083817
313 0.4066279
314 0.4026305
315 0.3993019
316 0.3947677
317 0.3913142
318 0.3887775
319 0.3861334
320 0.3834354
321 0.3817359
322 0.3795821
323 0.3780833
324 0.3771079
325 0.3793433
326 0.3819815
327 0.3842719
328 0.3874416
329 0.3917146
330 0.3964332
331 0.3998073
332 0.4050547
333 0.4098886
334 0.4132225
335 0.417061
336 0.4206868
337 0.4231831
338 0.4266056
339 0.4304251
340 0.4346232
341 0.4392482
342 0.4445681
343 0.4475881
344 0.452027
345 0.4559159
346 0.4580756
347 0.4603222
348 0.4632019
349 0.4645478
350 0.4657446
351 0.4659184
352 0.4642215
353 0.4631926
354 0.4616655
355 0.460755
356 0.4600715
357 0.4582316
358 0.4559499
359 0.4528697
360 0.4509515
361 0.448262
362 0.4456372
363 0.4425265
364 0.4393388
365 0.4368927
366 0.4335148
367 0.4291728
368 0.424509
369 0.4195748
370 0.4137911
371 0.4082071
372 0.4017096
373 0.3962491
374 0.3889901
375 0.3822794
376 0.3763723
377 0.3702619
378 0.364909
379 0.3590459
380 0.3521688
381 0.3450283
382 0.3393278
383 0.3330203
384 0.3295506
385 0.3269539
386 0.3220961
387 0.3190327
388 0.3173153
389 0.3154295
390 0.3131148
391 0.3122882
392 0.309456
393 0.3088077
394 0.3074915
395 0.307569
396 0.307365
397 0.3072016
398 0.3072271
399 0.3091993
400 0.311957
401 0.3140041
402 0.3167404
403 0.3187611
404 0.3221548
405 0.3248858
406 0.3276272
407 0.3308998
408 0.3338079
409 0.3359096
410 0.3381337
411 0.3416077
412 0.3442803
413 0.3475352
414 0.3500958
415 0.3532352
416 0.3570288
417 0.3606473
418 0.364219
419 0.3678399
420 0.370789
421 0.3724919
422 0.3748836
423 0.3773677
424 0.3796673
425 0.3814717
426 0.3821493
427 0.3846028
428 0.3865309
429 0.3899408
430 0.3923402
431 0.3958251
432 0.3973118
433 0.3990533
434 0.4001487
435 0.4013791
436 0.4013028
437 0.4019904
438 0.4028904
439 0.4032267
440 0.4040122
441 0.4048274
442 0.4041856
443 0.4043863
444 0.4032984
445 0.4033998
446 0.4024446
447 0.4008545
448 0.3991992
449 0.3979928
450 0.3962164
451 0.3953737
452 0.3937548
453 0.3929467
454 0.3909904
455 0.3895942
456 0.3884661
457 0.3881569
458 0.3874843
459 0.3867567
460 0.3864304
461 0.3864123
462 0.3855662
463 0.3860467
464 0.3866435
465 0.3876561
466 0.3888807
467 0.3897011
468 0.389919
469 0.3905874
470 0.3917187
471 0.3925582
472 0.3927428
473 0.3927795
474 0.3930353
475 0.3937565
476 0.3939562
477 0.3933906
478 0.3928898
479 0.3935252
480 0.3939537
481 0.3943461
482 0.3950066
483 0.3962066
484 0.3975778
485 0.3990014
486 0.400278
487 0.4018509
488 0.402661
489 0.4043263
490 0.4055831
491 0.4070418
492 0.4084342
493 0.4100654
494 0.4107331
495 0.4121071
496 0.4130166
497 0.4137374
498 0.4138584
499 0.4135151
500 0.4141102
501 0.4139897
502 0.4132658
503 0.4124079
504 0.4116822
505 0.4115971
506 0.4110436
507 0.4107253
508 0.4107877
509 0.4101661
510 0.4091742
511 0.4084907
512 0.4075066
513 0.4058098
514 0.4039836
515 0.4024646
516 0.4008657
517 0.398925
518 0.3969131
519 0.3951045
520 0.3927581
521 0.390528
522 0.3879031
523 0.3857055
524 0.3837749
525 0.3817838
526 0.3804306
527 0.3796091
528 0.378655
529 0.3767139
530 0.3748509
531 0.374424
532 0.373405
533 0.3719546
534 0.3713808
535 0.3706765
536 0.3702755
537 0.3698656
538 0.3693171
539 0.3698984
540 0.3700879
541 0.370703
542 0.371776
543 0.3732668
544 0.3743618
545 0.3758893
546 0.3772245
547 0.3785513
548 0.3793284
549 0.3798453
550 0.3798666
551 0.3798795
552 0.3803383
553 0.3812874
554 0.381671
555 0.3814255
556 0.381843
557 0.381379
558 0.3809873
559 0.3802906
560 0.3799577
561 0.3790577
562 0.3787685
563 0.3778614
564 0.3776286
565 0.3768435
566 0.3758291
567 0.3745781
568 0.3740983
569 0.372761
570 0.3722159
571 0.3716765
572 0.3709684
573 0.3706011
574 0.3703418
575 0.3706335
576 0.3710015
577 0.3707788
578 0.3706791
579 0.3703822
580 0.3705241
581 0.3707517
582 0.3708963
583 0.3710803
584 0.371179
585 0.3708554
586 0.3702838
587 0.3694803
588 0.3686105
589 0.3676639
590 0.3675756
591 0.3666637
592 0.3654156
593 0.3641711
594 0.3633825
595 0.3623187
596 0.361421
597 0.360002
598 0.3592356
599 0.3579727
600 0.356619
601 0.355825
602 0.3547069
603 0.3540544
604 0.3528343
605 0.3522471
606 0.3515111
607 0.3508576
608 0.3497271
609 0.3488644
610 0.3482661
611 0.3480754
612 0.3473187
613 0.3459977
614 0.3451844
615 0.344815
616 0.3449222
617 0.3453236
618 0.3454699
619 0.3449547
620 0.3452494
621 0.3449283
622 0.3451892
623 0.3446227
624 0.3443332
625 0.3445231
626 0.3442358
627 0.3441954
628 0.3439904
629 0.3442153
630 0.3441777
631 0.3436466
632 0.3432715
633 0.3433104
634 0.343081
635 0.342853
636 0.3432345
637 0.3437006
638 0.3439437
639 0.3444191
640 0.3449129
641 0.3452222
642 0.34563
643 0.345925
644 0.3461943
645 0.3465952
646 0.3471322
647 0.3471226
648 0.3473598
649 0.3479387
650 0.3482768
651 0.3479772
652 0.3479995
653 0.3480178
654 0.3479997
655 0.3479369
656 0.347724
657 0.3472077
658 0.3465841
659 0.3465786
660 0.3457334
661 0.3455837
662 0.3449568
663 0.344481
664 0.344125
665 0.3438271
666 0.3440174
667 0.3440927
668 0.3443832
669 0.344747
670 0.3447659
671 0.3441746
672 0.3436728
673 0.3429117
674 0.3420253
675 0.3412182
676 0.340478
677 0.339656
678 0.3389243
679 0.3375974
680 0.3363285
681 0.33511
682 0.3341538
683 0.3331141
684 0.3316338
685 0.3295114
686 0.3274892
687 0.325133
688 0.322983
689 0.3204907
690 0.3183626
691 0.3163635
692 0.3145254
693 0.313236
694 0.311916
695 0.3107023
696 0.3094727
697 0.3086298
698 0.3074145
699 0.3057044
700 0.3044376
701 0.3032821
702 0.3031122
703 0.3027678
704 0.30326
705 0.3032753
706 0.3034226
707 0.3034041
708 0.3036383
709 0.3037863
710 0.3043986
711 0.3048857
712 0.3055439
713 0.3060583
714 0.3067981
715 0.307324
716 0.30825
717 0.3093443
718 0.3104537
719 0.3113427
720 0.3121639
721 0.3128515
722 0.3133683
723 0.3134687
724 0.3132795
725 0.3131742
726 0.3130459
727 0.312678
728 0.3125488
729 0.3123803
730 0.3125542
731 0.3125556
732 0.3123445
733 0.3123197
734 0.3125046
735 0.3126315
736 0.3126381
737 0.3125811
738 0.3128176
739 0.3130062
740 0.3133139
741 0.3137284
742 0.314195
743 0.3149067
744 0.3158019
745 0.3166731
746 0.3176596
747 0.3185165
748 0.3203925
749 0.3216678
750 0.3228539
751 0.3239307
752 0.3262209
753 0.3276595
754 0.3290289
755 0.3302952
756 0.3314593
757 0.3321193
758 0.3325786
759 0.3330819
760 0.3331964
761 0.3329266
762 0.3328154
763 0.3330626
764 0.3329014
765 0.3330754
766 0.3333388
767 0.3334697
768 0.3333739
769 0.3334182
770 0.3332941
771 0.3327325
772 0.33244
773 0.3319417
774 0.3317858
775 0.3316275
776 0.3315705
777 0.3315489
778 0.3312161
779 0.331414
780 0.3315043
781 0.3314629
782 0.3316123
783 0.3318077
784 0.3321659
785 0.3321048
786 0.3319111
787 0.3314341
788 0.3311757
789 0.3306647
790 0.3302471
791 0.3297756
792 0.3294577
793 0.3290737
794 0.328952
795 0.3286532
796 0.3284006
797 0.3278155
798 0.3273521
799 0.326809
800 0.3259689
801 0.3255436
802 0.3249105
803 0.3247334
804 0.3246967
805 0.3250306
806 0.3253545
807 0.3255306
808 0.3263444
809 0.3271188
810 0.3277241
811 0.3280758
812 0.3291265
813 0.3306368
814 0.3313112
815 0.3323587
816 0.3329337
817 0.3332044
818 0.3334536
819 0.333807
820 0.3340702
821 0.3344312
822 0.3349951
823 0.3346836
824 0.3339188
825 0.333291
826 0.3322863
827 0.3311679
828 0.3297571
829 0.3288959
830 0.3279133
831 0.3274661
832 0.3265442
833 0.3257864
834 0.3250366
835 0.3247215
836 0.3240234
837 0.3231025
838 0.3226487
839 0.3218885
840 0.3211878
841 0.321009
842 0.3205193
843 0.321031
844 0.3215696
845 0.3214753
846 0.3219543
847 0.3221708
848 0.32273
849 0.3229122
850 0.3228324
851 0.3226759
852 0.323448
853 0.3228305
854 0.3227422
855 0.3225435
856 0.3223378
857 0.3218683
858 0.322077
859 0.3211251
860 0.3203444
861 0.3198395
862 0.3193038
863 0.3190617
864 0.318547
865 0.3174954
866 0.3171271
867 0.3172106
868 0.3177285
869 0.3185225
870 0.3190443
871 0.3194076
872 0.3208376
873 0.3219107
874 0.3234601
875 0.3254835
876 0.3277058
877 0.3289942
878 0.3313676
879 0.3338841
880 0.3362187
881 0.3384645
882 0.3410449
883 0.3430242
884 0.3452804
885 0.3477715
886 0.3500271
887 0.3516455
888 0.3531879
889 0.3534702
890 0.35373
891 0.353663
892 0.3534507
893 0.3527103
894 0.3516038
895 0.3503253
896 0.3486997
897 0.346959
898 0.3446689
899 0.3425753
900 0.3410748
901 0.3388366
902 0.3371881
903 0.3352253
904 0.3339404
905 0.3327964
906 0.331674
907 0.3305142
908 0.3294758
909 0.3283036
910 0.3272553
911 0.3257757
912 0.3246553
913 0.3239953
914 0.3234218
915 0.3224868
916 0.3223523
917 0.3213162
918 0.3200713
919 0.3188834
920 0.3176788
921 0.3163191
922 0.3152361
923 0.314183
924 0.3136229
925 0.3128464
926 0.3121945
927 0.3115212
928 0.3111031
929 0.3106344
930 0.3102777
931 0.3089311
932 0.3078925
933 0.3068943
934 0.3061315
935 0.3056277
936 0.3055008
937 0.3051789
938 0.3053384
939 0.3059081
940 0.3062744
941 0.3069865
942 0.307792
943 0.3082516
944 0.3086903
945 0.3096812
946 0.3112794
947 0.3119272
948 0.3130922
949 0.3141021
950 0.3154165
951 0.3162435
952 0.3172912
953 0.3179985
954 0.3190182
955 0.319368
956 0.3203373
957 0.3206521
958 0.3212981
959 0.3214831
960 0.3217604
961 0.321767
962 0.321793
963 0.321918
964 0.3218596
965 0.3217569
966 0.3217762
967 0.3220452
968 0.3222966
969 0.3220977
970 0.3220473
971 0.3222162
972 0.3222111
973 0.3220623
974 0.3218888
975 0.3215739
976 0.3213697
977 0.3204786
978 0.3195152
979 0.3183224
980 0.3171586
981 0.3161537
982 0.315367
983 0.3144116
984 0.313521
985 0.312487
986 0.3115517
987 0.3101497
988 0.3086894
989 0.307038
990 0.3057584
991 0.3036692
992 0.3025121
993 0.3006536
994 0.2994102
995 0.2979956
996 0.2971238
997 0.2958063
998 0.2947974
999 0.2933384
1000 0.2920578
1001 0.2906608
