"back_frame_drag"
"Iteration" "back_frame_drag"
("Iteration" "back_frame_drag")
1 1.894276
2 2.916578
3 1.912571
4 0.8771225
5 0.04084086
6 -0.1922194
7 -0.09667303
8 0.1955059
9 0.4332972
10 0.5690587
11 0.664974
12 0.6995253
13 0.735256
14 0.7933201
15 0.8973628
16 1.030281
17 1.18516
18 1.345476
19 1.512186
20 1.677149
21 1.837098
22 1.987131
23 2.129288
24 2.264461
25 2.379816
26 2.477215
27 2.550551
28 2.608886
29 2.657182
30 2.700946
31 2.750269
32 2.787951
33 2.810401
34 2.815852
35 2.812422
36 2.800682
37 2.788991
38 2.774917
39 2.757252
40 2.721515
41 2.676156
42 2.632303
43 2.580011
44 2.527948
45 2.483811
46 2.433779
47 2.397778
48 2.362163
49 2.328141
50 2.297739
51 2.264618
52 2.236285
53 2.2144
54 2.197217
55 2.180347
56 2.172225
57 2.160708
58 2.155858
59 2.15762
60 2.164819
61 2.16864
62 2.182017
63 2.196726
64 2.210927
65 2.231403
66 2.25526
67 2.286021
68 2.319489
69 2.356387
70 2.400286
71 2.445362
72 2.494162
73 2.549065
74 2.605938
75 2.669859
76 2.741082
77 2.80865
78 2.874017
79 2.938576
80 2.999136
81 3.055307
82 3.105181
83 3.149023
84 3.181587
85 3.203875
86 3.210623
87 3.203716
88 3.183303
89 3.147765
90 3.101656
91 3.041642
92 2.965649
93 2.883113
94 2.796442
95 2.693618
96 2.589312
97 2.483535
98 2.387931
99 2.294378
100 2.203936
101 2.116429
102 2.043985
103 1.972018
104 1.907629
105 1.846922
106 1.789222
107 1.743654
108 1.695838
109 1.650243
110 1.608665
111 1.573075
112 1.537869
113 1.506054
114 1.479636
115 1.454973
116 1.44111
117 1.429924
118 1.425165
119 1.428592
120 1.439094
121 1.456696
122 1.479661
123 1.509391
124 1.547572
125 1.589492
126 1.635556
127 1.685042
128 1.731351
129 1.778983
130 1.826458
131 1.870202
132 1.912797
133 1.951346
134 1.984673
135 2.016016
136 2.040229
137 2.059844
138 2.074803
139 2.086672
140 2.09317
141 2.094536
142 2.095094
143 2.092474
144 2.086514
145 2.076473
146 2.066665
147 2.055202
148 2.040493
149 2.020709
150 2.002275
151 1.982981
152 1.963417
153 1.941034
154 1.91847
155 1.890995
156 1.86511
157 1.838059
158 1.810315
159 1.781093
160 1.753247
161 1.726354
162 1.700713
163 1.674587
164 1.649706
165 1.630684
166 1.612199
167 1.592936
168 1.576622
169 1.563568
170 1.546625
171 1.532831
172 1.520493
173 1.509138
174 1.497091
175 1.482414
176 1.466882
177 1.453626
178 1.43604
179 1.421435
180 1.406359
181 1.390608
182 1.375278
183 1.36176
184 1.345883
185 1.327471
186 1.309623
187 1.294737
188 1.282441
189 1.268287
190 1.255153
191 1.241486
192 1.230708
193 1.219487
194 1.212732
195 1.205059
196 1.199853
197 1.193475
198 1.190964
199 1.190761
200 1.189975
201 1.190193
202 1.191197
203 1.194166
204 1.197727
205 1.20148
206 1.208576
207 1.218518
208 1.229595
209 1.243389
210 1.259846
211 1.281003
212 1.303824
213 1.328926
214 1.353316
215 1.383845
216 1.417161
217 1.450523
218 1.486607
219 1.522966
220 1.558944
221 1.595576
222 1.63202
223 1.669168
224 1.702979
225 1.737875
226 1.771052
227 1.801511
228 1.831696
229 1.858805
230 1.883293
231 1.907579
232 1.927721
233 1.943617
234 1.955787
235 1.965904
236 1.97158
237 1.972758
238 1.969389
239 1.962928
240 1.951899
241 1.936951
242 1.918036
243 1.899173
244 1.878986
245 1.858091
246 1.838811
247 1.82095
248 1.804278
249 1.790489
250 1.775854
251 1.762273
252 1.748441
253 1.737707
254 1.728492
255 1.720935
256 1.719402
257 1.721072
258 1.726491
259 1.737092
260 1.752729
261 1.771883
262 1.791412
263 1.814066
264 1.834619
265 1.851596
266 1.867499
267 1.884742
268 1.897662
269 1.904557
270 1.908662
271 1.911212
272 1.909029
273 1.90481
274 1.896161
275 1.885246
276 1.867827
277 1.848493
278 1.8269
279 1.801934
280 1.777563
281 1.750778
282 1.722005
283 1.69601
284 1.670529
285 1.643906
286 1.618041
287 1.593537
288 1.569516
289 1.545713
290 1.528106
291 1.512675
292 1.499588
293 1.485886
294 1.474557
295 1.468729
296 1.465605
297 1.466862
298 1.470576
299 1.478584
300 1.48997
301 1.500906
302 1.51489
303 1.531079
304 1.549241
305 1.570912
306 1.591821
307 1.614027
308 1.636615
309 1.661387
310 1.684471
311 1.709581
312 1.733432
313 1.757539
314 1.782422
315 1.806344
316 1.82831
317 1.850221
318 1.868775
319 1.886528
320 1.902641
321 1.916686
322 1.928165
323 1.937594
324 1.945179
325 1.951258
326 1.954477
327 1.95616
328 1.956373
329 1.951586
330 1.946481
331 1.940288
332 1.930449
333 1.920785
334 1.909183
335 1.89616
336 1.882405
337 1.867651
338 1.851943
339 1.83543
340 1.819072
341 1.80305
342 1.787118
343 1.771162
344 1.757365
345 1.743666
346 1.731406
347 1.721385
348 1.711775
349 1.704972
350 1.699104
351 1.694883
352 1.691917
353 1.690345
354 1.689457
355 1.690478
356 1.6926
357 1.694343
358 1.697714
359 1.701289
360 1.705826
361 1.712091
362 1.719108
363 1.726206
364 1.732662
365 1.738847
366 1.746696
367 1.754148
368 1.761184
369 1.768973
370 1.775503
371 1.78258
372 1.788821
373 1.793837
374 1.798361
375 1.803026
376 1.806844
377 1.809998
378 1.811281
379 1.811893
380 1.812301
381 1.812591
382 1.813243
383 1.812947
384 1.812487
385 1.813009
386 1.814194
387 1.815088
388 1.815998
389 1.81657
390 1.815906
391 1.815286
392 1.814394
393 1.81293
394 1.811626
395 1.809266
396 1.806812
397 1.804136
398 1.799867
399 1.795836
400 1.790927
401 1.784453
402 1.777391
403 1.770082
404 1.761852
405 1.752761
406 1.742873
407 1.732036
408 1.721693
409 1.710803
410 1.699787
411 1.687948
412 1.677311
413 1.667063
414 1.657503
415 1.649283
416 1.641944
417 1.636042
418 1.631395
419 1.62866
420 1.627363
421 1.62765
422 1.629568
423 1.633055
424 1.638284
425 1.644834
426 1.652481
427 1.660961
428 1.670674
429 1.681256
430 1.691721
431 1.702668
432 1.713833
433 1.72478
434 1.735719
435 1.746972
436 1.7576
437 1.767553
438 1.776904
439 1.785933
440 1.794469
441 1.801888
442 1.807294
443 1.811999
444 1.81576
445 1.819076
446 1.820547
447 1.821697
448 1.821398
449 1.82053
450 1.818816
451 1.815981
452 1.812126
453 1.807206
454 1.802178
455 1.797012
456 1.791588
457 1.785784
458 1.780623
459 1.774954
460 1.769678
461 1.764248
462 1.759929
463 1.755944
464 1.752644
465 1.749847
466 1.747655
467 1.746232
468 1.744847
469 1.744381
470 1.74431
471 1.744547
472 1.745517
473 1.746555
474 1.74789
475 1.749393
476 1.750536
477 1.75236
478 1.75443
479 1.75647
480 1.758447
481 1.760243
482 1.761853
483 1.763449
484 1.765483
485 1.767541
486 1.769331
487 1.770956
488 1.772115
489 1.773611
490 1.774335
491 1.775454
492 1.776641
493 1.777537
494 1.778365
495 1.778933
496 1.778932
497 1.778886
498 1.778512
499 1.778394
500 1.77841
501 1.778221
502 1.778017
503 1.777609
504 1.777002
505 1.776627
506 1.776109
507 1.775626
508 1.775418
509 1.775093
510 1.774436
511 1.773948
512 1.77374
513 1.773676
514 1.773386
515 1.773284
516 1.773242
517 1.773378
518 1.773405
519 1.773654
520 1.7741
521 1.774668
522 1.775085
523 1.77558
524 1.775942
525 1.776404
526 1.77688
527 1.777561
528 1.778159
529 1.778882
530 1.779376
531 1.780153
532 1.780695
533 1.780963
534 1.781405
535 1.781695
536 1.782029
537 1.782139
538 1.782297
539 1.782247
540 1.782244
541 1.782225
542 1.782215
543 1.782007
544 1.78204
545 1.781797
546 1.781427
547 1.780939
548 1.780325
549 1.779773
550 1.779221
551 1.77878
552 1.778187
553 1.777593
554 1.777034
555 1.776632
556 1.776309
557 1.776138
558 1.776006
559 1.775956
560 1.775986
561 1.776174
562 1.77643
563 1.776897
564 1.777616
565 1.77833
566 1.779047
567 1.780093
568 1.781243
569 1.782354
570 1.783582
571 1.784852
572 1.786094
573 1.787439
574 1.788599
575 1.789867
576 1.791047
577 1.792181
578 1.793076
579 1.79386
580 1.794607
581 1.795179
582 1.795745
583 1.796172
584 1.796566
585 1.796622
586 1.796685
587 1.796615
588 1.79636
589 1.795956
590 1.795602
591 1.795109
592 1.794681
593 1.794047
594 1.793312
595 1.792356
596 1.791293
597 1.790222
598 1.789074
599 1.787889
600 1.786656
601 1.785487
602 1.784468
603 1.783445
604 1.782347
605 1.781352
606 1.780392
607 1.779453
608 1.77853
609 1.777822
610 1.777133
611 1.776753
612 1.776496
613 1.776456
614 1.776635
615 1.776842
616 1.777216
617 1.777919
618 1.778839
619 1.779677
620 1.780639
621 1.781748
622 1.783131
623 1.784763
624 1.786443
625 1.788348
626 1.790256
627 1.792105
628 1.794076
629 1.796101
630 1.797921
631 1.799843
632 1.801732
633 1.803455
634 1.805179
635 1.806817
636 1.808298
637 1.809602
638 1.810611
639 1.811473
640 1.812093
641 1.812498
642 1.812661
643 1.81265
644 1.812558
645 1.812194
646 1.811613
647 1.810938
648 1.809924
649 1.808715
650 1.807466
651 1.806024
652 1.804244
653 1.802561
654 1.800758
655 1.798891
656 1.797065
657 1.795112
658 1.793275
659 1.791329
660 1.789304
661 1.787481
662 1.785584
663 1.783765
664 1.782018
665 1.780324
666 1.778547
667 1.776957
668 1.775649
669 1.774368
670 1.773338
671 1.772416
672 1.771761
673 1.771346
674 1.771109
675 1.770884
676 1.770876
677 1.771151
678 1.771531
679 1.772103
680 1.772754
681 1.773526
682 1.774361
683 1.77546
684 1.776785
685 1.778213
686 1.779682
687 1.781208
688 1.782587
689 1.784159
690 1.785577
691 1.787139
692 1.788441
693 1.78964
694 1.790838
695 1.792002
696 1.793139
697 1.794236
698 1.795269
699 1.796268
700 1.79717
701 1.797912
702 1.798557
703 1.799022
704 1.79947
705 1.799753
706 1.799873
707 1.799981
708 1.799967
709 1.799777
710 1.799627
711 1.799403
712 1.799071
713 1.798646
714 1.798117
715 1.797611
716 1.797226
717 1.796799
718 1.796383
719 1.795987
720 1.795541
721 1.795242
722 1.79503
723 1.794917
724 1.794851
725 1.794697
726 1.794713
727 1.794846
728 1.795081
729 1.795416
730 1.795751
731 1.79627
732 1.796683
733 1.797128
734 1.797751
735 1.798405
736 1.799057
737 1.799807
738 1.800444
739 1.801181
