"left_leg_lift"
"Iteration" "left_leg_lift"
("Iteration" "left_leg_lift")
1 -0.02615883
2 -0.05848634
3 -0.06051679
4 -0.06011722
5 -0.05767979
6 -0.05383662
7 -0.0489516
8 -0.04482317
9 -0.04270975
10 -0.04165305
11 -0.04104945
12 -0.04113408
13 -0.04139473
14 -0.04162731
15 -0.04186504
16 -0.04200355
17 -0.04204138
18 -0.04212877
19 -0.04231289
20 -0.04272068
21 -0.043295
22 -0.04379877
23 -0.04445572
24 -0.04504868
25 -0.04566062
26 -0.04629018
27 -0.04677542
28 -0.0472584
29 -0.04766262
30 -0.04806578
31 -0.0483685
32 -0.04860365
33 -0.04888444
34 -0.04919503
35 -0.04945388
36 -0.04977046
37 -0.05009075
38 -0.05037889
39 -0.05061534
40 -0.05081169
41 -0.05097013
42 -0.05116492
43 -0.0513033
44 -0.05147341
45 -0.05157633
46 -0.05163973
47 -0.05164654
48 -0.05166259
49 -0.05163245
50 -0.05159571
51 -0.05155445
52 -0.0514595
53 -0.05134927
54 -0.05117457
55 -0.05100037
56 -0.05080138
57 -0.05059703
58 -0.05041976
59 -0.05021927
60 -0.05001696
61 -0.04983695
62 -0.04960161
63 -0.04941907
64 -0.04924666
65 -0.04904539
66 -0.04886891
67 -0.04869071
68 -0.04851418
69 -0.04833586
70 -0.04818465
71 -0.04808833
72 -0.04794612
73 -0.04782151
74 -0.04776112
75 -0.04764991
76 -0.04757397
77 -0.04750348
78 -0.04744744
79 -0.04737924
80 -0.04734394
81 -0.04730439
82 -0.04730138
83 -0.04730253
84 -0.0473001
85 -0.04727468
86 -0.04722707
87 -0.04716906
88 -0.0470845
89 -0.04700192
90 -0.04692152
91 -0.04679857
92 -0.04667446
93 -0.04650167
94 -0.04637439
95 -0.04625444
96 -0.04614419
97 -0.04602574
98 -0.04590939
99 -0.04579536
100 -0.04567901
101 -0.04560266
102 -0.04555091
103 -0.04557357
104 -0.04561627
105 -0.04566174
106 -0.04571534
107 -0.04579408
108 -0.04591967
109 -0.04607814
110 -0.04624339
111 -0.04647123
112 -0.04670167
113 -0.04693258
114 -0.04720441
115 -0.04750942
116 -0.04780136
117 -0.04810269
118 -0.04841839
119 -0.04876709
120 -0.04909004
121 -0.04943769
122 -0.04978911
123 -0.05013578
124 -0.05048171
125 -0.05082403
126 -0.05117057
127 -0.05145064
128 -0.05172878
129 -0.05198922
130 -0.05223524
131 -0.05247957
132 -0.05271275
133 -0.0529395
134 -0.05313403
135 -0.05334835
136 -0.05349278
137 -0.05363683
138 -0.0537881
139 -0.05390525
140 -0.05400281
141 -0.05409602
142 -0.05415229
143 -0.05421288
144 -0.05423555
145 -0.05423668
146 -0.05424661
147 -0.0542406
148 -0.05418353
149 -0.054135
150 -0.05404458
151 -0.05394441
152 -0.05385496
153 -0.05374305
154 -0.05361409
155 -0.05348396
156 -0.05333403
157 -0.05318103
158 -0.05300556
159 -0.05283368
160 -0.05262971
161 -0.05243188
162 -0.05225307
163 -0.05205144
164 -0.05183921
165 -0.05166689
166 -0.051493
167 -0.05128725
168 -0.05111542
169 -0.0509404
170 -0.05074782
171 -0.05056543
172 -0.0503826
173 -0.05021974
174 -0.05004662
175 -0.04985395
176 -0.0496583
177 -0.04946703
178 -0.04927367
179 -0.04909973
180 -0.04891453
181 -0.04873147
182 -0.04853681
183 -0.04836133
184 -0.04818202
185 -0.04799177
186 -0.04779921
187 -0.04760543
188 -0.047424
189 -0.04724409
190 -0.0470737
191 -0.04692972
192 -0.04678407
193 -0.04663757
194 -0.04650808
195 -0.04638244
196 -0.04626311
197 -0.04615427
198 -0.04604659
199 -0.04598489
200 -0.04592332
201 -0.04585359
202 -0.04583497
203 -0.04581932
204 -0.04583742
205 -0.04586101
206 -0.04590956
207 -0.04597758
208 -0.04606481
209 -0.04615677
210 -0.04624694
211 -0.04636125
212 -0.04647217
213 -0.04659056
214 -0.04675014
215 -0.04688161
216 -0.04700983
217 -0.04715176
218 -0.04728052
219 -0.04740073
220 -0.04753048
221 -0.047635
222 -0.04775836
223 -0.04787414
224 -0.04798725
225 -0.04808888
226 -0.04818781
227 -0.04830654
228 -0.04842325
229 -0.048545
230 -0.04864582
231 -0.04874826
232 -0.04885288
233 -0.04895293
234 -0.04904922
235 -0.04913325
236 -0.04922088
237 -0.04931352
238 -0.04940066
239 -0.04948853
240 -0.04957094
241 -0.049652
242 -0.04972755
243 -0.04980718
244 -0.04988706
245 -0.04995526
246 -0.05000277
247 -0.05004973
248 -0.05010246
249 -0.05014032
250 -0.05016759
251 -0.05017961
252 -0.05018602
253 -0.05019131
254 -0.05018133
255 -0.05020219
256 -0.05021938
257 -0.0502154
258 -0.05023266
259 -0.05024588
260 -0.0502528
261 -0.05024305
262 -0.05023896
263 -0.05021989
264 -0.05021007
265 -0.05020317
266 -0.05017867
267 -0.05013645
268 -0.05010567
269 -0.05008677
270 -0.05005218
271 -0.05001815
272 -0.04997967
273 -0.04994638
274 -0.04990991
275 -0.04985819
276 -0.04980757
277 -0.04976732
278 -0.04974224
279 -0.04970419
280 -0.0496798
281 -0.04965068
282 -0.04963148
283 -0.04961407
284 -0.04959394
285 -0.04956791
286 -0.04955569
287 -0.04955725
288 -0.04953864
289 -0.04954253
290 -0.04955505
291 -0.04955407
292 -0.04955406
293 -0.04956259
294 -0.04956975
295 -0.04957786
296 -0.04959388
297 -0.04959939
298 -0.04959438
299 -0.04960064
300 -0.04961597
301 -0.04962659
302 -0.04962941
303 -0.04963838
304 -0.04963935
305 -0.04963474
306 -0.04962365
307 -0.04960702
308 -0.04959979
309 -0.04959404
310 -0.04957868
311 -0.04956194
312 -0.04954932
313 -0.04953277
314 -0.049514
315 -0.04948887
316 -0.04946338
317 -0.04944566
318 -0.04942508
319 -0.04940391
320 -0.0493855
321 -0.04936524
322 -0.04933313
323 -0.04930548
324 -0.04928394
325 -0.04926436
326 -0.04924801
327 -0.04923563
328 -0.04922786
329 -0.0492254
330 -0.04922606
331 -0.04923261
332 -0.04923715
333 -0.0492436
334 -0.04924202
335 -0.04924939
336 -0.04926552
337 -0.04927824
338 -0.04928965
339 -0.0493081
340 -0.04932338
341 -0.04934122
342 -0.04934344
343 -0.04935471
344 -0.04935702
345 -0.04936819
346 -0.04937665
347 -0.04938605
348 -0.04940166
349 -0.04941539
350 -0.04943006
351 -0.04944137
352 -0.04945946
353 -0.04947725
354 -0.04950052
355 -0.04952434
356 -0.04954743
357 -0.04957602
358 -0.04960264
359 -0.04963338
360 -0.04966065
361 -0.04969125
362 -0.04972033
363 -0.04975374
364 -0.04979019
365 -0.04983485
366 -0.04987657
367 -0.04992256
368 -0.04996294
369 -0.05001073
370 -0.05005825
371 -0.05010288
372 -0.05015146
373 -0.05019949
374 -0.05023912
375 -0.05027803
376 -0.05032426
377 -0.05037097
378 -0.05041783
379 -0.05046192
380 -0.05050318
381 -0.05054563
382 -0.0505841
383 -0.05062196
384 -0.05065155
385 -0.05067991
386 -0.05070525
387 -0.05072777
388 -0.0507477
389 -0.05076523
390 -0.05078365
391 -0.05080454
392 -0.05082074
393 -0.05083955
394 -0.05086207
395 -0.05088136
396 -0.05090092
397 -0.05092483
398 -0.05094566
399 -0.05096483
400 -0.05098741
401 -0.05100469
402 -0.05101509
403 -0.05102938
404 -0.05104452
405 -0.05106177
406 -0.05107911
407 -0.05109511
408 -0.05110729
409 -0.05112197
410 -0.05113542
411 -0.05114948
412 -0.05116085
413 -0.05117822
414 -0.05119018
415 -0.05120102
416 -0.05120733
417 -0.05121291
418 -0.05121942
419 -0.05122307
420 -0.05122424
421 -0.05122586
422 -0.05122185
423 -0.05122411
424 -0.05122456
425 -0.0512176
426 -0.05121059
427 -0.05121047
428 -0.05120327
429 -0.05119556
430 -0.05118428
431 -0.05116631
432 -0.05115452
433 -0.05114187
434 -0.0511282
435 -0.05111519
436 -0.05109398
437 -0.05107443
438 -0.05106096
439 -0.05105093
440 -0.05103541
441 -0.05102484
442 -0.05100803
443 -0.0509996
444 -0.05099243
445 -0.05098741
446 -0.05098446
447 -0.05098443
448 -0.05098201
449 -0.05098544
450 -0.05099441
451 -0.05100771
452 -0.0510221
453 -0.0510391
454 -0.05105526
455 -0.05107801
456 -0.05110203
457 -0.05112387
458 -0.05115293
459 -0.0511841
460 -0.05121461
461 -0.05124494
462 -0.05127353
463 -0.05130005
464 -0.05133106
465 -0.05136321
466 -0.0513864
467 -0.05140892
468 -0.05143112
469 -0.05145204
470 -0.05146696
471 -0.05148195
472 -0.05149558
473 -0.05150327
474 -0.0515065
475 -0.05150627
476 -0.05150099
477 -0.0514935
478 -0.05148286
479 -0.05146887
480 -0.05145581
481 -0.05143781
482 -0.05142017
483 -0.05140363
484 -0.05138852
485 -0.05137708
486 -0.05136213
487 -0.05134632
488 -0.05132918
489 -0.05131049
490 -0.05129373
491 -0.05127745
492 -0.05126423
493 -0.05125373
494 -0.05124263
495 -0.05123451
496 -0.05122687
497 -0.05122307
498 -0.05121828
499 -0.05121546
500 -0.0512117
501 -0.05120762
502 -0.05120511
503 -0.05120622
504 -0.05120708
505 -0.05121003
506 -0.05121364
507 -0.05121614
508 -0.05121912
509 -0.05122068
510 -0.0512271
511 -0.05123426
512 -0.05123733
513 -0.05124379
514 -0.05125076
515 -0.05125866
516 -0.05126551
517 -0.05127283
518 -0.05127715
519 -0.05128374
520 -0.05128964
521 -0.05129778
522 -0.05130589
523 -0.05131377
524 -0.05132496
525 -0.05133773
526 -0.0513483
527 -0.05136041
528 -0.05137179
529 -0.05138372
530 -0.05139735
531 -0.05141015
532 -0.05142383
533 -0.05143121
534 -0.05144113
535 -0.05145233
536 -0.05146201
537 -0.05146996
538 -0.0514782
539 -0.05148506
540 -0.05149452
541 -0.05150348
542 -0.05150997
543 -0.05151701
544 -0.05152219
545 -0.05152795
546 -0.0515326
547 -0.05153615
548 -0.05153938
549 -0.05154405
550 -0.05154565
551 -0.05154994
552 -0.05155449
553 -0.05155798
554 -0.051562
555 -0.05156716
556 -0.05157381
557 -0.05157833
558 -0.0515856
559 -0.05159426
560 -0.05160534
561 -0.05161737
562 -0.05162986
563 -0.05164576
564 -0.0516624
565 -0.05168033
566 -0.05169628
567 -0.05171384
568 -0.0517324
569 -0.05175152
570 -0.05177164
571 -0.05179181
572 -0.05181091
573 -0.05183037
574 -0.0518498
575 -0.0518687
576 -0.05188672
577 -0.05190294
578 -0.05192205
579 -0.05193958
580 -0.05195778
581 -0.05197601
582 -0.05199269
583 -0.05200833
584 -0.05202208
585 -0.05203669
586 -0.05205168
587 -0.0520645
588 -0.05207811
589 -0.05208939
590 -0.05210136
591 -0.0521137
592 -0.05212538
593 -0.05213761
594 -0.05214836
595 -0.05216166
596 -0.05217668
597 -0.05219545
598 -0.05221164
599 -0.05222768
600 -0.05224609
601 -0.05226304
602 -0.05228006
603 -0.05229685
604 -0.05231396
605 -0.05233159
606 -0.05234876
607 -0.05237058
608 -0.05238888
609 -0.0524057
610 -0.05242217
611 -0.05244063
612 -0.05245484
613 -0.05246674
614 -0.05247797
615 -0.05248819
616 -0.05249298
617 -0.05249716
618 -0.05250166
619 -0.05250667
620 -0.05251071
621 -0.05251321
622 -0.05251561
623 -0.05251926
624 -0.05252006
625 -0.05251923
626 -0.05251618
627 -0.05251268
628 -0.05250914
629 -0.05250394
630 -0.05249984
631 -0.05249648
632 -0.0524929
633 -0.05248621
634 -0.05247684
635 -0.05246809
636 -0.05246055
637 -0.05245133
638 -0.05244368
639 -0.05243353
640 -0.05242452
641 -0.05241394
642 -0.05240315
643 -0.05239252
644 -0.05237882
645 -0.05236484
646 -0.05235336
647 -0.05233933
648 -0.05232882
649 -0.05231586
650 -0.05230003
651 -0.0522791
652 -0.05225813
653 -0.05223776
654 -0.0522192
655 -0.05220173
656 -0.05218316
657 -0.05216152
658 -0.05214152
659 -0.05212212
660 -0.0521019
661 -0.05208066
662 -0.05206013
663 -0.05203664
664 -0.05201371
665 -0.05199107
666 -0.05197017
667 -0.0519497
668 -0.05193046
669 -0.05190603
670 -0.05188085
671 -0.05185783
672 -0.05183854
673 -0.05181766
674 -0.05180272
675 -0.05178249
676 -0.05176368
677 -0.05174145
678 -0.051721
679 -0.05169685
680 -0.05167631
681 -0.05165723
682 -0.05163557
683 -0.05161528
684 -0.05159632
685 -0.05157699
686 -0.05155411
687 -0.05153219
688 -0.05150849
689 -0.05148507
690 -0.05146305
691 -0.05144573
692 -0.05142891
693 -0.05141268
694 -0.05139723
695 -0.05137971
696 -0.05136027
697 -0.05134391
698 -0.05132701
699 -0.05131156
700 -0.05129417
701 -0.05127826
702 -0.05126011
703 -0.05124285
704 -0.05122688
705 -0.0512136
706 -0.0511998
707 -0.05118107
708 -0.05116756
709 -0.0511542
710 -0.05114029
711 -0.05112628
712 -0.05111799
713 -0.0511081
714 -0.05109756
715 -0.05108678
716 -0.051077
717 -0.05106841
718 -0.0510648
719 -0.05106259
720 -0.05106067
721 -0.0510607
722 -0.05106365
723 -0.05106682
724 -0.0510694
725 -0.05107474
726 -0.05107966
727 -0.05108255
728 -0.05108832
729 -0.05109188
730 -0.05109388
731 -0.05109432
732 -0.05109713
733 -0.05109778
734 -0.05109878
735 -0.05109721
736 -0.05109249
737 -0.05108868
738 -0.05108408
739 -0.05108214
