"left_wing_tank_connect_lift"
"Iteration" "left_wing_tank_connect_lift"
("Iteration" "left_wing_tank_connect_lift")
1 -2.768357e-05
2 -3.271257e-05
3 -3.732242e-05
4 -3.806034e-05
5 -3.281752e-05
6 -2.653717e-05
7 -1.984212e-05
8 -1.342169e-05
9 -9.69367e-06
10 -5.955632e-06
11 -4.546831e-06
12 -5.347792e-06
13 -5.840358e-06
14 -5.804173e-06
15 -5.452975e-06
16 -4.144279e-06
17 -2.602713e-06
18 -9.97934e-08
19 2.723953e-06
20 5.99038e-06
21 8.75096e-06
22 1.142469e-05
23 1.331237e-05
24 1.527064e-05
25 1.691094e-05
26 1.785073e-05
27 1.936519e-05
28 2.03946e-05
29 2.117052e-05
30 2.024434e-05
31 1.847102e-05
32 1.73732e-05
33 1.525143e-05
34 1.304336e-05
35 1.060239e-05
36 8.107852e-06
37 6.172878e-06
38 4.568286e-06
39 2.876871e-06
40 1.803329e-06
41 5.008196e-07
42 -2.637062e-06
43 -5.737486e-06
44 -8.790817e-06
45 -1.216527e-05
46 -1.526012e-05
47 -1.821856e-05
48 -2.121061e-05
49 -2.389777e-05
50 -2.734765e-05
51 -3.081808e-05
52 -3.403531e-05
53 -3.652965e-05
54 -3.942347e-05
55 -4.143306e-05
56 -4.233854e-05
57 -4.455894e-05
58 -4.442248e-05
59 -4.312684e-05
60 -4.382795e-05
61 -4.254828e-05
62 -4.075239e-05
63 -3.919363e-05
64 -3.690156e-05
65 -3.599238e-05
66 -3.603306e-05
67 -3.758831e-05
68 -3.933677e-05
69 -4.27602e-05
70 -4.588525e-05
71 -5.008186e-05
72 -5.35679e-05
73 -5.686099e-05
74 -6.094952e-05
75 -6.507459e-05
76 -6.773687e-05
77 -7.000396e-05
78 -7.30172e-05
79 -7.626146e-05
80 -7.662347e-05
81 -7.746779e-05
82 -7.618128e-05
83 -7.37156e-05
84 -7.119249e-05
85 -6.79078e-05
86 -6.166448e-05
87 -5.683003e-05
88 -5.132519e-05
89 -4.528938e-05
90 -3.786683e-05
91 -3.250096e-05
92 -2.8989e-05
93 -2.49941e-05
94 -2.163091e-05
95 -1.664729e-05
96 -1.407428e-05
97 -9.902752e-06
98 -6.95322e-06
99 -4.197602e-06
100 -1.990798e-06
101 1.17694e-06
102 3.886949e-06
103 5.962296e-06
104 9.493608e-06
105 1.273488e-05
106 1.714706e-05
107 2.207126e-05
108 2.733709e-05
109 3.359023e-05
110 3.983927e-05
111 4.656208e-05
112 5.22932e-05
113 5.86301e-05
114 6.340083e-05
115 6.808863e-05
116 7.229138e-05
117 7.579788e-05
118 7.766089e-05
119 8.044185e-05
120 8.159006e-05
121 8.249861e-05
122 8.32133e-05
123 8.450058e-05
124 8.452333e-05
125 8.508404e-05
126 8.509885e-05
127 8.500439e-05
128 8.442786e-05
129 8.388258e-05
130 8.263334e-05
131 8.141379e-05
132 8.045888e-05
133 7.815177e-05
134 7.558495e-05
135 7.31738e-05
136 6.96623e-05
137 6.6146e-05
138 6.285068e-05
139 5.914971e-05
140 5.633554e-05
141 5.346254e-05
142 5.209417e-05
143 5.025011e-05
144 4.935495e-05
145 4.932458e-05
146 5.060355e-05
147 5.072895e-05
148 5.224366e-05
149 5.272846e-05
150 5.483963e-05
151 5.655639e-05
152 5.943994e-05
153 6.163568e-05
154 6.296104e-05
155 6.4069e-05
156 6.40358e-05
157 6.343734e-05
158 6.302615e-05
159 6.241426e-05
160 6.102058e-05
161 5.936514e-05
162 5.676241e-05
163 5.428947e-05
164 5.124042e-05
165 4.754096e-05
166 4.337462e-05
167 3.928302e-05
168 3.519353e-05
169 3.129402e-05
170 2.729835e-05
171 2.306817e-05
172 1.92583e-05
173 1.610271e-05
174 1.272343e-05
175 9.849509e-06
176 7.695947e-06
177 5.934694e-06
178 4.067855e-06
179 3.053625e-06
180 3.105562e-06
181 3.30323e-06
182 4.01852e-06
183 4.784528e-06
184 6.031773e-06
185 7.208593e-06
186 8.399164e-06
187 9.767333e-06
188 1.073151e-05
189 1.214218e-05
190 1.360336e-05
191 1.508612e-05
192 1.655602e-05
193 1.815771e-05
194 1.906428e-05
195 2.066455e-05
196 2.13437e-05
197 2.237121e-05
198 2.35677e-05
199 2.492764e-05
200 2.601115e-05
201 2.677783e-05
202 2.696498e-05
203 2.780065e-05
204 2.785794e-05
205 2.833972e-05
206 2.828138e-05
207 2.808243e-05
208 2.760082e-05
209 2.796469e-05
210 2.771367e-05
211 2.815372e-05
212 2.84015e-05
213 2.912124e-05
214 2.976421e-05
215 3.090479e-05
216 3.201606e-05
217 3.255399e-05
218 3.275528e-05
219 3.34167e-05
220 3.389299e-05
221 3.386669e-05
222 3.418088e-05
223 3.43925e-05
224 3.526852e-05
225 3.558013e-05
226 3.620836e-05
227 3.70138e-05
228 3.759582e-05
229 3.806734e-05
230 3.873779e-05
231 3.829128e-05
232 3.809567e-05
233 3.762313e-05
234 3.669035e-05
235 3.55538e-05
236 3.44676e-05
237 3.259257e-05
238 3.021422e-05
239 2.836022e-05
240 2.580114e-05
241 2.292407e-05
242 1.989895e-05
243 1.748161e-05
244 1.482698e-05
245 1.209629e-05
246 9.515901e-06
247 7.190726e-06
248 4.800881e-06
249 3.676373e-06
250 2.329485e-06
251 9.856947e-07
252 7.305528e-07
253 -4.86423e-07
254 -5.692543e-07
255 7.504821e-07
256 2.13874e-06
257 3.894149e-06
258 5.67006e-06
259 6.865533e-06
260 9.208494e-06
261 1.086474e-05
262 1.274906e-05
263 1.392908e-05
264 1.550905e-05
265 1.599923e-05
266 1.632769e-05
267 1.611874e-05
268 1.6297e-05
269 1.55876e-05
270 1.46447e-05
271 1.279264e-05
272 1.064749e-05
273 8.116209e-06
274 5.272469e-06
275 1.765392e-06
276 -1.507912e-06
277 -4.731732e-06
278 -8.10721e-06
279 -1.09447e-05
280 -1.368844e-05
281 -1.596464e-05
282 -1.844673e-05
283 -2.015732e-05
284 -2.204827e-05
285 -2.335759e-05
286 -2.393491e-05
287 -2.430185e-05
288 -2.428632e-05
289 -2.387762e-05
290 -2.302856e-05
291 -2.233116e-05
292 -2.081029e-05
293 -1.819182e-05
294 -1.58839e-05
295 -1.330985e-05
296 -1.068432e-05
297 -8.546827e-06
298 -6.60046e-06
299 -4.355084e-06
300 -2.743949e-06
301 -7.009971e-07
302 2.054571e-07
303 1.67503e-06
304 3.034729e-06
305 4.148611e-06
306 4.695657e-06
307 6.092131e-06
308 6.644615e-06
309 6.830305e-06
310 7.120911e-06
311 8.001855e-06
312 8.35476e-06
313 9.680247e-06
314 1.093325e-05
315 1.11305e-05
316 1.211699e-05
317 1.355583e-05
318 1.534079e-05
319 1.659391e-05
320 1.817626e-05
321 1.964806e-05
322 2.082357e-05
323 2.221844e-05
324 2.278248e-05
325 2.42825e-05
326 2.556946e-05
327 2.659142e-05
328 2.787145e-05
329 2.847964e-05
330 2.935699e-05
331 3.042374e-05
332 3.11488e-05
333 3.147886e-05
334 3.154095e-05
335 3.126204e-05
336 3.108781e-05
337 3.088082e-05
338 3.00468e-05
339 2.930678e-05
340 2.877925e-05
341 2.781291e-05
342 2.691747e-05
343 2.617528e-05
344 2.555652e-05
345 2.519966e-05
346 2.473669e-05
347 2.459382e-05
348 2.483085e-05
349 2.476522e-05
350 2.495842e-05
351 2.480742e-05
352 2.506839e-05
353 2.517381e-05
354 2.567175e-05
355 2.596679e-05
356 2.673999e-05
357 2.746841e-05
358 2.842347e-05
359 2.969411e-05
360 3.086891e-05
361 3.227369e-05
362 3.396498e-05
363 3.609049e-05
364 3.792087e-05
365 4.003958e-05
366 4.234441e-05
367 4.482919e-05
368 4.729524e-05
369 4.991618e-05
370 5.23223e-05
371 5.502324e-05
372 5.688525e-05
373 5.865561e-05
374 6.071008e-05
375 6.229711e-05
376 6.408424e-05
377 6.519442e-05
378 6.623391e-05
379 6.678227e-05
380 6.742093e-05
381 6.796211e-05
382 6.85948e-05
383 6.913947e-05
384 6.987295e-05
385 7.042401e-05
386 7.095798e-05
387 7.140561e-05
388 7.218216e-05
389 7.258371e-05
390 7.277371e-05
391 7.328815e-05
392 7.371932e-05
393 7.403115e-05
394 7.409372e-05
395 7.416921e-05
396 7.447332e-05
397 7.452778e-05
398 7.461217e-05
399 7.477306e-05
400 7.50877e-05
401 7.529497e-05
402 7.549206e-05
403 7.581218e-05
404 7.609614e-05
405 7.632509e-05
406 7.640425e-05
407 7.670187e-05
408 7.700369e-05
409 7.722087e-05
410 7.724219e-05
411 7.750982e-05
412 7.770351e-05
413 7.748492e-05
414 7.717351e-05
415 7.699035e-05
416 7.637106e-05
417 7.594685e-05
418 7.579703e-05
419 7.603556e-05
420 7.607925e-05
421 7.658616e-05
422 7.745819e-05
423 7.800126e-05
424 7.938752e-05
425 8.03182e-05
426 8.148434e-05
427 8.231324e-05
428 8.283032e-05
429 8.355894e-05
430 8.477305e-05
431 8.559391e-05
432 8.627537e-05
433 8.697531e-05
434 8.762076e-05
435 8.80463e-05
436 8.83379e-05
437 8.856961e-05
438 8.883114e-05
439 8.898047e-05
440 8.911198e-05
441 8.911127e-05
442 8.92462e-05
443 8.923621e-05
444 8.945751e-05
445 8.973072e-05
446 8.989476e-05
447 8.995072e-05
448 9.012681e-05
449 9.024743e-05
450 9.045047e-05
451 9.046074e-05
452 9.045863e-05
453 9.042591e-05
454 9.046726e-05
455 9.00957e-05
456 8.98483e-05
457 8.976911e-05
458 8.944188e-05
459 8.915156e-05
460 8.878013e-05
461 8.859482e-05
462 8.827122e-05
463 8.799884e-05
464 8.796089e-05
465 8.802715e-05
466 8.819324e-05
467 8.825993e-05
468 8.863489e-05
469 8.896049e-05
470 8.939195e-05
471 8.987566e-05
472 9.039081e-05
473 9.113237e-05
474 9.13892e-05
475 9.180531e-05
476 9.217526e-05
477 9.225739e-05
478 9.198688e-05
479 9.153906e-05
480 9.092617e-05
481 8.996286e-05
482 8.849184e-05
483 8.719208e-05
484 8.57437e-05
485 8.423957e-05
486 8.257796e-05
487 8.11875e-05
488 7.985263e-05
489 7.872023e-05
490 7.773766e-05
491 7.70983e-05
492 7.653089e-05
493 7.615289e-05
494 7.574308e-05
495 7.523581e-05
496 7.500206e-05
497 7.47729e-05
498 7.470819e-05
499 7.480525e-05
500 7.491544e-05
501 7.50643e-05
502 7.541118e-05
503 7.566094e-05
504 7.603118e-05
505 7.639613e-05
506 7.70253e-05
507 7.764418e-05
508 7.830172e-05
509 7.904143e-05
510 7.977937e-05
511 8.058897e-05
512 8.130375e-05
513 8.198626e-05
514 8.239905e-05
515 8.273561e-05
516 8.304114e-05
517 8.304312e-05
518 8.292546e-05
519 8.276274e-05
520 8.229155e-05
521 8.163608e-05
522 8.103089e-05
523 8.027133e-05
524 7.946154e-05
525 7.867951e-05
526 7.789854e-05
527 7.686918e-05
528 7.57865e-05
529 7.479551e-05
530 7.365578e-05
531 7.260618e-05
532 7.145805e-05
533 7.037402e-05
534 6.936475e-05
535 6.846619e-05
536 6.755024e-05
537 6.640995e-05
538 6.568988e-05
539 6.506188e-05
540 6.429023e-05
541 6.375725e-05
542 6.317294e-05
543 6.261396e-05
544 6.210535e-05
545 6.152102e-05
546 6.103504e-05
547 6.066892e-05
548 6.026819e-05
549 5.964305e-05
550 5.902933e-05
551 5.828693e-05
552 5.752153e-05
553 5.669578e-05
554 5.584427e-05
555 5.525574e-05
556 5.462463e-05
557 5.425315e-05
558 5.405803e-05
559 5.406939e-05
560 5.434441e-05
561 5.468557e-05
562 5.52148e-05
563 5.582913e-05
564 5.659007e-05
565 5.717682e-05
566 5.7634e-05
567 5.812936e-05
568 5.850681e-05
569 5.881536e-05
570 5.904658e-05
571 5.9236e-05
572 5.939222e-05
573 5.943053e-05
574 5.942016e-05
575 5.933282e-05
576 5.918206e-05
577 5.897301e-05
578 5.868013e-05
579 5.819456e-05
580 5.797338e-05
581 5.747813e-05
582 5.700899e-05
583 5.634511e-05
584 5.563177e-05
585 5.476299e-05
586 5.390866e-05
587 5.290839e-05
588 5.183789e-05
589 5.090452e-05
590 5.002129e-05
591 4.921577e-05
592 4.846478e-05
593 4.784238e-05
594 4.725474e-05
595 4.649552e-05
596 4.587265e-05
597 4.538161e-05
598 4.493463e-05
599 4.448221e-05
600 4.402169e-05
601 4.368427e-05
602 4.346118e-05
603 4.319702e-05
604 4.304275e-05
605 4.294677e-05
606 4.279902e-05
607 4.264762e-05
608 4.243893e-05
609 4.220694e-05
610 4.179861e-05
611 4.147712e-05
612 4.111149e-05
613 4.060088e-05
614 4.010426e-05
615 3.950007e-05
616 3.874582e-05
617 3.777247e-05
618 3.675604e-05
619 3.542746e-05
620 3.408933e-05
621 3.25251e-05
622 3.088587e-05
623 2.923531e-05
624 2.767025e-05
625 2.605177e-05
626 2.477246e-05
627 2.366066e-05
628 2.283929e-05
629 2.237543e-05
630 2.192905e-05
631 2.16789e-05
632 2.165523e-05
633 2.172996e-05
634 2.191626e-05
635 2.197856e-05
636 2.20261e-05
637 2.208389e-05
638 2.236886e-05
639 2.266806e-05
640 2.28671e-05
641 2.301442e-05
642 2.334713e-05
643 2.36644e-05
644 2.390953e-05
645 2.409095e-05
646 2.430473e-05
647 2.447615e-05
648 2.447563e-05
649 2.442023e-05
650 2.426143e-05
651 2.405582e-05
652 2.378083e-05
653 2.343817e-05
654 2.312907e-05
655 2.267126e-05
656 2.22258e-05
657 2.179894e-05
658 2.131015e-05
659 2.082985e-05
660 2.032001e-05
661 1.990205e-05
662 1.951238e-05
663 1.908851e-05
664 1.877171e-05
665 1.848219e-05
666 1.82332e-05
667 1.798e-05
668 1.782319e-05
669 1.766676e-05
670 1.757879e-05
671 1.76916e-05
672 1.779663e-05
673 1.787283e-05
674 1.801136e-05
675 1.82879e-05
676 1.864108e-05
677 1.889011e-05
678 1.8983e-05
679 1.918579e-05
680 1.934215e-05
681 1.949638e-05
682 1.963948e-05
683 1.955085e-05
684 1.941348e-05
685 1.901727e-05
686 1.847949e-05
687 1.779603e-05
688 1.699842e-05
689 1.612796e-05
690 1.535894e-05
691 1.476426e-05
692 1.438792e-05
693 1.425011e-05
694 1.432284e-05
695 1.463732e-05
696 1.495016e-05
697 1.532285e-05
698 1.581347e-05
699 1.642384e-05
700 1.699823e-05
701 1.767664e-05
702 1.839476e-05
703 1.915299e-05
704 1.988789e-05
705 2.072028e-05
706 2.158109e-05
707 2.243467e-05
708 2.332701e-05
709 2.411034e-05
710 2.489015e-05
711 2.558558e-05
712 2.625182e-05
713 2.682614e-05
714 2.747823e-05
715 2.797843e-05
716 2.83857e-05
717 2.873828e-05
718 2.905638e-05
719 2.931992e-05
720 2.941221e-05
721 2.948668e-05
722 2.939799e-05
723 2.926478e-05
724 2.906643e-05
725 2.88956e-05
726 2.870169e-05
727 2.84595e-05
728 2.827324e-05
729 2.806861e-05
730 2.783068e-05
731 2.754421e-05
732 2.724456e-05
733 2.703663e-05
734 2.676688e-05
735 2.646917e-05
736 2.622067e-05
737 2.599954e-05
738 2.576783e-05
739 2.555184e-05
