"right_wing_tank_connect_moment"
"Iteration" "right_wing_tank_connect_moment"
("Iteration" "right_wing_tank_connect_moment")
1 -0.0001162892
2 -0.0001656715
3 -0.000140483
4 -0.0001046846
5 -6.817941e-05
6 -4.806094e-05
7 -4.479016e-05
8 -4.918688e-05
9 -5.291692e-05
10 -5.653724e-05
11 -5.724467e-05
12 -5.637852e-05
13 -5.397791e-05
14 -5.241534e-05
15 -5.205644e-05
16 -5.43769e-05
17 -5.897025e-05
18 -6.483928e-05
19 -7.128448e-05
20 -8.098313e-05
21 -9.098389e-05
22 -0.0001014152
23 -0.0001079635
24 -0.0001148414
25 -0.0001233187
26 -0.000130263
27 -0.0001380178
28 -0.0001468887
29 -0.0001581115
30 -0.0001705799
31 -0.0001801512
32 -0.0001906747
33 -0.000201259
34 -0.0002103448
35 -0.0002183375
36 -0.0002309816
37 -0.0002388369
38 -0.0002493655
39 -0.0002580071
40 -0.0002635507
41 -0.0002690865
42 -0.0002739817
43 -0.0002782996
44 -0.0002818269
45 -0.0002882417
46 -0.0002927991
47 -0.0002975942
48 -0.000299798
49 -0.0003016662
50 -0.0003055879
51 -0.0003065172
52 -0.0003080528
53 -0.0003096546
54 -0.0003111221
55 -0.0003112555
56 -0.0003137118
57 -0.0003157988
58 -0.0003175299
59 -0.0003185881
60 -0.000320212
61 -0.0003208792
62 -0.0003203807
63 -0.0003202615
64 -0.0003200638
65 -0.0003204174
66 -0.000321424
67 -0.0003224488
68 -0.0003240794
69 -0.0003243939
70 -0.0003244306
71 -0.0003235477
72 -0.0003249127
73 -0.0003248405
74 -0.0003236495
75 -0.0003250265
76 -0.000325642
77 -0.0003254786
78 -0.0003250989
79 -0.0003246329
80 -0.000323946
81 -0.000323109
82 -0.0003206495
83 -0.0003188397
84 -0.000317592
85 -0.0003169536
86 -0.00031525
87 -0.0003138676
88 -0.0003119864
89 -0.000309581
90 -0.0003090313
91 -0.0003080844
92 -0.000306124
93 -0.0003044138
94 -0.0003026878
95 -0.000300027
96 -0.0002970965
97 -0.0002948331
98 -0.0002930568
99 -0.0002907996
100 -0.0002900634
101 -0.0002897691
102 -0.000288565
103 -0.0002873619
104 -0.0002858659
105 -0.0002845534
106 -0.0002825488
107 -0.0002823809
108 -0.0002814789
109 -0.000280465
110 -0.0002789687
111 -0.0002770637
112 -0.0002746072
113 -0.0002713088
114 -0.000270076
115 -0.0002688411
116 -0.0002664795
117 -0.0002632675
118 -0.0002593797
119 -0.0002563291
120 -0.0002537888
121 -0.0002502226
122 -0.0002466203
123 -0.0002430258
124 -0.0002411795
125 -0.0002381915
126 -0.0002359539
127 -0.0002332204
128 -0.0002309115
129 -0.0002306773
130 -0.000229069
131 -0.0002289635
132 -0.0002290494
133 -0.0002282429
134 -0.0002289231
135 -0.0002296888
136 -0.0002304538
137 -0.0002304985
138 -0.0002316131
139 -0.0002316791
140 -0.0002333372
141 -0.000233357
142 -0.0002306423
143 -0.0002283895
144 -0.0002255782
145 -0.0002235472
146 -0.0002221582
147 -0.0002223028
148 -0.0002214342
149 -0.0002212038
150 -0.000219882
151 -0.0002198949
152 -0.000219023
153 -0.0002186539
154 -0.0002179161
155 -0.0002174949
156 -0.0002166525
157 -0.0002158298
158 -0.0002141749
159 -0.0002138011
160 -0.0002124422
161 -0.0002115145
162 -0.0002107225
163 -0.0002096457
164 -0.0002083815
165 -0.000206485
166 -0.0002051275
167 -0.0002030077
168 -0.0002013724
169 -0.0002010955
170 -0.0002009349
171 -0.0002004779
172 -0.0002004334
173 -0.0001997955
174 -0.000199903
175 -0.0002006053
176 -0.0002015448
177 -0.0002020043
178 -0.0002026455
179 -0.0002039207
180 -0.0002055036
181 -0.0002068216
182 -0.0002084906
183 -0.0002095825
184 -0.000210239
185 -0.0002110078
186 -0.0002119117
187 -0.0002130845
188 -0.0002138107
189 -0.0002147531
190 -0.0002155326
191 -0.000215889
192 -0.0002167945
193 -0.0002178698
194 -0.0002193489
195 -0.0002206293
196 -0.0002217456
197 -0.0002223232
198 -0.0002227015
199 -0.0002233711
200 -0.0002242937
201 -0.0002253767
202 -0.0002266377
203 -0.0002274786
204 -0.0002281901
205 -0.0002290724
206 -0.0002297669
207 -0.0002308516
208 -0.0002311991
209 -0.0002317509
210 -0.0002323432
211 -0.0002324161
212 -0.0002327165
213 -0.0002331864
214 -0.0002339985
215 -0.000234737
216 -0.0002351536
217 -0.0002348768
218 -0.000234577
219 -0.0002342952
220 -0.0002343869
221 -0.0002342384
222 -0.0002342948
223 -0.0002339687
224 -0.0002332529
225 -0.0002322864
226 -0.0002310472
227 -0.0002299127
228 -0.0002284963
229 -0.0002274234
230 -0.0002258262
231 -0.0002240914
232 -0.0002221652
233 -0.0002202721
234 -0.0002183648
235 -0.0002166565
236 -0.0002149801
237 -0.0002131977
238 -0.0002117339
239 -0.00020967
240 -0.000207759
241 -0.0002059733
242 -0.0002043133
243 -0.0002026355
244 -0.0002007376
245 -0.0001993592
246 -0.0001982952
247 -0.0001972717
248 -0.0001970168
249 -0.0001967056
250 -0.0001964813
251 -0.0001961321
252 -0.0001962073
253 -0.0001957792
254 -0.0001954703
255 -0.0001950074
256 -0.0001949948
257 -0.0001949076
258 -0.0001949014
259 -0.0001946063
260 -0.0001947913
261 -0.0001948042
262 -0.0001947917
263 -0.0001946646
264 -0.0001945725
265 -0.0001947165
266 -0.0001949461
267 -0.0001950471
268 -0.0001953168
269 -0.0001956504
270 -0.0001962127
271 -0.0001963083
272 -0.0001965527
273 -0.0001962251
274 -0.0001964653
275 -0.0001963008
276 -0.0001958784
277 -0.0001954558
278 -0.0001948308
279 -0.0001941214
280 -0.0001938754
281 -0.0001934323
282 -0.0001933792
283 -0.0001933031
284 -0.0001930364
285 -0.000192426
286 -0.0001918776
287 -0.0001912099
288 -0.0001903238
289 -0.000189294
290 -0.0001883087
291 -0.0001873432
292 -0.0001867802
293 -0.0001863738
294 -0.0001856711
295 -0.0001848821
296 -0.0001842164
297 -0.0001834592
298 -0.0001829533
299 -0.0001820578
300 -0.0001816782
301 -0.0001813888
302 -0.0001810345
303 -0.0001809785
304 -0.0001805389
305 -0.0001804179
306 -0.0001805459
307 -0.0001805839
308 -0.0001807094
309 -0.0001807852
310 -0.0001808587
311 -0.0001810128
312 -0.0001811026
313 -0.0001816784
314 -0.0001820235
315 -0.0001822568
316 -0.000182885
317 -0.0001832164
318 -0.0001842507
319 -0.0001851581
320 -0.0001862861
321 -0.0001874252
322 -0.0001881416
323 -0.0001890157
324 -0.0001900573
325 -0.0001908708
326 -0.0001916794
327 -0.000192376
328 -0.0001932106
329 -0.0001940338
330 -0.0001948816
331 -0.0001952114
332 -0.0001959982
333 -0.0001963194
334 -0.0001966624
335 -0.0001965066
336 -0.0001966009
337 -0.0001967838
338 -0.0001974918
339 -0.0001977576
340 -0.0001980064
341 -0.0001981085
342 -0.0001983874
343 -0.0001981791
344 -0.0001981085
345 -0.0001978843
346 -0.0001979023
347 -0.0001978276
348 -0.0001977906
349 -0.0001979831
350 -0.0001980442
351 -0.0001983105
352 -0.0001986566
353 -0.0001991179
354 -0.0001993016
355 -0.0001994589
356 -0.0001999056
357 -0.0002001844
358 -0.0002004043
359 -0.0002005371
360 -0.000200891
361 -0.0002011938
362 -0.0002012854
363 -0.000201346
364 -0.0002016337
365 -0.0002017386
366 -0.0002018069
367 -0.0002016904
368 -0.0002017163
369 -0.0002015037
370 -0.0002011903
371 -0.0002008489
372 -0.0002004968
373 -0.0001999475
374 -0.0001994167
375 -0.0001988867
376 -0.0001982554
377 -0.0001977299
378 -0.0001972427
379 -0.0001966555
380 -0.0001961135
381 -0.0001955726
382 -0.000194913
383 -0.0001939675
384 -0.0001933536
385 -0.0001925585
386 -0.0001918433
387 -0.0001908835
388 -0.000190058
389 -0.0001892745
390 -0.0001885111
391 -0.0001878601
392 -0.0001871007
393 -0.0001864202
394 -0.0001858317
395 -0.0001849192
396 -0.000184134
397 -0.0001836114
398 -0.0001833917
399 -0.0001828471
400 -0.0001827302
401 -0.0001824876
402 -0.0001821203
403 -0.0001817781
404 -0.0001812836
405 -0.0001810561
406 -0.0001807513
407 -0.000180307
408 -0.0001802642
409 -0.000180151
410 -0.0001802517
411 -0.0001805854
412 -0.0001807625
413 -0.0001810552
414 -0.0001815797
415 -0.000182176
416 -0.0001830731
417 -0.0001839047
418 -0.0001846806
419 -0.0001855764
420 -0.0001864083
421 -0.0001870229
422 -0.0001877961
423 -0.0001883666
424 -0.000188919
425 -0.0001897274
426 -0.0001903343
427 -0.0001909951
428 -0.0001913378
429 -0.0001914793
430 -0.0001917638
431 -0.000191956
432 -0.0001918119
433 -0.0001919044
434 -0.0001921053
435 -0.0001921635
436 -0.0001922521
437 -0.0001923214
438 -0.0001921505
439 -0.0001918521
440 -0.0001916374
441 -0.0001913152
442 -0.0001911279
443 -0.0001909202
444 -0.0001907667
445 -0.0001905502
446 -0.0001901194
447 -0.0001897851
448 -0.0001893757
449 -0.0001891662
450 -0.0001889459
451 -0.0001886914
452 -0.0001885388
453 -0.0001883055
454 -0.0001880567
455 -0.0001877391
456 -0.0001874644
457 -0.0001869905
458 -0.000186695
459 -0.0001863152
460 -0.0001858176
461 -0.000185506
462 -0.000185261
463 -0.0001852557
464 -0.0001853959
465 -0.0001856845
466 -0.0001859227
467 -0.0001861311
468 -0.0001866686
469 -0.0001868654
470 -0.0001874131
471 -0.0001877482
472 -0.0001881912
473 -0.0001882178
474 -0.0001882122
475 -0.0001880829
476 -0.0001877859
477 -0.0001878662
478 -0.0001876429
479 -0.0001876032
480 -0.0001874855
481 -0.0001873233
482 -0.0001868721
483 -0.0001863698
484 -0.0001860539
485 -0.0001855124
486 -0.0001851905
487 -0.0001846926
488 -0.0001843164
489 -0.0001839142
490 -0.0001834247
491 -0.0001830569
492 -0.0001826443
493 -0.0001818769
494 -0.0001812238
495 -0.0001805197
496 -0.0001797059
497 -0.0001789437
498 -0.0001780455
499 -0.0001771952
500 -0.0001762781
501 -0.0001754947
502 -0.0001749003
503 -0.0001742001
504 -0.0001731569
505 -0.0001724189
506 -0.000171728
507 -0.0001710867
508 -0.0001705842
509 -0.0001703349
510 -0.0001702845
511 -0.0001701333
512 -0.0001701859
513 -0.0001702022
514 -0.0001702223
515 -0.0001706375
516 -0.0001710409
517 -0.0001713795
518 -0.0001718437
519 -0.0001722364
520 -0.0001728534
521 -0.000173527
522 -0.0001743001
523 -0.0001749088
524 -0.0001755684
525 -0.0001759931
526 -0.0001765706
527 -0.0001769195
528 -0.0001771799
529 -0.0001772574
530 -0.0001773175
531 -0.0001771999
532 -0.000177206
533 -0.0001771633
534 -0.0001772111
535 -0.0001770097
536 -0.0001771042
537 -0.0001771459
538 -0.0001771201
539 -0.0001770553
540 -0.0001767598
541 -0.0001766269
542 -0.0001762856
543 -0.0001761267
544 -0.0001758551
545 -0.0001755294
546 -0.0001750589
547 -0.0001746608
548 -0.0001742923
549 -0.0001738771
550 -0.0001735988
551 -0.000173272
552 -0.0001727536
553 -0.0001724491
554 -0.0001720281
555 -0.0001718214
556 -0.0001716657
557 -0.0001717221
558 -0.0001717952
559 -0.000171952
560 -0.0001719904
561 -0.0001722676
562 -0.0001725299
563 -0.0001729433
564 -0.0001734148
565 -0.0001739898
566 -0.0001746007
567 -0.0001752285
568 -0.000175986
569 -0.0001766823
570 -0.0001774575
571 -0.0001779924
572 -0.0001789025
573 -0.0001796236
574 -0.0001802576
575 -0.0001807727
576 -0.0001813846
577 -0.0001820106
578 -0.0001823752
579 -0.0001829573
580 -0.000183136
581 -0.0001836269
582 -0.0001837662
583 -0.0001838601
584 -0.0001840658
585 -0.0001840225
586 -0.0001837968
587 -0.0001834272
588 -0.0001830166
589 -0.0001829722
590 -0.0001828718
591 -0.0001829972
592 -0.0001829594
593 -0.0001829996
594 -0.0001830243
595 -0.0001829913
596 -0.0001829187
597 -0.0001828131
598 -0.0001826124
599 -0.0001825555
600 -0.0001823023
601 -0.0001819956
602 -0.0001816004
603 -0.0001813648
604 -0.0001809346
605 -0.0001806393
606 -0.0001803056
607 -0.0001800909
608 -0.0001798611
609 -0.000179771
610 -0.0001795996
611 -0.0001793024
612 -0.0001788736
613 -0.0001786102
614 -0.0001782981
615 -0.000177815
616 -0.0001771797
617 -0.0001766984
618 -0.0001761502
619 -0.0001758131
620 -0.0001752912
621 -0.0001747831
622 -0.0001744925
623 -0.0001741539
624 -0.0001740112
625 -0.0001737817
626 -0.0001735556
627 -0.0001736485
628 -0.0001738311
629 -0.0001740384
630 -0.0001743115
631 -0.000174521
632 -0.0001747176
633 -0.0001749174
634 -0.0001752839
635 -0.0001757255
636 -0.0001760762
637 -0.0001764149
638 -0.0001769392
639 -0.0001773296
640 -0.0001775337
641 -0.000177766
642 -0.0001781024
643 -0.0001783746
644 -0.0001787258
645 -0.0001788519
646 -0.0001788285
647 -0.0001788745
648 -0.0001787009
649 -0.0001786457
650 -0.0001785533
651 -0.0001785346
652 -0.0001782434
653 -0.0001781116
654 -0.0001779182
655 -0.0001777648
656 -0.0001775261
657 -0.0001774302
658 -0.0001773874
659 -0.0001771226
660 -0.0001768877
661 -0.0001769355
662 -0.0001768939
663 -0.0001769393
664 -0.0001767444
665 -0.0001767568
666 -0.0001766786
667 -0.0001766057
668 -0.0001765525
669 -0.0001765231
670 -0.0001765061
671 -0.0001764771
672 -0.0001764742
673 -0.0001765454
674 -0.0001766472
675 -0.0001768456
676 -0.0001768724
677 -0.0001770445
678 -0.0001771622
679 -0.0001772801
680 -0.0001773213
681 -0.0001774039
682 -0.000177362
683 -0.0001772692
684 -0.0001771509
685 -0.0001770896
686 -0.0001771209
687 -0.0001771344
688 -0.0001769859
689 -0.0001768642
690 -0.0001766828
691 -0.0001764813
692 -0.0001762129
693 -0.0001760119
694 -0.0001758002
695 -0.0001755476
696 -0.0001753766
697 -0.0001752342
698 -0.0001749905
699 -0.0001747763
700 -0.0001745397
701 -0.0001743437
702 -0.0001740792
703 -0.0001739733
704 -0.0001738155
705 -0.0001737927
706 -0.0001736945
707 -0.0001735904
708 -0.0001734013
709 -0.0001734117
710 -0.0001733434
711 -0.0001732612
712 -0.0001730294
713 -0.0001728713
714 -0.0001726947
715 -0.0001726697
716 -0.0001726544
717 -0.0001727275
718 -0.0001727731
719 -0.0001728098
720 -0.0001727392
721 -0.0001727929
722 -0.0001727707
723 -0.0001728111
724 -0.0001727731
725 -0.0001728508
726 -0.0001728595
727 -0.0001729541
728 -0.0001730279
729 -0.0001731288
730 -0.0001731144
731 -0.0001730382
732 -0.0001728092
733 -0.0001726567
734 -0.0001723903
735 -0.0001722162
736 -0.000171958
737 -0.0001718564
738 -0.0001716673
739 -0.0001716058
740 -0.0001714916
741 -0.000171522
742 -0.0001715088
743 -0.0001715365
744 -0.0001715161
745 -0.0001716256
746 -0.0001716538
747 -0.0001716765
748 -0.0001716741
749 -0.0001717231
750 -0.0001717572
751 -0.0001717426
752 -0.0001717538
753 -0.0001717501
754 -0.0001718378
755 -0.0001719294
756 -0.0001720397
757 -0.0001720991
758 -0.0001721486
759 -0.0001721723
760 -0.0001721872
761 -0.0001722381
762 -0.0001723195
763 -0.0001724977
764 -0.0001726724
765 -0.0001728854
766 -0.0001730234
767 -0.0001731647
768 -0.0001733044
769 -0.0001734637
770 -0.0001734971
771 -0.0001735795
772 -0.0001736753
773 -0.0001737297
774 -0.0001736479
775 -0.0001736476
776 -0.0001735647
777 -0.0001735214
778 -0.0001733592
779 -0.000173227
780 -0.0001730426
781 -0.0001729468
782 -0.0001727854
783 -0.0001726775
784 -0.0001725866
785 -0.000172444
786 -0.0001722915
787 -0.0001721777
788 -0.0001720585
789 -0.0001718977
790 -0.0001717476
791 -0.00017162
792 -0.0001714969
793 -0.0001714149
794 -0.0001713333
795 -0.0001713275
796 -0.0001712313
797 -0.00017114
798 -0.0001710654
799 -0.0001709823
800 -0.0001708081
801 -0.0001707648
802 -0.0001706632
803 -0.0001706124
804 -0.0001705238
805 -0.0001706087
806 -0.0001706277
807 -0.0001707078
808 -0.0001707261
809 -0.0001708411
810 -0.0001709961
811 -0.0001711424
812 -0.0001711884
813 -0.0001713451
814 -0.0001713489
815 -0.0001714241
816 -0.0001714149
817 -0.0001715205
818 -0.0001714696
819 -0.0001714641
820 -0.0001714387
821 -0.0001714214
822 -0.0001714455
823 -0.0001714492
824 -0.0001714178
825 -0.0001714041
826 -0.0001713263
827 -0.0001713258
828 -0.0001713379
829 -0.0001713466
830 -0.0001713421
831 -0.0001713795
832 -0.0001713903
833 -0.0001714307
834 -0.0001714985
835 -0.0001715964
836 -0.0001716043
837 -0.0001716709
838 -0.000171632
839 -0.0001716548
840 -0.0001716502
841 -0.0001715946
842 -0.0001716258
843 -0.0001717035
844 -0.0001717572
845 -0.0001719129
846 -0.0001721001
847 -0.0001721526
848 -0.0001722621
849 -0.000172392
850 -0.0001725371
851 -0.0001727822
852 -0.000172899
853 -0.0001731153
854 -0.000173279
855 -0.0001735267
856 -0.0001736588
857 -0.0001738481
858 -0.0001740051
859 -0.000174321
860 -0.0001745432
861 -0.0001748462
862 -0.0001749198
863 -0.0001751388
864 -0.0001751911
865 -0.0001753004
866 -0.0001752518
867 -0.0001753538
868 -0.0001753925
869 -0.0001754944
870 -0.0001755609
871 -0.0001757507
872 -0.0001759294
873 -0.0001761298
874 -0.0001762437
875 -0.0001763595
876 -0.0001763182
877 -0.0001763231
878 -0.0001762596
879 -0.0001763007
880 -0.0001762839
881 -0.0001761933
882 -0.0001760594
883 -0.0001758933
884 -0.000175713
885 -0.0001755192
886 -0.000175318
887 -0.0001751513
888 -0.0001749122
889 -0.0001747166
890 -0.0001744652
891 -0.0001742108
892 -0.0001738458
893 -0.000173627
894 -0.0001732778
895 -0.0001730467
896 -0.0001727451
897 -0.0001726027
898 -0.0001724517
899 -0.0001724028
900 -0.0001722415
901 -0.0001721737
902 -0.000172103
903 -0.0001720903
904 -0.0001719761
905 -0.0001719833
906 -0.0001719789
907 -0.0001720416
908 -0.000172021
909 -0.0001719684
910 -0.0001719296
911 -0.0001720712
912 -0.0001720614
913 -0.0001721654
914 -0.0001722057
915 -0.0001723686
916 -0.0001724098
917 -0.0001725838
918 -0.0001725927
919 -0.0001726142
920 -0.0001725757
921 -0.000172586
922 -0.000172584
923 -0.0001726373
924 -0.0001726472
925 -0.000172769
926 -0.0001729349
927 -0.0001730215
928 -0.0001729863
929 -0.000173105
930 -0.0001731339
931 -0.0001731527
932 -0.0001730843
933 -0.0001731487
934 -0.0001732113
935 -0.0001733446
936 -0.0001734238
937 -0.000173576
938 -0.0001736871
939 -0.0001738801
940 -0.0001740178
941 -0.0001741843
942 -0.0001743108
943 -0.0001744311
944 -0.0001744654
945 -0.0001745654
946 -0.0001746551
947 -0.0001747666
948 -0.000174854
949 -0.0001749152
950 -0.000174999
951 -0.0001751413
952 -0.000175191
953 -0.000175207
954 -0.0001751666
955 -0.0001751692
956 -0.0001751497
957 -0.0001751679
958 -0.0001750881
959 -0.0001749669
960 -0.0001748426
961 -0.0001747727
962 -0.0001746723
963 -0.0001745613
964 -0.0001744733
965 -0.0001743756
966 -0.0001742588
967 -0.0001741406
968 -0.0001740155
969 -0.0001738122
970 -0.0001736037
971 -0.000173311
972 -0.0001730459
973 -0.0001727523
974 -0.0001724821
975 -0.0001723459
976 -0.0001720984
977 -0.0001719595
978 -0.0001717901
979 -0.0001716188
980 -0.0001715663
981 -0.0001714986
982 -0.0001714238
983 -0.0001713927
984 -0.0001712984
985 -0.000171209
986 -0.0001711636
987 -0.0001711395
988 -0.0001711011
989 -0.0001710389
990 -0.0001710488
991 -0.0001710989
992 -0.0001710895
993 -0.0001711
994 -0.0001711575
995 -0.000171267
996 -0.0001713167
997 -0.0001714036
998 -0.0001713848
999 -0.0001714451
1000 -0.0001714849
