"left_wing_drag"
"Iteration" "left_wing_drag"
("Iteration" "left_wing_drag")
1 8.245869
2 7.70893
3 5.371853
4 3.692259
5 2.520083
6 1.83672
7 1.496686
8 1.504366
9 1.717401
10 1.872726
11 2.015506
12 2.053793
13 2.007126
14 1.925857
15 1.850975
16 1.805211
17 1.77878
18 1.779138
19 1.798933
20 1.813822
21 1.799803
22 1.784617
23 1.750467
24 1.728719
25 1.657526
26 1.570535
27 1.489364
28 1.394058
29 1.276528
30 1.15703
31 1.016088
32 0.8774648
33 0.727976
34 0.5860533
35 0.4487941
36 0.3093816
37 0.1662037
38 0.009607911
39 -0.1649474
40 -0.3033062
41 -0.4344416
42 -0.5703635
43 -0.7164962
44 -0.8439864
45 -0.976319
46 -1.072543
47 -1.179034
48 -1.247128
49 -1.291103
50 -1.354735
51 -1.390639
52 -1.409423
53 -1.418571
54 -1.425889
55 -1.439553
56 -1.437035
57 -1.449572
58 -1.468301
59 -1.50538
60 -1.546468
61 -1.591192
62 -1.643669
63 -1.717374
64 -1.793777
65 -1.878124
66 -1.971725
67 -2.062598
68 -2.162574
69 -2.26903
70 -2.382507
71 -2.50171
72 -2.625797
73 -2.735826
74 -2.852349
75 -2.964928
76 -3.081692
77 -3.197505
78 -3.305242
79 -3.400323
80 -3.502137
81 -3.582998
82 -3.64573
83 -3.701029
84 -3.750078
85 -3.787889
86 -3.837801
87 -3.855646
88 -3.878134
89 -3.875921
90 -3.89519
91 -3.889363
92 -3.898264
93 -3.903945
94 -3.928773
95 -3.94568
96 -3.961513
97 -3.977213
98 -3.992129
99 -4.009724
100 -4.046255
101 -4.079798
102 -4.125201
103 -4.168162
104 -4.221155
105 -4.262357
106 -4.302536
107 -4.350698
108 -4.388766
109 -4.421958
110 -4.453572
111 -4.475613
112 -4.50519
113 -4.522661
114 -4.546755
115 -4.558507
116 -4.575881
117 -4.583073
118 -4.601501
119 -4.617061
120 -4.639545
121 -4.658046
122 -4.684406
123 -4.705315
124 -4.737506
125 -4.7584
126 -4.782139
127 -4.803601
128 -4.816567
129 -4.822075
130 -4.831242
131 -4.852484
132 -4.867994
133 -4.880909
134 -4.901212
135 -4.907435
136 -4.919423
137 -4.926354
138 -4.945261
139 -4.953241
140 -4.962903
141 -4.969522
142 -4.984924
143 -4.992096
144 -5.006327
145 -5.014307
146 -5.02853
147 -5.0358
148 -5.04865
149 -5.055027
150 -5.072505
151 -5.081445
152 -5.099132
153 -5.1142
154 -5.137955
155 -5.15156
156 -5.176069
157 -5.194826
158 -5.21798
159 -5.235558
160 -5.254684
161 -5.269761
162 -5.291332
163 -5.30415
164 -5.321898
165 -5.33072
166 -5.341665
167 -5.351539
168 -5.363685
169 -5.370416
170 -5.378826
171 -5.385025
172 -5.393012
173 -5.398742
174 -5.408007
175 -5.414896
176 -5.428194
177 -5.432283
178 -5.443808
179 -5.450456
180 -5.46312
181 -5.470961
182 -5.483022
183 -5.491435
184 -5.505855
185 -5.509498
186 -5.52169
187 -5.528877
188 -5.542496
189 -5.549551
190 -5.562368
191 -5.569776
192 -5.585276
193 -5.591259
194 -5.605977
195 -5.616156
196 -5.632102
197 -5.642375
198 -5.656676
199 -5.666558
200 -5.679262
201 -5.690566
202 -5.702464
203 -5.712041
204 -5.727311
205 -5.73512
206 -5.747416
207 -5.75603
208 -5.768829
209 -5.772911
210 -5.782479
211 -5.784522
212 -5.793593
213 -5.794121
214 -5.801456
215 -5.799801
216 -5.808149
217 -5.806585
218 -5.810707
219 -5.808312
220 -5.810288
221 -5.804624
222 -5.804607
223 -5.801917
224 -5.801819
225 -5.797287
226 -5.796401
227 -5.793064
228 -5.793562
229 -5.787067
230 -5.78506
231 -5.779553
232 -5.780712
233 -5.776459
234 -5.775591
235 -5.773409
236 -5.772849
237 -5.77085
238 -5.771021
239 -5.768462
240 -5.771083
241 -5.76966
242 -5.773997
243 -5.772681
244 -5.776252
245 -5.77631
246 -5.781483
247 -5.783814
248 -5.788141
249 -5.787867
250 -5.791665
251 -5.792458
252 -5.795655
253 -5.7918
254 -5.791951
255 -5.784918
256 -5.778784
257 -5.770638
258 -5.766057
259 -5.755422
260 -5.747907
261 -5.735424
262 -5.727614
263 -5.716208
264 -5.708082
265 -5.69647
266 -5.686296
267 -5.674312
268 -5.669374
269 -5.660725
270 -5.656528
271 -5.644891
272 -5.641815
273 -5.63249
274 -5.630794
275 -5.624232
276 -5.625872
277 -5.621276
278 -5.622257
279 -5.618608
280 -5.62536
281 -5.625555
282 -5.633437
283 -5.634819
284 -5.647027
285 -5.651048
286 -5.660782
287 -5.663323
288 -5.671798
289 -5.669513
290 -5.676397
291 -5.673661
292 -5.677749
293 -5.674065
294 -5.672966
295 -5.664363
296 -5.663706
297 -5.652475
298 -5.647342
299 -5.635482
300 -5.63137
301 -5.622084
302 -5.618014
303 -5.604381
304 -5.597035
305 -5.586593
306 -5.584174
307 -5.575154
308 -5.573251
309 -5.566367
310 -5.567154
311 -5.563111
312 -5.565366
313 -5.561892
314 -5.566533
315 -5.567289
316 -5.577648
317 -5.580984
318 -5.592608
319 -5.597988
320 -5.613461
321 -5.620982
322 -5.635233
323 -5.640287
324 -5.653445
325 -5.660945
326 -5.672405
327 -5.675319
328 -5.681162
329 -5.681261
330 -5.682606
331 -5.677673
332 -5.679701
333 -5.67135
334 -5.668412
335 -5.653142
336 -5.646897
337 -5.633735
338 -5.628137
339 -5.616986
340 -5.609933
341 -5.595753
342 -5.586917
343 -5.574966
344 -5.57077
345 -5.560922
346 -5.559019
347 -5.553636
348 -5.556561
349 -5.552551
350 -5.554936
351 -5.55463
352 -5.5635
353 -5.566983
354 -5.579407
355 -5.583206
356 -5.597288
357 -5.605595
358 -5.622172
359 -5.629211
360 -5.647243
361 -5.654937
362 -5.671092
363 -5.676174
364 -5.689026
365 -5.690859
366 -5.700966
367 -5.698792
368 -5.706008
369 -5.702591
370 -5.705206
371 -5.6948
372 -5.694877
373 -5.683738
374 -5.678703
375 -5.665486
376 -5.660463
377 -5.647983
378 -5.640442
379 -5.624695
380 -5.615373
381 -5.60486
382 -5.597625
383 -5.587691
384 -5.583571
385 -5.574898
386 -5.572761
387 -5.568955
388 -5.569093
389 -5.565035
390 -5.566728
391 -5.563257
392 -5.568855
393 -5.569093
394 -5.574224
395 -5.573645
396 -5.581911
397 -5.587666
398 -5.599766
399 -5.603824
400 -5.615007
401 -5.615993
402 -5.624268
403 -5.623373
404 -5.629426
405 -5.623407
406 -5.622017
407 -5.612965
408 -5.614041
409 -5.604915
410 -5.600936
411 -5.592392
412 -5.58918
413 -5.57829
414 -5.572001
415 -5.561814
416 -5.558138
417 -5.546511
418 -5.540532
419 -5.526654
420 -5.521722
421 -5.512428
422 -5.508389
423 -5.500679
424 -5.498227
425 -5.49177
426 -5.490712
427 -5.486216
428 -5.486516
429 -5.483454
430 -5.486832
431 -5.48593
432 -5.491488
433 -5.492442
434 -5.499846
435 -5.499139
436 -5.502116
437 -5.501965
438 -5.504771
439 -5.506997
440 -5.511133
441 -5.511075
442 -5.513873
443 -5.510485
444 -5.511788
445 -5.506207
446 -5.504911
447 -5.497851
448 -5.494582
449 -5.487012
450 -5.485081
451 -5.478419
452 -5.477686
453 -5.472361
454 -5.471222
455 -5.46507
456 -5.466246
457 -5.460922
458 -5.463012
459 -5.459545
460 -5.460169
461 -5.459155
462 -5.463399
463 -5.462042
464 -5.466722
465 -5.467382
466 -5.472182
467 -5.474661
468 -5.483259
469 -5.48751
470 -5.495832
471 -5.500918
472 -5.50997
473 -5.515354
474 -5.523579
475 -5.526087
476 -5.534787
477 -5.536865
478 -5.542048
479 -5.54226
480 -5.543714
481 -5.540998
482 -5.54153
483 -5.536492
484 -5.534037
485 -5.528205
486 -5.523887
487 -5.515351
488 -5.510669
489 -5.501053
490 -5.494901
491 -5.486058
492 -5.480573
493 -5.474614
494 -5.470213
495 -5.465054
496 -5.460998
497 -5.455908
498 -5.454037
499 -5.450684
500 -5.452184
501 -5.451885
502 -5.45589
503 -5.457228
504 -5.463757
505 -5.466348
506 -5.47462
507 -5.479187
508 -5.487889
509 -5.493207
510 -5.502023
511 -5.507752
512 -5.519062
513 -5.527103
514 -5.540032
515 -5.54574
516 -5.557618
517 -5.562195
518 -5.571249
519 -5.574102
520 -5.581075
521 -5.582385
522 -5.586518
523 -5.584349
524 -5.584813
525 -5.578398
526 -5.578291
527 -5.570006
528 -5.568911
529 -5.557039
530 -5.552287
531 -5.542597
532 -5.539223
533 -5.530809
534 -5.528396
535 -5.517464
536 -5.514071
537 -5.504942
538 -5.501058
539 -5.494258
540 -5.491436
541 -5.485465
542 -5.485592
543 -5.482774
544 -5.4827
545 -5.477656
546 -5.479134
547 -5.478245
548 -5.480976
549 -5.482895
550 -5.486698
551 -5.489176
552 -5.49472
553 -5.497023
554 -5.505835
555 -5.508366
556 -5.515593
557 -5.51736
558 -5.524021
559 -5.525616
560 -5.530872
561 -5.531462
562 -5.536484
563 -5.53397
564 -5.53721
565 -5.533578
566 -5.53394
567 -5.528449
568 -5.527989
569 -5.521223
570 -5.520127
571 -5.513027
572 -5.511312
573 -5.505015
574 -5.504359
575 -5.49995
576 -5.499101
577 -5.495831
578 -5.498368
579 -5.494501
580 -5.495998
581 -5.494988
582 -5.497152
583 -5.49648
584 -5.500507
585 -5.501547
586 -5.506832
587 -5.508832
588 -5.514831
589 -5.51579
590 -5.523099
591 -5.525456
592 -5.53196
593 -5.532942
594 -5.54024
595 -5.541671
596 -5.550035
597 -5.552009
598 -5.557616
599 -5.558934
600 -5.561346
601 -5.559522
602 -5.561619
603 -5.559518
