"back_frame_moment"
"Iteration" "back_frame_moment"
("Iteration" "back_frame_moment")
1 -0.1222729
2 -0.1399176
3 -0.093308
4 -0.04478315
5 -0.01455944
6 -0.00141836
7 -0.0003100485
8 -0.005691172
9 -0.01106818
10 -0.01476701
11 -0.01634762
12 -0.01627564
13 -0.0152194
14 -0.01387038
15 -0.01301501
16 -0.01249865
17 -0.01239471
18 -0.01262485
19 -0.0129306
20 -0.01320341
21 -0.01341015
22 -0.01322908
23 -0.01312522
24 -0.01318769
25 -0.01302617
26 -0.01340393
27 -0.01351753
28 -0.01285497
29 -0.01254903
30 -0.01238451
31 -0.01224445
32 -0.01151007
33 -0.01121255
34 -0.01068391
35 -0.009746318
36 -0.007895473
37 -0.006121659
38 -0.002792236
39 0.00180803
40 0.006287334
41 0.01094633
42 0.01616123
43 0.02132567
44 0.02676019
45 0.03153189
46 0.03580125
47 0.03963332
48 0.04357626
49 0.04705509
50 0.0488122
51 0.04997809
52 0.05058106
53 0.05012972
54 0.04925232
55 0.04718998
56 0.04387774
57 0.03972039
58 0.03486547
59 0.02833369
60 0.02112912
61 0.01282089
62 0.002864952
63 -0.007632141
64 -0.01985063
65 -0.03255595
66 -0.04598942
67 -0.06057748
68 -0.07598305
69 -0.09236861
70 -0.1091053
71 -0.1265047
72 -0.1442942
73 -0.1624723
74 -0.1810377
75 -0.1994682
76 -0.2179516
77 -0.2357449
78 -0.2532952
79 -0.2705105
80 -0.2869441
81 -0.3021885
82 -0.316124
83 -0.3289359
84 -0.3399592
85 -0.3493949
86 -0.3571446
87 -0.3629042
88 -0.3666605
89 -0.3679083
90 -0.3668398
91 -0.3633082
92 -0.3577844
93 -0.3498873
94 -0.3401527
95 -0.3277792
96 -0.3132088
97 -0.2967162
98 -0.2781804
99 -0.258364
100 -0.2369068
101 -0.2141543
102 -0.1907353
103 -0.1665055
104 -0.1420659
105 -0.1175194
106 -0.09290464
107 -0.06954654
108 -0.04722571
109 -0.02571964
110 -0.005595814
111 0.01298203
112 0.0293142
113 0.04360005
114 0.05577482
115 0.06579991
116 0.07340823
117 0.07844842
118 0.08107715
119 0.08140645
120 0.07932675
121 0.07505257
122 0.06901579
123 0.06093022
124 0.05165204
125 0.04091724
126 0.02956776
127 0.01733054
128 0.004600934
129 -0.008183685
130 -0.02029864
131 -0.0323885
132 -0.04391923
133 -0.05496024
134 -0.06504589
135 -0.07444226
136 -0.08287411
137 -0.09041607
138 -0.09698606
139 -0.102854
140 -0.1079251
141 -0.1124327
142 -0.1165064
143 -0.1199812
144 -0.1234196
145 -0.1265236
146 -0.1296678
147 -0.1329024
148 -0.1361807
149 -0.1397488
150 -0.1433775
151 -0.1469835
152 -0.1504022
153 -0.1538595
154 -0.1569731
155 -0.1599256
156 -0.1623568
157 -0.1639745
158 -0.1649392
159 -0.1652533
160 -0.1644904
161 -0.1628361
162 -0.160142
163 -0.1563532
164 -0.1516697
165 -0.1459002
166 -0.1390798
167 -0.1314198
168 -0.123291
169 -0.1146293
170 -0.1059294
171 -0.09707516
172 -0.08845714
173 -0.08040118
174 -0.07294221
175 -0.06638432
176 -0.06061339
177 -0.05584759
178 -0.05230431
179 -0.04990482
180 -0.0486391
181 -0.04848148
182 -0.04943617
183 -0.05135167
184 -0.0540154
185 -0.05740385
186 -0.06132878
187 -0.06575364
188 -0.07039884
189 -0.07523336
190 -0.07990742
191 -0.08455671
192 -0.08880867
193 -0.09288836
194 -0.09646712
195 -0.09955867
196 -0.102155
197 -0.1043079
198 -0.1058512
199 -0.1068834
200 -0.1073602
201 -0.1073614
202 -0.1070803
203 -0.106533
204 -0.1057356
205 -0.1047825
206 -0.103777
207 -0.1027603
208 -0.1017246
209 -0.1008207
210 -0.1000614
211 -0.09950934
212 -0.09913395
213 -0.09891061
214 -0.098887
215 -0.09908
216 -0.09939499
217 -0.0998248
218 -0.1002477
219 -0.1006868
220 -0.1010591
221 -0.1012855
222 -0.1013366
223 -0.1011753
224 -0.1007699
225 -0.1000551
226 -0.09914026
227 -0.09787959
228 -0.09641881
229 -0.09469031
230 -0.09281479
231 -0.09074752
232 -0.08856295
233 -0.08623722
234 -0.08402942
235 -0.08179229
236 -0.07978259
237 -0.0778984
238 -0.07621628
239 -0.07477057
240 -0.07364097
241 -0.07283503
242 -0.07233948
243 -0.0722217
244 -0.0724417
245 -0.07294373
246 -0.07364868
247 -0.0745894
248 -0.0757181
249 -0.07693564
250 -0.07825929
251 -0.07957907
252 -0.0808759
253 -0.08204254
254 -0.08304377
255 -0.08396426
256 -0.08467889
257 -0.08520751
258 -0.08541837
259 -0.08538085
260 -0.085153
261 -0.08469836
262 -0.08413792
263 -0.08350352
264 -0.08282873
265 -0.08207248
266 -0.08137783
267 -0.08069525
268 -0.08011644
269 -0.07962778
270 -0.07941251
271 -0.07926062
272 -0.0791535
273 -0.07922371
274 -0.07949971
275 -0.07998124
276 -0.08059946
277 -0.08136623
278 -0.08212613
279 -0.08300292
280 -0.08392464
281 -0.08489084
282 -0.08578996
283 -0.08662316
284 -0.08731797
285 -0.08781515
286 -0.08815145
287 -0.08832584
288 -0.08823024
289 -0.08794816
290 -0.0875622
291 -0.08690719
292 -0.08603343
293 -0.08506551
294 -0.08395113
295 -0.08269238
296 -0.08150247
297 -0.08039738
298 -0.07927056
299 -0.07836428
300 -0.07754117
301 -0.07689589
302 -0.07662435
303 -0.07667851
304 -0.07709982
305 -0.07777101
306 -0.07872983
307 -0.07992737
308 -0.08128946
309 -0.08278143
310 -0.08432323
311 -0.08588657
312 -0.08743349
313 -0.08883771
314 -0.09003499
315 -0.09108055
316 -0.09186923
317 -0.09243372
318 -0.0926611
319 -0.09258351
320 -0.09224249
321 -0.09158418
322 -0.09071276
323 -0.08953251
324 -0.08825336
325 -0.08683971
326 -0.08530952
327 -0.08381295
328 -0.08242696
329 -0.08118106
330 -0.08013469
331 -0.07932161
332 -0.07876472
333 -0.07851396
334 -0.07854247
335 -0.07889168
336 -0.07952034
337 -0.08044922
338 -0.08158484
339 -0.08282031
340 -0.08416767
341 -0.0855578
342 -0.08688921
343 -0.08822605
344 -0.08940552
345 -0.09042782
346 -0.09127684
347 -0.0918197
348 -0.0921005
349 -0.09212752
350 -0.09189682
351 -0.09129637
352 -0.09050187
353 -0.08944507
354 -0.08824461
355 -0.08688997
356 -0.08551931
357 -0.08408593
358 -0.08266623
359 -0.08134119
360 -0.08014438
361 -0.07913366
362 -0.07835387
363 -0.077842
364 -0.0775748
365 -0.07765843
366 -0.07799727
367 -0.07857865
368 -0.0794481
369 -0.0804823
370 -0.08166538
371 -0.08291723
372 -0.08430254
373 -0.08574183
374 -0.08708768
375 -0.08846419
376 -0.08961766
377 -0.09055702
378 -0.09129812
379 -0.09179787
380 -0.09210289
381 -0.09212267
382 -0.09188733
383 -0.09154165
384 -0.09108101
385 -0.09046824
386 -0.08982208
387 -0.08915257
388 -0.08850534
389 -0.08789188
390 -0.08738318
391 -0.08697126
392 -0.08673677
393 -0.08668453
394 -0.08696789
395 -0.08747989
396 -0.0881937
397 -0.08911757
398 -0.09029814
399 -0.09153526
400 -0.09292232
401 -0.09437914
402 -0.09583898
403 -0.09730127
404 -0.09864995
405 -0.09987038
406 -0.1009208
407 -0.1017869
408 -0.1023733
409 -0.1026012
410 -0.1025572
411 -0.1022287
412 -0.1015979
413 -0.1007168
414 -0.09966745
415 -0.09840089
416 -0.09702992
417 -0.09550561
418 -0.09389338
419 -0.09225188
420 -0.0908051
421 -0.08952034
422 -0.08836098
423 -0.08740471
424 -0.08660266
425 -0.08601214
426 -0.08576734
427 -0.08580787
428 -0.08608402
429 -0.08654509
430 -0.08722368
431 -0.08806134
432 -0.08892788
433 -0.08991574
434 -0.0908467
435 -0.09178077
436 -0.09271313
437 -0.09349246
438 -0.09415733
439 -0.09464741
440 -0.09489526
441 -0.09497465
442 -0.09481066
443 -0.0943492
444 -0.09366284
445 -0.09280387
446 -0.09175363
447 -0.09061828
448 -0.08943747
449 -0.08818959
450 -0.08706526
451 -0.08596131
452 -0.08492082
453 -0.08396164
454 -0.0831506
455 -0.08255324
456 -0.08214466
457 -0.08194762
458 -0.0819741
459 -0.08219182
460 -0.08255492
461 -0.08304049
462 -0.08371796
463 -0.08438696
464 -0.08517625
465 -0.0860274
466 -0.08684111
467 -0.08767346
468 -0.0883497
469 -0.08897276
470 -0.08942775
471 -0.08971453
472 -0.08977725
473 -0.08965635
474 -0.08927874
475 -0.0886979
476 -0.0879475
477 -0.08698335
478 -0.08593486
479 -0.08469695
480 -0.08351536
481 -0.08232717
482 -0.08111165
483 -0.07999802
484 -0.07896598
485 -0.07802689
486 -0.07725506
487 -0.07662304
488 -0.07615405
489 -0.07583953
490 -0.07565016
491 -0.07567945
492 -0.075842
493 -0.07614441
494 -0.07646627
495 -0.07691546
496 -0.07739881
497 -0.07795785
498 -0.0785756
499 -0.07916995
500 -0.07974936
501 -0.08035131
502 -0.08088199
503 -0.08132793
504 -0.08167382
505 -0.0819824
506 -0.08223512
507 -0.08236821
508 -0.08240457
509 -0.08238581
510 -0.08233527
511 -0.08223698
512 -0.08216368
513 -0.08207552
514 -0.08203106
515 -0.08211567
516 -0.0822095
517 -0.08245111
518 -0.08273567
519 -0.08305301
520 -0.08347626
521 -0.08397689
522 -0.0845435
523 -0.08512768
524 -0.08569029
525 -0.08632106
526 -0.08690585
527 -0.08750625
528 -0.0880405
529 -0.08856388
530 -0.08900966
531 -0.08935842
532 -0.08960481
533 -0.08980755
534 -0.08994342
535 -0.09003374
536 -0.09002729
537 -0.08997004
538 -0.08978996
539 -0.08953653
540 -0.08926214
541 -0.08885336
542 -0.08840391
543 -0.08793994
544 -0.08743605
545 -0.08685984
546 -0.08632496
547 -0.08579484
548 -0.08525498
549 -0.08477916
550 -0.0843017
551 -0.08389018
552 -0.0834756
553 -0.08310829
554 -0.08274998
555 -0.08232762
556 -0.08195256
557 -0.08154595
558 -0.08114409
559 -0.08074284
560 -0.08031019
561 -0.07995193
562 -0.07960062
563 -0.07923948
564 -0.07890044
565 -0.07855845
566 -0.07825607
567 -0.07796364
568 -0.07772534
569 -0.0775189
570 -0.07734852
571 -0.07722075
572 -0.07716433
573 -0.07714947
574 -0.07721126
575 -0.07735822
576 -0.07758701
577 -0.07787283
578 -0.07823733
579 -0.07866488
580 -0.07915207
581 -0.07971771
582 -0.08034514
583 -0.08101104
584 -0.08167359
585 -0.08235887
586 -0.08306479
587 -0.08373724
588 -0.08437821
589 -0.08496038
590 -0.08546196
591 -0.08592681
592 -0.08630754
593 -0.08661668
594 -0.08686902
595 -0.08704656
596 -0.08717301
597 -0.08724587
598 -0.08728831
599 -0.08730467
600 -0.08727742
601 -0.08721131
602 -0.0871581
603 -0.08707585
604 -0.0869884
605 -0.08689514
606 -0.08680575
607 -0.08672033
608 -0.0866124
609 -0.08653212
610 -0.08642188
611 -0.08631764
612 -0.08620723
613 -0.08607364
614 -0.08595189
615 -0.08581527
616 -0.08564597
617 -0.08543466
618 -0.08518705
619 -0.08488624
620 -0.08453456
621 -0.08412414
622 -0.08368069
623 -0.08318821
624 -0.08264824
625 -0.08207445
626 -0.08150621
627 -0.08091736
628 -0.08035386
629 -0.07979273
630 -0.07927623
631 -0.0787874
632 -0.07836182
633 -0.07801419
634 -0.07773574
635 -0.07751505
636 -0.07734781
637 -0.07725927
638 -0.07719915
639 -0.07721752
640 -0.07729027
641 -0.07740026
642 -0.07754184
643 -0.0777249
644 -0.07796901
645 -0.07823195
646 -0.07852344
647 -0.07883424
648 -0.0791491
649 -0.0794536
650 -0.07975133
651 -0.08005859
652 -0.08036032
653 -0.08064051
654 -0.08091131
655 -0.08116929
656 -0.08140324
657 -0.0816443
658 -0.08188048
659 -0.08211909
660 -0.0823705
661 -0.08260748
662 -0.08287165
663 -0.08316676
664 -0.08347289
665 -0.0838016
666 -0.08413517
667 -0.08450723
668 -0.08489924
669 -0.08531815
670 -0.08572222
671 -0.08612119
672 -0.08650203
673 -0.08686949
674 -0.08720618
675 -0.08752117
676 -0.08782189
677 -0.08806553
678 -0.08828051
679 -0.08843097
680 -0.08854117
681 -0.0886078
682 -0.08863583
683 -0.08858423
684 -0.08851346
685 -0.08839819
686 -0.08824098
687 -0.08803663
688 -0.08780999
689 -0.08755063
690 -0.08726956
691 -0.08701275
692 -0.0867632
693 -0.08653496
694 -0.08631304
695 -0.08611342
696 -0.08592512
697 -0.08579967
698 -0.08572683
699 -0.08570045
700 -0.08570519
701 -0.08576864
702 -0.08588301
703 -0.08601837
704 -0.0861713
705 -0.08634315
706 -0.08653222
707 -0.08670728
708 -0.08691829
709 -0.08709127
710 -0.08726269
711 -0.08740198
712 -0.08748016
713 -0.08751366
714 -0.08750479
715 -0.08744127
716 -0.08734035
717 -0.08719665
718 -0.08701552
719 -0.0868016
720 -0.08655114
721 -0.08630043
722 -0.08605304
723 -0.08579503
724 -0.08555823
725 -0.08531685
726 -0.0850963
727 -0.08491644
728 -0.08476669
729 -0.08465315
730 -0.08457932
731 -0.08454528
732 -0.08457483
733 -0.084613
734 -0.08468585
735 -0.08477163
736 -0.08486435
737 -0.08498198
738 -0.08510014
739 -0.08522771
740 -0.08535721
741 -0.08547191
742 -0.08556244
743 -0.08564069
744 -0.08571708
745 -0.08576383
746 -0.08577685
747 -0.08576521
748 -0.08574181
749 -0.08568591
750 -0.08561404
751 -0.08551726
752 -0.08543527
753 -0.08534753
754 -0.08526296
755 -0.08518359
756 -0.08512197
757 -0.08509835
758 -0.08510579
759 -0.08515488
760 -0.0852413
761 -0.08535519
762 -0.08552562
763 -0.08572495
764 -0.08595178
765 -0.08620209
766 -0.08647881
767 -0.08677161
768 -0.08707756
769 -0.0873891
770 -0.08768508
771 -0.08797704
772 -0.08822966
773 -0.08847175
774 -0.08866174
775 -0.08881981
776 -0.08895671
777 -0.0890599
778 -0.08910604
779 -0.08912943
780 -0.08911517
781 -0.08904803
782 -0.08894192
783 -0.08879428
784 -0.08862087
785 -0.08841139
786 -0.08816692
787 -0.08789341
788 -0.08762051
789 -0.08731297
790 -0.0870079
791 -0.08670002
792 -0.08638218
793 -0.08607201
794 -0.08577493
795 -0.08549891
796 -0.08522314
797 -0.08494583
798 -0.08466205
799 -0.08437023
800 -0.08408173
801 -0.08380747
802 -0.08351383
803 -0.08321811
804 -0.08293402
805 -0.08264501
806 -0.08233312
807 -0.08200767
808 -0.08169025
809 -0.08137406
810 -0.08105865
811 -0.08074816
812 -0.08046138
813 -0.08019068
814 -0.07994786
815 -0.07971749
816 -0.07951768
817 -0.07934928
818 -0.07923116
819 -0.0791344
820 -0.07908423
821 -0.07908742
822 -0.07915236
823 -0.07926296
824 -0.07944723
825 -0.07966836
826 -0.07993557
827 -0.08023942
828 -0.08060171
829 -0.08099821
830 -0.08143257
831 -0.08190984
832 -0.08239489
833 -0.08289325
834 -0.0833827
835 -0.0838676
836 -0.08433191
837 -0.08477817
838 -0.08519826
839 -0.08558567
840 -0.08593726
841 -0.08626763
842 -0.0865346
843 -0.08676428
844 -0.08696274
845 -0.0871212
846 -0.08725031
847 -0.08736147
848 -0.08744682
849 -0.08750558
850 -0.08753061
851 -0.08753008
852 -0.08752379
853 -0.08749597
854 -0.08745307
855 -0.08739176
856 -0.08731686
857 -0.08723402
858 -0.08715805
859 -0.08706646
860 -0.08696833
861 -0.08687095
862 -0.08676599
863 -0.08667837
864 -0.08659133
865 -0.08649751
866 -0.0863881
867 -0.08626051
868 -0.08610521
869 -0.08594494
870 -0.08576903
871 -0.08557991
872 -0.08534934
873 -0.08509931
874 -0.08483011
875 -0.08454625
876 -0.08425073
877 -0.08395326
878 -0.08366897
879 -0.08339581
880 -0.08312562
881 -0.08287343
882 -0.08263943
883 -0.08242123
884 -0.08222778
885 -0.08206059
886 -0.08191878
887 -0.08182128
888 -0.08175983
889 -0.08172742
890 -0.08172664
891 -0.08175816
892 -0.08182028
893 -0.08191855
894 -0.08203825
895 -0.08217883
896 -0.08233137
897 -0.08249184
898 -0.08265781
899 -0.08283662
900 -0.08301827
901 -0.08320285
902 -0.08338089
903 -0.08357161
904 -0.08374754
905 -0.08391649
906 -0.08406679
907 -0.08420563
908 -0.08434492
909 -0.08449297
910 -0.08466151
911 -0.08484262
912 -0.08501507
913 -0.085188
914 -0.08535284
915 -0.08551871
916 -0.08568369
917 -0.08584723
918 -0.08602808
919 -0.08620324
920 -0.08636643
921 -0.08651958
922 -0.08664337
923 -0.08677271
924 -0.0868793
925 -0.08698661
926 -0.08707485
927 -0.08715516
928 -0.08722207
929 -0.08728509
930 -0.08731984
931 -0.0873405
932 -0.08732329
933 -0.0873062
934 -0.0872784
935 -0.0872396
936 -0.08720277
937 -0.0871582
938 -0.08710983
939 -0.08706054
940 -0.08701079
941 -0.08695145
942 -0.08690117
943 -0.08686386
944 -0.08682338
945 -0.08677804
946 -0.08672196
947 -0.08665262
948 -0.08656746
949 -0.08646521
950 -0.08633801
951 -0.08618221
952 -0.08602618
953 -0.08585505
954 -0.08566196
955 -0.08544946
956 -0.08522439
957 -0.08499534
958 -0.08477966
959 -0.08456627
960 -0.08435927
961 -0.08415798
962 -0.08396324
963 -0.0837893
964 -0.08362854
965 -0.08347379
966 -0.08333664
967 -0.08323995
968 -0.08317196
969 -0.08312468
970 -0.08309817
971 -0.08308561
972 -0.08310685
973 -0.08315373
974 -0.08322603
975 -0.08330934
976 -0.08340169
977 -0.08350465
978 -0.0835884
979 -0.08366632
980 -0.08372915
981 -0.0837705
982 -0.08379618
983 -0.08381921
984 -0.08382018
985 -0.08378247
986 -0.08371656
987 -0.08363158
988 -0.08352458
989 -0.0833964
990 -0.08327007
991 -0.08313615
992 -0.08301294
993 -0.08289582
994 -0.08279116
995 -0.08267997
996 -0.08258246
997 -0.08250433
998 -0.08245257
999 -0.0824529
1000 -0.0824863
