"right_wing_moment"
"Iteration" "right_wing_moment"
("Iteration" "right_wing_moment")
1 1.019657
2 6.806156
3 7.289245
4 7.623292
5 7.78771
6 7.323263
7 6.443385
8 5.337333
9 4.65999
10 3.943361
11 3.11242
12 2.384818
13 1.7953
14 1.406819
15 1.133249
16 0.9003609
17 0.8874757
18 0.902499
19 0.9074962
20 0.8710119
21 0.7829245
22 0.6323259
23 0.2513941
24 0.00895042
25 -0.2730165
26 -0.6094722
27 -0.9490358
28 -1.305641
29 -1.61798
30 -1.891736
31 -2.104944
32 -2.276699
33 -2.406995
34 -2.510593
35 -2.590155
36 -2.662587
37 -2.738752
38 -2.823579
39 -2.936288
40 -3.056623
41 -3.213173
42 -3.369339
43 -3.531115
44 -3.691005
45 -3.85499
46 -4.006903
47 -4.156166
48 -4.281132
49 -4.399113
50 -4.499589
51 -4.598951
52 -4.68192
53 -4.763797
54 -4.842926
55 -4.918288
56 -4.993018
57 -5.083151
58 -5.159542
59 -5.236355
60 -5.308104
61 -5.364098
62 -5.412471
63 -5.454131
64 -5.466658
65 -5.479929
66 -5.470577
67 -5.462617
68 -5.440171
69 -5.412187
70 -5.37393
71 -5.335932
72 -5.285715
73 -5.2451
74 -5.18792
75 -5.128277
76 -5.052439
77 -4.9766
78 -4.888534
79 -4.806155
80 -4.712501
81 -4.626505
82 -4.524802
83 -4.421086
84 -4.322011
85 -4.226756
86 -4.126482
87 -4.026534
88 -3.91081
89 -3.804029
90 -3.696441
91 -3.613785
92 -3.52712
93 -3.445618
94 -3.369284
95 -3.308619
96 -3.242699
97 -3.197145
98 -3.150923
99 -3.107417
100 -3.061617
101 -3.028536
102 -2.998696
103 -2.991853
104 -2.996047
105 -3.011473
106 -3.032104
107 -3.06151
108 -3.093164
109 -3.13545
110 -3.178773
111 -3.23567
112 -3.297666
113 -3.356301
114 -3.419047
115 -3.485664
116 -3.551903
117 -3.629875
118 -3.697442
119 -3.76683
120 -3.832211
121 -3.902477
122 -3.958987
123 -4.019887
124 -4.070543
125 -4.128304
126 -4.178916
127 -4.224648
128 -4.260145
129 -4.303584
130 -4.338933
131 -4.380528
132 -4.414087
133 -4.448393
134 -4.47528
135 -4.508945
136 -4.532258
137 -4.56497
138 -4.585039
139 -4.606262
140 -4.61837
141 -4.631634
142 -4.641162
143 -4.651493
144 -4.649199
145 -4.65043
146 -4.642638
147 -4.637614
148 -4.623612
149 -4.612263
150 -4.600233
151 -4.59093
152 -4.577769
153 -4.565781
154 -4.545156
155 -4.533715
156 -4.516092
157 -4.512371
158 -4.495247
159 -4.491429
160 -4.486874
161 -4.488032
162 -4.485878
163 -4.494775
164 -4.495464
165 -4.505716
166 -4.511058
167 -4.517561
168 -4.520267
169 -4.530144
170 -4.538617
171 -4.551896
172 -4.562083
173 -4.57726
174 -4.585773
175 -4.601342
176 -4.611475
177 -4.624595
178 -4.630571
179 -4.643482
180 -4.644319
181 -4.650358
182 -4.658614
183 -4.665849
184 -4.667842
185 -4.676325
186 -4.679276
187 -4.688178
188 -4.690343
189 -4.696257
190 -4.698005
191 -4.701451
192 -4.702954
193 -4.709628
194 -4.708769
195 -4.712249
196 -4.709488
197 -4.70918
198 -4.705049
199 -4.703659
200 -4.698591
201 -4.699622
202 -4.694937
203 -4.696379
204 -4.694947
205 -4.700478
206 -4.701858
207 -4.709936
208 -4.712015
209 -4.718209
210 -4.718841
211 -4.728168
212 -4.734079
213 -4.74371
214 -4.752272
215 -4.762682
216 -4.77177
217 -4.788314
218 -4.799724
219 -4.817641
220 -4.829387
221 -4.842843
222 -4.85132
223 -4.863628
224 -4.868103
225 -4.880258
226 -4.885956
227 -4.898383
228 -4.901295
229 -4.912565
230 -4.911118
231 -4.917082
232 -4.918188
233 -4.92157
234 -4.919604
235 -4.923356
236 -4.922109
237 -4.922872
238 -4.92123
239 -4.929089
240 -4.928692
241 -4.932529
242 -4.932836
243 -4.935676
244 -4.930517
245 -4.930372
246 -4.921189
247 -4.912475
248 -4.901397
249 -4.888176
250 -4.869296
251 -4.859821
252 -4.847546
253 -4.832397
254 -4.816542
255 -4.805271
256 -4.788693
257 -4.778943
258 -4.762537
259 -4.751606
260 -4.735352
261 -4.724534
262 -4.715919
263 -4.710654
264 -4.697911
265 -4.688499
266 -4.678064
267 -4.673076
268 -4.665357
269 -4.661735
270 -4.655754
271 -4.652488
272 -4.64395
273 -4.643072
274 -4.636359
275 -4.631171
276 -4.624957
277 -4.625918
278 -4.627385
279 -4.632783
280 -4.638676
281 -4.655896
282 -4.669901
283 -4.68688
284 -4.701804
285 -4.721836
286 -4.742042
287 -4.760845
288 -4.776398
289 -4.798805
290 -4.815387
291 -4.83632
292 -4.849137
293 -4.865872
294 -4.875744
295 -4.89172
296 -4.90846
297 -4.929365
298 -4.942955
299 -4.967613
300 -4.984522
301 -5.009364
302 -5.025304
303 -5.045195
304 -5.059949
305 -5.080863
306 -5.091569
307 -5.107851
308 -5.121461
309 -5.137621
310 -5.142921
311 -5.152234
312 -5.159617
313 -5.172723
314 -5.174679
315 -5.177057
316 -5.174403
317 -5.178061
318 -5.174914
319 -5.175067
320 -5.170525
321 -5.16795
322 -5.165524
323 -5.165598
324 -5.163313
325 -5.164788
326 -5.156885
327 -5.151235
328 -5.142922
329 -5.137133
330 -5.129221
331 -5.123245
332 -5.103048
333 -5.084249
334 -5.065304
335 -5.044884
336 -5.015912
337 -4.995821
338 -4.975753
339 -4.962212
340 -4.944531
341 -4.940091
342 -4.925053
343 -4.914937
344 -4.898961
345 -4.892081
346 -4.884827
347 -4.868637
348 -4.860307
349 -4.855296
350 -4.852687
351 -4.851683
352 -4.851747
353 -4.853921
354 -4.844881
355 -4.840012
356 -4.836912
357 -4.83716
358 -4.836218
359 -4.836719
360 -4.83748
361 -4.844629
362 -4.845439
363 -4.858481
364 -4.868694
365 -4.883067
366 -4.896177
367 -4.918664
368 -4.931356
369 -4.945903
370 -4.948601
371 -4.953131
372 -4.953716
373 -4.952391
374 -4.949581
375 -4.947268
376 -4.944046
377 -4.943053
378 -4.939236
379 -4.939996
380 -4.935143
381 -4.934227
382 -4.93009
383 -4.931446
384 -4.927865
385 -4.931422
386 -4.933589
387 -4.940613
388 -4.942286
389 -4.945019
390 -4.941968
391 -4.942768
392 -4.939248
393 -4.935948
394 -4.930727
395 -4.930831
396 -4.925239
397 -4.924817
398 -4.92149
399 -4.921869
400 -4.920075
401 -4.921052
402 -4.921518
403 -4.930151
404 -4.935154
405 -4.944193
406 -4.94394
407 -4.950155
408 -4.953414
409 -4.957973
410 -4.96004
411 -4.966562
412 -4.9656
413 -4.969954
414 -4.968962
415 -4.97322
416 -4.966583
417 -4.971915
418 -4.966436
419 -4.97192
420 -4.965127
421 -4.965397
422 -4.966044
423 -4.971138
424 -4.968425
425 -4.964256
426 -4.959162
427 -4.952514
428 -4.942726
429 -4.935451
430 -4.923478
431 -4.912834
432 -4.901036
433 -4.885929
434 -4.873933
435 -4.859895
436 -4.846797
437 -4.831696
438 -4.819925
439 -4.810156
440 -4.801105
441 -4.795972
442 -4.790758
443 -4.79068
444 -4.789522
445 -4.796037
446 -4.799458
447 -4.806221
448 -4.808874
449 -4.814281
450 -4.81738
451 -4.819824
452 -4.825613
453 -4.830506
454 -4.834624
455 -4.846002
456 -4.848611
457 -4.856871
458 -4.862133
459 -4.874216
460 -4.879954
461 -4.892375
462 -4.90256
463 -4.91786
464 -4.926687
465 -4.936585
466 -4.944504
467 -4.954216
468 -4.961656
469 -4.968514
470 -4.974024
471 -4.97815
472 -4.978438
473 -4.977166
474 -4.972796
475 -4.970438
476 -4.966582
477 -4.963605
478 -4.954144
479 -4.94664
480 -4.934782
481 -4.926733
482 -4.920455
483 -4.917448
484 -4.911189
485 -4.911839
486 -4.911709
487 -4.910946
488 -4.905674
489 -4.90335
490 -4.898796
491 -4.894891
492 -4.888253
493 -4.883178
494 -4.875051
495 -4.86894
496 -4.860404
497 -4.855886
498 -4.852112
499 -4.849208
500 -4.846145
501 -4.842099
502 -4.834572
503 -4.833038
504 -4.830082
505 -4.829707
506 -4.828322
507 -4.829838
508 -4.828938
509 -4.829251
510 -4.827019
