"left_leg_drag"
"Iteration" "left_leg_drag"
("Iteration" "left_leg_drag")
1 0.2519744
2 0.2582904
3 0.177588
4 0.1085086
5 0.06913544
6 0.05077692
7 0.04814145
8 0.05453949
9 0.06153499
10 0.06648224
11 0.0687225
12 0.06973682
13 0.06990822
14 0.07030234
15 0.07132463
16 0.07360371
17 0.07617675
18 0.07937899
19 0.08339307
20 0.08761729
21 0.09237685
22 0.09735103
23 0.1026717
24 0.1080028
25 0.1134421
26 0.1189358
27 0.1242611
28 0.1299812
29 0.1361027
30 0.1424254
31 0.1496059
32 0.1570354
33 0.1648339
34 0.1707712
35 0.1764547
36 0.1824367
37 0.1870723
38 0.1910639
39 0.1940654
40 0.1969977
41 0.1993794
42 0.2017122
43 0.2028261
44 0.2037559
45 0.2037009
46 0.2042429
47 0.2051543
48 0.2073851
49 0.2091815
50 0.2105187
51 0.212153
52 0.2130439
53 0.2142512
54 0.2154824
55 0.2168885
56 0.2187764
57 0.2209511
58 0.2229372
59 0.2250248
60 0.227182
61 0.2290572
62 0.2311174
63 0.2327282
64 0.2351634
65 0.2371786
66 0.2392008
67 0.2407714
68 0.2425096
69 0.2443306
70 0.2466618
71 0.2483891
72 0.2494658
73 0.2499221
74 0.2507634
75 0.25214
76 0.2531647
77 0.2537737
78 0.2548948
79 0.25533
80 0.2559786
81 0.2562575
82 0.2565185
83 0.2569516
84 0.2571926
85 0.257753
86 0.2578137
87 0.257859
88 0.2582489
89 0.2585114
90 0.2586827
91 0.258595
92 0.2586879
93 0.2587559
94 0.2585752
95 0.2584362
96 0.2584484
97 0.2584592
98 0.2582488
99 0.2579533
100 0.2577527
101 0.2574993
102 0.2569374
103 0.2566445
104 0.2562364
105 0.2555862
106 0.2548331
107 0.254073
108 0.2532451
109 0.2523395
110 0.2512309
111 0.2500534
112 0.2488041
113 0.2477383
114 0.2464383
115 0.2451919
116 0.2435949
117 0.2418766
118 0.240445
119 0.239063
120 0.2376901
121 0.2362728
122 0.2349131
123 0.2338364
124 0.2326459
125 0.2314711
126 0.2303956
127 0.2291728
128 0.2279468
129 0.2267624
130 0.2258815
131 0.2248685
132 0.224093
133 0.2231636
134 0.2224135
135 0.221516
136 0.2210305
137 0.220331
138 0.2198899
139 0.2194176
140 0.2190514
141 0.2187626
142 0.2184826
143 0.2183265
144 0.2181012
145 0.2175874
146 0.217385
147 0.2168706
148 0.2164579
149 0.2160688
150 0.2156287
151 0.2151774
152 0.2148308
153 0.2145322
154 0.2144545
155 0.2140867
156 0.2137619
157 0.213513
158 0.2132291
159 0.2130265
160 0.212824
161 0.2127328
162 0.212476
163 0.2121846
164 0.2117901
165 0.211333
166 0.2109704
167 0.2106343
168 0.2102744
169 0.2099401
170 0.2096353
171 0.2090791
172 0.2086114
173 0.2081877
174 0.2076219
175 0.2072075
176 0.2068312
177 0.2065791
178 0.2063999
179 0.2061081
180 0.2058306
181 0.2055566
182 0.2052283
183 0.2048819
184 0.2047038
185 0.2044731
186 0.2042606
187 0.204042
188 0.203884
189 0.2037476
190 0.2036945
191 0.2036172
192 0.2035291
193 0.203405
194 0.2032816
195 0.2032065
196 0.2030767
197 0.2029575
198 0.2028508
199 0.202752
200 0.2026133
201 0.2024223
202 0.2022501
203 0.2020151
204 0.20182
205 0.2016069
206 0.2013902
207 0.2011565
208 0.200922
209 0.2006891
210 0.2004499
211 0.2002141
212 0.1999955
213 0.1997559
214 0.1995421
215 0.1994041
216 0.1992968
217 0.199136
218 0.1990091
219 0.1988732
220 0.1987248
221 0.198614
222 0.1984987
223 0.198413
224 0.1982688
225 0.1980883
226 0.1979096
227 0.1977192
228 0.1975524
229 0.1973683
230 0.1971919
231 0.1969614
232 0.1967395
233 0.1965135
234 0.1962506
235 0.1959997
236 0.1957392
237 0.1954712
238 0.1952456
239 0.1950475
240 0.1948398
241 0.1946157
242 0.1944207
243 0.1942716
244 0.1940473
245 0.1938559
246 0.1936702
247 0.1935131
248 0.1933921
249 0.1932899
250 0.1931408
251 0.193046
252 0.1928743
253 0.1927752
254 0.1926516
255 0.1925509
256 0.1924267
257 0.1923451
258 0.1922524
259 0.1921383
260 0.1920084
261 0.1918976
262 0.1917895
263 0.1916512
264 0.1915073
265 0.1913544
266 0.1912201
267 0.1910546
268 0.1908989
269 0.1907399
270 0.1906057
271 0.1904723
272 0.1903151
273 0.1901778
274 0.1900342
275 0.189882
276 0.1897181
277 0.18962
278 0.1895326
279 0.1894563
280 0.1893662
281 0.1892905
282 0.1891322
283 0.189034
284 0.1888928
285 0.188829
286 0.1886986
287 0.1886542
288 0.188535
289 0.1885115
290 0.1884777
291 0.188421
292 0.18835
293 0.1883214
294 0.1882479
295 0.1882087
296 0.1881136
297 0.1880756
298 0.1879665
299 0.1879043
300 0.1878135
301 0.1877774
302 0.1876958
303 0.1876707
304 0.1875952
305 0.187557
306 0.1874235
307 0.187403
308 0.187315
309 0.1873277
310 0.1872975
311 0.1872635
312 0.1872219
313 0.1871862
314 0.1871338
315 0.1871091
316 0.1869871
317 0.1869749
318 0.186844
319 0.1868491
320 0.1867844
321 0.1867619
322 0.1866477
323 0.1866406
324 0.1865047
325 0.1864605
326 0.1863222
327 0.1862181
328 0.1860497
329 0.1859216
330 0.1857291
331 0.1856003
332 0.1854518
333 0.1853734
334 0.1852198
335 0.1851596
336 0.1850198
337 0.1849809
338 0.1848237
339 0.1847657
340 0.1846115
341 0.1845081
342 0.1843225
343 0.1842146
344 0.1840452
345 0.1839566
346 0.1838074
347 0.1837488
348 0.1836054
349 0.1835224
350 0.1833756
351 0.1833034
352 0.1831449
353 0.1830596
354 0.1829177
355 0.1828286
356 0.1826725
357 0.18255
358 0.1823736
359 0.1822455
360 0.1820645
361 0.1819244
362 0.1817308
363 0.1816154
364 0.1814111
365 0.1813103
366 0.181136
367 0.181005
368 0.1808254
369 0.1807127
370 0.1805315
371 0.1804343
372 0.1802658
373 0.1801512
374 0.1799581
375 0.1798452
376 0.1796995
377 0.1796214
378 0.1794816
379 0.1794203
380 0.1793149
381 0.179281
382 0.179202
383 0.1791071
384 0.179047
385 0.1789758
386 0.1789128
387 0.1788655
388 0.1787869
389 0.1787558
390 0.1787291
391 0.178725
392 0.1787046
393 0.1787272
394 0.1787133
395 0.178711
396 0.1786834
397 0.1786881
398 0.1786813
399 0.1786921
400 0.1786742
401 0.1786546
402 0.1786231
403 0.1785994
404 0.178549
405 0.1785121
406 0.1784407
407 0.1783952
408 0.178338
409 0.1783306
410 0.1783222
411 0.1783446
412 0.1783519
413 0.1783689
414 0.1783599
415 0.1783922
416 0.1783881
417 0.1783883
418 0.1784083
419 0.1783751
420 0.1783565
421 0.1782931
422 0.1782751
423 0.1782473
424 0.1782118
425 0.1781983
426 0.1782031
427 0.1781929
428 0.1782014
429 0.1781953
430 0.1782046
431 0.1781893
432 0.1782061
433 0.1782044
434 0.1782364
435 0.1782631
436 0.1782934
437 0.1783168
438 0.1783344
439 0.1783487
440 0.1783823
441 0.1784002
442 0.1784552
443 0.1784901
444 0.178537
445 0.1785724
446 0.1786643
447 0.1787514
448 0.1788226
449 0.1789227
450 0.1789921
451 0.1790724
452 0.1791427
453 0.1792659
454 0.1793236
455 0.1793978
456 0.1794555
457 0.1795374
458 0.1795803
459 0.179658
460 0.179683
461 0.1797687
462 0.17981
463 0.1798982
464 0.1799266
465 0.1800076
466 0.1800419
467 0.1800919
468 0.1801693
469 0.180232
470 0.1802988
471 0.1803513
472 0.1805156
473 0.1805698
474 0.1807018
475 0.1807317
476 0.1808243
477 0.1808483
478 0.1810064
479 0.1810635
480 0.1811944
481 0.1812147
482 0.1813491
483 0.1813796
484 0.181537
485 0.1815793
486 0.1817062
487 0.1817548
488 0.1819141
489 0.1819298
490 0.18206
491 0.1820855
492 0.1822199
493 0.1822332
494 0.1823042
495 0.1822805
496 0.1823364
497 0.1822666
498 0.1823094
499 0.1822531
500 0.1823215
501 0.182255
502 0.1823007
503 0.1823214
504 0.1822855
505 0.1822704
506 0.1822188
507 0.18223
508 0.182204
509 0.1821908
510 0.1821609
511 0.1821369
512 0.1820685
513 0.1820306
514 0.1819394
515 0.1818891
516 0.1817957
517 0.1817514
518 0.1816577
519 0.1816439
520 0.1815664
521 0.1816057
522 0.1815589
523 0.1816261
524 0.1815846
525 0.1816356
526 0.181547
527 0.1815449
528 0.181466
529 0.1814452
530 0.1813921
531 0.1814121
532 0.1813622
533 0.1813617
534 0.1813596
535 0.181353
536 0.1813627
537 0.1813451
538 0.1813222
539 0.1812905
540 0.1812759
541 0.1812861
542 0.1812576
543 0.1812438
544 0.1812189
545 0.1811639
546 0.1811189
547 0.181053
548 0.1810296
549 0.1809962
550 0.1809802
551 0.1809207
552 0.1808786
553 0.1808048
554 0.1807713
555 0.1806897
556 0.1806644
557 0.1806101
558 0.1805769
559 0.180541
560 0.1805216
561 0.1805204
562 0.1805301
563 0.18054
564 0.180523
565 0.1805269
566 0.1805543
567 0.1805964
568 0.1805765
569 0.1805894
570 0.1805747
571 0.1805604
572 0.1805431
573 0.180511
574 0.1805263
575 0.180547
576 0.180572
577 0.1805941
578 0.1806342
579 0.1807106
580 0.180774
581 0.1808272
582 0.1808771
583 0.1809216
584 0.180981
585 0.1810151
586 0.1810626
587 0.1810571
588 0.181123
589 0.1811063
590 0.1811528
591 0.1810855
592 0.1811005
593 0.1810912
594 0.1810373
595 0.1810235
596 0.1809848
597 0.1809667
598 0.1809434
599 0.1809454
600 0.1809452
601 0.1809652
602 0.1809683
603 0.1809524
604 0.1809307
605 0.180899
606 0.180862
607 0.180816
608 0.180776
609 0.1807579
610 0.1807013
611 0.1807059
612 0.1806776
613 0.1807031
614 0.1807154
615 0.180771
616 0.1808022
617 0.180856
618 0.1808501
619 0.180911
620 0.1809019
621 0.1809321
622 0.1809177
623 0.1809548
624 0.1809391
625 0.1809348
626 0.1809419
627 0.1809446
628 0.1809042
629 0.1809172
630 0.1808954
631 0.180917
632 0.1809099
633 0.1809146
634 0.1809124
635 0.1809188
636 0.1808951
637 0.1809052
638 0.1808802
639 0.1808884
640 0.1808657
641 0.1808632
642 0.1808314
643 0.1808062
644 0.1807412
645 0.1806976
646 0.1806371
647 0.1805918
648 0.1805413
649 0.1805466
650 0.18054
651 0.1805467
652 0.1805844
653 0.1806309
654 0.180624
655 0.1806198
656 0.1806361
657 0.1806906
658 0.1807202
659 0.1807581
660 0.180746
661 0.1807696
662 0.1807621
663 0.1807756
664 0.1807445
665 0.1807802
666 0.1807728
667 0.1808344
668 0.1808489
669 0.1809364
670 0.1809436
671 0.1810382
672 0.1810466
673 0.1811667
674 0.1812125
675 0.181303
676 0.1812919
677 0.1813505
678 0.1812952
679 0.1813022
680 0.1812327
681 0.1812357
682 0.1811459
683 0.1811455
684 0.181095
685 0.1811514
686 0.1811191
687 0.1811801
688 0.1811405
689 0.1812
690 0.1811605
691 0.1812091
692 0.1811764
693 0.1812079
694 0.1811439
695 0.1811792
696 0.1811354
697 0.181159
698 0.1811061
699 0.1811383
700 0.1811244
701 0.1811983
702 0.1812325
703 0.1813339
704 0.1813397
705 0.1814157
706 0.1814139
707 0.1815034
708 0.1815317
709 0.1815867
710 0.181609
711 0.1816522
712 0.1816617
713 0.1817191
714 0.181724
715 0.1817539
716 0.1817454
717 0.1817882
718 0.1817854
719 0.181833
720 0.1818248
721 0.1818995
722 0.1818908
723 0.1819243
724 0.1819216
725 0.1819288
726 0.1818688
727 0.1818666
728 0.1818186
729 0.1817686
730 0.181679
731 0.1816492
732 0.1815692
733 0.1815399
734 0.1814483
735 0.1814151
736 0.1813309
737 0.1813023
738 0.1812357
739 0.1812198
740 0.1811639
741 0.1811658
742 0.1810908
743 0.1810827
744 0.1810434
745 0.1810686
746 0.1810358
747 0.1810482
748 0.1809888
749 0.1810164
750 0.1809754
751 0.1809824
752 0.1809286
753 0.1809168
754 0.1808794
755 0.1809391
756 0.1809302
757 0.1809634
758 0.1809443
759 0.180986
760 0.1810185
761 0.1811182
762 0.181083
763 0.1811499
764 0.1811036
765 0.1811074
766 0.1810697
767 0.181102
768 0.1810753
769 0.1811107
770 0.1810367
771 0.1810373
772 0.1809769
773 0.1810274
774 0.1809712
775 0.1810273
776 0.1809873
777 0.1810691
778 0.1810435
779 0.181099
780 0.1810785
781 0.1811699
782 0.1811537
783 0.181249
784 0.181199
785 0.1812514
786 0.1812002
787 0.1812281
788 0.1812444
789 0.1813539
790 0.1813585
791 0.18145
792 0.1814662
793 0.1815875
794 0.1816182
795 0.181703
796 0.1817501
797 0.1818793
798 0.1818927
799 0.1819412
800 0.1819035
801 0.1819679
802 0.181929
803 0.181974
804 0.181944
805 0.1819797
806 0.1819413
807 0.181999
808 0.1820078
809 0.1820461
810 0.1820323
811 0.1820755
812 0.1820512
813 0.1820653
814 0.1820552
815 0.1820845
816 0.1820141
817 0.1820151
818 0.181919
819 0.1818871
820 0.1817613
821 0.1817375
822 0.1816603
823 0.1816589
824 0.1815885
825 0.1815674
826 0.1814899
827 0.1814839
828 0.1814254
829 0.1814306
830 0.1813636
831 0.1813828
832 0.1813148
833 0.1813417
834 0.1812698
835 0.1813354
836 0.1812343
837 0.1812918
838 0.1812446
839 0.1813156
840 0.1812913
841 0.1813529
842 0.1812939
843 0.181331
844 0.1812913
845 0.1813689
846 0.1813136
847 0.1813972
848 0.1813584
849 0.1814534
850 0.1814677
851 0.181586
852 0.1815596
853 0.1816153
854 0.1815622
855 0.1816065
856 0.1815348
857 0.1816077
858 0.1815455
859 0.181606
860 0.1815151
861 0.1815818
862 0.1814801
863 0.1815244
864 0.1814246
865 0.1814804
866 0.1814144
867 0.1814399
868 0.181383
869 0.1814218
870 0.1813531
871 0.1813981
872 0.1813405
873 0.1814147
874 0.181386
875 0.1814538
876 0.1813998
877 0.1814697
878 0.1814353
879 0.1815257
880 0.1815163
881 0.1816007
882 0.1815904
883 0.1816991
884 0.1816974
885 0.1817771
886 0.181789
887 0.1818876
888 0.1818906
889 0.1819781
890 0.1819697
891 0.1820319
892 0.1820205
893 0.1820595
894 0.1820351
895 0.1820638
896 0.1820215
897 0.1820731
898 0.1820583
899 0.182111
900 0.1820984
901 0.1821631
902 0.1820788
903 0.1820883
904 0.1820107
905 0.1820255
906 0.1819379
907 0.181941
908 0.181818
909 0.1818178
910 0.1817172
911 0.1817069
912 0.1815895
913 0.1815663
914 0.181532
915 0.1815251
916 0.181435
917 0.1814528
918 0.1813905
919 0.1814291
920 0.1813394
921 0.1814149
922 0.1813398
923 0.1813722
924 0.1812981
925 0.1813393
926 0.1812952
927 0.181368
928 0.1813493
929 0.181433
930 0.1813747
931 0.1814534
932 0.1814321
933 0.1815512
934 0.1815176
935 0.1816197
936 0.1816014
937 0.1816834
938 0.1816623
939 0.1817701
940 0.181766
941 0.1818454
942 0.1818019
943 0.1818672
944 0.1818426
945 0.181922
946 0.1818866
947 0.1819536
948 0.1818894
949 0.181947
950 0.1818643
951 0.1819556
952 0.1818803
953 0.1818901
954 0.181783
955 0.1817869
956 0.1816759
957 0.1816932
958 0.1816132
959 0.1816357
960 0.1815434
961 0.181574
962 0.1814992
963 0.1815591
964 0.1814659
965 0.1815154
966 0.1814777
967 0.1815198
968 0.1814856
969 0.1815115
970 0.1815031
971 0.1815322
972 0.1815199
973 0.1815708
974 0.181525
975 0.1815979
976 0.1815618
977 0.1816403
978 0.1816286
979 0.1817222
980 0.181708
981 0.1817438
982 0.1817276
983 0.1818185
984 0.1817791
985 0.1818452
986 0.181788
987 0.18184
988 0.1818033
989 0.1818784
990 0.1818039
991 0.1818081
992 0.1817317
993 0.1817558
994 0.1816871
995 0.1817029
996 0.1816064
997 0.1815768
998 0.1814789
999 0.1814557
1000 0.1813794
