"left_leg_lift"
"Iteration" "left_leg_lift"
("Iteration" "left_leg_lift")
1 -0.03050842
2 -0.06792948
3 -0.07216384
4 -0.07280897
5 -0.07016813
6 -0.06580145
7 -0.05807077
8 -0.05513444
9 -0.05242514
10 -0.05105084
11 -0.05060209
12 -0.05093141
13 -0.05142491
14 -0.05194488
15 -0.05235214
16 -0.05260532
17 -0.05277625
18 -0.05288981
19 -0.05309124
20 -0.05342739
21 -0.05405178
22 -0.05471637
23 -0.05542956
24 -0.05620555
25 -0.05695646
26 -0.05775392
27 -0.05849024
28 -0.05913413
29 -0.05974167
30 -0.06032083
31 -0.06086303
32 -0.06137069
33 -0.06190854
34 -0.06237227
35 -0.06286113
36 -0.06336936
37 -0.06392947
38 -0.0644988
39 -0.06498957
40 -0.06539344
41 -0.06578987
42 -0.06617602
43 -0.06659235
44 -0.06699154
45 -0.06725855
46 -0.06754256
47 -0.06775243
48 -0.06800736
49 -0.06823672
50 -0.06843384
51 -0.06855004
52 -0.06860422
53 -0.06873995
54 -0.06884203
55 -0.0688704
56 -0.06888711
57 -0.06892104
58 -0.06893343
59 -0.06891499
60 -0.06889112
61 -0.06884857
62 -0.06882238
63 -0.06876673
64 -0.06872113
65 -0.0686642
66 -0.06863499
67 -0.06859582
68 -0.06855013
69 -0.06850874
70 -0.06848025
71 -0.06845645
72 -0.06845529
73 -0.06845238
74 -0.06852204
75 -0.06852639
76 -0.06855031
77 -0.06859413
78 -0.06866584
79 -0.06872714
80 -0.0687829
81 -0.06887154
82 -0.06894048
83 -0.06902444
84 -0.06907558
85 -0.06917544
86 -0.06919466
87 -0.06926946
88 -0.06928434
89 -0.06933513
90 -0.06936684
91 -0.06939233
92 -0.0694083
93 -0.06946985
94 -0.06950218
95 -0.06955681
96 -0.06957769
97 -0.06957474
98 -0.06956305
99 -0.06960571
100 -0.0696578
101 -0.0696858
102 -0.06977096
103 -0.06987821
104 -0.06996972
105 -0.07005849
106 -0.07019119
107 -0.07034256
108 -0.07049972
109 -0.07066732
110 -0.07084268
111 -0.07104228
112 -0.07126594
113 -0.07150148
114 -0.07175153
115 -0.07199368
116 -0.07226276
117 -0.07254319
118 -0.07280382
119 -0.0730622
120 -0.07332656
121 -0.07357015
122 -0.07379654
123 -0.07399108
124 -0.07420174
125 -0.07439877
126 -0.07458154
127 -0.07478148
128 -0.07494867
129 -0.07508021
130 -0.07520086
131 -0.07531673
132 -0.07539659
133 -0.07548213
134 -0.07554969
135 -0.07559202
136 -0.07563983
137 -0.07568115
138 -0.07571562
139 -0.07572293
140 -0.07574369
141 -0.07571804
142 -0.07569443
143 -0.07566012
144 -0.07560419
145 -0.07552969
146 -0.07545429
147 -0.07538069
148 -0.0752971
149 -0.07519675
150 -0.075067
151 -0.07495863
152 -0.07478954
153 -0.07461959
154 -0.07447845
155 -0.07432938
156 -0.07417756
157 -0.07400036
158 -0.07379041
159 -0.07361252
160 -0.07345061
161 -0.07326612
162 -0.07306325
163 -0.07287775
164 -0.07268872
165 -0.07249869
166 -0.07230798
167 -0.07211103
168 -0.07190695
169 -0.0717169
170 -0.07155324
171 -0.07135006
172 -0.0711444
173 -0.07092284
174 -0.07072069
175 -0.07050556
176 -0.07030677
177 -0.07009196
178 -0.06986307
179 -0.06962743
180 -0.06939119
181 -0.0691666
182 -0.06894621
183 -0.06870043
184 -0.06847634
185 -0.0682608
186 -0.06807434
187 -0.06789392
188 -0.06773173
189 -0.06757617
190 -0.06743581
191 -0.06732073
192 -0.06722207
193 -0.06717012
194 -0.06709521
195 -0.06705095
196 -0.06703615
197 -0.06702711
198 -0.06705473
199 -0.06708623
200 -0.06713086
201 -0.06719655
202 -0.06725537
203 -0.067332
204 -0.06744257
205 -0.06755129
206 -0.06767514
207 -0.0678137
208 -0.06797029
209 -0.06812291
210 -0.06828364
211 -0.06846207
212 -0.06861432
213 -0.06878429
214 -0.06896116
215 -0.06915472
216 -0.06934327
217 -0.06950188
218 -0.06967475
219 -0.06983629
220 -0.06998116
221 -0.0701325
222 -0.07028803
223 -0.07043014
224 -0.07057526
225 -0.07070539
226 -0.07082056
227 -0.07094292
228 -0.07103825
229 -0.07112573
230 -0.07121131
231 -0.07128878
232 -0.07135285
233 -0.07140875
234 -0.07143276
235 -0.07146206
236 -0.071477
237 -0.07149114
238 -0.07149021
239 -0.07148306
240 -0.07146489
241 -0.07144029
242 -0.07141681
243 -0.07139152
244 -0.07135868
245 -0.07132193
246 -0.07129759
247 -0.07124408
248 -0.07120734
249 -0.07119162
250 -0.07115711
251 -0.07114261
252 -0.07111468
253 -0.07109844
254 -0.07107589
255 -0.07105807
256 -0.07105175
257 -0.07104111
258 -0.07102331
259 -0.07099766
260 -0.07097892
261 -0.07096678
262 -0.07094526
263 -0.07091493
264 -0.07089595
265 -0.07087916
266 -0.0708617
267 -0.07085711
268 -0.07085589
269 -0.07085525
270 -0.0708593
271 -0.07086778
272 -0.07087123
273 -0.07088592
274 -0.07090273
275 -0.07091611
276 -0.0709375
277 -0.0709544
278 -0.07098387
279 -0.07099769
280 -0.07102454
281 -0.07103615
282 -0.07106645
283 -0.07109375
284 -0.07110583
285 -0.07112996
286 -0.07113949
287 -0.07116064
288 -0.07117727
289 -0.07119211
290 -0.07119234
291 -0.07119539
292 -0.07120679
293 -0.0712095
294 -0.07120248
295 -0.07120251
296 -0.0712028
297 -0.07119284
298 -0.07117607
299 -0.07115534
300 -0.07113224
301 -0.07111645
302 -0.07109567
303 -0.07106335
304 -0.07103342
305 -0.07100362
306 -0.0709799
307 -0.07096143
308 -0.07094128
309 -0.07092763
310 -0.07090956
311 -0.07089726
312 -0.07088993
313 -0.07088356
314 -0.07087854
315 -0.07087491
316 -0.07086756
317 -0.07086146
318 -0.07085519
319 -0.07085776
320 -0.07085802
321 -0.07087027
322 -0.0708764
323 -0.07088398
324 -0.07088743
325 -0.07090147
326 -0.07090582
327 -0.07091303
328 -0.07091345
329 -0.07092647
330 -0.07092682
331 -0.07092896
332 -0.07093437
333 -0.07094196
334 -0.07094938
335 -0.07096357
336 -0.0709733
337 -0.07098879
338 -0.07100306
339 -0.07101518
340 -0.07103048
341 -0.0710395
342 -0.07106221
343 -0.07107911
344 -0.07109463
345 -0.07111383
346 -0.07113628
347 -0.07116212
348 -0.07119412
349 -0.07122639
350 -0.07125409
351 -0.07128266
352 -0.07131152
353 -0.07134686
354 -0.07138263
355 -0.07141375
356 -0.07144392
357 -0.07147399
358 -0.07150245
359 -0.07153247
360 -0.07155706
361 -0.07158311
362 -0.07160627
363 -0.07163125
364 -0.07165709
365 -0.07168055
366 -0.07169343
367 -0.07171133
368 -0.07171959
369 -0.07173057
370 -0.07173911
371 -0.07175428
372 -0.07176484
373 -0.07177629
374 -0.07178881
375 -0.07180043
376 -0.07180738
377 -0.07181509
378 -0.07181852
379 -0.07182429
380 -0.07182392
381 -0.07182581
382 -0.07183155
383 -0.07183856
384 -0.07183958
385 -0.07184136
386 -0.07184008
387 -0.07183774
388 -0.07182968
389 -0.07182077
390 -0.0718077
391 -0.07179587
392 -0.07178272
393 -0.07176924
394 -0.07175446
395 -0.07174053
396 -0.07172812
397 -0.07171533
398 -0.07169798
399 -0.0716867
400 -0.0716719
401 -0.07165641
402 -0.07163869
403 -0.07162093
404 -0.0716038
405 -0.07158995
406 -0.0715748
407 -0.07156407
408 -0.07154865
409 -0.07153515
410 -0.0715228
411 -0.07151141
412 -0.07149968
413 -0.07148819
414 -0.07147939
415 -0.07147611
416 -0.07147323
417 -0.07147387
418 -0.07147691
419 -0.07148566
420 -0.07149845
421 -0.07151665
422 -0.07153092
423 -0.07155171
424 -0.07156706
425 -0.07158727
426 -0.07161059
427 -0.07163549
428 -0.07166446
429 -0.07169153
430 -0.07172301
431 -0.0717507
432 -0.07177999
433 -0.07181473
434 -0.0718454
435 -0.07187522
436 -0.07190559
437 -0.07193777
438 -0.07196727
439 -0.07199445
440 -0.07202084
441 -0.07204949
442 -0.0720752
443 -0.07209915
444 -0.07211918
445 -0.07213847
446 -0.07215329
447 -0.07216602
448 -0.07217551
449 -0.07218482
450 -0.07219126
451 -0.072198
452 -0.07220085
453 -0.07220501
454 -0.0722072
455 -0.07221036
456 -0.07221148
457 -0.07220843
458 -0.07220418
459 -0.07220042
460 -0.07219307
461 -0.07218795
462 -0.07217965
463 -0.07217251
464 -0.07216624
465 -0.07216074
466 -0.07215323
467 -0.07214756
468 -0.07214027
469 -0.07213572
470 -0.07212899
471 -0.07212362
472 -0.07211744
473 -0.07211335
474 -0.07210597
475 -0.07210282
476 -0.07209932
477 -0.07209895
478 -0.07209599
479 -0.07209414
480 -0.07209235
481 -0.07209363
482 -0.07209296
483 -0.0720932
484 -0.07209346
485 -0.07209435
486 -0.07209177
487 -0.07209225
488 -0.07209093
489 -0.07209077
490 -0.07208699
491 -0.07208524
492 -0.07208054
493 -0.07207755
494 -0.07207143
495 -0.07206764
496 -0.07206195
497 -0.07205921
498 -0.07205238
499 -0.07204751
500 -0.07204024
501 -0.07203464
502 -0.07202537
503 -0.07201949
504 -0.07201248
505 -0.07200761
506 -0.07200237
507 -0.07199685
508 -0.07199167
509 -0.07198769
510 -0.07198168
511 -0.0719803
512 -0.07197762
513 -0.07197496
514 -0.07197221
515 -0.07197142
516 -0.07197016
517 -0.0719682
518 -0.07196611
519 -0.07196579
520 -0.07196363
521 -0.07196302
522 -0.07196096
523 -0.07196055
524 -0.0719572
525 -0.07195436
526 -0.07194863
527 -0.07194326
528 -0.07193523
529 -0.07192747
530 -0.07191879
531 -0.0719103
532 -0.07190055
533 -0.0718919
534 -0.0718802
535 -0.07187046
536 -0.07185768
537 -0.07184617
538 -0.07183204
539 -0.07182049
540 -0.07180589
541 -0.07179318
542 -0.07177895
543 -0.07176598
544 -0.07175277
545 -0.07174083
546 -0.07172548
547 -0.07171263
548 -0.07170045
549 -0.07169104
550 -0.07168029
551 -0.07167134
552 -0.07166085
553 -0.07165392
554 -0.071646
555 -0.07164207
556 -0.07163616
557 -0.0716314
558 -0.07162534
559 -0.07162063
560 -0.07161417
561 -0.07161088
562 -0.07160628
563 -0.07160428
564 -0.07160214
565 -0.07160114
566 -0.07159922
567 -0.07159861
568 -0.0715958
569 -0.07159432
570 -0.07159201
571 -0.07159203
572 -0.07158945
573 -0.07158674
574 -0.07158225
575 -0.07157899
576 -0.07157387
577 -0.07157172
578 -0.07156672
579 -0.07156335
580 -0.07155782
581 -0.07155427
582 -0.07154809
583 -0.07154381
584 -0.07153767
585 -0.07153397
586 -0.07152722
587 -0.07152251
588 -0.07151586
589 -0.07151126
590 -0.07150487
591 -0.07150206
592 -0.07149807
593 -0.07149709
594 -0.07149316
595 -0.07149127
596 -0.07148998
597 -0.07148986
598 -0.07148937
599 -0.07149222
600 -0.07149407
601 -0.07149793
602 -0.07150143
