"left_wing_tank_connect_drag"
"Iteration" "left_wing_tank_connect_drag"
("Iteration" "left_wing_tank_connect_drag")
1 0.04153322
2 0.06434095
3 0.04391547
4 0.02810553
5 0.01770767
6 0.01180244
7 0.00795795
8 0.008917334
9 0.01097781
10 0.01363285
11 0.01689719
12 0.0199543
13 0.02330177
14 0.02717626
15 0.03149629
16 0.03615092
17 0.04095794
18 0.04525592
19 0.04918141
20 0.05345874
21 0.0576994
22 0.06225619
23 0.0664876
24 0.07070008
25 0.07465324
26 0.07821433
27 0.08159839
28 0.08506659
29 0.08808073
30 0.09071169
31 0.09391081
32 0.0960716
33 0.09874419
34 0.1013783
35 0.1039418
36 0.1068164
37 0.1090624
38 0.1111504
39 0.1122361
40 0.1142122
41 0.1149825
42 0.1154401
43 0.1156351
44 0.1151719
45 0.1142511
46 0.1138122
47 0.1127493
48 0.1112264
49 0.1092216
50 0.1077684
51 0.1058365
52 0.1042751
53 0.1021101
54 0.09914462
55 0.09744573
56 0.09558751
57 0.09350422
58 0.09188323
59 0.09023087
60 0.08901185
61 0.08681364
62 0.0860012
63 0.08466587
64 0.08399294
65 0.0830847
66 0.08177904
67 0.08133231
68 0.08064563
69 0.08054236
70 0.08022575
71 0.0798412
72 0.08011052
73 0.07990824
74 0.07974308
75 0.0796222
76 0.07889077
77 0.07843282
78 0.07820364
79 0.07773373
80 0.07783128
81 0.07718196
82 0.07655254
83 0.07678484
84 0.0772545
85 0.07792921
86 0.07813751
87 0.07930034
88 0.07989857
89 0.08046321
90 0.08129212
91 0.08241738
92 0.08387298
93 0.08500846
94 0.08622111
95 0.08714396
96 0.08785824
97 0.08842479
98 0.08871268
99 0.08869099
100 0.0885026
101 0.08810709
102 0.08727433
103 0.0864687
104 0.08510751
105 0.08347143
106 0.08206779
107 0.08066752
108 0.07927599
109 0.0776417
110 0.07568485
111 0.07373857
112 0.0720706
113 0.0704222
114 0.06894523
115 0.06765357
116 0.0667365
117 0.06600564
118 0.06528757
119 0.06499109
120 0.06446795
121 0.06417605
122 0.06415261
123 0.06389132
124 0.06354254
125 0.06358851
126 0.06359045
127 0.06372283
128 0.06410635
129 0.06385146
130 0.06377015
131 0.06353958
132 0.06366858
133 0.06393307
134 0.06464095
135 0.06478367
136 0.06479117
137 0.06469098
138 0.06470251
139 0.06456441
140 0.06443732
141 0.06453091
142 0.06445003
143 0.06403766
144 0.06411236
145 0.06365117
146 0.06357289
147 0.06347939
148 0.06342816
149 0.06338891
150 0.06316634
151 0.06298679
152 0.06301489
153 0.06289329
154 0.06292737
155 0.06279823
156 0.06279741
157 0.06296833
158 0.06297559
159 0.0630008
160 0.06311444
161 0.06353335
162 0.06380697
163 0.06384089
164 0.06380506
165 0.06413659
166 0.06452488
167 0.06487349
168 0.0651562
169 0.06512766
170 0.06558798
171 0.06556533
172 0.06600838
173 0.06613256
174 0.06621211
175 0.0663283
176 0.06642816
177 0.06654474
178 0.06645364
179 0.06632311
180 0.06606068
181 0.06616729
182 0.06625447
183 0.06614734
184 0.06626967
185 0.06622696
186 0.06630497
187 0.06623633
188 0.06616473
189 0.06635651
190 0.06640599
191 0.06658951
192 0.06653481
193 0.06698277
194 0.06702293
195 0.06730445
196 0.06753865
197 0.06780718
198 0.06825689
199 0.06841807
200 0.06837425
201 0.06843323
202 0.0681769
203 0.06841537
204 0.06801721
205 0.06768922
206 0.06722717
207 0.06680782
208 0.06657644
209 0.06610465
210 0.06549575
211 0.06501128
212 0.0643947
213 0.06414129
214 0.06364299
215 0.06319592
216 0.06284338
217 0.06234405
218 0.0619406
219 0.06136349
220 0.06111549
221 0.06084378
222 0.06059635
223 0.06019108
224 0.06004966
225 0.05974845
226 0.05948312
227 0.05929015
228 0.05883891
229 0.05866687
230 0.05850168
231 0.05849455
232 0.05811511
233 0.05817276
234 0.05802174
235 0.05785868
236 0.05790605
237 0.05775379
238 0.05778343
239 0.05772093
240 0.05779959
241 0.05774683
242 0.05791209
243 0.0578537
244 0.05822556
245 0.05853124
246 0.05850299
247 0.05864143
248 0.05888212
249 0.05873533
250 0.05858297
251 0.05868872
252 0.05889917
253 0.05864814
254 0.05852095
255 0.05861024
256 0.05870804
257 0.05874237
258 0.0588085
259 0.05877716
260 0.05894602
261 0.05910327
262 0.05907447
263 0.05897798
264 0.05885339
265 0.05872367
266 0.05856852
267 0.05850806
268 0.05844211
269 0.05839535
270 0.05825037
271 0.05808334
272 0.05799565
273 0.057771
274 0.05764027
275 0.05767416
276 0.05752573
277 0.05737532
278 0.05710739
279 0.05705783
280 0.05702928
281 0.05687976
282 0.05681102
283 0.05676198
284 0.05663695
285 0.05665397
286 0.05661641
287 0.05648912
288 0.05634833
289 0.05637093
290 0.05622009
291 0.0561589
292 0.05611404
293 0.05594385
294 0.05597917
295 0.05590154
296 0.05588128
297 0.0559307
298 0.05601892
299 0.05631028
300 0.05646209
301 0.05631039
302 0.05651784
303 0.05667965
304 0.05689035
305 0.05718876
306 0.05764702
307 0.05785029
308 0.05803994
309 0.05836558
310 0.05853933
311 0.05871684
312 0.05885066
313 0.05886616
314 0.05881691
315 0.05888047
316 0.05909324
317 0.05909115
318 0.05916576
319 0.05913923
320 0.05918843
321 0.05917273
322 0.05919639
323 0.05905819
324 0.05888292
325 0.05874516
326 0.05866608
327 0.05851897
328 0.05833226
329 0.05819435
330 0.05805659
331 0.0579693
332 0.05788495
333 0.05775616
334 0.05763367
335 0.0575029
336 0.05736087
337 0.05716943
338 0.05702872
339 0.05686999
340 0.05668527
341 0.05654181
342 0.05634638
343 0.05623697
344 0.05612053
345 0.05605844
346 0.05598686
347 0.05589204
348 0.05579792
349 0.05572592
350 0.05569583
351 0.05563692
352 0.05556127
353 0.05561795
354 0.05566709
355 0.05573823
356 0.05586466
357 0.05597449
358 0.05600975
359 0.05604383
360 0.05606185
361 0.05609918
362 0.05619301
363 0.0562737
364 0.05634493
365 0.05644661
366 0.05645166
367 0.05651709
368 0.05651322
369 0.05645871
370 0.056451
371 0.05642229
372 0.05638866
373 0.05627399
374 0.05617649
375 0.05611162
376 0.05602239
377 0.05590352
378 0.05577545
379 0.05561231
380 0.05545859
381 0.05530249
382 0.05518682
383 0.05502537
384 0.05492033
385 0.0548191
386 0.05468152
387 0.05456187
388 0.05444669
389 0.05434783
390 0.05425683
391 0.05416697
392 0.05404781
393 0.05388393
394 0.05374917
395 0.05364423
396 0.05352421
397 0.05338236
398 0.05329678
399 0.05313869
400 0.05302618
401 0.0528628
402 0.05275366
403 0.05260274
404 0.05248382
405 0.05228071
406 0.05211699
407 0.05193979
408 0.05169737
409 0.05154378
410 0.05133741
411 0.05117259
412 0.05106173
413 0.05099561
414 0.05084487
415 0.05071567
416 0.05054607
417 0.05046444
418 0.05036455
419 0.05030571
420 0.05031908
421 0.0503225
422 0.05033751
423 0.05037922
424 0.05049316
425 0.05063612
426 0.05075919
427 0.05084243
428 0.05096049
429 0.05116805
430 0.05135601
431 0.05153641
432 0.05176856
433 0.05199144
434 0.05223915
435 0.05252973
436 0.05276453
437 0.05305062
438 0.05325887
439 0.05354571
440 0.05369107
441 0.05385049
442 0.05398695
443 0.05415601
444 0.05428505
445 0.05435891
446 0.05446988
447 0.05455771
448 0.05455315
449 0.05458465
450 0.05452983
451 0.05447176
452 0.05445302
453 0.05442696
454 0.05436892
455 0.05429504
456 0.05420388
457 0.0540586
458 0.05384144
459 0.05364082
460 0.05342855
461 0.05327484
462 0.05300806
463 0.05275837
464 0.052512
465 0.05229213
466 0.05207606
467 0.05186745
468 0.05160568
469 0.05136673
470 0.05110164
471 0.05086173
472 0.05063908
473 0.05032246
474 0.05009303
475 0.04986865
476 0.04966423
477 0.04948521
478 0.04939338
479 0.04924975
480 0.04924476
481 0.04917656
482 0.0492167
483 0.04917787
484 0.04921426
485 0.04943562
486 0.04968908
487 0.04990727
488 0.05001672
489 0.05011199
490 0.05028423
491 0.05058588
492 0.05089298
493 0.05130799
494 0.05167197
495 0.05196086
496 0.05213535
497 0.0523956
498 0.05255239
499 0.05268541
500 0.05270404
501 0.0527647
502 0.05288721
503 0.05290201
504 0.05295966
505 0.05304208
506 0.05305192
507 0.05305162
508 0.05302822
509 0.0529717
510 0.05294035
511 0.05288792
512 0.05281755
513 0.0527436
514 0.05268902
515 0.05261673
516 0.05252261
517 0.05242138
518 0.05232393
519 0.05224369
520 0.05214906
521 0.05208738
522 0.05197416
523 0.05186814
524 0.05177574
525 0.05165215
526 0.05156947
527 0.05142824
528 0.05127681
529 0.05110395
530 0.05101499
531 0.05097126
532 0.05089053
533 0.05082862
534 0.050825
535 0.05085455
536 0.05081311
537 0.05082827
538 0.05079838
539 0.05084826
540 0.05089442
541 0.05091225
542 0.0510002
543 0.05107165
544 0.05113941
545 0.05124792
546 0.05131036
547 0.05138151
548 0.05144346
549 0.05150739
550 0.05159037
551 0.05163611
552 0.05172158
553 0.05180015
554 0.05188174
555 0.05194981
556 0.05200688
557 0.05204944
558 0.05212112
559 0.05219114
560 0.05220072
561 0.05222244
562 0.05222344
563 0.05223086
564 0.05223505
565 0.05228061
566 0.05228561
567 0.052291
568 0.05226695
569 0.0522516
570 0.05218801
571 0.05211219
572 0.05206785
573 0.05201589
574 0.05196119
575 0.05190745
576 0.05187213
577 0.0517834
578 0.05167381
579 0.05160855
580 0.05150976
581 0.05147509
582 0.05140376
583 0.05131916
584 0.0512322
585 0.05111093
586 0.05109694
587 0.05107928
588 0.05100831
589 0.05096792
590 0.05092555
591 0.05092512
592 0.05093563
593 0.05096274
594 0.05094558
595 0.05095582
596 0.05093946
597 0.05094811
598 0.05098424
599 0.05102256
600 0.05108539
601 0.05111938
602 0.05116389
