"right_wing_tank_connect_lift"
"Iteration" "right_wing_tank_connect_lift"
("Iteration" "right_wing_tank_connect_lift")
1 -2.750971e-05
2 -3.715852e-05
3 -3.98925e-05
4 -3.513105e-05
5 -2.814007e-05
6 -2.135112e-05
7 -1.555683e-05
8 -1.305435e-05
9 -1.080863e-05
10 -1.062097e-05
11 -9.634788e-06
12 -1.059009e-05
13 -1.021465e-05
14 -8.420733e-06
15 -6.336772e-06
16 -2.960914e-06
17 1.010012e-07
18 3.699183e-06
19 5.996298e-06
20 7.132754e-06
21 9.018177e-06
22 1.104148e-05
23 1.29546e-05
24 1.535399e-05
25 1.78205e-05
26 1.951746e-05
27 2.118915e-05
28 2.241158e-05
29 2.288403e-05
30 2.280311e-05
31 2.072485e-05
32 2.033255e-05
33 1.860706e-05
34 1.894743e-05
35 1.941145e-05
36 2.07866e-05
37 2.254977e-05
38 2.346989e-05
39 2.551758e-05
40 2.727397e-05
41 2.856311e-05
42 3.067345e-05
43 3.167297e-05
44 3.193565e-05
45 3.111829e-05
46 3.004942e-05
47 2.88148e-05
48 2.942391e-05
49 2.819645e-05
50 2.79808e-05
51 2.718682e-05
52 2.768828e-05
53 2.685476e-05
54 2.549061e-05
55 2.435179e-05
56 2.327778e-05
57 2.268866e-05
58 2.10138e-05
59 1.812675e-05
60 1.506208e-05
61 1.132614e-05
62 8.058981e-06
63 4.776138e-06
64 1.312268e-06
65 -1.983497e-06
66 -5.067895e-06
67 -8.387668e-06
68 -1.20655e-05
69 -1.546191e-05
70 -1.880543e-05
71 -2.324764e-05
72 -2.807018e-05
73 -3.356036e-05
74 -3.807733e-05
75 -4.26508e-05
76 -4.6767e-05
77 -4.784891e-05
78 -4.772908e-05
79 -4.475475e-05
80 -4.12391e-05
81 -3.232693e-05
82 -2.711736e-05
83 -1.718447e-05
84 -1.375931e-05
85 -6.656049e-06
86 6.824957e-07
87 6.02864e-06
88 1.13666e-05
89 1.655686e-05
90 2.037729e-05
91 2.314898e-05
92 2.504554e-05
93 2.737682e-05
94 2.957746e-05
95 3.089137e-05
96 3.431727e-05
97 3.705791e-05
98 3.97524e-05
99 4.090999e-05
100 4.439578e-05
101 4.574381e-05
102 4.876149e-05
103 5.094851e-05
104 5.317337e-05
105 5.510864e-05
106 5.750886e-05
107 6.108425e-05
108 6.271659e-05
109 6.396947e-05
110 6.604483e-05
111 6.759523e-05
112 6.777497e-05
113 6.883817e-05
114 6.874515e-05
115 6.811243e-05
116 6.699118e-05
117 6.57833e-05
118 6.360521e-05
119 6.129106e-05
120 5.864479e-05
121 5.584087e-05
122 5.230157e-05
123 4.942778e-05
124 4.601779e-05
125 4.321997e-05
126 4.124408e-05
127 4.010961e-05
128 3.994697e-05
129 3.997717e-05
130 3.93791e-05
131 4.09609e-05
132 4.166012e-05
133 4.310998e-05
134 4.353382e-05
135 4.495667e-05
136 4.555991e-05
137 4.664547e-05
138 4.723779e-05
139 4.743e-05
140 4.850396e-05
141 4.927454e-05
142 5.015165e-05
143 5.081811e-05
144 5.222531e-05
145 5.300336e-05
146 5.433058e-05
147 5.613276e-05
148 5.792781e-05
149 5.998379e-05
150 6.173552e-05
151 6.30661e-05
152 6.372711e-05
153 6.428211e-05
154 6.431303e-05
155 6.386428e-05
156 6.265924e-05
157 6.13045e-05
158 5.952841e-05
159 5.737873e-05
160 5.487277e-05
161 5.222675e-05
162 4.958484e-05
163 4.74191e-05
164 4.519139e-05
165 4.322133e-05
166 4.142488e-05
167 3.992717e-05
168 3.863332e-05
169 3.736095e-05
170 3.633504e-05
171 3.547213e-05
172 3.458928e-05
173 3.399786e-05
174 3.367798e-05
175 3.374841e-05
176 3.379438e-05
177 3.385885e-05
178 3.462818e-05
179 3.551433e-05
180 3.669839e-05
181 3.800463e-05
182 3.979539e-05
183 4.160093e-05
184 4.367599e-05
185 4.606561e-05
186 4.840642e-05
187 5.0867e-05
188 5.354997e-05
189 5.596872e-05
190 5.853492e-05
191 6.094361e-05
192 6.336524e-05
193 6.580017e-05
194 6.787509e-05
195 7.009892e-05
196 7.211073e-05
197 7.385196e-05
198 7.567524e-05
199 7.743838e-05
200 7.914597e-05
201 8.084806e-05
202 8.247599e-05
203 8.407816e-05
204 8.562792e-05
205 8.71057e-05
206 8.82876e-05
207 8.967938e-05
208 9.072277e-05
209 9.174542e-05
210 9.261378e-05
211 9.316352e-05
212 9.380593e-05
213 9.407361e-05
214 9.413341e-05
215 9.402726e-05
216 9.389428e-05
217 9.350984e-05
218 9.292971e-05
219 9.22554e-05
220 9.126646e-05
221 9.023928e-05
222 8.922986e-05
223 8.822526e-05
224 8.745466e-05
225 8.629845e-05
226 8.574922e-05
227 8.48315e-05
228 8.390822e-05
229 8.326574e-05
230 8.253459e-05
231 8.196599e-05
232 8.100766e-05
233 8.012594e-05
234 7.919399e-05
235 7.798818e-05
236 7.697707e-05
237 7.570121e-05
238 7.447798e-05
239 7.2962e-05
240 7.125625e-05
241 6.966293e-05
242 6.771466e-05
243 6.574792e-05
244 6.374202e-05
245 6.14973e-05
246 5.941075e-05
247 5.708627e-05
248 5.482746e-05
249 5.252778e-05
250 4.991825e-05
251 4.697801e-05
252 4.431809e-05
253 4.130097e-05
254 3.858625e-05
255 3.59492e-05
256 3.299975e-05
257 3.039837e-05
258 2.778293e-05
259 2.482967e-05
260 2.230034e-05
261 1.950253e-05
262 1.660145e-05
263 1.447778e-05
264 1.222288e-05
265 1.00718e-05
266 7.875713e-06
267 5.948307e-06
268 4.374284e-06
269 3.035973e-06
270 1.258879e-06
271 -3.038053e-07
272 -2.114664e-06
273 -3.823186e-06
274 -5.631771e-06
275 -7.557782e-06
276 -9.289892e-06
277 -1.122136e-05
278 -1.357634e-05
279 -1.589585e-05
280 -1.802354e-05
281 -2.058982e-05
282 -2.304012e-05
283 -2.570731e-05
284 -2.832394e-05
285 -3.087833e-05
286 -3.380752e-05
287 -3.664619e-05
288 -3.904485e-05
289 -4.154977e-05
290 -4.410452e-05
291 -4.607467e-05
292 -4.84791e-05
293 -4.973012e-05
294 -5.105275e-05
295 -5.198057e-05
296 -5.242723e-05
297 -5.234582e-05
298 -5.236147e-05
299 -5.231512e-05
300 -5.181907e-05
301 -5.168553e-05
302 -5.117424e-05
303 -5.027496e-05
304 -4.918037e-05
305 -4.836835e-05
306 -4.744924e-05
307 -4.634814e-05
308 -4.543125e-05
309 -4.433108e-05
310 -4.339396e-05
311 -4.239152e-05
312 -4.179245e-05
313 -4.096991e-05
314 -4.06151e-05
315 -4.05473e-05
316 -4.028733e-05
317 -4.031794e-05
318 -4.051941e-05
319 -4.10954e-05
320 -4.17011e-05
321 -4.236788e-05
322 -4.297485e-05
323 -4.338792e-05
324 -4.395538e-05
325 -4.464619e-05
326 -4.521413e-05
327 -4.572578e-05
328 -4.609621e-05
329 -4.655733e-05
330 -4.707511e-05
331 -4.752638e-05
332 -4.797645e-05
333 -4.826812e-05
334 -4.855739e-05
335 -4.88374e-05
336 -4.881133e-05
337 -4.87989e-05
338 -4.862378e-05
339 -4.829761e-05
340 -4.772123e-05
341 -4.706217e-05
342 -4.623773e-05
343 -4.526413e-05
344 -4.41168e-05
345 -4.304228e-05
346 -4.171347e-05
347 -4.013746e-05
348 -3.843141e-05
349 -3.676205e-05
350 -3.492845e-05
351 -3.287023e-05
352 -3.091142e-05
353 -2.897194e-05
354 -2.703573e-05
355 -2.508781e-05
356 -2.307612e-05
357 -2.112365e-05
358 -1.920982e-05
359 -1.737177e-05
360 -1.553482e-05
361 -1.372121e-05
362 -1.188903e-05
363 -9.933429e-06
364 -7.971563e-06
365 -5.9708e-06
366 -3.859536e-06
367 -1.88793e-06
368 3.655796e-07
369 2.528925e-06
370 4.794361e-06
371 7.187353e-06
372 9.468362e-06
373 1.187998e-05
374 1.447766e-05
375 1.704277e-05
376 1.968339e-05
377 2.25676e-05
378 2.548431e-05
379 2.836564e-05
380 3.132336e-05
381 3.416305e-05
382 3.679237e-05
383 3.911327e-05
384 4.129581e-05
385 4.345019e-05
386 4.535287e-05
387 4.705447e-05
388 4.869479e-05
389 5.013174e-05
390 5.141069e-05
391 5.257236e-05
392 5.36933e-05
393 5.465735e-05
394 5.552481e-05
395 5.634571e-05
396 5.694418e-05
397 5.756245e-05
398 5.80121e-05
399 5.846476e-05
400 5.874766e-05
401 5.894963e-05
402 5.909673e-05
403 5.913013e-05
404 5.910332e-05
405 5.898166e-05
406 5.878261e-05
407 5.842359e-05
408 5.793311e-05
409 5.72867e-05
410 5.642587e-05
411 5.539627e-05
412 5.41489e-05
413 5.273576e-05
414 5.116081e-05
415 4.948108e-05
416 4.77615e-05
417 4.607208e-05
418 4.424922e-05
419 4.248534e-05
420 4.078097e-05
421 3.915394e-05
422 3.761149e-05
423 3.607048e-05
424 3.468864e-05
425 3.343277e-05
426 3.210775e-05
427 3.079284e-05
428 2.962366e-05
429 2.835412e-05
430 2.721908e-05
431 2.622453e-05
432 2.506282e-05
433 2.397607e-05
434 2.291611e-05
435 2.187862e-05
436 2.085487e-05
437 1.975021e-05
438 1.864094e-05
439 1.737114e-05
440 1.607659e-05
441 1.458371e-05
442 1.30183e-05
443 1.124256e-05
444 9.264079e-06
445 7.162243e-06
446 4.816391e-06
447 2.25921e-06
448 -3.306932e-07
449 -3.052969e-06
450 -5.815724e-06
451 -8.547737e-06
452 -1.121394e-05
453 -1.381534e-05
454 -1.633904e-05
455 -1.868198e-05
456 -2.09236e-05
457 -2.306013e-05
458 -2.505629e-05
459 -2.679684e-05
460 -2.838948e-05
461 -2.974935e-05
462 -3.106003e-05
463 -3.225242e-05
464 -3.3414e-05
465 -3.441989e-05
466 -3.535324e-05
467 -3.621854e-05
468 -3.692583e-05
469 -3.749994e-05
470 -3.796751e-05
471 -3.846907e-05
472 -3.885579e-05
473 -3.925556e-05
474 -3.954759e-05
475 -3.989494e-05
476 -4.03359e-05
477 -4.082107e-05
478 -4.129834e-05
479 -4.176182e-05
480 -4.218634e-05
481 -4.255369e-05
482 -4.288028e-05
483 -4.327306e-05
484 -4.349499e-05
485 -4.359198e-05
486 -4.361466e-05
487 -4.350005e-05
488 -4.335601e-05
489 -4.292839e-05
490 -4.249107e-05
491 -4.193972e-05
492 -4.13197e-05
493 -4.054375e-05
494 -3.977273e-05
495 -3.880583e-05
496 -3.768943e-05
497 -3.649915e-05
498 -3.529905e-05
499 -3.383839e-05
500 -3.238886e-05
501 -3.075581e-05
502 -2.928748e-05
503 -2.770193e-05
504 -2.626683e-05
505 -2.492413e-05
506 -2.364005e-05
507 -2.247718e-05
508 -2.138953e-05
509 -2.043147e-05
510 -1.953499e-05
511 -1.85745e-05
512 -1.756815e-05
513 -1.66194e-05
514 -1.567119e-05
515 -1.471868e-05
516 -1.368242e-05
517 -1.268036e-05
518 -1.156112e-05
519 -1.041397e-05
520 -9.087423e-06
521 -7.690331e-06
522 -6.290519e-06
523 -4.788345e-06
524 -3.188276e-06
525 -1.479529e-06
526 2.379761e-07
527 2.072236e-06
528 3.97834e-06
529 5.898013e-06
530 7.791794e-06
531 9.645997e-06
532 1.155542e-05
533 1.330114e-05
534 1.498483e-05
535 1.64735e-05
536 1.783029e-05
537 1.888624e-05
538 1.975446e-05
539 2.039946e-05
540 2.081558e-05
541 2.090265e-05
542 2.093033e-05
543 2.080058e-05
544 2.060513e-05
545 2.023691e-05
546 1.974596e-05
547 1.92187e-05
548 1.87784e-05
549 1.829704e-05
550 1.779458e-05
551 1.722691e-05
552 1.668191e-05
553 1.617186e-05
554 1.569894e-05
555 1.515638e-05
556 1.472989e-05
557 1.436823e-05
558 1.412311e-05
559 1.398595e-05
560 1.380293e-05
561 1.377809e-05
562 1.379389e-05
563 1.381061e-05
564 1.376343e-05
565 1.350466e-05
566 1.326529e-05
567 1.294995e-05
568 1.244755e-05
569 1.179076e-05
570 1.098316e-05
571 1.022989e-05
572 9.486575e-06
573 8.78398e-06
574 8.128885e-06
575 7.569236e-06
576 7.110034e-06
577 6.615738e-06
578 6.381536e-06
579 6.15101e-06
580 6.02002e-06
581 5.967356e-06
582 5.920995e-06
583 5.913332e-06
584 5.914518e-06
585 5.953173e-06
586 6.03942e-06
587 6.154313e-06
588 6.286556e-06
589 6.43957e-06
590 6.605444e-06
591 6.725796e-06
592 6.863393e-06
593 6.903289e-06
594 6.827694e-06
595 6.627989e-06
596 6.244637e-06
597 5.702426e-06
598 5.064368e-06
599 4.200022e-06
600 3.148167e-06
601 2.067681e-06
602 8.346667e-07
