"left_wing_tank_connect_lift"
"Iteration" "left_wing_tank_connect_lift"
("Iteration" "left_wing_tank_connect_lift")
1 0.0004356858
2 0.001758509
3 0.001235271
4 0.0006157542
5 9.794752e-05
6 6.014209e-05
7 5.240498e-05
8 3.559489e-05
9 5.486301e-05
10 0.0001121304
11 0.0001988798
12 0.0002921791
13 0.0003838095
14 0.0004739781
15 0.0005680328
16 0.0007041906
17 0.0007793687
18 0.000854634
19 0.0009168836
20 0.001017575
21 0.001080605
22 0.001156006
23 0.001220032
24 0.001336462
25 0.001392295
26 0.00146504
27 0.001530601
28 0.001630933
29 0.001673042
30 0.00170964
31 0.001754078
32 0.001803155
33 0.00185236
34 0.001922739
35 0.001953613
36 0.001983747
37 0.002016939
38 0.002053934
39 0.00208894
40 0.002131815
41 0.002159581
42 0.002186964
43 0.0021962
44 0.002196033
45 0.002183312
46 0.002175981
47 0.002160604
48 0.00213531
49 0.002110638
50 0.002082205
51 0.002050364
52 0.002014698
53 0.001984244
54 0.00194499
55 0.001903492
56 0.001865552
57 0.001825685
58 0.001796346
59 0.001769889
60 0.001751578
61 0.001730929
62 0.001704424
63 0.00168145
64 0.001669459
65 0.001660014
66 0.001641538
67 0.001631623
68 0.001620749
69 0.001611775
70 0.001596511
71 0.001584701
72 0.001570116
73 0.001559734
74 0.001546139
75 0.001530469
76 0.001510162
77 0.00148369
78 0.001462272
79 0.001433383
80 0.001413968
81 0.001397915
82 0.001381439
83 0.001362459
84 0.001348274
85 0.001338752
86 0.001329162
87 0.001324556
88 0.001324862
89 0.001329205
90 0.001341203
91 0.001346445
92 0.001354993
93 0.001370714
94 0.001380109
95 0.001390723
96 0.001402592
97 0.001414624
98 0.001425466
99 0.001428512
100 0.001433583
101 0.001432264
102 0.001432952
103 0.00144005
104 0.001439145
105 0.001435823
106 0.001425741
107 0.001412885
108 0.001402812
109 0.001390442
110 0.001380996
111 0.001374153
112 0.001368324
113 0.001353775
114 0.001350276
115 0.001341693
116 0.001328782
117 0.001321404
118 0.001316424
119 0.001305735
120 0.001299667
121 0.001295695
122 0.001295791
123 0.001295517
124 0.001296162
125 0.001294866
126 0.001298578
127 0.001299759
128 0.001293955
129 0.001289476
130 0.001286907
131 0.001287607
132 0.001286717
133 0.001288129
134 0.001290113
135 0.001289227
136 0.001289218
137 0.00129164
138 0.001295671
139 0.001294001
140 0.001297733
141 0.00130022
142 0.001303984
143 0.001306241
144 0.001308426
145 0.001308101
146 0.001306202
147 0.00130959
148 0.001309763
149 0.001310134
150 0.001309662
151 0.001306101
152 0.00130616
153 0.001298192
154 0.001293861
155 0.001293212
156 0.001288566
157 0.001289007
158 0.00128477
159 0.001279785
160 0.001279213
161 0.001276538
162 0.001275963
163 0.00127333
164 0.001274011
165 0.001272739
166 0.00126738
167 0.001266452
168 0.001265151
169 0.001260173
170 0.001256642
171 0.001251582
172 0.001246165
173 0.001241693
174 0.001238315
175 0.001234584
176 0.001227839
177 0.001224075
178 0.001223965
179 0.001222225
180 0.001221394
181 0.001221166
182 0.001220732
183 0.001222323
184 0.001222261
185 0.00122376
186 0.001224039
187 0.001224706
188 0.00122525
189 0.001224824
190 0.001224856
191 0.001225798
192 0.001225025
193 0.001224867
194 0.001225405
195 0.00122515
196 0.00122549
197 0.00122582
198 0.00122412
199 0.001223822
200 0.001223768
201 0.001222858
202 0.001221117
203 0.001219703
204 0.001218238
205 0.001215765
206 0.001212221
207 0.001208981
208 0.001205347
209 0.001200554
210 0.001195981
211 0.001190779
212 0.001185746
213 0.001179267
214 0.001174719
215 0.001168318
216 0.001162128
217 0.001156741
218 0.001151797
219 0.001146237
220 0.001141012
221 0.001135003
222 0.00112866
223 0.001122132
224 0.001117057
225 0.001111622
226 0.001105723
227 0.001100756
228 0.001094858
229 0.001088907
230 0.001083118
231 0.001077743
232 0.001073093
233 0.001068284
234 0.001063314
235 0.0010595
236 0.001056393
237 0.001052723
238 0.001048671
239 0.001045068
240 0.001041337
241 0.001037937
242 0.00103389
243 0.001029853
244 0.00102579
245 0.001022709
246 0.00102
247 0.001016298
248 0.001012741
249 0.001009075
250 0.001005217
251 0.001001239
252 0.0009978507
253 0.000993912
254 0.000988677
255 0.0009844848
256 0.000980584
257 0.0009770499
258 0.0009727454
259 0.0009673723
260 0.0009622696
261 0.0009582857
262 0.0009542121
263 0.0009495119
264 0.0009457283
265 0.0009418392
266 0.0009364551
267 0.000933558
268 0.0009292507
269 0.0009258412
270 0.0009229554
271 0.0009201377
272 0.0009173391
273 0.0009150553
274 0.0009122465
275 0.0009106465
276 0.000908818
277 0.0009084745
278 0.0009075535
279 0.0009071251
280 0.0009061678
281 0.0009054848
282 0.0009045888
283 0.0009045357
284 0.0009035588
285 0.0009023944
286 0.0009019469
287 0.0009005964
288 0.0009007662
289 0.0009006287
290 0.0009002065
291 0.0008995914
292 0.0008974937
293 0.000897069
294 0.0008976871
295 0.0008952724
296 0.0008956184
297 0.0008953769
298 0.0008954117
299 0.000893219
300 0.0008919407
301 0.0008907014
302 0.000890038
303 0.000888479
304 0.000886601
305 0.0008842566
306 0.0008824745
307 0.0008811816
308 0.0008802146
309 0.0008779509
310 0.0008760054
311 0.0008709944
312 0.0008698819
313 0.0008669364
314 0.0008643094
315 0.0008651855
316 0.0008624726
317 0.0008608997
318 0.0008596964
319 0.0008586537
320 0.0008593328
321 0.0008581731
322 0.0008558663
323 0.0008546907
324 0.0008523341
325 0.0008485948
326 0.0008479562
327 0.0008464998
328 0.0008469766
329 0.0008468932
330 0.0008477813
331 0.0008496108
332 0.0008513008
333 0.000851734
334 0.0008520668
335 0.0008501606
336 0.0008497091
337 0.0008510962
338 0.0008515656
339 0.0008519408
340 0.0008507579
341 0.0008501729
342 0.0008496257
343 0.0008481674
344 0.0008478813
345 0.0008484219
346 0.000848839
347 0.0008483949
348 0.0008502391
349 0.0008516302
350 0.0008537174
351 0.0008560074
352 0.0008591303
353 0.0008636954
354 0.0008678207
355 0.0008726384
356 0.0008792896
357 0.0008868109
358 0.0008921567
359 0.0008992143
360 0.0009037423
361 0.0009111452
362 0.0009171834
363 0.0009249184
364 0.0009298451
365 0.0009376495
366 0.0009429593
367 0.0009480982
368 0.0009531916
369 0.0009594886
370 0.00096614
371 0.0009714037
372 0.000973982
373 0.0009784688
374 0.0009812348
375 0.000987208
376 0.0009918245
377 0.0009977766
378 0.001000616
379 0.001003715
380 0.001003987
381 0.001005815
382 0.001005733
383 0.001007181
384 0.001008213
385 0.001009041
386 0.00100963
387 0.001009653
388 0.001011141
389 0.001012169
390 0.001013998
391 0.00101742
392 0.001016963
393 0.001019037
394 0.00102066
395 0.001025932
396 0.001027044
397 0.001031494
398 0.0010344
399 0.001037733
400 0.001039808
401 0.001041277
402 0.001040721
403 0.001044473
404 0.001044684
405 0.001044264
406 0.001046362
407 0.001045904
408 0.001048896
409 0.001050767
410 0.001049554
411 0.001046352
412 0.001045117
413 0.001043281
414 0.00103923
415 0.001036582
416 0.001033682
417 0.001031365
418 0.001027047
419 0.001023955
420 0.001021944
421 0.001019868
422 0.001017112
423 0.001017282
424 0.001015898
425 0.001013015
426 0.001011788
427 0.001010191
428 0.001010733
429 0.001010571
430 0.001012348
431 0.001014362
432 0.001018416
433 0.001022799
434 0.001027507
435 0.001031249
436 0.001035811
437 0.001039738
438 0.001044055
439 0.001048881
440 0.001053729
441 0.001059418
442 0.001062974
443 0.001069391
444 0.001074286
445 0.001079996
446 0.001084956
447 0.00108903
448 0.001091225
449 0.001092718
450 0.00109498
451 0.001097635
452 0.00109879
453 0.001099079
454 0.001099545
455 0.001102494
456 0.001103576
457 0.001103421
458 0.001102314
459 0.001100308
460 0.001099224
461 0.001096754
462 0.001093763
463 0.001091838
464 0.001089735
465 0.001086329
466 0.001084393
467 0.0010843
468 0.001082938
469 0.001080807
470 0.001079489
471 0.001078604
472 0.001078005
473 0.001076818
474 0.001077431
475 0.001077458
476 0.001077453
477 0.001074832
478 0.001074289
479 0.001071508
480 0.001071649
481 0.00107139
482 0.00107237
483 0.001071177
484 0.00107144
485 0.001072309
486 0.001073572
487 0.001072444
488 0.00107435
489 0.001076683
490 0.001079675
491 0.001082482
492 0.001087351
493 0.00109389
494 0.001099768
495 0.001103697
496 0.001111503
497 0.001123558
498 0.00112988
499 0.001142249
500 0.001148807
501 0.00115864
502 0.001166709
503 0.001176026
504 0.001184215
505 0.001190665
506 0.001196504
507 0.001202963
508 0.001206516
509 0.001210501
510 0.001213516
511 0.001217714
512 0.001220191
513 0.001217351
514 0.001218368
515 0.001216286
516 0.001215851
517 0.001212778
518 0.001212639
519 0.001210713
520 0.001205678
521 0.001198964
522 0.001193239
523 0.001183688
524 0.001178889
525 0.001172385
526 0.001167869
527 0.001159474
528 0.001156085
529 0.001150969
530 0.001147177
531 0.001139891
532 0.001134092
533 0.001128107
534 0.001120344
535 0.001114405
536 0.001108852
537 0.001103658
538 0.001097742
539 0.001095272
540 0.001088065
541 0.001081406
542 0.001078322
543 0.001074445
544 0.00107395
545 0.001072295
546 0.001074703
547 0.001075313
548 0.00107466
549 0.001072178
550 0.001070118
551 0.001067506
552 0.001066014
553 0.00106403
554 0.001062729
555 0.00106015
556 0.001058763
557 0.001056187
558 0.001055763
559 0.001052779
560 0.001048974
561 0.001043824
562 0.001039772
563 0.001037632
564 0.00103431
565 0.001029256
566 0.001024714
567 0.001022643
568 0.001020124
569 0.001019049
570 0.001018905
571 0.001015063
572 0.001013339
573 0.001009921
574 0.001005271
575 0.0009988243
576 0.0009969345
577 0.0009945942
578 0.0009978355
579 0.0009996272
580 0.001001354
581 0.001003188
582 0.001004175
583 0.00100637
584 0.001006871
585 0.001006953
586 0.001007374
587 0.001008215
588 0.001009234
589 0.001012252
590 0.001011807
591 0.001013
592 0.001013267
593 0.001012133
594 0.001013061
595 0.00101345
596 0.001012146
597 0.001009883
598 0.001007425
599 0.001005045
600 0.00100175
601 0.0009970196
602 0.0009944544
603 0.0009916079
604 0.000988771
605 0.000985419
606 0.000983358
607 0.0009820993
608 0.0009796649
609 0.0009776228
610 0.0009751878
611 0.0009758003
612 0.0009778062
613 0.0009800919
614 0.0009834381
615 0.0009869445
616 0.0009884775
617 0.0009931301
618 0.000996917
619 0.001001387
620 0.001004436
621 0.001007526
622 0.00101291
623 0.001015915
624 0.001018772
625 0.001020476
626 0.001021603
627 0.001023625
628 0.001024688
629 0.001024519
630 0.001025498
631 0.001025173
632 0.001022919
633 0.001021311
634 0.001019211
635 0.001018695
636 0.001017993
637 0.001015541
638 0.001014231
639 0.001010723
640 0.00100717
641 0.001003868
642 0.001001963
643 0.0009988045
644 0.0009953489
645 0.0009934678
646 0.0009911689
647 0.0009894626
648 0.0009867215
649 0.0009852299
650 0.0009822011
651 0.0009804384
652 0.0009778837
653 0.0009741207
654 0.0009719956
655 0.0009692207
656 0.0009664067
657 0.0009647722
658 0.00096397
659 0.0009628931
660 0.0009619067
661 0.0009601596
662 0.0009599921
663 0.0009590564
664 0.0009604314
665 0.000961846
666 0.0009636367
667 0.0009641551
668 0.0009662944
669 0.000970199
670 0.0009735929
671 0.0009767135
672 0.0009786097
673 0.0009800913
674 0.0009830864
675 0.0009855605
676 0.0009896224
677 0.000994457
678 0.0009998886
679 0.00100316
680 0.001007427
681 0.001013328
682 0.001018387
683 0.001024075
684 0.001027935
685 0.0010338
686 0.001037643
687 0.001042382
688 0.001044878
689 0.001049249
690 0.001051403
691 0.001055636
692 0.001059003
693 0.001062795
694 0.001066901
695 0.00107117
696 0.001074342
697 0.001076079
698 0.00107805
699 0.001080121
700 0.001081147
701 0.001081624
702 0.001082236
703 0.001083469
704 0.001083508
705 0.001084209
706 0.001084147
707 0.001083243
708 0.001082435
709 0.001080049
710 0.001077632
711 0.001076368
712 0.001073765
713 0.001071412
714 0.001068713
715 0.001066966
716 0.001065856
717 0.001064545
718 0.001062479
719 0.001061296
720 0.001059427
721 0.001057012
722 0.001054547
723 0.001053252
724 0.001051628
725 0.001049916
726 0.001048652
727 0.001046604
728 0.001046235
729 0.001045507
730 0.001044627
731 0.001043272
732 0.001043589
733 0.001043595
734 0.001043076
735 0.001043028
736 0.001043028
737 0.001044045
738 0.001043784
739 0.001043865
740 0.001044262
741 0.001044496
742 0.001045575
743 0.001046813
744 0.001046571
745 0.001047215
746 0.001047182
747 0.001047464
748 0.001047952
749 0.001048048
750 0.001047835
751 0.00104799
752 0.001047741
753 0.001047589
754 0.00104718
755 0.001046497
756 0.00104584
757 0.001045045
758 0.001044222
759 0.001044354
760 0.001043003
761 0.001041994
762 0.001040186
763 0.001039174
764 0.001038337
765 0.001037032
766 0.001036585
767 0.001035396
768 0.001034128
769 0.001033051
770 0.001031908
771 0.001030612
772 0.001030493
773 0.001029574
774 0.001027962
775 0.001027725
776 0.00102702
777 0.001025769
778 0.001025084
779 0.001024205
780 0.001023004
781 0.001023557
782 0.001023942
783 0.001023086
784 0.001022804
785 0.001023988
786 0.001024246
787 0.001025799
788 0.00102664
789 0.001026243
790 0.001026068
791 0.001025972
792 0.001026097
793 0.00102624
794 0.001024933
795 0.001024308
796 0.001022719
797 0.001021273
798 0.001019841
799 0.00101775
800 0.001015682
801 0.001014721
802 0.001012793
803 0.00101069
804 0.001008705
805 0.001005887
806 0.001003957
807 0.001001538
808 0.001000593
809 0.0009993939
810 0.0009979146
811 0.0009968251
812 0.0009948013
813 0.0009933229
814 0.0009910794
815 0.00099032
816 0.0009901116
817 0.0009897453
818 0.0009894215
819 0.0009889347
820 0.0009876867
821 0.0009872779
822 0.0009889284
823 0.0009891683
824 0.0009898723
825 0.0009900357
826 0.0009911777
827 0.0009925078
828 0.0009933569
829 0.0009954646
830 0.0009967013
831 0.000998834
832 0.001000274
833 0.001002465
834 0.001003203
835 0.001004445
836 0.001005474
837 0.001006745
838 0.001007441
839 0.001008305
840 0.001008814
841 0.001009215
842 0.00100892
843 0.001009128
844 0.001008577
845 0.00100856
846 0.001008282
847 0.001008049
848 0.0010067
849 0.001005219
850 0.001004235
851 0.001003407
852 0.00100213
853 0.001000226
854 0.0009986197
855 0.0009970218
856 0.0009951277
857 0.0009935213
858 0.0009920595
859 0.0009910085
860 0.0009894008
861 0.0009883899
862 0.0009868653
863 0.0009856193
864 0.0009842417
865 0.000981943
866 0.0009808836
867 0.0009798136
868 0.0009780232
869 0.0009774661
870 0.0009766406
871 0.0009755547
872 0.000975776
873 0.000975243
874 0.0009747362
875 0.0009745398
876 0.0009739936
877 0.0009735556
878 0.0009743359
879 0.0009740611
880 0.0009730224
881 0.0009725482
882 0.0009731939
883 0.0009740696
884 0.0009726859
885 0.0009718152
