"left_wing_drag"
"Iteration" "left_wing_drag"
("Iteration" "left_wing_drag")
1 10.30341
2 14.50881
3 10.92941
4 7.752687
5 4.709766
6 3.755584
7 2.930676
8 2.738486
9 2.86184
10 3.188366
11 3.662029
12 4.060521
13 4.375823
14 4.534429
15 4.666753
16 4.904507
17 4.991319
18 5.03206
19 5.083263
20 5.159985
21 5.174738
22 5.088878
23 5.051906
24 4.935051
25 4.889306
26 4.763511
27 4.604539
28 4.38195
29 4.281724
30 4.125091
31 3.965789
32 3.776782
33 3.605907
34 3.394418
35 3.291465
36 3.143529
37 3.002603
38 2.813304
39 2.630609
40 2.448671
41 2.340247
42 2.229765
43 2.219812
44 2.191566
45 2.229673
46 2.26334
47 2.322412
48 2.34933
49 2.393219
50 2.404775
51 2.439017
52 2.44071
53 2.467563
54 2.480563
55 2.504874
56 2.516306
57 2.518443
58 2.527997
59 2.542163
60 2.548641
61 2.570554
62 2.567111
63 2.567789
64 2.545564
65 2.517143
66 2.459672
67 2.401065
68 2.328379
69 2.293292
70 2.240699
71 2.202422
72 2.156766
73 2.117065
74 2.059026
75 2.012189
76 1.955248
77 1.915125
78 1.8476
79 1.802994
80 1.750268
81 1.719149
82 1.665773
83 1.60592
84 1.548199
85 1.503702
86 1.451576
87 1.413063
88 1.366356
89 1.314074
90 1.268104
91 1.234806
92 1.185416
93 1.143642
94 1.121902
95 1.096701
96 1.061572
97 1.042209
98 1.02375
99 1.016436
100 0.9959031
101 0.9922006
102 0.9833122
103 0.9799299
104 0.9936637
105 1.006617
106 1.019101
107 1.03676
108 1.048663
109 1.0811
110 1.103579
111 1.130875
112 1.152225
113 1.188159
114 1.217178
115 1.252456
116 1.282567
117 1.313452
118 1.327114
119 1.357651
120 1.390047
121 1.423753
122 1.451157
123 1.471786
124 1.494632
125 1.510483
126 1.525172
127 1.544651
128 1.549531
129 1.577063
130 1.579513
131 1.604073
132 1.613728
133 1.630581
134 1.628564
135 1.642071
136 1.658011
137 1.661399
138 1.678376
139 1.694582
140 1.69155
141 1.698762
142 1.716506
143 1.729571
144 1.738094
145 1.743725
146 1.757834
147 1.76155
148 1.760656
149 1.758958
150 1.753223
151 1.743451
152 1.736938
153 1.72849
154 1.721895
155 1.728123
156 1.72381
157 1.723943
158 1.72356
159 1.715123
160 1.712011
161 1.708933
162 1.705495
163 1.703163
164 1.703551
165 1.706303
166 1.707862
167 1.714538
168 1.716219
169 1.716993
170 1.717484
171 1.721103
172 1.725953
173 1.731806
174 1.741022
175 1.749224
176 1.7606
177 1.766974
178 1.771586
179 1.776594
180 1.777374
181 1.779859
182 1.777976
183 1.781198
184 1.778031
185 1.780917
186 1.777434
187 1.781191
188 1.773799
189 1.770364
190 1.765097
191 1.76235
192 1.755393
193 1.750869
194 1.743383
195 1.736622
196 1.727496
197 1.717201
198 1.711639
199 1.706079
200 1.700722
201 1.693344
202 1.687247
203 1.681533
204 1.677
205 1.67578
206 1.671389
207 1.671222
208 1.669241
209 1.669006
210 1.665852
211 1.669449
212 1.670159
213 1.67217
214 1.672155
215 1.677133
216 1.676424
217 1.684539
218 1.686457
219 1.69425
220 1.69896
221 1.707746
222 1.710752
223 1.720809
224 1.722247
225 1.72981
226 1.731433
227 1.739524
228 1.739521
229 1.747027
230 1.749045
231 1.755418
232 1.758112
233 1.760115
234 1.758804
235 1.761582
236 1.759124
237 1.762532
238 1.761306
239 1.764543
240 1.761974
241 1.762586
242 1.760842
243 1.761604
244 1.759074
245 1.758659
246 1.75613
247 1.756165
248 1.751575
249 1.750565
250 1.747947
251 1.747798
252 1.744362
253 1.743026
254 1.739937
255 1.735252
256 1.730725
257 1.726562
258 1.723516
259 1.72216
260 1.71868
261 1.716311
262 1.714673
263 1.714656
264 1.715158
265 1.711697
266 1.712761
267 1.714489
268 1.718242
269 1.720287
270 1.725979
271 1.729335
272 1.735975
273 1.73856
274 1.744219
275 1.748178
276 1.751631
277 1.756653
278 1.764777
279 1.771008
280 1.779404
281 1.779142
282 1.781216
283 1.780143
284 1.781848
285 1.780061
286 1.783326
287 1.781964
288 1.784385
289 1.78267
290 1.784931
291 1.784267
292 1.785488
293 1.782918
294 1.78377
295 1.78311
296 1.785552
297 1.783479
298 1.783272
299 1.778028
300 1.77745
301 1.774054
302 1.771665
303 1.766578
304 1.764065
305 1.757595
306 1.755454
307 1.75246
308 1.750464
309 1.744731
310 1.742157
311 1.7394
312 1.738117
313 1.733783
314 1.732834
315 1.730987
316 1.732311
317 1.73135
318 1.734216
319 1.735878
320 1.740116
321 1.741564
322 1.746458
323 1.748321
324 1.754668
325 1.759673
326 1.767055
327 1.771734
328 1.778195
329 1.782286
330 1.787555
331 1.791838
332 1.797928
333 1.798077
334 1.80109
335 1.801264
336 1.805937
337 1.80667
338 1.810168
339 1.808781
340 1.811523
341 1.811178
342 1.812619
343 1.81039
344 1.812888
345 1.810565
346 1.812966
347 1.81198
348 1.812492
349 1.810759
350 1.810794
351 1.807676
352 1.807543
353 1.800934
354 1.800131
355 1.793313
356 1.790711
357 1.784974
358 1.782524
359 1.779152
360 1.77839
361 1.77354
362 1.771342
363 1.765124
364 1.764369
365 1.760146
366 1.760851
367 1.757424
368 1.759533
369 1.759071
370 1.763294
371 1.763781
372 1.769436
373 1.773309
374 1.781005
375 1.78569
376 1.793075
377 1.79629
378 1.802709
379 1.80518
380 1.811371
381 1.812888
382 1.819294
383 1.819346
384 1.824186
385 1.826128
386 1.830987
387 1.832024
388 1.834343
389 1.832851
390 1.834642
391 1.8319
392 1.83244
393 1.829207
394 1.830831
395 1.82775
396 1.828631
397 1.826065
398 1.824441
399 1.820299
400 1.819271
401 1.813529
402 1.811999
403 1.806159
404 1.804787
405 1.797815
406 1.795864
407 1.788038
408 1.787603
409 1.781565
410 1.779205
411 1.771183
412 1.767557
413 1.760756
414 1.760802
415 1.75651
416 1.755997
417 1.750269
418 1.752439
419 1.750899
420 1.752862
421 1.751211
422 1.755439
423 1.756075
424 1.760829
425 1.76206
426 1.766145
427 1.768835
428 1.775387
429 1.778344
430 1.782936
431 1.784838
432 1.789064
433 1.789466
434 1.792203
435 1.790527
436 1.793331
437 1.792404
438 1.794874
439 1.792093
440 1.793748
441 1.7908
442 1.790405
443 1.785438
444 1.785736
445 1.782822
446 1.783778
447 1.780294
448 1.77977
449 1.774435
450 1.77497
451 1.770411
452 1.768598
453 1.76494
454 1.760908
455 1.756156
456 1.753881
457 1.748023
458 1.745793
459 1.740686
460 1.741141
461 1.737049
462 1.734397
463 1.729515
464 1.729571
465 1.725008
466 1.725486
467 1.723084
468 1.722798
469 1.721238
470 1.720587
471 1.719998
472 1.721919
473 1.721895
474 1.724597
475 1.727592
476 1.731851
477 1.734
478 1.73852
479 1.739687
480 1.74386
481 1.744202
482 1.747849
483 1.746824
484 1.75008
485 1.750649
486 1.753097
487 1.752485
488 1.755883
489 1.754064
490 1.754416
491 1.751465
492 1.751684
493 1.750455
494 1.750727
495 1.747771
496 1.746702
497 1.742098
498 1.740592
499 1.733995
500 1.731642
501 1.727778
502 1.726327
503 1.722274
504 1.720256
505 1.715608
506 1.712857
507 1.705521
508 1.703374
509 1.695271
510 1.69265
511 1.688627
512 1.686867
513 1.679714
514 1.67659
515 1.672717
516 1.670961
517 1.66876
518 1.668344
519 1.666961
520 1.66661
521 1.667137
522 1.667328
523 1.665469
524 1.666054
525 1.668396
526 1.671312
527 1.672487
528 1.675185
529 1.677638
530 1.680616
531 1.682901
532 1.685946
533 1.686334
534 1.6908
535 1.691602
536 1.694227
537 1.695702
538 1.698637
539 1.697594
540 1.698954
541 1.696712
542 1.698385
543 1.697014
544 1.698336
545 1.695954
546 1.696347
547 1.69241
548 1.692454
549 1.687861
550 1.68713
551 1.6834
552 1.683713
553 1.678525
554 1.676313
555 1.67187
556 1.671529
557 1.66648
558 1.665936
559 1.661874
560 1.660415
561 1.65608
562 1.655011
563 1.651391
564 1.650615
565 1.647261
566 1.64669
567 1.643922
568 1.643451
569 1.639723
570 1.640035
571 1.63844
572 1.640411
573 1.639769
574 1.641387
575 1.640089
576 1.64213
577 1.640445
578 1.642933
579 1.642845
580 1.645952
581 1.64515
582 1.648376
583 1.647391
584 1.651245
585 1.651139
586 1.654127
587 1.654003
588 1.657116
589 1.655518
590 1.657843
591 1.658112
592 1.660544
593 1.659035
594 1.660313
595 1.659423
596 1.662243
597 1.660719
598 1.662453
599 1.660617
600 1.66213
601 1.66027
602 1.660601
603 1.657786
604 1.658574
605 1.655716
606 1.655563
607 1.653479
608 1.653984
609 1.650537
610 1.651269
611 1.649403
612 1.64945
613 1.647296
614 1.64767
615 1.64681
616 1.648726
617 1.646223
618 1.648446
619 1.647082
620 1.649088
621 1.648182
622 1.650194
623 1.649394
624 1.653006
625 1.652113
626 1.655487
627 1.655474
628 1.659565
629 1.659178
630 1.662898
631 1.663579
632 1.667819
633 1.667172
634 1.670109
635 1.670794
636 1.674265
637 1.67454
638 1.677577
639 1.679031
640 1.681005
641 1.680961
642 1.682826
643 1.683173
644 1.68546
645 1.685159
646 1.687469
647 1.687984
648 1.690046
649 1.689036
650 1.690654
651 1.690001
652 1.691357
653 1.689696
654 1.691573
655 1.690017
656 1.691044
657 1.688896
658 1.690333
659 1.68849
660 1.689605
661 1.686985
662 1.688286
663 1.685918
664 1.686948
665 1.684559
666 1.685886
667 1.683229
668 1.684423
669 1.682435
670 1.683727
671 1.68074
672 1.682513
673 1.680521
674 1.682307
675 1.680491
676 1.68257
677 1.680463
678 1.683479
679 1.682048
680 1.684213
681 1.682987
682 1.684769
683 1.683523
684 1.686249
685 1.685397
686 1.688134
687 1.687495
688 1.68986
689 1.688635
690 1.69131
691 1.69024
692 1.69215
693 1.690642
694 1.692959
695 1.690731
696 1.691803
697 1.689971
698 1.691293
699 1.690125
700 1.690335
701 1.688116
702 1.688755
703 1.686861
704 1.686334
705 1.684427
706 1.685054
707 1.682944
708 1.68356
709 1.68132
710 1.681145
711 1.678816
712 1.679548
713 1.677494
714 1.6782
715 1.675799
716 1.676191
717 1.674971
718 1.67604
719 1.674756
720 1.675836
721 1.674252
722 1.67514
723 1.673951
724 1.674774
725 1.673238
726 1.674114
727 1.672575
728 1.673338
729 1.672981
730 1.674068
731 1.672606
732 1.673529
733 1.67191
734 1.673176
735 1.672117
736 1.672956
737 1.671237
738 1.672435
739 1.670735
740 1.671731
741 1.67103
742 1.672321
743 1.671443
744 1.672402
745 1.671426
746 1.672499
747 1.671739
748 1.672957
749 1.671682
750 1.672766
751 1.671034
752 1.671574
753 1.670073
754 1.670378
755 1.668555
756 1.668864
757 1.66714
758 1.667445
759 1.665818
760 1.666108
761 1.664462
762 1.665007
763 1.662902
764 1.663037
765 1.661334
766 1.66081
767 1.658814
768 1.659067
769 1.657716
770 1.657837
771 1.656217
772 1.656242
773 1.655052
774 1.655843
775 1.654939
776 1.655655
777 1.654616
778 1.655327
779 1.654243
780 1.65506
781 1.654028
782 1.655353
783 1.654478
784 1.655252
785 1.654928
786 1.656432
787 1.65572
788 1.657129
789 1.656337
790 1.657161
791 1.656668
792 1.657935
793 1.6567
794 1.657636
795 1.656573
796 1.65723
797 1.655796
798 1.656339
799 1.654967
800 1.655488
801 1.653784
802 1.654621
803 1.653645
804 1.653821
805 1.651983
806 1.652123
807 1.650667
808 1.650749
809 1.648797
810 1.649704
811 1.647792
812 1.647817
813 1.645914
814 1.646288
815 1.644853
816 1.645023
817 1.642857
818 1.642807
819 1.641798
820 1.640998
821 1.639037
822 1.638976
823 1.638302
824 1.638599
825 1.637239
826 1.637101
827 1.636777
828 1.636799
829 1.63543
830 1.635645
831 1.635788
832 1.635476
833 1.635135
834 1.635499
835 1.63618
836 1.637055
837 1.636497
838 1.636921
839 1.637352
840 1.637174
841 1.637282
842 1.638259
843 1.639199
844 1.638797
845 1.639086
846 1.639801
847 1.640288
848 1.641357
849 1.640381
850 1.640662
851 1.640378
852 1.641127
853 1.639704
854 1.640502
855 1.640418
856 1.640969
857 1.639801
858 1.64025
859 1.639755
860 1.639552
861 1.639044
862 1.639386
863 1.639311
864 1.639101
865 1.638895
866 1.639415
867 1.638907
868 1.639468
869 1.638172
870 1.638301
871 1.63774
872 1.637781
873 1.637074
874 1.63824
875 1.63787
876 1.63848
877 1.637721
878 1.639438
879 1.638993
880 1.640308
881 1.638772
882 1.640091
883 1.63888
884 1.640559
885 1.63923
