"right_wing_moment"
"Iteration" "right_wing_moment"
("Iteration" "right_wing_moment")
1 0.588866
2 2.380817
3 2.365335
4 2.333631
5 2.121046
6 1.848429
7 1.244721
8 0.9067528
9 0.5375293
10 0.2458156
11 0.02803937
12 -0.05775095
13 -0.05125767
14 0.006958548
15 0.1240803
16 0.4261212
17 0.6150436
18 0.7625312
19 0.8437247
20 0.8720255
21 0.8338782
22 0.7163243
23 0.5559123
24 0.2081897
25 0.07098209
26 -0.07437274
27 -0.1768619
28 -0.3208128
29 -0.3384171
30 -0.3236661
31 -0.2760043
32 -0.2266781
33 -0.1633219
34 -0.0903459
35 -0.06228387
36 -0.05685951
37 -0.06498344
38 -0.1117756
39 -0.1625301
40 -0.2391211
41 -0.3195426
42 -0.39481
43 -0.4590674
44 -0.5228768
45 -0.5635514
46 -0.6065326
47 -0.631768
48 -0.6581082
49 -0.6665836
50 -0.6840853
51 -0.6883399
52 -0.6992939
53 -0.7017291
54 -0.7215672
55 -0.7305091
56 -0.7560505
57 -0.7708323
58 -0.8007023
59 -0.8208226
60 -0.8527006
61 -0.8718413
62 -0.898786
63 -0.9086383
64 -0.9262457
65 -0.92524
66 -0.9313508
67 -0.9184247
68 -0.9146942
69 -0.8934202
70 -0.8830802
71 -0.8554243
72 -0.8360527
73 -0.8056137
74 -0.7898262
75 -0.7627728
76 -0.7476175
77 -0.7145562
78 -0.7023515
79 -0.671528
80 -0.6486283
81 -0.6089801
82 -0.5818537
83 -0.5460932
84 -0.5257816
85 -0.4905759
86 -0.4732346
87 -0.436965
88 -0.4214315
89 -0.385917
90 -0.3637914
91 -0.3323501
92 -0.3219592
93 -0.2935426
94 -0.2862997
95 -0.2678058
96 -0.2614797
97 -0.2465868
98 -0.2513286
99 -0.2483488
100 -0.2537566
101 -0.249954
102 -0.2549096
103 -0.247977
104 -0.2569892
105 -0.2515236
106 -0.262388
107 -0.2571602
108 -0.2676221
109 -0.2659673
110 -0.2781436
111 -0.2793359
112 -0.2933306
113 -0.296941
114 -0.3131853
115 -0.3164073
116 -0.3337228
117 -0.3340813
118 -0.3464794
119 -0.3461904
120 -0.3578638
121 -0.3603424
122 -0.3784481
123 -0.3807603
124 -0.4003904
125 -0.4057241
126 -0.4235162
127 -0.4258835
128 -0.4412139
129 -0.4451782
130 -0.4626328
131 -0.4695978
132 -0.4904212
133 -0.4977939
134 -0.5176162
135 -0.5254731
136 -0.5448229
137 -0.5537909
138 -0.5739015
139 -0.5800971
140 -0.6014875
141 -0.6070195
142 -0.6276971
143 -0.6348481
144 -0.6546497
145 -0.661693
146 -0.6801471
147 -0.6862835
148 -0.7038239
149 -0.7093206
150 -0.7285138
151 -0.7313578
152 -0.7468532
153 -0.7507117
154 -0.7672393
155 -0.7698082
156 -0.7842034
157 -0.7860202
158 -0.797411
159 -0.7987463
160 -0.812135
161 -0.8105602
162 -0.8208509
163 -0.8165427
164 -0.8255116
165 -0.8230947
166 -0.834039
167 -0.8338936
168 -0.8431973
169 -0.8415429
170 -0.8500762
171 -0.8482751
172 -0.8574513
173 -0.8552212
174 -0.8615066
175 -0.8572822
176 -0.8628449
177 -0.8571978
178 -0.8627476
179 -0.8570611
180 -0.8634601
181 -0.8586972
182 -0.8633028
183 -0.8589563
184 -0.8623078
185 -0.8565168
186 -0.8596615
187 -0.8509282
188 -0.8546221
189 -0.8510678
190 -0.8558956
191 -0.8513501
192 -0.8571872
193 -0.850931
194 -0.8571174
195 -0.8542038
196 -0.8601634
197 -0.8566418
198 -0.8642702
199 -0.8614216
200 -0.8697136
201 -0.8692873
202 -0.8794605
203 -0.8773334
204 -0.8872473
205 -0.885799
206 -0.8962427
207 -0.8958353
208 -0.9079382
209 -0.9100886
210 -0.9222428
211 -0.9235939
212 -0.9353503
213 -0.9376904
214 -0.9509085
215 -0.9557636
216 -0.9672968
217 -0.9713444
218 -0.9853004
219 -0.9880803
220 -1.002807
221 -1.003023
222 -1.013328
223 -1.013731
224 -1.026351
225 -1.028135
226 -1.040534
227 -1.041154
228 -1.05303
229 -1.053821
230 -1.062288
231 -1.061114
232 -1.068653
233 -1.067073
234 -1.074907
235 -1.072184
236 -1.082139
237 -1.079964
238 -1.086417
239 -1.081358
240 -1.0868
241 -1.078641
242 -1.08092
243 -1.075061
244 -1.076841
245 -1.071081
246 -1.074556
247 -1.067788
248 -1.069987
249 -1.062087
250 -1.065291
251 -1.0585
252 -1.061046
253 -1.05396
254 -1.05866
255 -1.052189
256 -1.055776
257 -1.049007
258 -1.054192
259 -1.047529
260 -1.052099
261 -1.046643
262 -1.050871
263 -1.045297
264 -1.050076
265 -1.045793
266 -1.049456
267 -1.042558
268 -1.047089
269 -1.040206
270 -1.042119
271 -1.036606
272 -1.03267
273 -1.025391
274 -1.025219
275 -1.017087
276 -1.013581
277 -1.00085
278 -0.9974431
279 -0.9826661
280 -0.9778111
281 -0.9656789
282 -0.9588308
283 -0.9434372
284 -0.9358543
285 -0.9146172
286 -0.9090365
287 -0.892003
288 -0.8851639
289 -0.8700006
290 -0.863317
291 -0.8498242
292 -0.8495167
293 -0.8393439
294 -0.837195
295 -0.8239912
296 -0.8256384
297 -0.8158373
298 -0.816543
299 -0.8078377
300 -0.8099713
301 -0.8015192
302 -0.8037003
303 -0.7977702
304 -0.802532
305 -0.8000418
306 -0.8079186
307 -0.8067379
308 -0.8163965
309 -0.8173244
310 -0.8254776
311 -0.8268651
312 -0.8394078
313 -0.8430051
314 -0.8539972
315 -0.8570441
316 -0.8688203
317 -0.8698348
318 -0.8799235
319 -0.883473
320 -0.8953465
321 -0.8985528
322 -0.9077003
323 -0.9073621
324 -0.9145058
325 -0.913473
326 -0.9184604
327 -0.9144629
328 -0.9187863
329 -0.9145839
330 -0.9174769
331 -0.9136823
332 -0.9165489
333 -0.9109477
334 -0.9122524
335 -0.9058803
336 -0.907088
337 -0.9004266
338 -0.9013489
339 -0.8952329
340 -0.8964156
341 -0.8885151
342 -0.8892466
343 -0.879989
344 -0.8825288
345 -0.8742399
346 -0.8753499
347 -0.866765
348 -0.8675768
349 -0.859478
350 -0.8609407
351 -0.8523321
352 -0.8544332
353 -0.8466767
354 -0.8492939
355 -0.8437153
356 -0.8478111
357 -0.8411986
358 -0.8464704
359 -0.8427559
360 -0.8509144
361 -0.8484468
362 -0.8560945
363 -0.8563367
364 -0.8649627
365 -0.8629105
366 -0.8695924
367 -0.8670835
368 -0.8733498
369 -0.8705533
370 -0.8765948
371 -0.8748601
372 -0.8822218
373 -0.8807148
374 -0.8854356
375 -0.883501
376 -0.8901043
377 -0.8866554
378 -0.8921314
379 -0.8878074
380 -0.8935795
381 -0.8894197
382 -0.8934405
383 -0.890913
384 -0.8938836
385 -0.8876684
386 -0.8922151
387 -0.8870517
388 -0.8917168
389 -0.8870053
390 -0.8889331
391 -0.8800486
392 -0.8799122
393 -0.8706962
394 -0.8716378
395 -0.862546
396 -0.8625714
397 -0.8531369
398 -0.8518557
399 -0.8429681
400 -0.8424082
401 -0.8321843
402 -0.8338271
403 -0.8258118
404 -0.8278956
405 -0.8196377
406 -0.8215232
407 -0.815546
408 -0.8196689
409 -0.8157476
410 -0.8199262
411 -0.8145135
412 -0.8207967
413 -0.8181238
414 -0.8268037
415 -0.8266839
416 -0.8352228
417 -0.8360414
418 -0.8457663
419 -0.8473068
420 -0.8565543
421 -0.8576039
422 -0.8680047
423 -0.8694927
424 -0.880109
425 -0.8818963
426 -0.8911854
427 -0.8946666
428 -0.9044861
429 -0.9048364
430 -0.9128057
431 -0.9100246
432 -0.9169601
433 -0.9151329
434 -0.9221243
435 -0.9191956
436 -0.9253139
437 -0.9214157
438 -0.9258729
439 -0.9204636
440 -0.9234132
441 -0.9173825
442 -0.9201354
443 -0.9141496
444 -0.9175622
445 -0.9130449
446 -0.9167866
447 -0.9117452
448 -0.9148043
449 -0.9088731
450 -0.9126352
451 -0.9084682
452 -0.9130073
453 -0.9075622
454 -0.9123198
455 -0.9085289
456 -0.9146156
457 -0.9114048
458 -0.9190344
459 -0.916464
460 -0.9246223
461 -0.9247462
462 -0.9323407
463 -0.9318904
464 -0.9397024
465 -0.9409465
466 -0.9501062
467 -0.9510244
468 -0.9592495
469 -0.9604773
470 -0.9691566
471 -0.967944
472 -0.9763452
473 -0.9756985
474 -0.9828616
475 -0.9806433
476 -0.9876204
477 -0.9862793
478 -0.9946067
479 -0.9926394
480 -0.9998069
481 -0.9966876
482 -1.002607
483 -0.9994793
484 -1.00438
485 -1.002204
486 -1.007361
487 -1.004686
488 -1.009633
489 -1.005016
490 -1.008646
491 -1.003502
492 -1.00705
493 -1.002042
494 -1.004632
495 -0.9993759
496 -1.002514
497 -0.9966422
498 -0.9981859
499 -0.9917738
500 -0.9932479
501 -0.9861771
502 -0.9864749
503 -0.9768955
504 -0.9768724
505 -0.9683356
506 -0.9686055
507 -0.9610097
508 -0.9633769
509 -0.956099
510 -0.9570816
511 -0.9495596
512 -0.9516394
513 -0.9435887
514 -0.9460678
515 -0.941488
516 -0.9458002
517 -0.9420514
518 -0.9455014
519 -0.9400788
520 -0.9436058
521 -0.9393955
522 -0.9453657
523 -0.9418684
524 -0.9497874
525 -0.9491462
526 -0.9574891
527 -0.9557173
528 -0.9635938
529 -0.9641552
530 -0.9735614
531 -0.9747826
532 -0.9835123
533 -0.9836532
534 -0.9908779
535 -0.9900357
536 -0.9982833
537 -0.9969929
538 -1.004387
539 -1.000831
540 -1.008032
541 -1.006751
542 -1.012513
543 -1.007853
544 -1.013273
545 -1.007857
546 -1.010774
547 -1.003507
548 -1.007219
549 -1.000258
550 -1.002018
551 -0.9938884
552 -0.9955149
553 -0.9858055
554 -0.9865257
555 -0.9773596
556 -0.9783702
557 -0.9690709
558 -0.9698153
559 -0.9611984
560 -0.9630499
561 -0.9559138
562 -0.9577951
563 -0.9509634
564 -0.9539163
565 -0.9476001
566 -0.9513169
567 -0.9452201
568 -0.9509213
569 -0.9469993
570 -0.9531229
571 -0.950595
572 -0.9582003
573 -0.9569038
574 -0.9650865
575 -0.9643366
576 -0.9729844
577 -0.9725379
578 -0.9807059
579 -0.9804987
580 -0.9892385
581 -0.9890383
582 -0.9971979
583 -0.9962386
584 -1.004533
585 -1.003518
586 -1.010354
587 -1.00777
588 -1.013836
589 -1.011119
590 -1.016492
591 -1.012677
592 -1.017539
593 -1.013037
594 -1.016552
595 -1.01027
596 -1.01319
597 -1.006807
598 -1.008886
599 -1.001543
600 -1.003379
601 -0.9963024
602 -0.9970058
603 -0.9888957
604 -0.9897709
605 -0.9812421
606 -0.9820316
607 -0.9733843
608 -0.9749526
609 -0.9681823
610 -0.9704767
611 -0.9641032
612 -0.9675249
613 -0.9621498
614 -0.9654039
615 -0.9601066
616 -0.9643438
617 -0.9608381
618 -0.9661147
619 -0.9628412
620 -0.9685934
621 -0.9667627
622 -0.9730318
623 -0.9705502
624 -0.9774637
625 -0.9757427
626 -0.9829329
627 -0.9812167
628 -0.9882115
629 -0.98717
630 -0.9951327
631 -0.993896
632 -1.001047
633 -1.000504
634 -1.007879
635 -1.007044
636 -1.014537
637 -1.013624
638 -1.020295
639 -1.019165
640 -1.025405
641 -1.023112
642 -1.028852
643 -1.025483
644 -1.030415
645 -1.027257
646 -1.032184
647 -1.028574
648 -1.033064
649 -1.029077
650 -1.033105
651 -1.029191
652 -1.033469
653 -1.029557
654 -1.033533
655 -1.029074
656 -1.033317
657 -1.029212
658 -1.032985
659 -1.028859
660 -1.032436
661 -1.028461
662 -1.032534
663 -1.028188
664 -1.032721
665 -1.029051
666 -1.033684
667 -1.029587
668 -1.03452
669 -1.030522
670 -1.035298
671 -1.031439
672 -1.036128
673 -1.031878
674 -1.0366
675 -1.032301
676 -1.03677
677 -1.032903
678 -1.03745
679 -1.033409
680 -1.037161
681 -1.033432
682 -1.03713
683 -1.033269
684 -1.037112
685 -1.032705
686 -1.036522
687 -1.031871
688 -1.03547
689 -1.030257
690 -1.033582
691 -1.028658
692 -1.031764
693 -1.026995
694 -1.030205
695 -1.02569
696 -1.028818
697 -1.024711
698 -1.028327
699 -1.024444
700 -1.028372
701 -1.024793
702 -1.029204
703 -1.025762
704 -1.029911
705 -1.026489
706 -1.030651
707 -1.027051
708 -1.031176
709 -1.027815
710 -1.031743
711 -1.027939
712 -1.031778
713 -1.027971
714 -1.031843
715 -1.027732
716 -1.031409
717 -1.027379
718 -1.030505
719 -1.026017
720 -1.02862
721 -1.02387
722 -1.026233
723 -1.020862
724 -1.023128
725 -1.017766
726 -1.01955
727 -1.013791
728 -1.015623
729 -1.01008
730 -1.012075
731 -1.006487
732 -1.008754
733 -1.003574
734 -1.005764
735 -1.000313
736 -1.003508
737 -0.9991086
738 -1.002207
739 -0.9981681
740 -1.001852
741 -0.9982166
742 -1.001816
743 -0.9985088
744 -1.002656
745 -0.9998823
746 -1.004433
747 -1.001357
748 -1.006478
749 -1.003806
750 -1.008622
751 -1.006159
752 -1.010975
753 -1.008799
754 -1.013186
755 -1.010057
756 -1.014428
757 -1.011453
758 -1.015259
759 -1.011482
760 -1.015342
761 -1.011721
762 -1.01527
763 -1.011507
764 -1.015073
765 -1.011465
766 -1.01465
767 -1.010177
768 -1.013342
769 -1.009191
770 -1.012188
771 -1.007703
772 -1.010738
773 -1.006416
774 -1.009032
775 -1.004282
776 -1.007295
777 -1.003095
778 -1.006371
779 -1.001968
780 -1.005688
781 -1.001805
782 -1.005427
783 -1.001763
784 -1.005695
785 -1.002213
786 -1.006189
787 -1.002779
788 -1.006824
789 -1.004162
790 -1.008473
791 -1.005466
792 -1.010029
793 -1.007516
794 -1.012275
795 -1.009982
796 -1.015158
797 -1.013142
798 -1.018513
799 -1.016142
800 -1.021479
801 -1.019618
802 -1.024925
803 -1.022712
804 -1.027927
805 -1.025905
806 -1.030918
807 -1.028667
808 -1.033551
809 -1.031152
810 -1.035801
811 -1.03317
812 -1.038044
813 -1.035254
814 -1.03964
815 -1.036348
816 -1.040549
817 -1.037391
818 -1.041401
819 -1.037659
820 -1.041746
821 -1.037823
822 -1.041309
823 -1.036722
824 -1.039759
825 -1.034894
826 -1.037515
827 -1.03241
828 -1.035588
829 -1.030317
830 -1.033325
831 -1.027941
832 -1.030709
833 -1.025137
834 -1.027902
835 -1.022269
836 -1.025246
837 -1.019671
838 -1.022392
839 -1.016856
840 -1.02003
841 -1.01464
842 -1.017612
843 -1.012452
844 -1.015553
845 -1.010052
846 -1.013045
847 -1.008165
848 -1.011815
849 -1.00704
850 -1.010862
851 -1.006047
852 -1.009895
853 -1.005032
854 -1.008408
855 -1.003451
856 -1.00702
857 -1.002113
858 -1.005766
859 -1.001005
860 -1.004413
861 -0.9994479
862 -1.002934
863 -0.9977642
864 -1.001243
865 -0.996206
866 -0.9997475
867 -0.9945245
868 -0.9978479
869 -0.992819
870 -0.99584
871 -0.990509
872 -0.9932382
873 -0.9879522
874 -0.9906495
875 -0.9850348
876 -0.987622
877 -0.9818951
878 -0.984104
879 -0.978155
880 -0.9805431
881 -0.9746005
882 -0.976482
883 -0.9703206
884 -0.9721988
885 -0.9659789
