"left_leg_moment"
"Iteration" "left_leg_moment"
("Iteration" "left_leg_moment")
1 -0.0275749
2 -0.02681775
3 -0.01549144
4 -0.007255366
5 -0.000817928
6 0.003571065
7 0.003391977
8 0.001150117
9 9.029149e-05
10 -0.001048336
11 -0.001689871
12 -0.002045851
13 -0.002040768
14 -0.001982928
15 -0.00198849
16 -0.002176683
17 -0.002506546
18 -0.003049315
19 -0.003783366
20 -0.004553993
21 -0.005266028
22 -0.005944374
23 -0.006628349
24 -0.007346908
25 -0.008127556
26 -0.0089358
27 -0.009824414
28 -0.01056654
29 -0.01139516
30 -0.01222262
31 -0.01297984
32 -0.01380206
33 -0.01467485
34 -0.01558401
35 -0.0164425
36 -0.01719248
37 -0.01770149
38 -0.01816974
39 -0.01854063
40 -0.01878274
41 -0.0188913
42 -0.01905319
43 -0.01922456
44 -0.01937792
45 -0.01954434
46 -0.01963926
47 -0.01972144
48 -0.01983475
49 -0.01997618
50 -0.02015858
51 -0.02035865
52 -0.02069839
53 -0.02088691
54 -0.02106205
55 -0.02128948
56 -0.02151463
57 -0.02176799
58 -0.02209405
59 -0.02233747
60 -0.02255758
61 -0.0228665
62 -0.02307874
63 -0.02331173
64 -0.02348473
65 -0.02368704
66 -0.02381996
67 -0.02394191
68 -0.02413053
69 -0.02424206
70 -0.0243637
71 -0.0245477
72 -0.024707
73 -0.02485157
74 -0.02495249
75 -0.02502467
76 -0.02512961
77 -0.02521588
78 -0.02532387
79 -0.025386
80 -0.02546913
81 -0.02560462
82 -0.0256303
83 -0.02566555
84 -0.02570299
85 -0.02569802
86 -0.0256388
87 -0.02562197
88 -0.02555583
89 -0.02547112
90 -0.02540909
91 -0.0253149
92 -0.02518483
93 -0.0250612
94 -0.02493202
95 -0.02479284
96 -0.02462588
97 -0.02449069
98 -0.0243325
99 -0.02415332
100 -0.02399058
101 -0.02382554
102 -0.02368057
103 -0.02350375
104 -0.0233536
105 -0.02323259
106 -0.02307397
107 -0.02293995
108 -0.02283853
109 -0.0227673
110 -0.02271788
111 -0.02267368
112 -0.02265322
113 -0.0226473
114 -0.02261722
115 -0.02259996
116 -0.02256684
117 -0.02253179
118 -0.02247509
119 -0.02245403
120 -0.02240461
121 -0.02236314
122 -0.02232738
123 -0.0222657
124 -0.0222252
125 -0.02215263
126 -0.02208289
127 -0.02199519
128 -0.02192693
129 -0.02184247
130 -0.02175316
131 -0.02165786
132 -0.0215734
133 -0.02147583
134 -0.0213779
135 -0.02125233
136 -0.02115084
137 -0.02103071
138 -0.02089765
139 -0.02076778
140 -0.02062707
141 -0.02051329
142 -0.02040199
143 -0.02025882
144 -0.0201596
145 -0.02006378
146 -0.01997757
147 -0.01989752
148 -0.01981652
149 -0.01975734
150 -0.0197074
151 -0.01966917
152 -0.01964779
153 -0.01963042
154 -0.01960856
155 -0.01958626
156 -0.0195982
157 -0.01958653
158 -0.01960146
159 -0.01957824
160 -0.01957333
161 -0.01958214
162 -0.01958793
163 -0.01957364
164 -0.01956133
165 -0.01953741
166 -0.01950661
167 -0.01945614
168 -0.01943
169 -0.01939663
170 -0.01937294
171 -0.01933789
172 -0.01930488
173 -0.0192495
174 -0.01922812
175 -0.01916959
176 -0.01911082
177 -0.01906673
178 -0.01902421
179 -0.01896602
180 -0.01892754
181 -0.01884794
182 -0.01879618
183 -0.0187109
184 -0.0186565
185 -0.01857777
186 -0.01850973
187 -0.01843169
188 -0.01836171
189 -0.01828945
190 -0.01822608
191 -0.01814679
192 -0.01807104
193 -0.017985
194 -0.01791297
195 -0.01784012
196 -0.0177692
197 -0.01770982
198 -0.01764416
199 -0.01756854
200 -0.0174935
201 -0.01740651
202 -0.01733792
203 -0.01725862
204 -0.01718894
205 -0.01711841
206 -0.01705137
207 -0.01698079
208 -0.01691834
209 -0.01685022
210 -0.0168025
211 -0.01674588
212 -0.01670436
213 -0.01665075
214 -0.01661095
215 -0.01655582
216 -0.01651297
217 -0.01648216
218 -0.01645695
219 -0.01642095
220 -0.01639757
221 -0.0163728
222 -0.01635134
223 -0.0163224
224 -0.01629943
225 -0.01625621
226 -0.01622761
227 -0.01619947
228 -0.01617371
229 -0.01613222
230 -0.01610102
231 -0.01606485
232 -0.01603271
233 -0.01600164
234 -0.01596507
235 -0.01592916
236 -0.01589741
237 -0.01585993
238 -0.01582847
239 -0.01580113
240 -0.01577642
241 -0.01574969
242 -0.01573439
243 -0.01570147
244 -0.01568064
245 -0.0156645
246 -0.01564612
247 -0.0156222
248 -0.01560452
249 -0.01557894
250 -0.01556081
251 -0.01554027
252 -0.01552294
253 -0.01549905
254 -0.01548557
255 -0.01545677
256 -0.01544611
257 -0.0154168
258 -0.01540151
259 -0.01537619
260 -0.01536384
261 -0.01534305
262 -0.01533313
263 -0.01532276
264 -0.01532178
265 -0.01530768
266 -0.01530047
267 -0.01527865
268 -0.01526886
269 -0.01525345
270 -0.0152466
271 -0.01523023
272 -0.01522684
273 -0.01521709
274 -0.01521127
275 -0.01519769
276 -0.01519109
277 -0.01517685
278 -0.0151663
279 -0.01514496
280 -0.01513149
281 -0.01510307
282 -0.0150772
283 -0.01504572
284 -0.01501948
285 -0.01498577
286 -0.01496338
287 -0.014928
288 -0.01490278
289 -0.01487361
290 -0.01485236
291 -0.01482753
292 -0.01481261
293 -0.01479135
294 -0.01478082
295 -0.01476782
296 -0.01476825
297 -0.01476125
298 -0.01476952
299 -0.01476734
300 -0.0147734
301 -0.01477237
302 -0.01477801
303 -0.01477193
304 -0.01477371
305 -0.01477013
306 -0.01477761
307 -0.0147748
308 -0.01477688
309 -0.01477053
310 -0.01477286
311 -0.01476402
312 -0.01476345
313 -0.0147509
314 -0.0147485
315 -0.01473586
316 -0.01473052
317 -0.01471067
318 -0.01469966
319 -0.01468039
320 -0.01467496
321 -0.01465676
322 -0.01464054
323 -0.01462147
324 -0.01461184
325 -0.01459481
326 -0.01458508
327 -0.01457203
328 -0.01456246
329 -0.01454464
330 -0.01453823
331 -0.01452619
332 -0.01452971
333 -0.01452473
334 -0.01452817
335 -0.01451611
336 -0.01451958
337 -0.01450964
338 -0.01451145
339 -0.01450758
340 -0.01450934
341 -0.01450103
342 -0.01450092
343 -0.01449249
344 -0.0144871
345 -0.01446869
346 -0.01446507
347 -0.01445324
348 -0.01444616
349 -0.01442784
350 -0.01441736
351 -0.01439912
352 -0.01438847
353 -0.01436833
354 -0.01435497
355 -0.01433393
356 -0.01431751
357 -0.01429263
358 -0.01428038
359 -0.01426387
360 -0.01425215
361 -0.01423099
362 -0.01422599
363 -0.01421075
364 -0.01420722
365 -0.01418573
366 -0.0141841
367 -0.01416793
368 -0.01416856
369 -0.01416349
370 -0.01416492
371 -0.0141584
372 -0.01416298
373 -0.01416197
374 -0.01416705
375 -0.01416384
376 -0.0141726
377 -0.01416521
378 -0.01416722
379 -0.01416521
380 -0.01417048
381 -0.01417041
382 -0.01417321
383 -0.01416719
384 -0.01416432
385 -0.01415882
386 -0.01416141
387 -0.01414982
388 -0.01414911
389 -0.01413874
390 -0.01413326
391 -0.01412248
392 -0.01411897
393 -0.01410646
394 -0.01409755
395 -0.01408522
396 -0.01407996
397 -0.01406579
398 -0.01405632
399 -0.01403537
400 -0.01402396
401 -0.01400476
402 -0.01399937
403 -0.01398563
404 -0.01397976
405 -0.01397015
406 -0.0139681
407 -0.01396176
408 -0.01395929
409 -0.01395253
410 -0.0139598
411 -0.01395885
412 -0.0139637
413 -0.01396419
414 -0.01397253
415 -0.01397506
416 -0.01399026
417 -0.01398979
418 -0.01400119
419 -0.01400841
420 -0.01402697
421 -0.01403722
422 -0.01405562
423 -0.0140595
424 -0.0140706
425 -0.0140684
426 -0.01408135
427 -0.01408724
428 -0.01409935
429 -0.01410403
430 -0.01411389
431 -0.0141161
432 -0.01411899
433 -0.01412008
434 -0.01412661
435 -0.01412913
436 -0.01413908
437 -0.01414111
438 -0.01414986
439 -0.01414388
440 -0.01414651
441 -0.01414342
442 -0.01414866
443 -0.01414593
444 -0.01414808
445 -0.01414182
446 -0.0141434
447 -0.01413692
448 -0.01414187
449 -0.01413935
450 -0.01414169
451 -0.01413345
452 -0.01413454
453 -0.01412673
454 -0.0141256
455 -0.01412584
456 -0.01413017
457 -0.01412675
458 -0.01412807
459 -0.01412667
460 -0.01412891
461 -0.01412313
462 -0.01412687
463 -0.01412453
464 -0.01412663
465 -0.01412708
466 -0.01413192
467 -0.01412912
468 -0.01413474
469 -0.0141285
470 -0.01413466
471 -0.01413867
472 -0.01414459
473 -0.01414577
474 -0.01415577
475 -0.01415225
476 -0.01415567
477 -0.01415149
478 -0.01415146
479 -0.01414602
480 -0.0141479
481 -0.01414589
482 -0.01415131
483 -0.01415017
484 -0.01415547
485 -0.01415611
486 -0.01416108
487 -0.01416567
488 -0.01417011
489 -0.01416939
490 -0.01417543
491 -0.01417683
492 -0.01418269
493 -0.01418049
494 -0.01417904
495 -0.01417518
496 -0.01417559
497 -0.01417255
498 -0.01417139
499 -0.01416251
500 -0.01416482
501 -0.01415752
502 -0.01415485
503 -0.01414881
504 -0.01414869
505 -0.01414197
506 -0.01414233
507 -0.01414081
508 -0.01414284
509 -0.01413394
510 -0.01412741
511 -0.0141194
512 -0.01411793
513 -0.01411289
514 -0.01411481
515 -0.01411554
516 -0.01412232
517 -0.01412295
518 -0.01412522
519 -0.01412626
520 -0.01413033
521 -0.01413091
522 -0.01413123
523 -0.014129
524 -0.01412823
525 -0.01413259
526 -0.01413907
527 -0.01414419
528 -0.01415078
529 -0.01415223
530 -0.01415594
531 -0.01415699
532 -0.0141588
533 -0.01415267
534 -0.01415271
535 -0.01415157
536 -0.01415541
537 -0.01415518
538 -0.01415353
539 -0.01415371
540 -0.01415609
541 -0.01415548
542 -0.01415747
543 -0.01415338
544 -0.01415474
545 -0.01414712
546 -0.01414415
547 -0.01413722
548 -0.01413491
549 -0.01412632
550 -0.01412033
551 -0.01411239
552 -0.01410819
553 -0.01409656
554 -0.01409114
555 -0.01408367
556 -0.0140781
557 -0.01407074
558 -0.01406743
559 -0.01406499
560 -0.01406603
561 -0.01406089
562 -0.01405783
563 -0.01405128
564 -0.01404934
565 -0.014045
566 -0.01404363
567 -0.01404123
568 -0.01403934
569 -0.01403904
570 -0.01403849
571 -0.01403627
572 -0.01403742
573 -0.01403414
574 -0.01403911
575 -0.01404466
576 -0.0140585
577 -0.01406622
578 -0.01408143
579 -0.01408717
580 -0.01409129
581 -0.01409514
582 -0.01409714
583 -0.01409635
584 -0.01410417
585 -0.01410541
586 -0.01411659
587 -0.01411971
588 -0.01413043
589 -0.01413671
590 -0.01414554
591 -0.01414426
592 -0.01414744
593 -0.01414705
594 -0.01414997
595 -0.01414669
596 -0.01415011
597 -0.01415137
598 -0.01415362
599 -0.01414949
600 -0.01415009
601 -0.01414531
602 -0.01414154
603 -0.01413284
604 -0.01413104
605 -0.0141228
606 -0.01411857
607 -0.01411476
608 -0.01411622
609 -0.01411142
610 -0.01411098
611 -0.01410069
612 -0.01409749
613 -0.01409154
614 -0.01408922
615 -0.01408849
616 -0.01409367
617 -0.01409279
618 -0.01409836
619 -0.01409918
620 -0.01410338
621 -0.01410128
622 -0.01410284
623 -0.01409815
624 -0.01409801
625 -0.01409293
626 -0.01409793
627 -0.01409722
628 -0.01410532
629 -0.01410784
630 -0.01411558
631 -0.01411713
632 -0.01412005
633 -0.01411751
634 -0.01412005
635 -0.0141173
636 -0.01411479
637 -0.01411037
638 -0.0141107
639 -0.01410694
640 -0.01411144
641 -0.01411436
642 -0.01411959
643 -0.0141191
644 -0.01411998
645 -0.01411646
646 -0.0141202
647 -0.01411739
648 -0.01412178
649 -0.01411955
650 -0.01412087
651 -0.01411278
652 -0.01411171
653 -0.01410456
654 -0.01409913
655 -0.01409003
656 -0.01408638
657 -0.01407635
658 -0.01406728
659 -0.01405776
660 -0.01405538
661 -0.01404767
662 -0.01404494
663 -0.01403821
664 -0.01403542
665 -0.01402094
666 -0.01401327
667 -0.01400637
668 -0.01400499
669 -0.01400487
670 -0.01400522
671 -0.01400877
672 -0.01401298
673 -0.01401227
674 -0.01401099
675 -0.01400949
676 -0.01401364
677 -0.01402007
678 -0.01403221
679 -0.01404063
680 -0.01405304
681 -0.01406214
682 -0.0140729
683 -0.0140828
684 -0.01408784
685 -0.01409006
686 -0.01409321
687 -0.01409636
688 -0.01409948
689 -0.01409997
690 -0.01410581
691 -0.0141069
692 -0.0141145
693 -0.01411728
694 -0.01412304
695 -0.0141256
696 -0.01413056
697 -0.01413072
698 -0.01413364
699 -0.01413109
700 -0.01413081
701 -0.01412604
702 -0.0141265
703 -0.01411862
704 -0.01411914
705 -0.01411361
706 -0.01411214
707 -0.01411295
708 -0.01411883
709 -0.01411413
710 -0.01411565
711 -0.01410682
712 -0.01410314
713 -0.01409743
714 -0.01410025
715 -0.0140981
716 -0.01410099
717 -0.01409646
718 -0.01409674
719 -0.01409242
720 -0.01409736
721 -0.01410017
722 -0.01410633
723 -0.01410855
724 -0.01411043
725 -0.01410967
726 -0.01411272
727 -0.01410633
728 -0.01411347
729 -0.01411379
730 -0.01411775
731 -0.01412218
732 -0.01412608
733 -0.0141282
734 -0.01413501
735 -0.01413997
736 -0.01414679
737 -0.01414463
738 -0.01415257
739 -0.0141553
740 -0.01415465
741 -0.01415467
742 -0.01415945
743 -0.01416195
744 -0.01416846
745 -0.01416879
746 -0.01417647
747 -0.01417491
748 -0.01418111
749 -0.01418393
750 -0.01418679
751 -0.01418467
752 -0.01419154
753 -0.01419195
754 -0.01419331
755 -0.01418511
756 -0.01417881
757 -0.0141692
758 -0.01416545
759 -0.01415954
760 -0.01416052
761 -0.01415516
762 -0.01415733
763 -0.01414971
764 -0.01414921
765 -0.0141433
766 -0.01414116
767 -0.01413008
768 -0.01412598
769 -0.01412365
770 -0.01412297
771 -0.0141207
772 -0.01411896
773 -0.01412136
774 -0.01412498
775 -0.01412657
776 -0.01412929
777 -0.01413005
778 -0.01412859
779 -0.01412619
780 -0.01413465
781 -0.01413789
782 -0.01414346
783 -0.01414839
784 -0.01415699
785 -0.01415926
786 -0.0141606
787 -0.01415941
788 -0.01416386
789 -0.01416055
790 -0.01415982
791 -0.01415576
792 -0.01415605
793 -0.0141543
794 -0.0141565
795 -0.01415723
796 -0.0141633
797 -0.01415777
798 -0.01415698
799 -0.01414888
800 -0.01414788
801 -0.01413998
802 -0.01413691
803 -0.0141274
804 -0.01412198
805 -0.01411236
806 -0.01410695
807 -0.0141033
808 -0.01409683
809 -0.01408982
810 -0.01408716
811 -0.01408155
812 -0.01408101
813 -0.01407741
814 -0.01407322
815 -0.01406997
816 -0.01407087
817 -0.01406646
818 -0.01406328
819 -0.01405613
820 -0.0140594
821 -0.01405889
822 -0.01405849
823 -0.014063
824 -0.01406496
825 -0.01406868
826 -0.01406987
827 -0.0140722
828 -0.0140769
829 -0.01407807
830 -0.01408272
831 -0.01408603
832 -0.01409148
833 -0.01409769
834 -0.01410666
835 -0.01410712
836 -0.01410899
837 -0.01410701
838 -0.01411072
839 -0.01411196
840 -0.01411413
841 -0.01411233
842 -0.01411636
843 -0.01412009
844 -0.01412303
845 -0.01412021
846 -0.01412299
847 -0.01412032
848 -0.01412401
849 -0.01412368
850 -0.01412342
851 -0.0141154
852 -0.01411248
853 -0.01410525
854 -0.01410486
855 -0.01410336
856 -0.01410191
857 -0.01409508
858 -0.01409307
859 -0.0140863
860 -0.01408088
861 -0.01407641
862 -0.01407473
863 -0.01407008
864 -0.01407043
865 -0.01406793
866 -0.0140662
867 -0.01406314
868 -0.01405998
869 -0.01405434
870 -0.01405093
871 -0.01405099
872 -0.01405388
873 -0.01405549
874 -0.01405893
875 -0.01405253
876 -0.01405104
877 -0.01404867
878 -0.01405026
879 -0.01405125
880 -0.01405609
881 -0.01405394
882 -0.01405941
883 -0.01406214
884 -0.01407186
885 -0.01407496
886 -0.01408082
887 -0.01408123
888 -0.01408504
889 -0.01408322
890 -0.01408278
891 -0.01408181
892 -0.0140829
893 -0.01408096
894 -0.01408564
895 -0.01408617
896 -0.01408971
897 -0.01408766
898 -0.01409081
899 -0.01408849
900 -0.01409127
901 -0.01409069
902 -0.01408678
903 -0.01408219
904 -0.01408113
905 -0.01407333
906 -0.01407279
907 -0.01406108
908 -0.01405211
909 -0.01404171
910 -0.01403754
911 -0.01402784
912 -0.01402174
913 -0.01401294
914 -0.01400814
915 -0.01400248
916 -0.01400046
917 -0.01399242
918 -0.01398955
919 -0.01398891
920 -0.01398897
921 -0.01398671
922 -0.01399183
923 -0.01399668
924 -0.01399467
925 -0.01399491
926 -0.01399939
927 -0.01400045
928 -0.01400137
929 -0.01400359
930 -0.01401121
931 -0.01401134
932 -0.01401865
933 -0.01402566
934 -0.01404003
935 -0.01404927
936 -0.01406177
937 -0.0140712
938 -0.01407889
939 -0.01408119
940 -0.01408906
941 -0.01409004
942 -0.01409686
943 -0.01410069
944 -0.01410876
945 -0.01411331
946 -0.01412255
947 -0.0141265
948 -0.01413402
949 -0.01413545
950 -0.01414123
951 -0.014143
952 -0.01414533
953 -0.01414253
954 -0.01414319
955 -0.01413588
956 -0.01413384
957 -0.01412661
958 -0.01412611
959 -0.01411941
960 -0.01411572
961 -0.01411077
962 -0.01410307
963 -0.01409338
964 -0.01408655
965 -0.0140831
966 -0.01408149
967 -0.01407445
968 -0.01407494
969 -0.01406994
970 -0.01407103
971 -0.01407044
972 -0.01407385
973 -0.01407461
974 -0.01407979
975 -0.01407816
976 -0.01408227
977 -0.01408364
978 -0.01408318
979 -0.01407888
980 -0.01409011
981 -0.01409406
982 -0.01409799
983 -0.01409803
984 -0.01410509
985 -0.01410562
986 -0.01410792
987 -0.01410728
988 -0.01411164
989 -0.01410886
990 -0.01410707
991 -0.0141064
992 -0.01410764
993 -0.01410687
994 -0.01411408
995 -0.01411678
996 -0.01411695
997 -0.01411362
998 -0.01411319
999 -0.01410883
1000 -0.01410878
