"left_wing_tank_connect_moment"
"Iteration" "left_wing_tank_connect_moment"
("Iteration" "left_wing_tank_connect_moment")
1 -9.667489e-05
2 -0.0002882598
3 -0.0002047885
4 -0.0001153865
5 -6.760396e-05
6 -2.765366e-05
7 -1.837967e-05
8 -1.839817e-05
9 -2.393673e-05
10 -3.126622e-05
11 -4.161996e-05
12 -5.595231e-05
13 -7.072579e-05
14 -9.07653e-05
15 -0.0001091384
16 -0.0001260604
17 -0.0001398888
18 -0.0001539792
19 -0.0001695345
20 -0.0001860381
21 -0.00020057
22 -0.0002150744
23 -0.0002306905
24 -0.0002477494
25 -0.0002635609
26 -0.0002795989
27 -0.0002902363
28 -0.0003002323
29 -0.0003109009
30 -0.0003215016
31 -0.0003318012
32 -0.000339263
33 -0.0003510832
34 -0.0003607868
35 -0.0003660462
36 -0.0003716146
37 -0.0003792668
38 -0.0003871553
39 -0.0003941401
40 -0.0003995774
41 -0.0004058412
42 -0.0004098473
43 -0.0004111898
44 -0.0004119289
45 -0.0004109288
46 -0.0004103786
47 -0.0004066075
48 -0.0004023528
49 -0.0003982302
50 -0.000394899
51 -0.0003888276
52 -0.0003832296
53 -0.0003775478
54 -0.0003701704
55 -0.0003655443
56 -0.0003603369
57 -0.0003556275
58 -0.0003511356
59 -0.000345508
60 -0.0003409804
61 -0.0003361702
62 -0.0003318398
63 -0.0003286488
64 -0.0003261894
65 -0.0003215365
66 -0.0003194085
67 -0.000315576
68 -0.000314344
69 -0.00031184
70 -0.0003096485
71 -0.0003055001
72 -0.000302744
73 -0.0002999965
74 -0.0002963411
75 -0.0002919597
76 -0.0002889836
77 -0.0002857462
78 -0.0002818116
79 -0.0002794419
80 -0.0002751992
81 -0.0002708141
82 -0.0002685554
83 -0.00026691
84 -0.0002637387
85 -0.0002607608
86 -0.0002585713
87 -0.0002557276
88 -0.0002551348
89 -0.0002556182
90 -0.00025712
91 -0.000258247
92 -0.000259889
93 -0.0002625402
94 -0.0002648637
95 -0.0002671044
96 -0.0002690698
97 -0.0002710478
98 -0.0002719269
99 -0.0002742682
100 -0.0002759804
101 -0.0002775148
102 -0.0002779254
103 -0.0002764656
104 -0.0002747109
105 -0.0002736011
106 -0.0002714672
107 -0.00026846
108 -0.0002658248
109 -0.0002639895
110 -0.0002598952
111 -0.0002581452
112 -0.0002573075
113 -0.0002539458
114 -0.0002535233
115 -0.0002517415
116 -0.0002489612
117 -0.0002472755
118 -0.0002456362
119 -0.0002442932
120 -0.0002426872
121 -0.0002414712
122 -0.0002395079
123 -0.0002365084
124 -0.0002346795
125 -0.000234752
126 -0.0002340177
127 -0.0002314475
128 -0.0002296274
129 -0.0002286561
130 -0.0002265418
131 -0.0002251743
132 -0.0002244833
133 -0.0002237664
134 -0.0002237861
135 -0.0002235396
136 -0.0002231397
137 -0.0002221953
138 -0.0002224906
139 -0.0002229423
140 -0.0002228333
141 -0.0002231861
142 -0.0002233852
143 -0.0002244383
144 -0.0002248684
145 -0.0002250189
146 -0.0002253045
147 -0.0002259934
148 -0.0002258798
149 -0.000225263
150 -0.0002246391
151 -0.0002242445
152 -0.0002233527
153 -0.0002220378
154 -0.0002210888
155 -0.0002205216
156 -0.0002208503
157 -0.000219403
158 -0.0002196737
159 -0.0002205335
160 -0.0002216457
161 -0.0002220257
162 -0.000222332
163 -0.0002217883
164 -0.0002221412
165 -0.0002231736
166 -0.0002245482
167 -0.0002241279
168 -0.0002248254
169 -0.0002249881
170 -0.0002254541
171 -0.0002256037
172 -0.0002255405
173 -0.0002256189
174 -0.0002262273
175 -0.000226957
176 -0.0002275391
177 -0.0002283637
178 -0.0002289884
179 -0.0002300983
180 -0.0002315191
181 -0.0002325558
182 -0.0002340242
183 -0.0002353978
184 -0.0002366745
185 -0.0002377094
186 -0.0002385742
187 -0.0002394808
188 -0.0002400651
189 -0.000240401
190 -0.0002405722
191 -0.0002405599
192 -0.0002400223
193 -0.000239896
194 -0.0002398236
195 -0.000239716
196 -0.0002394244
197 -0.0002393404
198 -0.0002393755
199 -0.0002385178
200 -0.0002378233
201 -0.0002371939
202 -0.0002365578
203 -0.00023611
204 -0.0002356344
205 -0.0002348745
206 -0.0002343352
207 -0.0002334992
208 -0.0002323243
209 -0.000231404
210 -0.0002305091
211 -0.000229526
212 -0.0002282738
213 -0.0002274848
214 -0.0002260848
215 -0.0002247123
216 -0.0002236728
217 -0.000222461
218 -0.00022067
219 -0.0002196547
220 -0.0002179697
221 -0.0002167154
222 -0.0002152001
223 -0.0002133642
224 -0.0002121049
225 -0.0002108064
226 -0.0002103464
227 -0.0002097502
228 -0.0002084582
229 -0.0002071943
230 -0.0002062337
231 -0.0002052327
232 -0.0002044438
233 -0.0002024585
234 -0.0002017251
235 -0.0002009986
236 -0.0002007602
237 -0.0001998798
238 -0.000199453
239 -0.00019872
240 -0.0001977626
241 -0.0001968046
242 -0.0001961972
243 -0.0001957595
244 -0.0001959701
245 -0.0001958698
246 -0.0001966009
247 -0.0001953739
248 -0.0001948687
249 -0.0001954161
250 -0.0001948968
251 -0.0001946465
252 -0.0001952171
253 -0.000195612
254 -0.000196166
255 -0.0001967803
256 -0.0001971896
257 -0.0001964278
258 -0.0001959008
259 -0.0001957171
260 -0.0001958084
261 -0.0001953674
262 -0.0001955384
263 -0.0001954527
264 -0.000195751
265 -0.0001959762
266 -0.0001969787
267 -0.0001974023
268 -0.0001979293
269 -0.0001983763
270 -0.0001990057
271 -0.0001998756
272 -0.0002012366
273 -0.0002023546
274 -0.0002034712
275 -0.0002047485
276 -0.0002061472
277 -0.0002074273
278 -0.0002096541
279 -0.0002108848
280 -0.0002121886
281 -0.0002136121
282 -0.000215211
283 -0.0002160359
284 -0.0002172399
285 -0.0002181866
286 -0.0002196817
287 -0.0002202076
288 -0.0002210229
289 -0.0002214381
290 -0.0002220463
291 -0.0002226073
292 -0.0002226088
293 -0.0002224145
294 -0.0002217905
295 -0.0002218966
296 -0.0002216571
297 -0.0002214277
298 -0.0002205839
299 -0.0002200435
300 -0.0002190026
301 -0.0002183167
302 -0.0002169649
303 -0.0002156731
304 -0.0002143031
305 -0.000213196
306 -0.0002120349
307 -0.0002107754
308 -0.0002095403
309 -0.0002085392
310 -0.0002074096
311 -0.000206392
312 -0.0002046774
313 -0.0002031431
314 -0.0002022702
315 -0.000201129
316 -0.0002002717
317 -0.0001995098
318 -0.0001986276
319 -0.0001974914
320 -0.0001966931
321 -0.0001960484
322 -0.0001956415
323 -0.0001946738
324 -0.0001943038
325 -0.0001937314
326 -0.0001931198
327 -0.0001932491
328 -0.0001934258
329 -0.0001937056
330 -0.0001934945
331 -0.0001939399
332 -0.0001940815
333 -0.0001943892
334 -0.0001946034
335 -0.0001948706
336 -0.0001951193
337 -0.0001953231
338 -0.0001955009
339 -0.0001958101
340 -0.0001962648
341 -0.0001965498
342 -0.0001972133
343 -0.000197927
344 -0.0001984302
345 -0.0001989315
346 -0.0001993993
347 -0.0001996618
348 -0.0001999171
349 -0.0002003771
350 -0.0002008428
351 -0.0002011725
352 -0.0002015246
353 -0.0002019044
354 -0.0002022944
355 -0.0002025619
356 -0.0002029259
357 -0.0002031788
358 -0.000203287
359 -0.0002033888
360 -0.0002035264
361 -0.0002037242
362 -0.000203794
363 -0.0002037235
364 -0.0002036691
365 -0.0002035272
366 -0.0002034483
367 -0.0002034985
368 -0.000203651
369 -0.0002036854
370 -0.0002039347
371 -0.0002040476
372 -0.0002040818
373 -0.0002040203
374 -0.0002037851
375 -0.0002038329
376 -0.0002038863
377 -0.0002038176
378 -0.0002036952
379 -0.0002033422
380 -0.0002031384
381 -0.0002030146
382 -0.0002027512
383 -0.0002027369
384 -0.0002028113
385 -0.0002027639
386 -0.0002027424
387 -0.0002025605
388 -0.0002020476
389 -0.0002017507
390 -0.0002015526
391 -0.0002014139
392 -0.0002011853
393 -0.0002009247
394 -0.0002008857
395 -0.0002006232
396 -0.000200472
397 -0.0002002554
398 -0.0001999975
399 -0.0001996341
400 -0.0001993392
401 -0.0001989283
402 -0.0001987018
403 -0.0001983823
404 -0.0001981004
405 -0.0001977886
406 -0.0001976142
407 -0.0001973661
408 -0.0001970568
409 -0.0001967507
410 -0.0001962747
411 -0.0001959398
412 -0.0001958399
413 -0.0001957297
414 -0.0001954908
415 -0.0001952803
416 -0.0001951361
417 -0.0001949551
418 -0.0001948146
419 -0.0001945082
420 -0.0001945644
421 -0.0001946613
422 -0.0001946091
423 -0.0001945331
424 -0.0001944961
425 -0.0001944015
426 -0.0001943854
427 -0.000194222
428 -0.0001940967
429 -0.0001938691
430 -0.000193965
431 -0.000193915
432 -0.0001939687
433 -0.000194095
434 -0.0001939942
435 -0.0001937848
436 -0.0001935181
437 -0.0001929578
438 -0.0001925166
439 -0.0001922588
440 -0.0001918742
441 -0.0001913914
442 -0.0001915076
443 -0.0001910025
444 -0.0001907935
445 -0.0001903248
446 -0.0001899509
447 -0.0001895036
448 -0.0001892477
449 -0.0001888783
450 -0.0001889135
451 -0.0001881453
452 -0.0001878688
453 -0.0001877347
454 -0.0001876331
455 -0.0001875984
456 -0.0001882002
457 -0.0001883346
458 -0.0001889876
459 -0.0001891092
460 -0.0001894553
461 -0.0001903758
462 -0.0001916121
463 -0.0001933914
464 -0.0001946396
465 -0.0001959028
466 -0.0001974263
467 -0.0001989903
468 -0.0002001048
469 -0.0002016631
470 -0.0002022149
471 -0.0002024164
472 -0.0002024905
473 -0.0002019306
474 -0.0002013432
475 -0.0002013513
476 -0.0002012108
477 -0.0002010576
478 -0.0002008359
479 -0.0002003791
480 -0.0001997617
481 -0.0001997621
482 -0.0001996057
483 -0.0001991007
484 -0.0001983022
485 -0.0001972216
486 -0.0001962402
487 -0.0001953654
488 -0.0001948789
489 -0.00019398
490 -0.0001930052
491 -0.0001926815
492 -0.0001921081
493 -0.0001922542
494 -0.0001922778
495 -0.0001923574
496 -0.0001923
497 -0.0001927269
498 -0.0001922815
499 -0.0001922907
500 -0.0001928534
501 -0.0001925942
502 -0.0001935736
503 -0.0001943845
504 -0.0001946354
505 -0.0001945896
506 -0.0001951126
507 -0.0001959589
508 -0.0001965867
509 -0.0001976354
510 -0.0001991919
511 -0.0002004356
512 -0.0002018444
513 -0.0002029146
514 -0.0002032455
515 -0.000203796
516 -0.0002036469
517 -0.0002031514
518 -0.0002027451
519 -0.0002019355
520 -0.0002010781
521 -0.000200529
522 -0.0002001299
523 -0.0002003125
524 -0.0001999673
