"right_wing_tank_connect_lift"
"Iteration" "right_wing_tank_connect_lift"
("Iteration" "right_wing_tank_connect_lift")
1 0.0004964099
2 0.001545492
3 0.001094632
4 0.0006032117
5 0.0003148807
6 7.948273e-05
7 5.330296e-05
8 6.400987e-05
9 0.0001328456
10 0.0001733782
11 0.0002336141
12 0.0003097995
13 0.0003919656
14 0.0004881916
15 0.0005719275
16 0.0006434328
17 0.0007134281
18 0.0007847191
19 0.0008635104
20 0.0009472706
21 0.001024378
22 0.001101168
23 0.001175074
24 0.001253522
25 0.001334473
26 0.001415144
27 0.001474513
28 0.001530837
29 0.001592553
30 0.001640134
31 0.001700371
32 0.001745286
33 0.00179953
34 0.001858924
35 0.001899529
36 0.001949715
37 0.001994651
38 0.002035677
39 0.002072297
40 0.002111153
41 0.002154076
42 0.002169671
43 0.002178554
44 0.002188276
45 0.002184524
46 0.002182414
47 0.002178078
48 0.002160531
49 0.002138861
50 0.002125649
51 0.002097972
52 0.002064001
53 0.00203659
54 0.00200631
55 0.001981564
56 0.001964067
57 0.001933456
58 0.001898337
59 0.001864525
60 0.001852355
61 0.00183115
62 0.001810403
63 0.001795098
64 0.00179418
65 0.001786158
66 0.001773421
67 0.001762523
68 0.001754093
69 0.001739551
70 0.001727186
71 0.001711312
72 0.001686278
73 0.001669261
74 0.001653671
75 0.001645821
76 0.001635285
77 0.001625536
78 0.001602413
79 0.001589225
80 0.00157188
81 0.001555305
82 0.001544516
83 0.001542153
84 0.001532153
85 0.001532884
86 0.001526639
87 0.001518644
88 0.001522071
89 0.001529209
90 0.001533356
91 0.001538864
92 0.001547807
93 0.001558102
94 0.001573488
95 0.001592742
96 0.00161157
97 0.00162935
98 0.001640969
99 0.001653249
100 0.001651628
101 0.001646959
102 0.001646083
103 0.001639608
104 0.00162686
105 0.00161292
106 0.001591854
107 0.001567395
108 0.001542023
109 0.001522159
110 0.001500044
111 0.001469108
112 0.001459109
113 0.001439336
114 0.001428371
115 0.001421234
116 0.001410522
117 0.001406239
118 0.001401153
119 0.001402328
120 0.001392963
121 0.001385818
122 0.001384254
123 0.001372834
124 0.001358837
125 0.001354051
126 0.001347377
127 0.001350135
128 0.001344385
129 0.001339709
130 0.001336339
131 0.001325211
132 0.001319173
133 0.001311555
134 0.001305239
135 0.001296022
136 0.001287502
137 0.001279203
138 0.001274063
139 0.00126797
140 0.001261104
141 0.001255419
142 0.001252711
143 0.001251218
144 0.00125021
145 0.001248688
146 0.001249362
147 0.00124808
148 0.001248719
149 0.001246414
150 0.001242899
151 0.001239215
152 0.001236932
153 0.001235216
154 0.001230587
155 0.001229921
156 0.001229724
157 0.001225777
158 0.001226952
159 0.001228067
160 0.001229952
161 0.00123127
162 0.001232045
163 0.001237219
164 0.001239686
165 0.001243097
166 0.001246354
167 0.001251247
168 0.00125817
169 0.001265261
170 0.001271092
171 0.001275624
172 0.001282244
173 0.001288003
174 0.00129257
175 0.001299117
176 0.001305649
177 0.001313365
178 0.001321205
179 0.001330606
180 0.001339049
181 0.001348629
182 0.001358403
183 0.001368643
184 0.001377829
185 0.001385192
186 0.001395839
187 0.001404707
188 0.001412186
189 0.001421111
190 0.001430009
191 0.001438435
192 0.001446062
193 0.001453545
194 0.001456119
195 0.001459142
196 0.001460766
197 0.001462538
198 0.001462871
199 0.0014623
200 0.001460316
201 0.001459135
202 0.001454871
203 0.001452726
204 0.001447364
205 0.001440424
206 0.001432969
207 0.001426263
208 0.001417688
209 0.001410137
210 0.001401426
211 0.001391894
212 0.001380271
213 0.001371043
214 0.001360522
215 0.001350778
216 0.001340432
217 0.001329779
218 0.001319761
219 0.001308012
220 0.001294257
221 0.001282319
222 0.001270582
223 0.001259284
224 0.001246548
225 0.001235096
226 0.001222615
227 0.001210241
228 0.001197054
229 0.00118576
230 0.001174601
231 0.001166209
232 0.00115715
233 0.001147732
234 0.001143283
235 0.00113669
236 0.001133472
237 0.001129486
238 0.001127962
239 0.001124548
240 0.001121243
241 0.001118436
242 0.001113713
243 0.001111909
244 0.001107032
245 0.001103282
246 0.001098984
247 0.001096511
248 0.001093032
249 0.001090016
250 0.001086677
251 0.001083026
252 0.00107982
253 0.001077699
254 0.00107567
255 0.001072603
256 0.001068688
257 0.001065134
258 0.001061443
259 0.001057874
260 0.001053624
261 0.001049572
262 0.001046699
263 0.001042159
264 0.001037712
265 0.001035109
266 0.001031418
267 0.001028642
268 0.001024731
269 0.001019862
270 0.001018541
271 0.001014532
272 0.001011011
273 0.001008881
274 0.001008875
275 0.001007715
276 0.001006831
277 0.001006549
278 0.001004357
279 0.001004509
280 0.001003983
281 0.001008212
282 0.00100922
283 0.001010177
284 0.001011438
285 0.001013894
286 0.00101573
287 0.001016763
288 0.001016305
289 0.001016396
290 0.001014789
291 0.001011011
292 0.001007364
293 0.001004863
294 0.001000958
295 0.0009978325
296 0.0009965588
297 0.0009951377
298 0.0009903049
299 0.0009872603
300 0.0009824034
301 0.0009785976
302 0.0009744125
303 0.0009706591
304 0.0009677107
305 0.0009646397
306 0.0009622445
307 0.0009610757
308 0.0009603767
309 0.000960313
310 0.0009611923
311 0.0009608861
312 0.0009613002
313 0.0009630915
314 0.0009631719
315 0.0009645137
316 0.0009663202
317 0.0009675555
318 0.0009703623
319 0.0009743378
320 0.0009765149
321 0.0009803547
322 0.0009830858
323 0.0009868029
324 0.0009908974
325 0.000993935
326 0.0009965324
327 0.000998799
328 0.001000667
329 0.001001654
330 0.001002668
331 0.001003593
332 0.001004935
333 0.001005938
334 0.001006535
335 0.001005595
336 0.001005384
337 0.001005334
338 0.001005433
339 0.001005097
340 0.001005232
341 0.001005167
342 0.001004013
343 0.001003359
344 0.001002254
345 0.001001842
346 0.001001234
347 0.001000353
348 0.0009975468
349 0.0009957009
350 0.0009945675
351 0.0009937081
352 0.0009922879
353 0.0009925179
354 0.0009931935
355 0.000992176
356 0.0009906639
357 0.0009907429
358 0.000991264
359 0.0009920179
360 0.0009926441
361 0.0009926884
362 0.000992089
363 0.0009926106
364 0.0009929471
365 0.0009942043
366 0.000995336
367 0.0009973864
368 0.001000132
369 0.001002203
370 0.001003552
371 0.001005763
372 0.001007625
373 0.001006857
374 0.001007471
375 0.001004842
376 0.001002276
377 0.001000075
378 0.0009974443
379 0.0009957619
380 0.0009935156
381 0.0009892737
382 0.0009850678
383 0.000981241
384 0.0009780332
385 0.0009757655
386 0.000973412
387 0.0009712836
388 0.0009696235
389 0.000966599
390 0.0009654823
391 0.0009625596
392 0.0009604258
393 0.0009578284
394 0.0009572958
395 0.0009568914
396 0.0009554211
397 0.0009553873
398 0.0009561701
399 0.0009583017
400 0.0009601138
401 0.0009620172
402 0.0009636716
403 0.0009660863
404 0.0009679886
405 0.0009697939
406 0.0009717386
407 0.0009735904
408 0.0009758918
409 0.0009767768
410 0.0009771567
411 0.0009767524
412 0.0009763101
413 0.000975858
414 0.0009738333
415 0.0009729634
416 0.0009706619
417 0.0009677663
418 0.0009652961
419 0.0009635373
420 0.0009618396
421 0.0009602904
422 0.0009586763
423 0.0009576228
424 0.0009574919
425 0.0009575329
426 0.0009570768
427 0.0009570651
428 0.0009567114
429 0.0009564973
430 0.0009563762
431 0.0009568032
432 0.0009569356
433 0.000957827
434 0.0009581241
435 0.0009588671
436 0.0009597318
437 0.0009605227
438 0.0009614791
439 0.0009612785
440 0.0009621088
441 0.0009620555
442 0.000962504
443 0.000962903
444 0.0009636594
445 0.0009641764
446 0.0009639285
447 0.0009641782
448 0.0009644984
449 0.0009646745
450 0.0009650946
451 0.0009654012
452 0.0009657994
453 0.0009654917
454 0.000965444
455 0.0009651158
456 0.0009649179
457 0.00096394
458 0.0009628783
459 0.0009618425
460 0.0009624008
461 0.0009619848
462 0.0009622283
463 0.0009621776
464 0.0009617431
465 0.0009614568
466 0.0009607634
467 0.0009597234
468 0.0009583524
469 0.0009568998
470 0.0009567337
471 0.0009563073
472 0.0009564765
473 0.0009561485
474 0.0009566064
475 0.0009563121
476 0.00095686
477 0.0009566286
478 0.0009567689
479 0.0009574653
480 0.0009579985
481 0.0009583661
482 0.0009590265
483 0.0009597915
484 0.0009605402
485 0.0009613006
486 0.0009619387
487 0.0009625831
488 0.0009639049
489 0.0009648554
490 0.0009652782
491 0.0009656542
492 0.0009657054
493 0.0009656962
494 0.0009655624
495 0.0009660891
496 0.0009657592
497 0.0009652583
498 0.0009650168
499 0.0009650962
500 0.0009658176
501 0.0009664685
502 0.0009671612
503 0.0009674886
504 0.0009685288
505 0.000968362
506 0.0009679269
507 0.0009674674
508 0.0009662214
509 0.0009649619
510 0.0009640206
511 0.0009626804
512 0.0009617227
513 0.0009608612
514 0.0009599787
515 0.0009592762
516 0.0009585711
517 0.0009575843
518 0.0009576841
519 0.0009573055
520 0.0009570682
521 0.0009568218
522 0.00095738
523 0.0009576745
524 0.0009579092
