"body_nose_drag"
"Iteration" "body_nose_drag"
("Iteration" "body_nose_drag")
1 14.42466
2 31.87646
3 -4.213367
4 51.7371
5 -13.44111
6 -86.66028
7 -43.60025
8 -0.001682878
9 18.96486
10 15.76682
11 13.57847
12 -1.24231
13 4.273363
14 7.390968
15 3.7647
16 1.639838
17 1.783258
18 2.875657
19 3.348489
20 2.96935
21 2.674345
22 2.669499
23 2.916785
24 3.048408
25 3.542379
26 3.575787
27 3.826169
28 3.996459
29 4.159496
30 4.336206
31 4.412007
32 4.483157
33 4.60879
34 4.682856
35 4.729128
36 4.784
37 4.904699
38 5.074553
39 5.274181
40 5.571045
41 5.905038
42 6.183233
43 6.489774
44 6.785329
45 7.066245
46 7.347788
47 7.620227
48 7.889265
49 8.155822
50 8.408182
51 8.661694
52 8.921997
53 9.125828
54 9.374385
55 9.617204
56 9.836691
57 10.09344
58 10.35511
59 10.58319
60 10.7834
61 10.99018
62 11.17681
63 11.41233
64 11.55899
65 11.74099
66 11.85394
67 11.92992
68 12.04171
69 12.12353
70 12.20343
71 12.27959
72 12.33217
73 12.44664
74 12.4092
75 12.34584
76 12.27642
77 12.24013
78 12.16823
79 12.09739
80 12.02233
81 11.9171
82 11.78867
83 11.63619
84 11.52496
85 11.41071
86 11.23743
87 11.05552
88 10.87344
89 10.66826
90 10.52065
91 10.34534
92 10.16429
93 9.974086
94 9.765422
95 9.65598
96 9.602127
97 9.53846
98 9.49474
99 9.430714
100 9.414008
101 9.428282
102 9.444932
103 9.465426
104 9.496787
105 9.499619
106 9.520941
107 9.555429
108 9.617771
109 9.686754
110 9.724585
111 9.76963
112 9.798039
113 9.826859
114 9.847439
115 9.876445
116 9.894582
117 9.886876
118 9.862122
119 9.804266
120 9.748466
121 9.677639
122 9.601789
123 9.510369
124 9.417658
125 9.301394
126 9.194734
127 9.055878
128 8.937161
129 8.80356
130 8.672421
131 8.541707
132 8.420193
133 8.290946
134 8.146955
135 7.980093
136 7.876811
137 7.766921
138 7.66239
139 7.566849
140 7.467135
141 7.383596
142 7.294138
143 7.23058
144 7.177138
145 7.159198
146 7.139077
147 7.139215
148 7.112187
149 7.133313
150 7.173103
151 7.222085
152 7.299074
153 7.378627
154 7.449001
155 7.53921
156 7.618601
157 7.695498
158 7.769574
159 7.867289
160 7.948188
161 8.01262
162 8.087861
163 8.158526
164 8.212481
165 8.242177
166 8.297707
167 8.343382
168 8.376751
169 8.410977
170 8.438185
171 8.441211
172 8.447389
173 8.451397
174 8.451195
175 8.434703
176 8.418842
177 8.397921
178 8.374907
179 8.352957
180 8.32579
181 8.288718
182 8.254884
183 8.235231
184 8.205352
185 8.167065
186 8.12096
187 8.090051
188 8.054363
189 8.028795
190 7.978043
191 7.931454
192 7.898795
193 7.849256
194 7.792231
195 7.74709
196 7.706977
197 7.675727
198 7.630518
199 7.586585
200 7.541044
201 7.483665
202 7.436288
203 7.383237
204 7.345136
205 7.296022
206 7.235246
207 7.180117
208 7.13476
209 7.096629
210 7.059353
211 7.029916
212 6.994195
213 6.968654
214 6.946848
215 6.926582
216 6.907091
217 6.891399
218 6.884759
219 6.87428
220 6.87058
221 6.881924
222 6.884249
223 6.884857
224 6.897873
225 6.910719
226 6.922568
227 6.928624
228 6.935567
229 6.939268
230 6.939716
231 6.947204
232 6.949007
233 6.954974
234 6.957471
235 6.964698
236 6.963062
237 6.966512
238 6.96069
239 6.95257
240 6.939769
241 6.931213
242 6.921404
243 6.921492
244 6.916795
245 6.9126
246 6.902958
247 6.895009
248 6.880925
249 6.868818
250 6.858618
251 6.853657
252 6.846477
253 6.841238
254 6.829583
255 6.813739
256 6.805809
257 6.800478
258 6.784933
259 6.778194
260 6.774612
261 6.769448
262 6.76197
263 6.759387
264 6.758557
265 6.75574
266 6.757527
267 6.754638
268 6.75576
269 6.756831
270 6.764613
271 6.773688
272 6.778237
273 6.786039
274 6.795972
275 6.805903
276 6.811796
277 6.819235
278 6.827616
279 6.831252
280 6.835802
281 6.837937
282 6.838244
283 6.840036
284 6.838273
285 6.836694
286 6.83587
287 6.832731
288 6.8209
289 6.808772
290 6.798028
291 6.782743
292 6.770695
293 6.751577
294 6.73745
295 6.722996
296 6.709239
297 6.69204
298 6.676443
299 6.663932
300 6.648457
301 6.638565
302 6.626029
303 6.615616
304 6.609908
305 6.607879
306 6.598315
307 6.593791
308 6.591826
309 6.590191
310 6.591308
311 6.594322
312 6.598608
313 6.603728
314 6.611257
315 6.622324
316 6.630366
317 6.638799
318 6.645045
319 6.651609
320 6.658331
321 6.666233
322 6.672791
323 6.68462
324 6.688988
325 6.695095
326 6.700299
327 6.702192
328 6.704883
329 6.703662
330 6.700099
331 6.70078
332 6.699834
333 6.698256
334 6.694143
335 6.689871
336 6.688168
337 6.685122
338 6.681664
339 6.680418
340 6.677318
341 6.672451
342 6.672276
343 6.670095
344 6.6719
345 6.674964
346 6.678106
347 6.68079
348 6.683634
349 6.68935
350 6.696899
351 6.706136
352 6.713974
353 6.722603
354 6.733377
355 6.742908
356 6.752255
357 6.763889
358 6.776561
359 6.78902
360 6.801629
361 6.812362
362 6.818856
363 6.826429
364 6.830175
365 6.831227
366 6.836636
367 6.836856
368 6.83716
369 6.835265
370 6.834067
371 6.833213
372 6.829922
373 6.821126
374 6.813601
375 6.804538
376 6.798022
377 6.788936
378 6.778011
379 6.771853
380 6.763946
381 6.755126
382 6.74347
383 6.739236
384 6.728703
385 6.716672
386 6.704041
387 6.695499
388 6.689951
389 6.694313
390 6.695604
391 6.699174
392 6.701634
393 6.695158
394 6.699405
395 6.706055
396 6.706296
397 6.720332
398 6.736576
399 6.748812
400 6.761931
401 6.775473
402 6.782622
403 6.792868
404 6.799781
405 6.815187
406 6.820027
407 6.820388
408 6.833368
409 6.848053
410 6.856214
411 6.866001
412 6.880653
413 6.889981
414 6.895731
415 6.896364
416 6.910598
417 6.924144
418 6.922406
419 6.923207
420 6.920026
421 6.918353
422 6.914196
423 6.914902
424 6.921303
425 6.917964
426 6.913001
427 6.912044
428 6.910357
429 6.911225
430 6.911173
431 6.905621
432 6.903108
433 6.899768
434 6.891993
435 6.883012
436 6.876898
437 6.867151
438 6.867824
439 6.853937
440 6.854272
441 6.833066
442 6.829093
443 6.810679
444 6.807068
445 6.791887
446 6.801423
447 6.781778
448 6.780061
449 6.764009
450 6.772561
451 6.745334
452 6.766535
453 6.740469
454 6.766084
455 6.722043
456 6.751299
457 6.70429
458 6.747881
459 6.701571
460 6.729721
461 6.690533
462 6.742931
463 6.674932
464 6.712897
465 6.663626
466 6.748764
467 6.638227
468 6.686734
469 6.606403
470 6.683194
471 6.570162
472 6.716345
473 6.522423
474 6.699994
475 6.489973
476 6.760021
477 6.436826
478 6.79212
479 6.396119
480 6.943449
481 6.369734
482 6.962597
483 6.294441
484 7.258204
485 6.322701
486 7.358107
487 6.25914
488 8.436376
489 6.143955
490 8.507451
491 6.228632
492 8.759336
493 6.05516
494 8.604143
495 5.870619
496 10.48049
497 5.806311
498 11.31124
499 5.76863
500 13.72899
501 6.41177
502 12.57913
503 5.317676
504 16.92562
505 7.276497
506 14.0521
507 5.135004
508 12.86111
509 5.091293
510 11.97894
511 5.727004
512 10.5063
513 6.045105
514 10.61832
515 6.499678
516 8.852806
517 6.931327
518 8.95574
519 7.205506
520 9.537996
521 7.350497
522 9.347162
523 7.173234
524 8.518275
525 7.12993
526 7.682095
527 7.015772
528 7.258826
529 6.916891
530 7.215011
531 6.914187
532 7.176534
533 6.880421
534 7.051823
535 6.814139
536 6.966631
537 6.777302
538 6.88797
539 6.733824
540 6.808881
541 6.698832
542 6.733138
543 6.664901
544 6.694758
545 6.644012
546 6.654463
547 6.615308
548 6.622698
549 6.59777
550 6.600249
551 6.581744
552 6.588912
553 6.570038
554 6.570049
555 6.554766
556 6.542962
557 6.529423
558 6.524459
559 6.517174
560 6.512169
561 6.509662
562 6.5055
563 6.503608
564 6.509121
565 6.50769
566 6.512497
567 6.513408
568 6.522127
569 6.527555
570 6.53932
571 6.553695
572 6.567544
573 6.580615
574 6.588902
575 6.594201
576 6.603393
577 6.61046
578 6.622396
579 6.630823
580 6.63976
581 6.644743
582 6.651859
583 6.654841
584 6.657573
585 6.659015
586 6.661849
587 6.655997
588 6.648867
589 6.643998
590 6.643508
591 6.635526
592 6.639812
593 6.634185
594 6.629715
595 6.621354
596 6.611757
597 6.599812
598 6.600387
599 6.596161
600 6.599098
601 6.590604
602 6.594991
603 6.580318
604 6.574661
605 6.574789
606 6.580472
607 6.583078
608 6.591851
609 6.592134
610 6.610232
611 6.613172
612 6.621707
613 6.62851
614 6.652929
615 6.665778
616 6.689062
617 6.696397
618 6.720393
619 6.729561
620 6.745592
621 6.75879
622 6.78354
623 6.794596
624 6.821242
625 6.831341
626 6.856075
627 6.866532
628 6.894021
629 6.90176
630 6.925323
631 6.934688
632 6.948601
633 6.954126
634 6.962492
635 6.961627
636 6.988868
637 6.989786
638 7.004437
639 6.999845
640 7.016813
641 7.002795
642 7.017105
643 7.010419
644 7.026797
645 7.026135
646 7.052504
647 7.055895
648 7.079613
649 7.074899
650 7.087669
651 7.085405
652 7.102334
653 7.097923
654 7.107131
655 7.099201
656 7.113696
657 7.098461
658 7.116025
659 7.086125
660 7.109632
661 7.078923
662 7.094821
663 7.068132
664 7.107758
665 7.046617
666 7.05224
667 7.022058
668 7.040493
669 7.017986
670 7.034912
671 7.019368
672 7.03365
673 7.018331
674 7.026729
675 7.023993
676 7.021336
677 7.023212
678 7.022219
679 7.026519
680 7.025653
681 7.021972
682 7.016744
683 7.01067
684 7.004189
685 6.995401
686 6.983278
687 6.97131
688 6.945928
689 6.926774
690 6.90411
691 6.883572
692 6.854408
693 6.829702
694 6.80855
695 6.79318
696 6.773424
697 6.757519
698 6.736124
699 6.724144
700 6.71182
701 6.693846
702 6.678248
703 6.66806
704 6.65721
705 6.655422
706 6.655126
707 6.658155
708 6.657812
709 6.660191
710 6.664629
711 6.676093
712 6.678191
713 6.68574
714 6.691744
715 6.710773
716 6.716413
717 6.7297
718 6.730458
719 6.752243
720 6.756258
721 6.779181
722 6.77729
723 6.795953
724 6.79925
725 6.840661
726 6.834451
727 6.857337
728 6.853599
729 6.873203
730 6.874663
731 6.896301
732 6.902849
733 6.917359
734 6.914083
735 6.922078
736 6.918301
737 6.923136
738 6.918748
739 6.919801
740 6.914273
741 6.920696
742 6.915647
743 6.927888
744 6.914176
745 6.922378
746 6.909696
747 6.916447
748 6.902057
749 6.911713
750 6.895238
751 6.910906
752 6.895754
753 6.915907
754 6.904343
755 6.938319
756 6.906757
757 6.946276
758 6.917721
759 6.963815
760 6.930184
761 6.979028
762 6.950452
763 6.988835
764 6.965477
765 6.999401
766 6.962217
767 7.007838
768 6.959646
769 6.994841
770 6.974868
771 6.996392
772 6.979964
773 6.98509
774 6.975492
775 6.972764
776 6.965023
777 6.963068
778 6.947402
779 6.934007
780 6.924979
781 6.918954
782 6.91597
783 6.909687
784 6.901148
785 6.892008
786 6.879343
787 6.871472
788 6.866818
789 6.860593
790 6.853522
791 6.848848
792 6.85259
793 6.850806
794 6.844119
795 6.841696
796 6.84794
797 6.851087
798 6.858763
799 6.870202
800 6.874934
801 6.877941
802 6.875378
803 6.878783
804 6.886344
805 6.893398
806 6.900294
807 6.906716
808 6.90502
809 6.91086
810 6.91057
811 6.906341
812 6.897978
813 6.884444
814 6.882108
815 6.872202
816 6.86257
817 6.850645
818 6.853609
819 6.836613
820 6.814095
821 6.798981
822 6.778149
823 6.776303
824 6.761016
825 6.761919
826 6.760696
827 6.755459
828 6.76538
829 6.76118
830 6.768596
831 6.77109
832 6.784038
833 6.792123
834 6.797921
835 6.805967
836 6.81469
837 6.834537
838 6.85118
839 6.855478
840 6.857777
841 6.87684
842 6.877725
843 6.88726
844 6.892639
845 6.903367
846 6.905885
847 6.919206
848 6.922077
849 6.923699
850 6.926049
851 6.927794
852 6.938204
853 6.942634
854 6.935882
855 6.923479
856 6.912049
857 6.894493
858 6.887597
859 6.872785
860 6.859995
861 6.859255
862 6.861628
863 6.854259
864 6.844615
865 6.841076
866 6.840307
867 6.840716
868 6.828772
869 6.828345
870 6.830877
871 6.826487
872 6.828351
873 6.821461
874 6.834348
875 6.839368
876 6.838262
877 6.84448
878 6.84616
879 6.853752
880 6.86213
881 6.86776
882 6.869703
883 6.878809
884 6.886415
885 6.89831
886 6.900892
887 6.900071
888 6.903458
889 6.908773
890 6.905481
891 6.903671
892 6.908313
893 6.9072
894 6.90752
895 6.906941
896 6.889109
897 6.880028
898 6.869815
899 6.864717
900 6.861399
901 6.849825
902 6.839501
903 6.817486
904 6.800508
905 6.781761
906 6.766176
907 6.743305
908 6.726487
909 6.707941
910 6.703526
911 6.688027
912 6.672248
913 6.663911
914 6.651591
915 6.649452
916 6.640686
917 6.639333
918 6.641505
919 6.63156
920 6.631983
921 6.6235
922 6.617884
923 6.613713
924 6.60468
925 6.595052
926 6.598067
927 6.599383
928 6.59528
929 6.590562
930 6.592906
931 6.592175
932 6.600357
933 6.607574
934 6.614003
935 6.6181
936 6.622086
937 6.629014
938 6.63719
939 6.641275
940 6.650198
941 6.656242
942 6.669224
943 6.679825
944 6.692708
945 6.697524
946 6.707577
947 6.710058
948 6.71648
949 6.721083
950 6.731173
951 6.736115
952 6.742282
953 6.749329
954 6.754309
955 6.755189
956 6.760256
957 6.761135
958 6.76184
959 6.761391
960 6.757091
961 6.760281
962 6.755193
963 6.755551
964 6.758347
965 6.762145
966 6.764954
967 6.76511
968 6.768753
969 6.767744
970 6.770035
971 6.776489
972 6.777242
973 6.778903
974 6.788449
975 6.78866
976 6.7967
977 6.801829
978 6.802408
979 6.80913
980 6.813419
981 6.821283
982 6.82767
983 6.829592
984 6.830416
985 6.835235
986 6.841857
987 6.845851
988 6.852625
989 6.855238
990 6.863584
991 6.869196
992 6.873722
993 6.879568
994 6.875872
995 6.874938
996 6.878212
997 6.87724
998 6.880871
999 6.882092
1000 6.887355
