"left_wing_lift"
"Iteration" "left_wing_lift"
("Iteration" "left_wing_lift")
1 2.82809
2 9.019364
3 7.627888
4 5.419614
5 4.69726
6 5.244464
7 6.140138
8 8.507721
9 9.838851
10 11.15518
11 12.33179
12 13.70798
13 14.19352
14 14.50785
15 14.20658
16 14.03531
17 13.51137
18 13.32806
19 13.20308
20 13.4621
21 14.08965
22 14.66136
23 15.81707
24 16.52922
25 17.91059
26 18.57022
27 19.45954
28 19.73455
29 19.74351
30 19.84034
31 19.73173
32 19.69223
33 19.58288
34 19.67199
35 19.75612
36 20.03432
37 20.35714
38 20.86172
39 21.34064
40 21.98634
41 22.57251
42 23.13487
43 23.55738
44 23.99476
45 24.27561
46 24.57284
47 24.79158
48 25.09969
49 25.36317
50 25.71457
51 26.07605
52 26.56913
53 26.97367
54 27.4433
55 27.78453
56 28.17401
57 28.47908
58 28.7987
59 29.05009
60 29.32068
61 29.49212
62 29.67107
63 29.77073
64 29.90909
65 29.97215
66 30.06217
67 30.05132
68 30.1082
69 30.07361
70 30.09544
71 30.00739
72 29.96607
73 29.84874
74 29.76304
75 29.5887
76 29.47586
77 29.26362
78 29.11815
79 28.89933
80 28.7326
81 28.50513
82 28.39281
83 28.21656
84 28.08561
85 27.87619
86 27.71192
87 27.51706
88 27.36156
89 27.19308
90 27.06845
91 26.9052
92 26.8308
93 26.65786
94 26.61591
95 26.5626
96 26.55275
97 26.49817
98 26.52315
99 26.52256
100 26.59806
101 26.58069
102 26.65426
103 26.67928
104 26.79119
105 26.83882
106 26.97516
107 27.06761
108 27.24672
109 27.36918
110 27.5377
111 27.67827
112 27.88281
113 28.03113
114 28.21296
115 28.3758
116 28.56631
117 28.73572
118 28.92334
119 29.06273
120 29.22305
121 29.36108
122 29.51018
123 29.62234
124 29.76226
125 29.9029
126 30.01123
127 30.12664
128 30.23322
129 30.34877
130 30.45744
131 30.5413
132 30.6248
133 30.70993
134 30.79525
135 30.8656
136 30.96311
137 31.04533
138 31.08847
139 31.1434
140 31.1958
141 31.24187
142 31.2939
143 31.32697
144 31.38703
145 31.42288
146 31.47186
147 31.49481
148 31.54148
149 31.58536
150 31.63954
151 31.68015
152 31.74501
153 31.80585
154 31.84588
155 31.90103
156 31.98656
157 32.05932
158 32.1369
159 32.21901
160 32.31519
161 32.40501
162 32.46558
163 32.53835
164 32.59257
165 32.66333
166 32.73881
167 32.8005
168 32.85004
169 32.9215
170 32.95786
171 33.01878
172 33.05224
173 33.09687
174 33.12318
175 33.15615
176 33.16398
177 33.18623
178 33.18114
179 33.19006
180 33.18801
181 33.20761
182 33.21815
183 33.24248
184 33.24557
185 33.2683
186 33.26982
187 33.3152
188 33.31382
189 33.34797
190 33.36293
191 33.39544
192 33.40955
193 33.47368
194 33.50214
195 33.5764
196 33.61061
197 33.68814
198 33.72553
199 33.80219
200 33.8474
201 33.93343
202 33.98018
203 34.07903
204 34.11801
205 34.20726
206 34.24982
207 34.34884
208 34.37453
209 34.45718
210 34.49268
211 34.57646
212 34.61826
213 34.6898
214 34.72183
215 34.79688
216 34.81261
217 34.88569
218 34.9072
219 34.99459
220 35.02635
221 35.09788
222 35.11608
223 35.18313
224 35.20138
225 35.26999
226 35.3021
227 35.38303
228 35.40654
229 35.47797
230 35.49931
231 35.55884
232 35.55806
233 35.61982
234 35.60192
235 35.65477
236 35.65067
237 35.69274
238 35.68668
239 35.73769
240 35.72624
241 35.7654
242 35.73828
243 35.7634
244 35.72871
245 35.75202
246 35.70557
247 35.71328
248 35.67073
249 35.66752
250 35.60147
251 35.6003
252 35.53642
253 35.52228
254 35.4481
255 35.43144
256 35.35368
257 35.32844
258 35.23928
259 35.2043
260 35.10884
261 35.07312
262 34.97624
263 34.93311
264 34.82406
265 34.76725
266 34.6571
267 34.60315
268 34.48469
269 34.43031
270 34.31214
271 34.26586
272 34.15106
273 34.10015
274 33.98765
275 33.94024
276 33.81802
277 33.77728
278 33.67483
279 33.63534
280 33.5481
281 33.52149
282 33.44048
283 33.42429
284 33.35771
285 33.35612
286 33.29583
287 33.29929
288 33.25204
289 33.26563
290 33.23903
291 33.26741
292 33.25992
293 33.29218
294 33.28567
295 33.33528
296 33.3385
297 33.40411
298 33.41582
299 33.49504
300 33.51545
301 33.59425
302 33.62267
303 33.71634
304 33.74781
305 33.85027
306 33.89448
307 33.98437
308 34.03933
309 34.13311
310 34.18024
311 34.2654
312 34.31448
313 34.394
314 34.43661
315 34.51339
316 34.55661
317 34.6223
318 34.6508
319 34.70869
320 34.73411
321 34.78826
322 34.79975
323 34.84316
324 34.84906
325 34.87888
326 34.87943
327 34.89906
328 34.88963
329 34.90973
330 34.89632
331 34.91418
332 34.89193
333 34.89511
334 34.87338
335 34.87496
336 34.85287
337 34.84381
338 34.80892
339 34.79459
340 34.76121
341 34.73928
342 34.69975
343 34.67415
344 34.63921
345 34.60665
346 34.56498
347 34.53944
348 34.49753
349 34.46184
350 34.41744
351 34.39562
352 34.35478
353 34.33033
354 34.28897
355 34.25942
356 34.21111
357 34.18126
358 34.11955
359 34.0944
360 34.04201
361 34.02
362 33.97334
363 33.94738
364 33.90208
365 33.87269
366 33.82367
367 33.78925
368 33.73804
369 33.7094
370 33.66042
371 33.63309
372 33.58447
373 33.56362
374 33.52044
375 33.50452
376 33.46728
377 33.45115
378 33.41153
379 33.40548
380 33.36772
381 33.35314
382 33.3224
383 33.31738
384 33.2927
385 33.28835
386 33.2683
387 33.26626
388 33.24747
389 33.24626
390 33.23359
391 33.24278
392 33.23364
393 33.23863
394 33.23222
395 33.24546
396 33.23732
397 33.25028
398 33.24413
399 33.27054
400 33.2723
401 33.29636
402 33.30004
403 33.33548
404 33.34221
405 33.36927
406 33.37329
407 33.4019
408 33.40718
409 33.4371
410 33.44634
411 33.47479
412 33.4852
413 33.51259
414 33.51274
415 33.54786
416 33.55177
417 33.58698
418 33.58643
419 33.62373
420 33.61981
421 33.65278
422 33.64967
423 33.68319
424 33.67375
425 33.70683
426 33.69356
427 33.72071
428 33.70943
429 33.73994
430 33.72448
431 33.75865
432 33.74427
433 33.77934
434 33.76098
435 33.79095
436 33.77533
437 33.80912
438 33.78571
439 33.8166
440 33.8005
441 33.8265
442 33.80524
443 33.82671
444 33.81112
445 33.82933
446 33.81259
447 33.83159
448 33.81596
449 33.83052
450 33.81736
451 33.82874
452 33.82407
453 33.82963
454 33.82179
455 33.82849
456 33.82374
457 33.83027
458 33.82192
459 33.82943
460 33.82419
461 33.83418
462 33.83073
463 33.83974
464 33.8381
465 33.84706
466 33.84095
467 33.85327
468 33.85142
469 33.86139
470 33.85484
471 33.86286
472 33.86399
473 33.87089
474 33.86819
475 33.88173
476 33.88488
477 33.8977
478 33.88997
479 33.90033
480 33.89732
481 33.90879
482 33.90187
483 33.90929
484 33.90489
485 33.90944
486 33.90184
487 33.90244
488 33.89867
489 33.8939
490 33.88422
491 33.87275
492 33.86935
493 33.85961
494 33.84393
495 33.83158
496 33.82977
497 33.8107
498 33.79989
499 33.78373
500 33.77727
501 33.7594
502 33.74566
503 33.7308
504 33.71936
505 33.70049
506 33.68798
507 33.67339
508 33.66306
509 33.63554
510 33.62886
511 33.6095
512 33.60089
513 33.5807
514 33.57453
515 33.56023
516 33.55455
517 33.53909
518 33.53856
519 33.52857
520 33.52357
521 33.51775
522 33.51716
523 33.50317
524 33.50657
525 33.50055
526 33.50407
527 33.49874
528 33.50777
529 33.50285
530 33.50851
531 33.49998
532 33.50406
533 33.50063
534 33.50662
535 33.50572
536 33.5146
537 33.51765
538 33.53458
539 33.53591
540 33.55262
541 33.5585
542 33.5753
543 33.57686
544 33.596
545 33.59855
546 33.60772
547 33.61357
548 33.63249
549 33.64372
550 33.66886
551 33.67377
552 33.69674
553 33.70706
554 33.7309
555 33.73568
556 33.76189
557 33.7671
558 33.78535
559 33.78947
560 33.81606
561 33.81689
562 33.83593
563 33.8342
564 33.85603
565 33.85175
566 33.86829
567 33.86461
568 33.88661
569 33.885
570 33.89677
571 33.89499
572 33.90891
573 33.90867
574 33.91756
575 33.916
576 33.9236
577 33.92639
578 33.92716
579 33.9367
580 33.94126
581 33.95244
582 33.95827
583 33.97142
584 33.97803
585 33.9924
586 33.99285
587 34.00548
588 34.00655
589 34.019
590 34.01331
591 34.02
592 34.02155
593 34.02706
594 34.02675
595 34.02827
596 34.02662
597 34.02606
598 34.02496
599 34.02639
600 34.02305
601 34.02042
602 34.01268
603 34.01057
604 34.00374
605 33.99914
606 33.99236
607 33.98616
608 33.98285
609 33.97425
610 33.97427
611 33.97034
612 33.97538
613 33.97275
614 33.97324
615 33.97066
616 33.97701
617 33.97424
618 33.97768
619 33.97609
620 33.97742
621 33.97473
622 33.98093
623 33.98275
624 33.9817
625 33.98384
626 33.98605
627 33.99298
628 33.9935
629 34.00087
630 34.00362
631 34.01498
632 34.01444
633 34.02542
634 34.02343
635 34.03228
636 34.03343
637 34.04679
638 34.0486
639 34.06059
640 34.06525
641 34.0786
642 34.08468
643 34.10415
644 34.11288
645 34.13279
646 34.14194
647 34.15508
648 34.16454
649 34.18449
650 34.19915
651 34.22055
652 34.23597
653 34.25381
654 34.27209
655 34.29222
656 34.31059
657 34.33662
658 34.36231
659 34.38702
660 34.4134
661 34.44424
662 34.4663
663 34.50018
664 34.52363
665 34.55878
666 34.58252
667 34.60167
668 34.62092
669 34.63947
670 34.65975
671 34.68381
672 34.70624
673 34.72749
674 34.74342
675 34.7659
676 34.78654
677 34.80852
678 34.82302
679 34.83895
680 34.85747
681 34.87037
682 34.87946
683 34.89475
684 34.90876
685 34.91948
686 34.93274
687 34.93852
688 34.94613
689 34.95232
690 34.94861
691 34.94934
692 34.95162
693 34.95197
694 34.93975
695 34.93953
696 34.93032
697 34.92209
698 34.89769
699 34.88394
700 34.85439
701 34.83363
702 34.79342
703 34.77156
704 34.73766
705 34.70713
706 34.66186
707 34.62828
708 34.58542
709 34.55827
710 34.51317
711 34.49045
712 34.44987
713 34.42348
714 34.37794
715 34.3451
716 34.29485
717 34.26803
718 34.22964
719 34.20333
720 34.17187
721 34.1372
722 34.10155
723 34.07035
724 34.0382
725 34.00261
726 33.97182
727 33.93349
728 33.89907
729 33.86559
730 33.83338
731 33.79846
732 33.77142
733 33.73787
734 33.71737
735 33.67994
736 33.66222
737 33.63096
738 33.61203
739 33.57683
740 33.55807
741 33.52722
742 33.50152
743 33.4681
744 33.44692
745 33.41662
746 33.38973
747 33.35812
748 33.32388
749 33.29689
750 33.26206
751 33.23489
752 33.21753
753 33.19186
754 33.16756
755 33.13666
756 33.10356
757 33.074
758 33.04829
759 33.01984
760 32.99358
761 32.96845
762 32.94454
763 32.92774
764 32.91556
765 32.90044
766 32.88632
767 32.87962
768 32.87528
769 32.86256
770 32.86638
771 32.85302
772 32.85426
773 32.84027
774 32.83925
775 32.82973
776 32.83457
777 32.82424
778 32.82104
779 32.8208
780 32.8244
781 32.81677
782 32.81507
783 32.79916
784 32.79701
785 32.78762
786 32.78428
787 32.77343
788 32.7744
789 32.77081
790 32.7645
791 32.75602
792 32.74956
793 32.73632
794 32.72527
795 32.71505
796 32.70586
797 32.69791
798 32.69205
799 32.68623
800 32.6839
801 32.68657
802 32.68435
803 32.69435
804 32.69996
805 32.71632
806 32.72174
807 32.74548
808 32.76149
809 32.78542
810 32.80272
811 32.8228
812 32.85091
813 32.89012
814 32.91529
815 32.95187
816 32.98582
817 33.02004
818 33.04656
819 33.07927
820 33.10609
821 33.14428
822 33.1764
823 33.20966
824 33.25676
825 33.29409
826 33.3222
827 33.35529
828 33.39155
829 33.41965
830 33.44939
831 33.47395
832 33.50407
833 33.52059
834 33.54004
835 33.56053
836 33.58737
837 33.60344
838 33.62036
839 33.63911
840 33.66016
841 33.67668
842 33.68953
843 33.70484
844 33.71228
845 33.72202
846 33.72275
847 33.73191
848 33.73271
849 33.74132
850 33.73799
851 33.74984
852 33.74856
853 33.76329
854 33.75594
855 33.76731
856 33.75694
857 33.77029
858 33.75648
859 33.777
860 33.75856
861 33.76596
862 33.74775
863 33.77031
864 33.75922
865 33.78046
866 33.76242
867 33.78717
868 33.77713
869 33.80074
870 33.79174
871 33.81755
872 33.81194
873 33.8431
874 33.83487
875 33.86654
876 33.86779
877 33.89938
878 33.90086
879 33.92691
880 33.93911
881 33.96872
882 33.97683
883 34.01013
884 34.02992
885 34.06236
886 34.0738
887 34.10942
888 34.13214
889 34.1535
890 34.16589
891 34.18266
892 34.19473
893 34.21396
894 34.22234
895 34.23571
896 34.24717
897 34.25412
898 34.25648
899 34.25641
900 34.2634
901 34.26584
902 34.2721
903 34.26116
904 34.26279
905 34.25063
906 34.2428
907 34.21856
908 34.21422
909 34.19069
910 34.18079
911 34.14559
912 34.13651
913 34.1053
914 34.09182
915 34.0621
916 34.04805
917 34.01984
918 33.99356
919 33.97471
920 33.96096
921 33.93068
922 33.90345
923 33.88292
924 33.86493
925 33.84605
926 33.82245
927 33.80214
928 33.78996
929 33.77085
930 33.75459
931 33.73324
932 33.72173
933 33.70783
934 33.69264
935 33.68015
936 33.67174
937 33.66056
938 33.64337
939 33.62991
940 33.61967
941 33.61461
942 33.60505
943 33.60872
944 33.60541
945 33.60301
946 33.58969
947 33.58482
948 33.58371
949 33.57831
950 33.57034
951 33.55647
952 33.55434
953 33.54524
954 33.5369
955 33.53183
956 33.53545
957 33.53154
958 33.52649
959 33.52811
960 33.53509
961 33.53703
962 33.53699
963 33.53909
964 33.55232
965 33.55856
966 33.56884
967 33.57736
968 33.59592
969 33.59806
970 33.60851
971 33.61291
972 33.62663
973 33.62777
974 33.63372
975 33.6325
976 33.64481
977 33.64297
978 33.64262
979 33.64281
980 33.64787
981 33.64333
982 33.63411
983 33.6319
984 33.63267
985 33.63272
986 33.6282
987 33.62208
988 33.62653
989 33.61985
990 33.61425
991 33.60797
992 33.6123
993 33.60143
994 33.59711
995 33.59555
996 33.59432
997 33.59074
998 33.58747
999 33.5829
1000 33.5832
