"left_wing_lift"
"Iteration" "left_wing_lift"
("Iteration" "left_wing_lift")
1 10.25468
2 34.36446
3 31.56069
4 27.42037
5 23.259
6 19.06285
7 18.93267
8 21.20662
9 23.68709
10 27.38238
11 31.40814
12 35.2286
13 39.14922
14 42.25957
15 44.73291
16 46.67057
17 48.22326
18 49.56356
19 50.76534
20 51.94597
21 53.29643
22 54.70667
23 56.4301
24 58.00686
25 59.58952
26 61.12818
27 62.77028
28 64.44125
29 66.06154
30 67.79217
31 69.46312
32 71.06059
33 72.55272
34 74.11266
35 75.67763
36 77.16253
37 78.64455
38 80.08313
39 81.56645
40 83.00805
41 84.41847
42 85.68426
43 86.94301
44 88.23583
45 89.57877
46 90.85683
47 92.17822
48 93.57964
49 95.04778
50 96.37714
51 97.59037
52 98.85215
53 100.05
54 101.1395
55 102.2588
56 103.2641
57 104.2158
58 105.1612
59 106.0518
60 106.9376
61 107.6897
62 108.4071
63 108.9661
64 109.4682
65 109.8816
66 110.2135
67 110.4766
68 110.7152
69 110.8655
70 110.9404
71 110.9175
72 110.9147
73 110.8324
74 110.7625
75 110.5517
76 110.4275
77 110.0857
78 109.7663
79 109.2959
80 108.8949
81 108.4129
82 107.9833
83 107.5001
84 106.9914
85 106.4067
86 105.9369
87 105.4464
88 105.0594
89 104.6537
90 104.3064
91 103.9359
92 103.6085
93 103.1772
94 102.8923
95 102.5566
96 102.3609
97 102.1363
98 102.0066
99 101.8847
100 101.8486
101 101.7561
102 101.7575
103 101.7379
104 101.7995
105 101.8437
106 101.9956
107 102.1851
108 102.4269
109 102.6949
110 103.02
111 103.3848
112 103.7736
113 104.1897
114 104.6118
115 105.0421
116 105.4721
117 105.9327
118 106.4111
119 106.8769
120 107.3551
121 107.8285
122 108.2438
123 108.6667
124 109.0869
125 109.4567
126 109.8248
127 110.2354
128 110.5829
129 110.9598
130 111.2346
131 111.5794
132 111.8574
133 112.1546
134 112.3696
135 112.6353
136 112.8495
137 113.1275
138 113.3383
139 113.5727
140 113.717
141 113.9688
142 114.133
143 114.2901
144 114.3376
145 114.4298
146 114.4484
147 114.5269
148 114.5203
149 114.5517
150 114.4938
151 114.5072
152 114.4302
153 114.409
154 114.3094
155 114.2608
156 114.1399
157 114.1051
158 114.0066
159 113.9977
160 113.9459
161 113.9099
162 113.8517
163 113.852
164 113.8093
165 113.8446
166 113.8462
167 113.9206
168 113.9616
169 114.0774
170 114.1578
171 114.289
172 114.3797
173 114.5377
174 114.6396
175 114.7749
176 114.9095
177 115.0682
178 115.1377
179 115.275
180 115.3408
181 115.4599
182 115.5214
183 115.6365
184 115.6715
185 115.7666
186 115.7955
187 115.8695
188 115.8926
189 115.9895
190 116.0029
191 116.0808
192 116.1464
193 116.2742
194 116.3329
195 116.4581
196 116.5159
197 116.6145
198 116.6683
199 116.7815
200 116.8402
201 116.9549
202 116.9869
203 117.1144
204 117.1424
205 117.2325
206 117.2392
207 117.3256
208 117.3484
209 117.421
210 117.436
211 117.4989
212 117.5088
213 117.5847
214 117.5566
215 117.6097
216 117.5737
217 117.6373
218 117.6337
219 117.7065
220 117.7182
221 117.783
222 117.7974
223 117.8844
224 117.8877
225 117.9812
226 117.9826
227 118.063
228 118.075
229 118.175
230 118.1946
231 118.259
232 118.28
233 118.344
234 118.3561
235 118.4239
236 118.4199
237 118.4552
238 118.4359
239 118.4538
240 118.4202
241 118.4195
242 118.3922
243 118.3943
244 118.3494
245 118.3431
246 118.2998
247 118.2764
248 118.2329
249 118.2007
250 118.1455
251 118.124
252 118.0871
253 118.0757
254 118.0268
255 118.0168
256 117.9781
257 117.9699
258 117.9542
259 117.9728
260 117.985
261 118.0129
262 118.02
263 118.0809
264 118.0985
265 118.1732
266 118.2188
267 118.302
268 118.3349
269 118.4268
270 118.5008
271 118.6193
272 118.6777
273 118.7943
274 118.8127
275 118.9135
276 118.9081
277 118.9364
278 118.9214
279 118.9575
280 118.9062
281 118.9124
282 118.8468
283 118.854
284 118.7746
285 118.7479
286 118.6777
287 118.6616
288 118.5956
289 118.5639
290 118.4872
291 118.4599
292 118.3979
293 118.3792
294 118.3234
295 118.3125
296 118.2727
297 118.2685
298 118.2322
299 118.2688
300 118.2531
301 118.3025
302 118.3177
303 118.3803
304 118.42
305 118.5144
306 118.5683
307 118.6377
308 118.6969
309 118.8034
310 118.8526
311 118.9378
312 119.0013
313 119.0826
314 119.1268
315 119.1726
316 119.1951
317 119.2192
318 119.1895
319 119.1537
320 119.071
321 119.0221
322 118.9382
323 118.866
324 118.752
325 118.6566
326 118.5434
327 118.4439
328 118.3066
329 118.2365
330 118.086
331 117.9948
332 117.8747
333 117.7915
334 117.6469
335 117.5534
336 117.4527
337 117.3637
338 117.3052
339 117.2855
340 117.2544
341 117.229
342 117.2301
343 117.2308
344 117.2699
345 117.2934
346 117.3304
347 117.3651
348 117.449
349 117.5331
350 117.6342
351 117.7368
352 117.842
353 117.9382
354 118.0678
355 118.1593
356 118.2532
357 118.3024
358 118.3801
359 118.4512
360 118.4926
361 118.4984
362 118.4748
363 118.4477
364 118.4545
365 118.4237
366 118.3555
367 118.2854
368 118.2172
369 118.1156
370 118.0316
371 117.9255
372 117.8039
373 117.6594
374 117.5371
375 117.3926
376 117.2405
377 117.0739
378 116.9383
379 116.8065
380 116.6885
381 116.6296
382 116.6177
383 116.5663
384 116.5676
385 116.503
386 116.4715
387 116.4434
388 116.4683
389 116.4803
390 116.5168
391 116.5435
392 116.607
393 116.6722
394 116.69
395 116.7299
396 116.7862
397 116.8789
398 116.9616
399 117.0172
400 117.1064
401 117.163
402 117.2134
403 117.2591
404 117.3036
405 117.3491
406 117.3751
407 117.4186
408 117.447
409 117.4507
410 117.474
411 117.4837
412 117.485
413 117.4638
414 117.4332
415 117.4222
416 117.3841
417 117.358
418 117.3026
419 117.2387
420 117.1988
421 117.1446
422 117.1062
423 117.0693
424 117.0348
425 117.0001
426 116.9702
427 116.9518
428 116.921
429 116.8926
430 116.8757
431 116.8581
432 116.8373
433 116.7589
434 116.7344
435 116.6588
436 116.5998
437 116.5405
438 116.4942
439 116.4594
440 116.4404
441 116.397
442 116.3714
443 116.3262
444 116.2831
445 116.2326
446 116.2103
447 116.1935
448 116.1703
449 116.1374
450 116.1248
451 116.1087
452 116.1046
453 116.0732
454 116.0623
455 116.0669
456 116.0661
457 116.0757
458 116.0636
459 116.0456
460 116.0475
461 116.0614
462 116.0676
463 116.0717
464 116.0715
465 116.0738
466 116.0924
467 116.1019
468 116.1242
469 116.1237
470 116.1267
471 116.1203
472 116.096
473 116.0441
474 115.9915
475 115.8942
476 115.8258
477 115.7365
478 115.6478
479 115.5422
480 115.4404
481 115.3301
482 115.201
483 115.0692
484 114.9383
485 114.8091
486 114.6914
487 114.5643
488 114.4613
489 114.3527
490 114.2639
491 114.1544
492 114.0897
493 113.9848
494 113.9252
495 113.8613
496 113.8426
497 113.7883
498 113.7697
499 113.7642
500 113.786
501 113.7728
502 113.8276
503 113.8427
504 113.8999
505 113.9445
506 114.0153
507 114.0612
508 114.1489
509 114.18
510 114.2263
511 114.2367
512 114.2727
513 114.2716
514 114.2756
515 114.2281
516 114.2096
517 114.153
518 114.1368
519 114.0571
520 114.0151
521 113.9148
522 113.8563
523 113.7537
524 113.6764
525 113.576
526 113.5004
527 113.3836
528 113.2768
529 113.1448
530 113.0424
531 112.9385
532 112.866
533 112.7542
534 112.6771
535 112.5794
536 112.5024
537 112.4269
538 112.3828
539 112.3229
540 112.2859
541 112.2337
542 112.202
543 112.1673
544 112.1705
545 112.1584
546 112.1744
547 112.1785
548 112.2097
549 112.2138
550 112.2409
551 112.2551
552 112.2875
553 112.2749
554 112.2506
555 112.2128
556 112.1957
557 112.1511
558 112.1193
559 112.0641
560 112.044
561 111.9971
562 111.9588
563 111.9068
564 111.8855
565 111.8453
566 111.8331
567 111.783
568 111.7922
569 111.7581
570 111.7518
571 111.7213
572 111.7188
573 111.6713
574 111.6539
575 111.6046
576 111.5826
577 111.5464
578 111.5287
579 111.5173
580 111.521
581 111.5359
582 111.5911
583 111.6203
584 111.6694
585 111.7102
586 111.7699
587 111.799
588 111.8679
589 111.9009
590 111.9484
591 111.9751
592 112.0275
593 112.056
594 112.1043
595 112.1121
596 112.1279
597 112.1159
598 112.1273
599 112.1063
600 112.093
