"left_wing_moment"
"Iteration" "left_wing_moment"
("Iteration" "left_wing_moment")
1 1.285586
2 2.050507
3 2.774711
4 2.692037
5 2.464246
6 2.20683
7 1.517204
8 1.204226
9 0.9001403
10 0.689805
11 0.5265805
12 0.4205019
13 0.3842104
14 0.3406436
15 0.2710414
16 0.1550107
17 0.1221735
18 0.0533397
19 -0.04483722
20 -0.340853
21 -0.3908677
22 -0.4623711
23 -0.6420382
24 -0.6931816
25 -0.7735372
26 -0.9013075
27 -0.922454
28 -0.9429115
29 -0.9829451
30 -1.021292
31 -1.071973
32 -1.119262
33 -1.174615
34 -1.224502
35 -1.286102
36 -1.345172
37 -1.418188
38 -1.485956
39 -1.548491
40 -1.607011
41 -1.669203
42 -1.727984
43 -1.795203
44 -1.854424
45 -1.915622
46 -1.969864
47 -2.031074
48 -2.092382
49 -2.156509
50 -2.222267
51 -2.278319
52 -2.330437
53 -2.378106
54 -2.415506
55 -2.459213
56 -2.478523
57 -2.499673
58 -2.507865
59 -2.513334
60 -2.511437
61 -2.504927
62 -2.490142
63 -2.470484
64 -2.443584
65 -2.420428
66 -2.382137
67 -2.350364
68 -2.31379
69 -2.271957
70 -2.221282
71 -2.167877
72 -2.110253
73 -2.059243
74 -1.995933
75 -1.930825
76 -1.862751
77 -1.791371
78 -1.710081
79 -1.649095
80 -1.567699
81 -1.485067
82 -1.410053
83 -1.324716
84 -1.244455
85 -1.166795
86 -1.086558
87 -1.013527
88 -0.9394263
89 -0.871001
90 -0.8072044
91 -0.7545398
92 -0.7047771
93 -0.6622978
94 -0.6216308
95 -0.5889517
96 -0.559519
97 -0.5440848
98 -0.5361754
99 -0.526345
100 -0.5349932
101 -0.5440847
102 -0.5587845
103 -0.5801918
104 -0.6079142
105 -0.645104
106 -0.6889442
107 -0.7315671
108 -0.7783063
109 -0.8285651
110 -0.8785053
111 -0.928708
112 -0.9812357
113 -1.034023
114 -1.086876
115 -1.131747
116 -1.179312
117 -1.227239
118 -1.268524
119 -1.306705
120 -1.346645
121 -1.379635
122 -1.415615
123 -1.445491
124 -1.472138
125 -1.499277
126 -1.523343
127 -1.549731
128 -1.571855
129 -1.599476
130 -1.619756
131 -1.635063
132 -1.652769
133 -1.668573
134 -1.685795
135 -1.700553
136 -1.711279
137 -1.725987
138 -1.732051
139 -1.737423
140 -1.739614
141 -1.746511
142 -1.74702
143 -1.752423
144 -1.752827
145 -1.755639
146 -1.756389
147 -1.757843
148 -1.757885
149 -1.760579
150 -1.760825
151 -1.761585
152 -1.761387
153 -1.762863
154 -1.764362
155 -1.766562
156 -1.767493
157 -1.768299
158 -1.76815
159 -1.768779
160 -1.76765
161 -1.768837
162 -1.76948
163 -1.770894
164 -1.769475
165 -1.772653
166 -1.772227
167 -1.775516
168 -1.778458
169 -1.777966
170 -1.776872
171 -1.77792
172 -1.77776
173 -1.784027
174 -1.790089
175 -1.796127
176 -1.801914
177 -1.808705
178 -1.81978
179 -1.835014
180 -1.846227
181 -1.862438
182 -1.875479
183 -1.892801
184 -1.907184
185 -1.920872
186 -1.934378
187 -1.948363
188 -1.959754
189 -1.97295
190 -1.983851
191 -1.994789
192 -2.003155
193 -2.013197
194 -2.01858
195 -2.027872
196 -2.034996
197 -2.039128
198 -2.042739
199 -2.049398
200 -2.050769
201 -2.056005
202 -2.059584
203 -2.064152
204 -2.064635
205 -2.068784
206 -2.069051
207 -2.07274
208 -2.070732
209 -2.071481
210 -2.068958
211 -2.07081
212 -2.06806
213 -2.069117
214 -2.062402
215 -2.064353
216 -2.059541
217 -2.059884
218 -2.055449
219 -2.056486
220 -2.05242
221 -2.054914
222 -2.051739
223 -2.053724
224 -2.051165
225 -2.049316
226 -2.044712
227 -2.045929
228 -2.048537
229 -2.053617
230 -2.052856
231 -2.055145
232 -2.054166
233 -2.056137
234 -2.051002
235 -2.050126
236 -2.047251
237 -2.043463
238 -2.034403
239 -2.02698
240 -2.015072
241 -2.006269
242 -1.992106
243 -1.979155
244 -1.964379
245 -1.952399
246 -1.934733
247 -1.918974
248 -1.897893
249 -1.87841
250 -1.859243
251 -1.840114
252 -1.81901
253 -1.799432
254 -1.777812
255 -1.762992
256 -1.747643
257 -1.734565
258 -1.719997
259 -1.709116
260 -1.695673
261 -1.686172
262 -1.676231
263 -1.672174
264 -1.663724
265 -1.661492
266 -1.657265
267 -1.655776
268 -1.655354
269 -1.66043
270 -1.663639
271 -1.670342
272 -1.676968
273 -1.68857
274 -1.698606
275 -1.713035
276 -1.729859
277 -1.747242
278 -1.763577
279 -1.782205
280 -1.801086
281 -1.822949
282 -1.840075
283 -1.860896
284 -1.878349
285 -1.898222
286 -1.912321
287 -1.930646
288 -1.94632
289 -1.962138
290 -1.975942
291 -1.990966
292 -2.00233
293 -2.01234
294 -2.021234
295 -2.032619
296 -2.041312
297 -2.053674
298 -2.061934
299 -2.073167
300 -2.082412
301 -2.094565
302 -2.10642
303 -2.119383
304 -2.126465
305 -2.13712
306 -2.141846
307 -2.149662
308 -2.154841
309 -2.161985
310 -2.163447
311 -2.165841
312 -2.167253
313 -2.171492
314 -2.171641
315 -2.17491
316 -2.175681
317 -2.176154
318 -2.174398
319 -2.177626
320 -2.175541
321 -2.176094
322 -2.170533
323 -2.167195
324 -2.159675
325 -2.153573
326 -2.143767
327 -2.136364
328 -2.126294
329 -2.122406
330 -2.111752
331 -2.104904
332 -2.092895
333 -2.081258
334 -2.06765
335 -2.056166
336 -2.044295
337 -2.034734
338 -2.019652
339 -2.007874
340 -1.995296
341 -1.988583
342 -1.979236
343 -1.971166
344 -1.963852
345 -1.961715
346 -1.956447
347 -1.955561
348 -1.952859
349 -1.954537
350 -1.949955
351 -1.952487
352 -1.950272
353 -1.953245
354 -1.951301
355 -1.954837
356 -1.954189
357 -1.959591
358 -1.962625
359 -1.966463
360 -1.968939
361 -1.971946
362 -1.978055
363 -1.983485
364 -1.986625
365 -1.99654
366 -2.00105
367 -2.006113
368 -2.011129
369 -2.019444
370 -2.022106
371 -2.029113
372 -2.030826
373 -2.033913
374 -2.034838
375 -2.03895
376 -2.037038
377 -2.037893
378 -2.033088
379 -2.036109
380 -2.031429
381 -2.031681
382 -2.02807
383 -2.027562
384 -2.025602
385 -2.025972
386 -2.021212
387 -2.022607
388 -2.020281
389 -2.019438
390 -2.019342
391 -2.021883
392 -2.019965
393 -2.022229
394 -2.024187
395 -2.027581
396 -2.028876
397 -2.029759
398 -2.028044
399 -2.028713
400 -2.026052
401 -2.028261
402 -2.025998
403 -2.027087
404 -2.027633
405 -2.027972
406 -2.025111
407 -2.026331
408 -2.023835
409 -2.023686
410 -2.018318
411 -2.016489
412 -2.011232
413 -2.011627
414 -2.008025
415 -2.007535
416 -2.004167
417 -2.004148
418 -2.002368
419 -1.998956
420 -1.994403
421 -1.994434
422 -1.99105
423 -1.991323
424 -1.986113
425 -1.984046
426 -1.978774
427 -1.976601
428 -1.971848
429 -1.972723
430 -1.969276
431 -1.96924
432 -1.965754
433 -1.966196
434 -1.962988
435 -1.96283
436 -1.961544
437 -1.963009
438 -1.962426
439 -1.963333
440 -1.962038
441 -1.965866
442 -1.965646
443 -1.970993
444 -1.974612
445 -1.979665
446 -1.980663
447 -1.984555
448 -1.986642
449 -1.989739
450 -1.990289
451 -1.992742
452 -1.994781
453 -1.998811
454 -2.001609
455 -2.005044
456 -2.00534
457 -2.00629
458 -2.005914
459 -2.007855
460 -2.009681
461 -2.012943
462 -2.015927
463 -2.018656
464 -2.02036
465 -2.020275
466 -2.020189
467 -2.020854
468 -2.021528
469 -2.022602
470 -2.021757
471 -2.022633
472 -2.022645
473 -2.022302
474 -2.019818
475 -2.017531
476 -2.01496
477 -2.011585
478 -2.007103
479 -2.004362
480 -1.999609
481 -1.997278
482 -1.992467
483 -1.989821
484 -1.986551
485 -1.98433
486 -1.979222
487 -1.9765
488 -1.970513
489 -1.966299
490 -1.961442
491 -1.957115
492 -1.95171
493 -1.950071
494 -1.945109
495 -1.941498
496 -1.938353
497 -1.934992
498 -1.929525
499 -1.92583
500 -1.92078
501 -1.917805
502 -1.912689
503 -1.909321
504 -1.904993
505 -1.901585
506 -1.896909
507 -1.894301
508 -1.890667
509 -1.888781
510 -1.885799
511 -1.884337
512 -1.881246
513 -1.881338
514 -1.880389
515 -1.88153
516 -1.882375
517 -1.885189
518 -1.886506
519 -1.889966
520 -1.891227
521 -1.895086
522 -1.896978
523 -1.901546
524 -1.905407
525 -1.911168
526 -1.914985
527 -1.920973
528 -1.925365
529 -1.931842
530 -1.936532
531 -1.943719
532 -1.948175
533 -1.956297
534 -1.962739
535 -1.970462
536 -1.976331
537 -1.98506
538 -1.991013
539 -1.999186
540 -2.004012
541 -2.012587
542 -2.018718
543 -2.026064
544 -2.030653
545 -2.037289
546 -2.041604
547 -2.047336
548 -2.050059
549 -2.055731
550 -2.058145
551 -2.060297
552 -2.060929
553 -2.06216
554 -2.061578
555 -2.061588
556 -2.05949
557 -2.059405
558 -2.055248
559 -2.053247
560 -2.046634
561 -2.044317
562 -2.038473
563 -2.033087
564 -2.025661
565 -2.020346
566 -2.013637
567 -2.008647
568 -2.002207
