"left_wing_moment"
"Iteration" "left_wing_moment"
("Iteration" "left_wing_moment")
1 0.8637331
2 2.00158
3 3.513723
4 5.765861
5 5.762681
6 5.079107
7 4.102577
8 3.712178
9 3.07625
10 2.507292
11 1.971892
12 1.61952
13 1.360163
14 1.102818
15 0.8456511
16 0.5546814
17 0.2587509
18 -0.06347626
19 -0.3589889
20 -0.6553726
21 -0.9360929
22 -1.213754
23 -1.481464
24 -1.746001
25 -1.971892
26 -2.192055
27 -2.391097
28 -2.608255
29 -2.796446
30 -2.997813
31 -3.189133
32 -3.392468
33 -3.572449
34 -3.754634
35 -3.918134
36 -4.088133
37 -4.237167
38 -4.390239
39 -4.529003
40 -4.686055
41 -4.817179
42 -4.945234
43 -5.059452
44 -5.185543
45 -5.301147
46 -5.412864
47 -5.511397
48 -5.612713
49 -5.692877
50 -5.771014
51 -5.830569
52 -5.88345
53 -5.914634
54 -5.949755
55 -5.974147
56 -5.997128
57 -6.004442
58 -6.007837
59 -5.993183
60 -5.988268
61 -5.9572
62 -5.915042
63 -5.867211
64 -5.823816
65 -5.753014
66 -5.708486
67 -5.643538
68 -5.584668
69 -5.519196
70 -5.464175
71 -5.391646
72 -5.319106
73 -5.250067
74 -5.185983
75 -5.114638
76 -5.037486
77 -4.964298
78 -4.901642
79 -4.840837
80 -4.790756
81 -4.739794
82 -4.701686
83 -4.663561
84 -4.636018
85 -4.604747
86 -4.590302
87 -4.58204
88 -4.591734
89 -4.600412
90 -4.625866
91 -4.650631
92 -4.690525
93 -4.723728
94 -4.779384
95 -4.828093
96 -4.889907
97 -4.956082
98 -5.024505
99 -5.096512
100 -5.166137
101 -5.239076
102 -5.314255
103 -5.381145
104 -5.449477
105 -5.508191
106 -5.574396
107 -5.628768
108 -5.685634
109 -5.724957
110 -5.770945
111 -5.799976
112 -5.837253
113 -5.862578
114 -5.888824
115 -5.908328
116 -5.932592
117 -5.940923
118 -5.957451
119 -5.962606
120 -5.974406
121 -5.979871
122 -5.99192
123 -5.992262
124 -6.003501
125 -6.002212
126 -6.009087
127 -6.003984
128 -6.011547
129 -6.013343
130 -6.01819
131 -6.017012
132 -6.028596
133 -6.031181
134 -6.04727
135 -6.049937
136 -6.064604
137 -6.067296
138 -6.081367
139 -6.08491
140 -6.100638
141 -6.107764
142 -6.132704
143 -6.145009
144 -6.16695
145 -6.176321
146 -6.200276
147 -6.204773
148 -6.221628
149 -6.224045
150 -6.239332
151 -6.24229
152 -6.257961
153 -6.256692
154 -6.267377
155 -6.259301
156 -6.269425
157 -6.26343
158 -6.268252
159 -6.258308
160 -6.260448
161 -6.251161
162 -6.254723
163 -6.242741
164 -6.243165
165 -6.231358
166 -6.235703
167 -6.2226
168 -6.228062
169 -6.218629
170 -6.219918
171 -6.214066
172 -6.224102
173 -6.217837
174 -6.225016
175 -6.216377
176 -6.221484
177 -6.211748
178 -6.219353
179 -6.214463
180 -6.223691
181 -6.217625
182 -6.226993
183 -6.222299
184 -6.228926
185 -6.219231
186 -6.227228
187 -6.221065
188 -6.22637
189 -6.218384
190 -6.22636
191 -6.218079
192 -6.22461
193 -6.21719
194 -6.22587
195 -6.21836
196 -6.229449
197 -6.222823
198 -6.231215
199 -6.230238
200 -6.240911
201 -6.241216
202 -6.254473
203 -6.253801
204 -6.267015
205 -6.266144
206 -6.280094
207 -6.282122
208 -6.295617
209 -6.297608
210 -6.310703
211 -6.313989
212 -6.326095
213 -6.328798
214 -6.341354
215 -6.340797
216 -6.353166
217 -6.350717
218 -6.360757
219 -6.360886
220 -6.371094
221 -6.370754
222 -6.378341
223 -6.376618
224 -6.386182
225 -6.385583
226 -6.395613
227 -6.393954
228 -6.401401
229 -6.401538
230 -6.415278
231 -6.413735
232 -6.425915
233 -6.428021
234 -6.442425
235 -6.44491
236 -6.457741
237 -6.45974
238 -6.474372
239 -6.476384
240 -6.489997
241 -6.492485
242 -6.503955
243 -6.504742
244 -6.514154
245 -6.516215
246 -6.525996
247 -6.52607
248 -6.533258
249 -6.528361
250 -6.534283
251 -6.530847
252 -6.536613
253 -6.534434
254 -6.541977
255 -6.53658
256 -6.538674
257 -6.530886
258 -6.533926
259 -6.531083
260 -6.534039
261 -6.527081
262 -6.531817
263 -6.531838
264 -6.53631
265 -6.533431
266 -6.539831
267 -6.538326
268 -6.54426
269 -6.54432
270 -6.551563
271 -6.555921
272 -6.567357
273 -6.572566
274 -6.587979
275 -6.588658
276 -6.601806
277 -6.605055
278 -6.621041
279 -6.618455
280 -6.626156
281 -6.626128
282 -6.639014
283 -6.636638
284 -6.642276
285 -6.638559
286 -6.648253
287 -6.639554
288 -6.646478
289 -6.632725
290 -6.638816
291 -6.626725
292 -6.632826
293 -6.623564
294 -6.626726
295 -6.616364
296 -6.618268
297 -6.608838
298 -6.612755
299 -6.606999
300 -6.611334
301 -6.61019
302 -6.617754
303 -6.617419
304 -6.627355
305 -6.629434
306 -6.638103
307 -6.640584
308 -6.645448
309 -6.645519
310 -6.654248
311 -6.654708
312 -6.662568
313 -6.667186
314 -6.674684
315 -6.675545
316 -6.682611
317 -6.679595
318 -6.683025
319 -6.676697
320 -6.678826
321 -6.67141
322 -6.672881
323 -6.665217
324 -6.665421
325 -6.659847
326 -6.661457
327 -6.654578
328 -6.653422
329 -6.645078
330 -6.644318
331 -6.63922
332 -6.63802
333 -6.630552
334 -6.629988
335 -6.622208
336 -6.620097
337 -6.611082
338 -6.610723
339 -6.60256
340 -6.601346
341 -6.591368
342 -6.592708
343 -6.583712
344 -6.583699
345 -6.573881
346 -6.574929
347 -6.568169
348 -6.570203
349 -6.564097
350 -6.569461
351 -6.566631
352 -6.571246
353 -6.569992
354 -6.575967
355 -6.575128
356 -6.579892
357 -6.578101
358 -6.584423
359 -6.58072
360 -6.584943
361 -6.57831
362 -6.579991
363 -6.574856
364 -6.573377
365 -6.567671
366 -6.568459
367 -6.55895
368 -6.558281
369 -6.550199
370 -6.550099
371 -6.541102
372 -6.541088
373 -6.534356
374 -6.538043
375 -6.531626
376 -6.535428
377 -6.531665
378 -6.53777
379 -6.534348
380 -6.541135
381 -6.540055
382 -6.548999
383 -6.547961
384 -6.55509
385 -6.55568
386 -6.564373
387 -6.562723
388 -6.570742
389 -6.568013
390 -6.577023
391 -6.573137
392 -6.577803
393 -6.571938
394 -6.574143
395 -6.568218
396 -6.570971
397 -6.564153
398 -6.565874
399 -6.55965
400 -6.560834
401 -6.553715
402 -6.553275
403 -6.545303
404 -6.544513
405 -6.536147
406 -6.536346
407 -6.526036
408 -6.525397
409 -6.513717
410 -6.514662
411 -6.50404
412 -6.502152
413 -6.491437
414 -6.493414
415 -6.482462
416 -6.482262
417 -6.472805
418 -6.474595
419 -6.465677
420 -6.466711
421 -6.45986
422 -6.463459
423 -6.459116
424 -6.460673
425 -6.456891
426 -6.463847
427 -6.463047
428 -6.470081
429 -6.469561
430 -6.478658
431 -6.479755
432 -6.486453
433 -6.485745
434 -6.492027
435 -6.490385
436 -6.495775
437 -6.49152
438 -6.49808
439 -6.489959
440 -6.490809
441 -6.482018
442 -6.481063
443 -6.470969
444 -6.467505
445 -6.458409
446 -6.457222
447 -6.445615
448 -6.44394
449 -6.435505
450 -6.436822
451 -6.428797
452 -6.427302
453 -6.424343
454 -6.426173
455 -6.419236
456 -6.422595
457 -6.418355
458 -6.424496
459 -6.418736
460 -6.422514
461 -6.418326
462 -6.421801
463 -6.419528
464 -6.421691
465 -6.41875
466 -6.424
467 -6.420209
468 -6.42531
469 -6.420811
470 -6.425807
471 -6.422918
472 -6.429206
473 -6.428263
474 -6.433884
475 -6.433942
476 -6.440476
477 -6.439231
478 -6.449214
479 -6.44938
480 -6.455395
481 -6.450945
482 -6.457732
483 -6.454534
484 -6.455668
485 -6.449033
486 -6.45047
487 -6.441166
488 -6.439426
489 -6.42802
490 -6.42487
491 -6.413028
492 -6.407213
493 -6.395586
494 -6.391546
495 -6.381242
496 -6.378659
497 -6.369641
498 -6.370538
499 -6.363286
500 -6.365328
501 -6.35771
502 -6.361773
503 -6.356803
504 -6.360241
505 -6.356391
506 -6.362235
507 -6.359933
508 -6.366839
509 -6.362767
510 -6.369977
511 -6.365983
512 -6.370835
513 -6.365553
514 -6.369514
515 -6.363941
516 -6.369654
517 -6.364654
518 -6.369776
519 -6.365558
520 -6.372051
521 -6.370062
522 -6.37724
523 -6.376561
524 -6.383963
525 -6.3848
526 -6.392854
527 -6.392556
528 -6.399904
529 -6.397044
530 -6.404324
531 -6.399693
532 -6.40404
533 -6.39899
534 -6.401684
535 -6.395988
536 -6.396365
537 -6.385372
538 -6.387147
539 -6.374584
540 -6.373967
541 -6.362196
542 -6.363376
543 -6.353997
544 -6.354767
545 -6.34572
546 -6.346859
547 -6.339955
548 -6.344177
549 -6.337493
550 -6.340923
551 -6.335612
552 -6.340364
553 -6.337063
554 -6.342835
555 -6.340385
556 -6.345294
557 -6.338729
558 -6.344338
559 -6.33724
560 -6.340667
561 -6.334018
562 -6.334594
563 -6.325342
564 -6.326986
565 -6.320308
566 -6.323969
567 -6.3159
568 -6.321022
569 -6.315331
570 -6.320944
571 -6.318472
572 -6.32346
573 -6.322564
574 -6.329671
575 -6.330269
576 -6.338887
577 -6.338778
578 -6.347856
579 -6.346746
580 -6.355159
581 -6.352901
582 -6.358811
583 -6.355624
584 -6.35996
585 -6.354859
586 -6.357552
587 -6.349888
588 -6.35212
589 -6.342866
590 -6.343441
591 -6.335698
592 -6.335258
593 -6.327084
594 -6.327423
595 -6.322715
596 -6.3247
597 -6.319283
598 -6.322787
599 -6.318222
600 -6.32308
601 -6.316658
602 -6.320189
603 -6.316883
604 -6.31946
605 -6.315975
606 -6.316997
607 -6.31181
608 -6.312086
609 -6.303898
610 -6.305572
611 -6.296016
612 -6.295818
613 -6.287691
614 -6.287478
615 -6.281052
616 -6.28393
617 -6.277863
618 -6.281274
619 -6.277657
620 -6.284179
621 -6.282379
622 -6.289766
623 -6.291743
624 -6.297856
625 -6.300573
626 -6.309427
627 -6.312377
628 -6.322329
629 -6.321829
630 -6.329353
631 -6.329253
632 -6.33472
633 -6.331921
634 -6.335076
635 -6.33395
636 -6.336881
637 -6.33181
638 -6.334702
639 -6.329111
640 -6.331473
641 -6.326226
642 -6.328866
643 -6.323295
644 -6.326241
645 -6.323292
646 -6.329014
647 -6.324769
648 -6.33044
649 -6.326693
650 -6.332384
651 -6.327367
652 -6.331506
653 -6.328059
654 -6.328887
655 -6.323697
656 -6.324477
657 -6.31579
658 -6.317376
659 -6.309136
660 -6.308213
661 -6.300326
662 -6.299384
663 -6.292282
664 -6.290279
665 -6.285235
666 -6.286397
667 -6.282059
668 -6.286458
669 -6.283456
670 -6.289545
671 -6.289667
672 -6.29719
673 -6.298249
674 -6.30443
675 -6.304755
676 -6.314069
677 -6.313091
678 -6.319691
679 -6.316241
680 -6.321445
681 -6.319029
682 -6.322342
683 -6.316222
684 -6.317749
685 -6.312877
686 -6.312518
687 -6.305557
688 -6.30592
689 -6.298442
690 -6.30031
691 -6.29611
692 -6.296722
693 -6.294348
694 -6.29848
695 -6.297625
696 -6.302787
697 -6.301831
698 -6.307665
699 -6.30621
700 -6.314205
701 -6.314015
702 -6.318014
703 -6.315663
704 -6.318194
705 -6.314331
706 -6.315922
707 -6.309334
708 -6.309788
709 -6.301972
710 -6.302039
711 -6.293313
712 -6.292156
713 -6.285987
714 -6.284759
715 -6.27949
716 -6.28217
717 -6.277274
718 -6.279866
719 -6.276109
720 -6.282325
721 -6.280875
722 -6.285018
723 -6.282539
724 -6.288162
725 -6.286401
726 -6.29084
727 -6.288013
728 -6.293024
729 -6.288523
730 -6.290454
731 -6.287039
732 -6.289588
733 -6.284435
734 -6.284163
735 -6.27951
736 -6.281791
737 -6.276843
738 -6.278841
739 -6.275843
740 -6.280236
741 -6.279095
742 -6.284109
743 -6.284172
744 -6.290457
745 -6.291913
746 -6.299337
747 -6.296225
748 -6.304494
749 -6.302663
750 -6.308281
751 -6.306146
752 -6.310263
753 -6.306283
754 -6.308117
755 -6.302931
756 -6.30329
757 -6.295614
758 -6.296248
759 -6.286331
760 -6.286882
761 -6.279489
762 -6.28005
763 -6.273511
764 -6.275316
765 -6.27112
766 -6.271356
767 -6.266947
768 -6.272686
769 -6.270202
770 -6.276658
771 -6.272691
772 -6.278758
773 -6.278317
774 -6.282812
775 -6.27831
776 -6.283099
777 -6.279151
778 -6.279725
779 -6.272103
780 -6.274121
781 -6.268838
782 -6.269445
783 -6.259278
784 -6.258724
785 -6.252333
786 -6.253915
787 -6.245729
788 -6.250733
789 -6.247128
790 -6.250858
791 -6.249231
792 -6.256367
793 -6.258294
794 -6.26528
795 -6.265223
796 -6.275704
797 -6.276996
798 -6.284302
799 -6.284346
800 -6.292151
801 -6.29057
802 -6.294653
803 -6.291216
804 -6.294566
805 -6.29035
806 -6.29126
807 -6.281424
808 -6.283951
809 -6.276922
810 -6.275884
811 -6.269669
812 -6.27017
813 -6.267152
814 -6.270261
815 -6.265882
816 -6.270439
817 -6.26545
818 -6.272098
819 -6.268562
820 -6.275395
821 -6.274299
822 -6.278421
823 -6.276898
824 -6.27994
825 -6.278672
826 -6.281532
827 -6.27617
828 -6.278072
829 -6.27317
830 -6.273712
831 -6.266567
832 -6.267388
833 -6.261371
834 -6.261645
835 -6.253953
836 -6.258091
837 -6.253522
838 -6.255836
839 -6.253664
840 -6.258577
841 -6.258602
842 -6.26502
843 -6.264036
844 -6.270935
845 -6.271573
846 -6.279012
847 -6.276196
848 -6.28511
849 -6.281727
850 -6.288564
851 -6.283409
852 -6.288638
853 -6.284726
854 -6.28569
855 -6.279027
856 -6.282147
857 -6.27408
858 -6.276329
859 -6.267546
860 -6.271293
861 -6.266646
862 -6.268998
863 -6.264579
864 -6.270071
865 -6.269305
866 -6.271947
867 -6.270284
868 -6.277395
869 -6.275934
870 -6.281937
871 -6.277657
872 -6.283679
873 -6.279498
874 -6.280466
875 -6.272789
876 -6.275263
877 -6.267925
878 -6.268564
879 -6.257153
880 -6.258545
881 -6.250292
882 -6.249531
883 -6.24016
884 -6.242319
885 -6.236685
886 -6.239093
887 -6.232285
888 -6.241199
889 -6.238137
890 -6.24652
891 -6.243932
892 -6.255435
893 -6.256622
894 -6.264992
895 -6.263789
896 -6.27474
897 -6.275198
898 -6.281219
899 -6.27848
900 -6.284479
901 -6.281888
902 -6.283488
903 -6.27697
904 -6.279308
905 -6.273525
906 -6.27038
907 -6.26364
908 -6.266794
909 -6.26087
910 -6.261049
911 -6.255915
912 -6.259798
913 -6.255588
914 -6.260175
915 -6.257278
916 -6.266135
917 -6.265688
918 -6.270118
919 -6.267593
920 -6.277322
921 -6.27405
922 -6.27746
923 -6.273149
924 -6.275914
925 -6.27003
926 -6.273335
927 -6.263542
928 -6.264819
929 -6.255215
930 -6.25367
931 -6.246178
932 -6.246127
933 -6.237478
934 -6.23773
935 -6.231163
936 -6.23607
937 -6.229085
938 -6.235396
939 -6.230757
940 -6.237351
941 -6.235171
942 -6.241023
943 -6.240836
944 -6.248662
945 -6.249027
946 -6.254986
947 -6.253073
948 -6.259261
949 -6.255412
950 -6.262152
951 -6.258229
952 -6.263059
953 -6.258252
954 -6.26037
955 -6.255547
956 -6.258887
957 -6.254852
958 -6.258912
959 -6.255075
960 -6.259466
961 -6.257239
962 -6.264102
963 -6.262201
964 -6.268171
965 -6.268356
966 -6.274477
967 -6.270497
968 -6.276374
969 -6.273684
970 -6.27776
971 -6.27301
972 -6.276018
973 -6.269479
974 -6.268976
975 -6.259631
976 -6.259683
977 -6.249879
978 -6.250428
979 -6.237377
980 -6.239326
981 -6.230677
982 -6.228503
983 -6.222614
984 -6.225017
985 -6.220351
986 -6.225348
987 -6.223153
988 -6.228846
989 -6.228742
990 -6.235966
991 -6.236722
992 -6.24389
993 -6.245733
994 -6.249726
995 -6.250527
996 -6.257417
997 -6.256281
998 -6.259597
999 -6.255525
1000 -6.2614
