"right_tank_lift"
"Iteration" "right_tank_lift"
("Iteration" "right_tank_lift")
1 -4.118336
2 -2.250663
3 -0.7805295
4 -0.1170213
5 0.111708
6 0.171855
7 0.1577848
8 0.1261072
9 0.1012523
10 0.1068767
11 0.1354521
12 0.183888
13 0.2486672
14 0.3117718
15 0.3233856
16 0.3396727
17 0.3866012
18 0.4069292
19 0.3969344
20 0.406538
21 0.4317014
22 0.3941476
23 0.3117744
24 0.267692
25 0.3009202
26 0.3474214
27 0.3709138
28 0.3841
29 0.410873
30 0.4296919
31 0.4322484
32 0.4220315
33 0.4123069
34 0.4138662
35 0.4189726
36 0.4163797
37 0.4182875
38 0.423371
39 0.4184067
40 0.409922
41 0.4033785
42 0.3934551
43 0.3795247
44 0.3698262
45 0.3655595
46 0.3618456
47 0.3514023
48 0.3384973
49 0.3302115
50 0.3292377
51 0.3228931
52 0.3103135
53 0.3104353
54 0.3160255
55 0.3141659
56 0.3093255
57 0.3102148
58 0.3160874
59 0.3157058
60 0.3129832
61 0.3173023
62 0.3198229
63 0.3117315
64 0.3093576
65 0.3137946
66 0.3075864
67 0.296095
68 0.2917991
69 0.2954269
70 0.2940744
71 0.2908467
72 0.2997214
73 0.3168655
74 0.3166522
75 0.312892
76 0.3244116
77 0.3339237
78 0.3223388
79 0.3157223
80 0.3324411
81 0.3481163
82 0.3383894
83 0.3271832
84 0.3421645
85 0.3492476
86 0.3357291
87 0.3203949
88 0.328115
89 0.3355408
90 0.3257796
91 0.31714
92 0.3279217
93 0.3319965
94 0.3261792
95 0.3199248
96 0.3236903
97 0.3226528
98 0.3211641
99 0.325993
100 0.3342163
101 0.328485
102 0.3274655
103 0.3350065
104 0.3380819
105 0.3236686
106 0.3172144
107 0.3273678
108 0.3360369
109 0.3241277
110 0.3142634
111 0.3231754
112 0.3379945
113 0.3323868
114 0.318079
115 0.3166386
116 0.3326198
117 0.3351213
118 0.317373
119 0.3079426
120 0.3184696
121 0.3315513
122 0.3241647
123 0.3097367
124 0.3158691
125 0.3349383
126 0.3358162
127 0.3208816
128 0.3151844
129 0.327897
130 0.3410134
131 0.3318388
132 0.3216128
133 0.3242688
134 0.340205
135 0.3427346
136 0.3248751
137 0.3137011
138 0.3230956
139 0.3339551
140 0.3252951
141 0.3114539
142 0.3183718
143 0.3355678
144 0.3351155
145 0.3223682
146 0.3238956
147 0.338842
148 0.3365453
149 0.3243403
150 0.3272333
151 0.3395234
152 0.3356735
153 0.3278802
154 0.3337647
155 0.3419789
156 0.3349752
157 0.3278844
158 0.334368
159 0.3406472
160 0.3353553
161 0.3282781
162 0.3367349
163 0.342037
164 0.3337992
165 0.3265398
166 0.3312826
167 0.3290758
168 0.323483
169 0.3239464
170 0.3275751
171 0.3207738
172 0.3172188
173 0.3245971
174 0.3316953
175 0.3234922
176 0.3216712
177 0.3326194
178 0.3395425
179 0.3330105
180 0.3297851
181 0.3362825
182 0.346822
183 0.3425359
184 0.3294587
185 0.3253987
186 0.3383649
187 0.3388827
188 0.3245104
189 0.3165687
190 0.3315177
191 0.3436872
192 0.3300189
193 0.3159401
194 0.3229088
195 0.3407343
196 0.3344288
197 0.3216379
198 0.3235759
199 0.3413402
200 0.3445972
201 0.330933
202 0.3249713
203 0.3373627
204 0.3457107
205 0.3349304
206 0.3236295
207 0.3335215
208 0.3533335
209 0.3504764
210 0.3387475
211 0.3382072
212 0.3533702
213 0.3521696
214 0.3346785
215 0.3249995
216 0.3367501
217 0.3456661
218 0.336741
219 0.3249439
220 0.3321739
221 0.3430326
222 0.3373962
223 0.3258787
224 0.3297482
225 0.3400082
226 0.3378137
227 0.3287089
228 0.3302376
229 0.3366422
230 0.3346947
231 0.3303453
232 0.3339241
233 0.3355224
234 0.3294238
235 0.322165
236 0.3234732
237 0.3226466
238 0.3168555
239 0.3176315
240 0.3267201
241 0.3309703
242 0.3285583
243 0.3299214
244 0.3330311
245 0.331744
246 0.3225852
247 0.3188662
248 0.3208016
249 0.3198723
250 0.3161249
251 0.3152586
252 0.3218524
253 0.3250593
254 0.320619
255 0.3166186
256 0.3169124
257 0.3112338
258 0.3086635
259 0.3128957
260 0.3256154
261 0.3258917
262 0.322223
263 0.3221071
264 0.3277284
265 0.3182767
266 0.3105308
267 0.3155889
268 0.3289191
269 0.3354408
270 0.329216
271 0.3272741
272 0.3358902
273 0.3329899
274 0.3227053
275 0.3270809
276 0.3443231
277 0.3487665
278 0.3389776
279 0.3355604
280 0.342686
281 0.3507079
282 0.3408992
283 0.3291739
284 0.3267509
285 0.3381197
286 0.3359555
287 0.3190703
288 0.3174736
289 0.3334481
290 0.3485214
291 0.3412086
292 0.3322624
293 0.3365158
294 0.354609
295 0.3544046
296 0.3382753
297 0.3258548
298 0.3306578
299 0.3401034
300 0.326283
301 0.3095762
302 0.3109717
303 0.3316312
304 0.3387954
305 0.3238218
306 0.3150829
307 0.3263287
308 0.336783
309 0.3256233
310 0.3086994
311 0.3155456
312 0.3402696
313 0.3446914
314 0.3272254
315 0.3192514
316 0.3306117
317 0.3380621
318 0.3230875
319 0.3114465
320 0.3218767
321 0.3347265
322 0.3259564
323 0.3132478
324 0.3210285
325 0.3361057
326 0.3303008
327 0.3194364
328 0.3258378
329 0.3354035
330 0.33135
331 0.3238854
332 0.3261994
333 0.3288075
334 0.3254687
335 0.3232979
336 0.3246786
337 0.3161
338 0.3105747
339 0.3147239
340 0.3207787
341 0.3128557
342 0.3098387
343 0.3230928
344 0.3282956
345 0.3151076
346 0.3089501
347 0.3232424
348 0.3304338
349 0.3240817
350 0.3218282
351 0.3355837
352 0.3379391
353 0.3266374
354 0.321412
355 0.330268
356 0.3343993
357 0.3294577
358 0.3266139
359 0.331859
360 0.3290716
361 0.3204509
362 0.3208245
363 0.3287943
364 0.3212996
365 0.3156558
366 0.3190248
367 0.3312363
368 0.3272644
369 0.319483
370 0.3200302
371 0.3239597
372 0.3211295
373 0.3075802
374 0.3026538
375 0.3171636
376 0.3261803
377 0.3196829
378 0.3182549
379 0.3287851
380 0.3375639
381 0.3255971
382 0.3142799
383 0.320536
384 0.3415031
385 0.346504
386 0.3335935
387 0.3266527
388 0.3369863
389 0.3471946
390 0.3348874
391 0.3176144
392 0.316287
393 0.3356952
394 0.3400089
395 0.3243067
396 0.314754
397 0.324211
398 0.3405521
399 0.3360725
400 0.3215489
401 0.3188555
402 0.3347889
403 0.3396041
404 0.3241521
405 0.3121724
406 0.3204683
407 0.3393252
408 0.334794
409 0.3144104
410 0.3074242
411 0.3216324
412 0.3306808
413 0.3174364
414 0.3062117
415 0.315188
416 0.3265653
417 0.3193654
418 0.3060142
419 0.3155547
420 0.3337993
421 0.3347239
422 0.3318302
423 0.3454877
424 0.3575466
425 0.349111
426 0.3437013
427 0.3534479
428 0.3562791
429 0.3455179
430 0.3411088
431 0.3514485
432 0.3517603
433 0.3396517
434 0.3370209
435 0.3436686
436 0.3428526
437 0.3392234
438 0.3416045
439 0.3410528
440 0.3318959
441 0.3268522
442 0.3364907
443 0.337992
444 0.3304589
445 0.325631
446 0.3281067
447 0.3205521
448 0.3100567
449 0.3148174
450 0.3321833
451 0.3333718
452 0.3301013
453 0.3326499
454 0.3393715
455 0.3274165
456 0.3168244
457 0.3189127
458 0.3292171
459 0.3257375
460 0.3216965
461 0.3271372
462 0.3375489
463 0.3338822
464 0.3295507
465 0.3341446
466 0.3462373
467 0.3443421
468 0.3339239
469 0.3297252
470 0.3379244
471 0.3356503
472 0.3232888
473 0.3184572
474 0.3310604
475 0.3363953
476 0.3286643
477 0.326492
478 0.339101
479 0.3488701
480 0.3390173
481 0.3288901
482 0.3352699
483 0.3540511
484 0.3557612
485 0.3410314
486 0.3337756
487 0.3420543
488 0.3507228
489 0.3395967
490 0.3244675
491 0.3196114
492 0.3324961
493 0.3336387
494 0.3205996
495 0.312532
496 0.3218661
497 0.3393185
498 0.3380929
499 0.3279535
500 0.3270296
501 0.3414041
502 0.3503203
503 0.3392268
504 0.3280802
505 0.3317244
506 0.3416613
507 0.3369008
508 0.3206735
509 0.3140993
510 0.3229332
511 0.3243943
512 0.3139668
513 0.3096035
514 0.3239044
515 0.3322137
516 0.3236797
517 0.3161792
518 0.3265315
519 0.3326277
520 0.3235047
521 0.3210832
522 0.3332754
523 0.3348669
524 0.3271469
525 0.3302552
526 0.3407272
527 0.3341096
528 0.3242404
529 0.3282465
530 0.3342309
531 0.3279243
532 0.3211274
533 0.3292794
534 0.3349039
535 0.330443
536 0.3284286
537 0.3383127
538 0.3394613
539 0.3323915
540 0.3306866
541 0.3374127
542 0.3333384
543 0.3299662
544 0.3318176
545 0.3361515
546 0.3287037
547 0.3254867
548 0.3289632
549 0.3325949
550 0.3255664
551 0.3227127
552 0.3242962
553 0.3279574
554 0.3190625
555 0.3149163
556 0.3190093
557 0.3327517
558 0.3319272
559 0.3253185
560 0.3283545
561 0.3435716
562 0.3459055
563 0.3368641
564 0.3319463
565 0.3413962
566 0.344306
567 0.3275451
568 0.3167633
569 0.326624
570 0.3425731
571 0.3368807
572 0.3237002
573 0.3197522
574 0.3335655
575 0.335142
576 0.3186518
577 0.307714
578 0.3184672
579 0.3334872
580 0.3261982
581 0.3186501
582 0.3254043
583 0.3455584
584 0.3487959
585 0.3340938
586 0.3219635
587 0.3259587
588 0.3275049
589 0.3130764
590 0.3051749
591 0.3148092
592 0.3350712
593 0.339501
594 0.3301223
595 0.3200165
596 0.328101
597 0.3359622
598 0.3240314
599 0.3148373
600 0.3267908
601 0.3410212
602 0.3356167
603 0.3224739
604 0.327077
605 0.3418128
606 0.3396163
607 0.3297992
608 0.3335018
609 0.3414144
610 0.3354566
611 0.3268513
612 0.3309212
613 0.3384608
614 0.3330196
615 0.3241747
616 0.3244309
617 0.3291905
618 0.3290387
619 0.3256011
620 0.3292005
621 0.3308447
622 0.3235253
623 0.3206438
624 0.3223724
625 0.3126895
626 0.3091148
627 0.3166458
628 0.3282884
629 0.3219783
630 0.3183436
631 0.3282557
632 0.3373836
633 0.3290582
634 0.3244096
635 0.3307092
636 0.3371018
637 0.3297553
638 0.3221624
639 0.3207747
640 0.3277644
641 0.327823
642 0.3240733
643 0.3212455
644 0.3285916
645 0.32695
646 0.3205032
647 0.3193212
648 0.3299565
649 0.3368447
650 0.3319809
651 0.3265464
652 0.3340562
653 0.3448077
654 0.3410384
655 0.3345854
656 0.3341047
657 0.345417
658 0.3445199
659 0.3264895
660 0.3143023
661 0.3216696
662 0.3358014
663 0.327485
664 0.3179304
665 0.3224725
666 0.3416324
667 0.3445728
668 0.3303503
669 0.3182321
670 0.3217108
671 0.3334179
672 0.3279777
673 0.3121884
674 0.307766
675 0.3267664
676 0.3378352
677 0.3261559
678 0.3133254
679 0.3196766
680 0.3288229
681 0.3191733
682 0.3025086
683 0.3039045
684 0.315837
685 0.3139758
686 0.3028152
687 0.3050315
688 0.3211032
689 0.3247992
690 0.3162609
691 0.3172126
692 0.3282682
693 0.3269177
694 0.3217048
695 0.3258468
696 0.330218
697 0.3244671
698 0.31782
699 0.322407
700 0.3241895
701 0.3151983
702 0.3153971
703 0.3310776
704 0.3353265
705 0.3284461
706 0.3346705
707 0.3453583
708 0.3399019
709 0.3324962
710 0.3390656
711 0.3492895
712 0.3431517
713 0.3299755
714 0.3282685
715 0.3299509
716 0.3264795
717 0.3202028
718 0.3236039
719 0.3330209
720 0.3353707
721 0.3334802
722 0.3408348
723 0.3583325
724 0.3597761
725 0.3511544
726 0.3462423
727 0.358222
728 0.3595532
729 0.3465943
730 0.3392388
731 0.3543708
732 0.3634519
733 0.3485336
734 0.3315089
735 0.3335786
736 0.345577
737 0.339794
738 0.3258012
739 0.3247571
740 0.33651
741 0.3394529
742 0.3257549
743 0.3167691
744 0.328898
745 0.3361621
746 0.325696
747 0.3193102
748 0.3308529
749 0.340569
750 0.3330004
751 0.3282523
752 0.3390839
753 0.3474587
754 0.3344195
755 0.3225839
756 0.3284016
757 0.3362715
758 0.3256874
759 0.3164744
760 0.321288
761 0.3255933
762 0.3191709
763 0.3143669
764 0.32361
765 0.3329955
766 0.3323332
767 0.3297092
768 0.3356846
769 0.3378203
770 0.3336077
771 0.329696
772 0.3324853
773 0.3298149
774 0.329151
775 0.3338557
776 0.3384435
777 0.3339683
778 0.3355263
779 0.3417556
780 0.3435721
781 0.3351812
782 0.3367145
783 0.3444695
784 0.3448659
785 0.3337714
786 0.328952
787 0.3339365
788 0.3405554
789 0.3340659
790 0.3255035
791 0.3246949
792 0.3356767
793 0.3342075
794 0.32119
795 0.3147268
796 0.3285799
797 0.3406545
798 0.3327438
799 0.3209186
800 0.3261841
801 0.3378484
802 0.3279937
803 0.3177505
804 0.3242247
805 0.3437656
806 0.3478483
807 0.3283905
808 0.3137917
809 0.3217856
810 0.3337552
811 0.3222143
812 0.3033394
813 0.2987448
814 0.3144221
815 0.3232367
816 0.3100931
817 0.3011788
818 0.3113738
819 0.3291737
820 0.3288088
821 0.3185987
822 0.323126
823 0.3402508
824 0.3480665
825 0.3330876
826 0.3169234
827 0.328376
828 0.3462543
829 0.3418573
830 0.3306522
831 0.3388525
832 0.3520357
833 0.3437992
834 0.3294461
835 0.3354822
836 0.3475748
837 0.3422996
838 0.3370832
839 0.3480205
840 0.3553719
841 0.3489299
842 0.3474801
843 0.3578357
844 0.3588119
845 0.3525534
846 0.3516937
847 0.3570246
848 0.3504808
849 0.3356569
850 0.3344764
851 0.3403343
852 0.3367791
853 0.3290588
854 0.3343562
855 0.3400872
856 0.3369645
857 0.3314438
858 0.3376061
859 0.337305
860 0.3286968
861 0.3233238
862 0.3306804
863 0.3330443
864 0.3304866
865 0.3328715
866 0.339843
867 0.3367945
868 0.3251759
869 0.315583
870 0.3151469
871 0.3121709
872 0.3116515
873 0.3101445
874 0.3156954
875 0.318864
876 0.3258136
877 0.3306372
878 0.3344586
879 0.3400382
880 0.3344134
881 0.3250003
882 0.3244695
883 0.3275588
884 0.3235865
885 0.3233674
886 0.3308205
887 0.3441465
888 0.3410899
889 0.3283612
890 0.3213176
891 0.3295193
892 0.3387008
893 0.3321788
894 0.3262733
895 0.3352478
896 0.3533923
897 0.3544381
898 0.3417037
899 0.3318297
900 0.3406079
901 0.3470659
902 0.3362465
903 0.3252846
904 0.3261599
905 0.3366398
906 0.3352385
907 0.3244559
908 0.3173976
909 0.3252822
910 0.3385024
911 0.3319248
912 0.3173861
913 0.3168229
914 0.3314551
915 0.3403204
916 0.3300449
917 0.3221586
918 0.3307127
919 0.340342
920 0.3355901
921 0.3240737
922 0.3286768
923 0.3397351
924 0.332709
925 0.3193316
926 0.3228491
927 0.3310956
928 0.3228879
929 0.3143797
930 0.3246578
931 0.3303805
932 0.3168611
933 0.310654
