"left_wing_lift"
"Iteration" "left_wing_lift"
("Iteration" "left_wing_lift")
1 1.990612
2 2.794642
3 2.780706
4 3.122662
5 3.405613
6 4.146468
7 4.092286
8 4.497343
9 4.62089
10 5.085418
11 5.136084
12 5.549097
13 5.720376
14 6.173456
15 6.31498
16 6.737284
17 6.809216
18 7.142222
19 7.17446
20 7.439338
21 7.482822
22 7.730801
23 7.742557
24 7.969092
25 7.934471
26 8.140098
27 8.10632
28 8.287106
29 8.242752
30 8.445496
31 8.43541
32 8.664867
33 8.685334
34 8.924193
35 8.99245
36 9.270869
37 9.351684
38 9.600218
39 9.688936
40 9.951655
41 10.01574
42 10.29127
43 10.3728
44 10.64174
45 10.72315
46 11.03338
47 11.12149
48 11.42722
49 11.53414
50 11.77433
51 11.82985
52 12.10863
53 12.14545
54 12.37633
55 12.38607
56 12.59871
57 12.58557
58 12.7494
59 12.69309
60 12.85459
61 12.77779
62 12.88942
63 12.75807
64 12.83759
65 12.68603
66 12.74103
67 12.57071
68 12.6143
69 12.41705
70 12.43817
71 12.25111
72 12.22488
73 12.00078
74 11.98816
75 11.75424
76 11.71294
77 11.47451
78 11.42253
79 11.17523
80 11.16665
81 10.91835
82 10.89849
83 10.66154
84 10.64485
85 10.41897
86 10.42463
87 10.20431
88 10.19603
89 9.991591
90 10.01203
91 9.800841
92 9.871422
93 9.743522
94 9.84705
95 9.749057
96 9.854518
97 9.776692
98 9.917154
99 9.866648
100 10.06531
101 10.04093
102 10.26748
103 10.27723
104 10.51078
105 10.52901
106 10.79664
107 10.81538
108 11.08008
109 11.11756
110 11.35479
111 11.36224
112 11.61641
113 11.60915
114 11.83257
115 11.81511
116 12.01984
117 11.99229
118 12.21356
119 12.16154
120 12.39141
121 12.34546
122 12.53568
123 12.48992
124 12.67831
125 12.63295
126 12.81892
127 12.7667
128 12.95599
129 12.88778
130 13.08162
131 13.03708
132 13.23709
133 13.20314
134 13.41314
135 13.38086
136 13.57416
137 13.54484
138 13.74098
139 13.69709
140 13.89521
141 13.83916
142 14.02283
143 13.97311
144 14.16094
145 14.10444
146 14.2714
147 14.21032
148 14.39808
149 14.30432
150 14.47177
151 14.41252
152 14.5718
153 14.484
154 14.65529
155 14.5725
156 14.7414
157 14.64533
158 14.79614
159 14.69858
160 14.84269
161 14.74823
162 14.91671
163 14.794
164 14.94042
165 14.82392
166 14.97925
167 14.87036
168 15.01733
169 14.88881
170 15.04534
171 14.96473
172 15.11866
173 15.02974
174 15.21938
175 15.16355
176 15.32283
177 15.23571
178 15.41711
179 15.3702
180 15.5481
181 15.45517
182 15.61893
183 15.55074
184 15.72655
185 15.62852
186 15.7895
187 15.71138
188 15.87217
189 15.76081
190 15.91928
191 15.81204
192 15.97776
193 15.85404
194 15.99364
195 15.89866
196 16.0376
197 15.9342
198 16.06979
199 15.96429
200 16.1178
201 15.98916
202 16.11465
203 16.00893
204 16.13728
205 16.01453
206 16.16297
207 16.05964
208 16.20126
209 16.09373
210 16.2451
211 16.15673
212 16.33059
213 16.25046
214 16.41634
215 16.33759
216 16.50659
217 16.43759
218 16.60278
219 16.52728
220 16.69859
221 16.62197
222 16.78013
223 16.70143
224 16.84365
225 16.7449
226 16.87245
227 16.75797
228 16.86542
229 16.72568
230 16.80404
231 16.65484
232 16.72675
233 16.53808
234 16.58055
235 16.37387
236 16.39775
237 16.19619
238 16.1953
239 15.9644
240 15.97048
241 15.74698
242 15.73498
243 15.52271
244 15.54866
245 15.32974
246 15.36397
247 15.17602
248 15.19124
249 15.03744
250 15.10219
251 14.95623
252 15.03224
253 14.89479
254 14.98244
255 14.86397
256 14.9601
257 14.85798
258 15.00289
259 14.9151
260 15.04432
261 14.9754
262 15.11752
263 15.05759
264 15.2181
265 15.17139
266 15.3448
267 15.29967
268 15.46793
269 15.44033
270 15.61824
271 15.58169
272 15.75317
273 15.70014
274 15.87852
275 15.8179
276 15.97326
277 15.9164
278 16.07528
279 16.0263
280 16.1548
281 16.07561
282 16.21669
283 16.14393
284 16.2674
285 16.17498
286 16.28251
287 16.19208
288 16.28139
289 16.17433
290 16.26285
291 16.14839
292 16.21822
293 16.08655
294 16.16036
295 16.01749
296 16.08375
297 15.94162
298 16.005
299 15.87759
300 15.92798
301 15.78897
302 15.84864
303 15.70173
304 15.76542
305 15.63087
306 15.71089
307 15.57614
308 15.64801
309 15.52285
310 15.5997
311 15.4725
312 15.55233
313 15.42409
314 15.51329
315 15.39943
316 15.49399
317 15.37505
318 15.47713
319 15.37619
320 15.46511
321 15.36287
322 15.45707
323 15.3771
324 15.49381
325 15.39162
326 15.49384
327 15.39213
328 15.4844
329 15.38213
330 15.49527
331 15.40891
332 15.51937
333 15.42953
334 15.54338
335 15.44177
336 15.54822
337 15.44721
338 15.54871
339 15.46469
340 15.53331
341 15.43995
342 15.54374
343 15.44424
344 15.52096
345 15.4026
346 15.48219
347 15.36365
348 15.44316
349 15.3233
350 15.39967
351 15.29007
352 15.37389
353 15.24912
354 15.33039
355 15.22195
356 15.29563
357 15.18363
358 15.25672
359 15.14266
360 15.22009
361 15.10623
362 15.20373
363 15.09797
364 15.17893
365 15.07258
366 15.1624
367 15.05652
368 15.14657
369 15.04168
370 15.12726
371 15.02306
372 15.11438
373 15.01071
374 15.10674
375 15.00225
376 15.11015
377 15.00773
378 15.10391
379 15.00982
380 15.11432
381 15.01189
382 15.11883
383 15.02616
384 15.13276
385 15.0384
386 15.13803
387 15.04942
388 15.16029
389 15.08758
390 15.17721
391 15.08913
392 15.2094
393 15.12536
394 15.23322
395 15.15626
396 15.27914
397 15.20267
398 15.29277
399 15.21356
400 15.32475
401 15.23858
402 15.3525
403 15.27281
404 15.3833
405 15.30821
406 15.41923
407 15.3289
408 15.43794
409 15.37269
410 15.47309
411 15.37697
412 15.49734
413 15.41663
414 15.51023
415 15.41693
416 15.51401
417 15.42122
418 15.51136
419 15.41685
420 15.49754
421 15.40167
422 15.49035
423 15.39423
424 15.49374
425 15.38468
426 15.4626
427 15.37105
428 15.4656
429 15.366
430 15.44706
431 15.33562
432 15.42398
433 15.31791
434 15.4202
435 15.29516
436 15.40403
437 15.29615
438 15.38758
439 15.27661
440 15.38527
441 15.27154
442 15.37345
443 15.25648
444 15.36193
445 15.25004
446 15.3507
447 15.24681
448 15.35241
449 15.25073
450 15.35025
451 15.24472
452 15.35603
453 15.26502
454 15.36114
455 15.2706
456 15.37333
457 15.28238
458 15.38695
459 15.29006
460 15.38856
461 15.2989
462 15.39786
463 15.29553
464 15.40228
465 15.29568
466 15.39713
467 15.28293
468 15.38982
469 15.28115
470 15.36493
471 15.26653
472 15.35115
473 15.24751
474 15.32312
475 15.22834
476 15.31192
477 15.19867
478 15.28181
479 15.17153
480 15.25458
481 15.15616
482 15.24001
483 15.13775
484 15.23604
485 15.14682
486 15.24245
487 15.14641
488 15.25497
489 15.1672
490 15.27001
491 15.18586
492 15.30605
493 15.21954
494 15.31733
495 15.23419
496 15.34611
497 15.26982
498 15.37097
499 15.29779
500 15.39777
501 15.33244
502 15.42607
503 15.34439
504 15.44014
505 15.36145
506 15.44156
507 15.36311
508 15.46191
509 15.36813
510 15.45827
511 15.37008
512 15.46255
513 15.36217
514 15.44955
515 15.3517
516 15.42959
517 15.32741
518 15.41841
519 15.31487
520 15.39241
521 15.28847
522 15.36718
523 15.27638
524 15.34805
525 15.23963
526 15.31894
527 15.20775
528 15.28195
529 15.17449
530 15.25984
531 15.14475
532 15.2264
533 15.11368
534 15.1877
535 15.08156
536 15.15784
537 15.04293
538 15.11891
539 15.01686
540 15.09406
541 14.98999
542 15.07152
543 14.97182
544 15.05572
545 14.94559
546 15.02681
547 14.93727
548 15.01724
549 14.9285
550 15.02172
551 14.92501
552 15.01134
553 14.91306
554 15.00565
555 14.9238
556 15.01617
557 14.92694
558 15.01649
559 14.93159
560 15.03141
561 14.92818
562 15.03279
563 14.93772
564 15.02444
565 14.92577
566 15.02134
567 14.92732
568 15.02244
569 14.91817
570 15.01057
571 14.93562
572 15.01052
573 14.91357
574 14.99552
575 14.90863
576 14.99612
577 14.90878
578 14.98682
579 14.90448
580 14.98543
581 14.91155
582 14.9884
583 14.90255
584 14.99177
585 14.89731
586 14.98063
587 14.92159
588 15.00974
589 14.92895
590 15.02407
591 14.94872
592 15.03148
593 14.95093
594 15.03403
595 14.96121
596 15.0452
597 14.97434
598 15.04653
599 14.98208
600 15.07293
601 14.99564
602 15.08934
603 15.00552
604 15.09343
605 15.00912
606 15.08177
607 15.0068
608 15.08976
609 14.99375
610 15.0824
611 15.00705
612 15.08459
613 14.99497
614 15.0773
615 14.99299
616 15.08043
617 14.99229
618 15.06345
619 14.99012
620 15.06479
621 14.97745
622 15.05003
623 14.96416
624 15.04834
625 14.94997
626 15.02893
627 14.95332
628 15.03131
629 14.94982
630 15.01919
631 14.93637
632 15.02205
633 14.92951
634 15.00131
635 14.91797
636 14.99259
637 14.90186
638 14.9719
639 14.88582
640 14.9655
641 14.87569
642 14.95933
643 14.87627
644 14.94606
645 14.85581
646 14.93205
647 14.85332
648 14.94154
649 14.85247
650 14.93823
651 14.86895
652 14.95273
653 14.87698
654 14.96194
655 14.89425
656 14.98432
657 14.90491
658 14.99529
659 14.93262
660 15.02758
661 14.94788
662 15.03874
663 14.97326
664 15.06943
665 14.99146
666 15.08744
667 15.02086
668 15.09716
669 15.01721
670 15.09769
671 15.0249
672 15.11535
673 15.02579
674 15.10695
675 15.02208
676 15.10028
677 15.029
678 15.08597
679 15.01037
680 15.08882
681 15.00223
682 15.0798
683 14.9892
684 15.06823
685 14.97894
686 15.05221
687 14.97625
688 15.04855
689 14.96266
690 15.04829
691 14.96234
692 15.05343
693 14.96614
694 15.04542
695 14.96764
696 15.05556
697 14.96967
698 15.05921
699 14.97472
700 15.06271
701 14.98214
702 15.06675
703 14.97617
704 15.06471
705 14.97381
706 15.07028
707 14.98219
708 15.06716
709 14.96685
710 15.05806
711 14.96824
712 15.06895
713 14.97247
714 15.05256
715 14.96127
716 15.06153
717 14.962
718 15.03573
719 14.9456
720 15.04521
721 14.95389
722 15.049
723 14.95788
724 15.05413
725 14.95859
726 15.0454
727 14.95018
728 15.05067
729 14.95407
730 15.04257
731 14.94897
732 15.0532
733 14.93851
734 15.0321
735 14.92995
736 15.02667
737 14.92272
738 15.00544
739 14.91028
740 14.99881
741 14.90641
742 14.99795
743 14.89078
744 14.98662
745 14.89648
746 14.97886
747 14.89936
748 14.99557
749 14.89942
750 14.9864
751 14.90465
752 14.99829
753 14.90064
754 14.9876
755 14.91623
756 15.00854
757 14.92502
758 15.03039
759 14.95029
760 15.03419
761 14.96142
762 15.05096
763 14.96894
764 15.05807
765 14.96963
766 15.05988
767 14.97769
768 15.06905
769 14.96982
770 15.05667
771 14.9824
772 15.05857
773 14.96436
774 15.05099
775 14.96705
776 15.06002
777 14.96664
778 15.04907
779 14.95669
780 15.04149
781 14.96155
782 15.03948
783 14.95105
784 15.04124
785 14.94982
786 15.03839
787 14.95378
788 15.04355
789 14.95381
790 15.0382
791 14.95022
792 15.03434
793 14.93178
794 15.01803
795 14.93952
796 15.01755
797 14.92764
798 15.00547
799 14.92195
800 15.0088
801 14.90491
802 14.98958
803 14.90364
804 14.97188
805 14.88645
806 14.97999
807 14.88429
808 14.97326
809 14.88139
810 14.96681
811 14.88054
812 14.96782
813 14.88092
814 14.96117
815 14.87879
816 14.96756
817 14.87492
818 14.96238
819 14.87994
820 14.96363
821 14.88274
822 14.97244
823 14.88801
824 14.97886
825 14.88856
826 14.96241
827 14.87696
828 14.96116
829 14.88099
830 14.96716
831 14.87253
832 14.95435
833 14.8649
834 14.94488
835 14.85816
836 14.94338
837 14.85936
838 14.94041
839 14.85522
840 14.93888
841 14.8397
842 14.92529
843 14.84291
844 14.91746
845 14.84056
846 14.9225
847 14.84453
848 14.93284
849 14.85118
850 14.94257
851 14.85712
852 14.93736
853 14.85481
854 14.93466
855 14.85505
856 14.94147
857 14.85749
858 14.94016
859 14.86116
860 14.94015
861 14.85271
862 14.93505
863 14.85614
864 14.93536
865 14.85052
866 14.92977
867 14.85099
868 14.93416
869 14.8463
870 14.92298
871 14.83805
872 14.92493
873 14.83047
874 14.91261
875 14.83351
876 14.91343
877 14.82431
878 14.90153
879 14.82747
880 14.90688
881 14.81839
882 14.9012
883 14.81761
884 14.90251
885 14.81955
886 14.89705
887 14.81623
888 14.89913
889 14.80612
890 14.89284
891 14.80926
892 14.89307
893 14.796
894 14.8749
895 14.80303
896 14.87095
897 14.77846
898 14.85717
899 14.77338
900 14.84639
901 14.76307
902 14.84233
903 14.75307
904 14.83334
905 14.7484
906 14.81609
907 14.73501
908 14.81284
909 14.72597
910 14.80176
911 14.73496
912 14.81354
913 14.7236
914 14.80655
915 14.7442
916 14.80953
917 14.73886
918 14.8225
919 14.75359
920 14.83461
921 14.75084
922 14.83863
923 14.75422
924 14.83014
925 14.75712
926 14.84333
927 14.75176
928 14.83159
929 14.75962
930 14.84089
931 14.7669
932 14.8366
933 14.75041
934 14.81801
935 14.74705
936 14.81808
937 14.73415
938 14.80233
939 14.73928
940 14.81401
941 14.7269
942 14.79584
943 14.72266
944 14.8072
945 14.72793
946 14.80135
947 14.73695
948 14.82712
949 14.74071
950 14.82865
951 14.75292
952 14.84602
953 14.76307
954 14.84276
955 14.78386
956 14.86555
957 14.78672
958 14.87257
959 14.79446
960 14.87773
961 14.8
962 14.87438
963 14.80128
964 14.88837
965 14.8025
966 14.88105
967 14.79216
968 14.87079
969 14.78118
970 14.85364
971 14.78609
972 14.85996
973 14.76795
974 14.85649
975 14.77023
976 14.85822
977 14.76576
978 14.84218
979 14.77033
980 14.84845
981 14.75947
982 14.85048
983 14.76265
984 14.84618
985 14.76864
986 14.85569
987 14.78382
988 14.86866
989 14.78205
990 14.86343
991 14.78832
992 14.8898
993 14.79743
994 14.88924
995 14.80802
996 14.89338
997 14.80075
998 14.88993
999 14.81015
1000 14.89611
