"left_fin_lift"
"Iteration" "left_fin_lift"
("Iteration" "left_fin_lift")
1 -0.08364337
2 -0.05707199
3 -0.05070107
4 -0.0579734
5 -0.0235033
6 -0.0001489795
7 0.00921221
8 0.01392551
9 0.0163031
10 0.01745486
11 0.02692308
12 0.03208882
13 0.04476226
14 0.05017294
15 0.05993802
16 0.06263894
17 0.06988485
18 0.07116573
19 0.07656138
20 0.07850294
21 0.08345331
22 0.0854203
23 0.09094608
24 0.09249473
25 0.09588778
26 0.09660324
27 0.1000477
28 0.09983395
29 0.1039235
30 0.1034473
31 0.1065403
32 0.1076991
33 0.110193
34 0.1104644
35 0.1130922
36 0.1122613
37 0.1142088
38 0.1146729
39 0.116037
40 0.115708
41 0.1166904
42 0.1168661
43 0.1177008
44 0.1181205
45 0.1188714
46 0.1193259
47 0.1219076
48 0.1226729
49 0.1251903
50 0.1263942
51 0.1287119
52 0.1297795
53 0.1328927
54 0.133065
55 0.1365039
56 0.1374143
57 0.1399425
58 0.1399762
59 0.1426949
60 0.14294
61 0.145628
62 0.1441151
63 0.1441556
64 0.1421974
65 0.1408974
66 0.1382834
67 0.1374971
68 0.1357881
69 0.1356681
70 0.1334227
71 0.1344249
72 0.1333264
73 0.1334145
74 0.131845
75 0.1323615
76 0.1312206
77 0.1335564
78 0.1336454
79 0.1352677
80 0.1362316
81 0.1388908
82 0.1392562
83 0.1421156
84 0.1438565
85 0.1479567
86 0.1492474
87 0.1544091
88 0.1579901
89 0.1648534
90 0.1692266
91 0.1742523
92 0.1782406
93 0.184379
94 0.1896966
95 0.1972979
96 0.2009262
97 0.2066467
98 0.2118255
99 0.2179799
100 0.2233162
101 0.2295107
102 0.2331339
103 0.2385744
104 0.2420284
105 0.2457581
106 0.2481251
107 0.2526917
108 0.255385
109 0.2592322
110 0.2605816
111 0.2619935
112 0.261938
113 0.2610983
114 0.2584242
115 0.2572455
116 0.2534971
117 0.2498074
118 0.2457304
119 0.2413508
120 0.2371163
121 0.2311142
122 0.2221528
123 0.216276
124 0.208395
125 0.2014254
126 0.1930021
127 0.1871373
128 0.1779978
129 0.1711828
130 0.1616187
131 0.1563791
132 0.1497805
133 0.1464911
134 0.1418549
135 0.1388326
136 0.1340827
137 0.1308492
138 0.126357
139 0.1236061
140 0.1198096
141 0.118828
142 0.1160743
143 0.1150882
144 0.112112
145 0.1102089
146 0.1048758
147 0.1040132
148 0.1012143
149 0.09804074
150 0.09491878
151 0.09347962
152 0.0904382
153 0.08736478
154 0.08493555
155 0.08296745
156 0.08038103
157 0.07855888
158 0.0751144
159 0.07338214
160 0.07244172
161 0.07138219
162 0.06966433
163 0.06920034
164 0.06918939
165 0.06910398
166 0.07048533
167 0.07346264
168 0.07458504
169 0.07790487
170 0.07990985
171 0.08344373
172 0.08525824
173 0.08903514
174 0.09322856
175 0.09799464
176 0.1028762
177 0.1088437
178 0.113412
179 0.1190584
180 0.124253
181 0.1290814
182 0.131463
183 0.1345246
184 0.1362217
185 0.1383725
186 0.1393319
187 0.1405549
188 0.1419147
189 0.1426279
190 0.1432175
191 0.1441333
192 0.1456193
193 0.1466302
194 0.1466596
195 0.14716
196 0.1464853
197 0.1485179
198 0.1480849
199 0.148251
200 0.1474906
201 0.1479645
202 0.1463118
203 0.1456682
204 0.1450247
205 0.144648
206 0.1443707
207 0.1458776
208 0.1454076
209 0.145835
210 0.1445808
211 0.1460461
212 0.1472009
213 0.1489894
214 0.1492217
215 0.1513298
216 0.1519691
217 0.1536711
218 0.1556638
219 0.1581031
220 0.1595571
221 0.1611938
222 0.1612494
223 0.1624822
224 0.1616892
225 0.1622647
226 0.1620324
227 0.1632282
228 0.1618394
229 0.1622503
230 0.1599779
231 0.1596055
232 0.1583896
233 0.1574987
234 0.1546935
235 0.1538028
236 0.1515926
237 0.1505123
238 0.1474241
239 0.1452128
240 0.1422584
241 0.1411876
242 0.1386287
243 0.137315
244 0.135126
245 0.1341391
246 0.1325538
247 0.1313799
248 0.1301964
249 0.1310574
250 0.1304167
251 0.1308562
252 0.1293104
253 0.1296836
254 0.1282846
255 0.128324
256 0.1272189
257 0.1273516
258 0.1279493
259 0.1295234
260 0.1297596
261 0.1321922
262 0.1331469
263 0.1348598
264 0.136048
265 0.138562
266 0.1405632
267 0.1432343
268 0.1466527
269 0.1508875
270 0.1550799
271 0.1580516
272 0.1607693
273 0.1641069
274 0.1658476
275 0.1679113
276 0.1687128
277 0.1701995
278 0.1721501
279 0.1738725
280 0.1753801
281 0.1769196
282 0.1776342
283 0.1783885
284 0.1788622
285 0.17994
286 0.1800981
287 0.180064
288 0.1795675
289 0.1788142
290 0.1779837
291 0.1765013
292 0.175109
293 0.1728843
294 0.1707221
295 0.1678164
296 0.1647687
297 0.1624387
298 0.1594757
299 0.1567114
300 0.1534089
301 0.1510034
302 0.1480862
303 0.1454931
304 0.1431677
305 0.1405079
306 0.1380108
307 0.1356137
308 0.1332393
309 0.1311089
310 0.1287619
311 0.1273105
312 0.1253113
313 0.1245726
314 0.1230273
315 0.122157
316 0.121395
317 0.1216436
318 0.1206079
319 0.120751
320 0.1201812
321 0.1201538
322 0.1195884
323 0.1194986
324 0.1192333
325 0.1196276
326 0.1190508
327 0.1194902
328 0.1190004
329 0.1190852
330 0.1184556
331 0.1183062
332 0.1176465
333 0.1176396
334 0.1172818
335 0.1171936
336 0.116548
337 0.1161096
338 0.1156055
339 0.1155442
340 0.1147695
341 0.1145281
342 0.1133158
343 0.113436
344 0.1124622
345 0.1125595
346 0.1118368
347 0.1116068
348 0.1107963
349 0.1108429
350 0.1105943
351 0.1108965
352 0.110628
353 0.1110838
354 0.1113212
355 0.1117338
356 0.1120995
357 0.1127316
358 0.1129611
359 0.1137036
360 0.1140606
361 0.1147828
362 0.1154508
363 0.1164237
364 0.1171191
365 0.1179813
366 0.1183304
367 0.1192095
368 0.1194607
369 0.1201758
370 0.120139
371 0.1205309
372 0.1204099
373 0.1207253
374 0.1199987
375 0.120655
376 0.1200788
377 0.1201876
378 0.1196876
379 0.1201453
380 0.1200889
381 0.1202103
382 0.1200871
383 0.1203496
384 0.1203467
385 0.1207145
386 0.1208276
387 0.1210951
388 0.1210761
389 0.1212535
390 0.1209733
391 0.1211358
392 0.1209891
393 0.1212589
394 0.1210971
395 0.1215591
396 0.1213312
397 0.1213692
398 0.1209612
399 0.1213612
400 0.1209887
401 0.1211719
402 0.1209334
403 0.1212012
404 0.1208091
405 0.1206437
406 0.1203951
407 0.1203824
408 0.1204918
409 0.1207517
410 0.1205286
411 0.1207365
412 0.1205932
413 0.1209835
414 0.1208559
415 0.1212536
416 0.1215098
417 0.1220252
418 0.1220517
419 0.1224337
420 0.1225056
421 0.1230937
422 0.1234753
423 0.1242528
424 0.1245874
425 0.125484
426 0.1258842
427 0.1265948
428 0.1267768
429 0.1277468
430 0.1282222
431 0.1290262
432 0.1296146
433 0.1304527
434 0.1306758
435 0.1311995
436 0.1316006
437 0.1321866
438 0.1324572
439 0.1331764
440 0.1331859
441 0.1336255
442 0.1338615
443 0.1342178
444 0.1340553
445 0.1343564
446 0.1337917
447 0.1338279
448 0.1332118
449 0.1332099
450 0.1325734
451 0.1325462
452 0.1319666
453 0.1319504
454 0.1314718
455 0.1315333
456 0.1310635
457 0.1308704
458 0.1304434
459 0.1304268
460 0.1299385
461 0.1299743
462 0.1296532
463 0.1300188
464 0.1298228
465 0.1301554
466 0.1301471
467 0.130712
468 0.130507
469 0.1308235
470 0.1306761
471 0.1313859
472 0.1312612
473 0.1316333
474 0.1315846
475 0.1320491
476 0.1320902
477 0.1326604
478 0.1326185
479 0.1331557
480 0.1331859
481 0.1335098
482 0.1334565
483 0.1340983
484 0.1340127
485 0.1344993
486 0.134707
487 0.1353602
488 0.1356337
489 0.1363686
490 0.1364083
491 0.1373473
492 0.1372384
493 0.1377115
494 0.1375034
495 0.1379497
496 0.1378931
497 0.1380621
498 0.1376909
499 0.137757
500 0.1370181
501 0.1371212
502 0.136088
503 0.1358913
504 0.1351684
505 0.1350318
506 0.1339696
507 0.1338288
508 0.1326777
509 0.1323061
510 0.1310619
511 0.130697
512 0.1294982
513 0.1292272
514 0.1283133
515 0.1281384
516 0.1274801
517 0.1270711
518 0.1264493
519 0.1262149
520 0.1259421
521 0.1258275
522 0.1255874
523 0.1260172
524 0.1257745
525 0.1262421
526 0.1261518
527 0.1266226
528 0.1266066
529 0.1271055
530 0.1269481
531 0.1271499
532 0.12694
533 0.1274533
534 0.1272914
535 0.1273279
536 0.1268577
537 0.1269123
538 0.1264047
539 0.1263187
540 0.1260688
541 0.1259645
542 0.125399
543 0.1251811
544 0.1245338
545 0.1243205
546 0.1236074
547 0.1234406
548 0.1227535
549 0.1226465
550 0.1220574
551 0.1220278
552 0.1215855
553 0.1219077
554 0.1214398
555 0.1215233
556 0.121299
557 0.1215671
558 0.1213437
559 0.121431
560 0.1212912
561 0.1213458
562 0.1211538
563 0.121328
564 0.121076
565 0.1213533
566 0.1209709
567 0.1212147
568 0.1207847
569 0.1208381
570 0.1204066
571 0.1207197
572 0.1201446
573 0.1199703
574 0.1193823
575 0.1194941
576 0.1190183
577 0.1190774
578 0.1187974
579 0.1190555
580 0.1189087
581 0.1190972
582 0.1190347
583 0.1193801
584 0.1193961
585 0.1198094
586 0.1199491
587 0.1205289
588 0.1208822
589 0.1215705
590 0.1217257
591 0.1225252
592 0.122902
593 0.1235949
594 0.123916
595 0.1246224
596 0.1248109
597 0.125518
598 0.1255578
599 0.1259932
600 0.1260477
601 0.126226
602 0.1259909
603 0.1260922
604 0.1257882
605 0.1257655
606 0.1252791
607 0.1253968
608 0.1248145
609 0.124569
610 0.1239479
611 0.1238313
612 0.1228646
613 0.1225679
614 0.1218915
615 0.1219015
616 0.1212316
617 0.1211958
618 0.1206314
619 0.1206833
620 0.1202428
621 0.1201799
622 0.1197875
623 0.1198774
624 0.1195961
625 0.1198062
626 0.1195677
627 0.1199254
628 0.1197794
629 0.1202128
630 0.1200944
631 0.120463
632 0.1205379
633 0.1209814
634 0.1209887
635 0.121483
636 0.1214544
637 0.1217556
638 0.1215511
639 0.1219164
640 0.1218012
641 0.1219855
642 0.1220132
643 0.1222916
644 0.1223548
645 0.1227338
646 0.1228749
647 0.1234408
648 0.1236556
649 0.1244333
650 0.1247509
651 0.1254939
652 0.1259464
653 0.1270455
654 0.1274043
655 0.128174
656 0.1285393
657 0.1295751
658 0.1299231
659 0.130577
660 0.1308901
661 0.131693
662 0.1318909
663 0.1323638
664 0.1325421
665 0.1329832
666 0.1330742
667 0.1334523
668 0.133171
669 0.1334994
670 0.1331755
671 0.133224
672 0.1327616
673 0.1327838
674 0.1320808
675 0.1318669
676 0.1312083
677 0.1312409
678 0.1304935
679 0.1303945
680 0.1298318
681 0.1298112
682 0.1293652
683 0.1292568
684 0.1290793
685 0.1290918
686 0.1288677
687 0.1290243
688 0.1289504
689 0.1293001
690 0.1294092
691 0.1300744
692 0.1303968
693 0.1312308
694 0.1315885
695 0.1326512
696 0.1330908
697 0.133768
698 0.1340849
699 0.1350885
700 0.1351314
701 0.1357069
702 0.1358025
703 0.1364734
704 0.1365742
705 0.1370645
706 0.137024
707 0.1374488
708 0.1371782
709 0.1374369
710 0.1369807
711 0.1373396
712 0.1368625
713 0.1369541
714 0.13651
715 0.1366446
716 0.1362861
717 0.1363283
718 0.1357751
719 0.1359359
720 0.1355126
721 0.1355174
722 0.1350866
723 0.1351526
724 0.1347396
725 0.1346325
726 0.1342879
727 0.134402
728 0.1339366
729 0.1338286
730 0.1336015
731 0.1337161
732 0.1334338
733 0.1333651
734 0.1326571
735 0.1325121
736 0.1319102
737 0.1319363
738 0.1312111
739 0.1310239
740 0.1304085
741 0.1306895
742 0.1300198
743 0.1300675
744 0.1293793
745 0.1296219
746 0.1289553
747 0.1290304
748 0.1285538
749 0.1289617
750 0.1285728
751 0.1289783
752 0.1287584
753 0.1292915
754 0.1291563
755 0.1294951
756 0.1297115
757 0.130045
758 0.1302905
759 0.130817
760 0.130981
761 0.1314421
762 0.1316677
763 0.1321676
764 0.1321635
765 0.1325303
766 0.1322898
767 0.1325
768 0.1322632
769 0.1324638
770 0.1321368
771 0.1325877
772 0.1322812
773 0.1324452
774 0.1320653
775 0.1325305
776 0.1321924
777 0.1322822
778 0.1319807
779 0.1322736
780 0.1321255
781 0.1322871
782 0.132209
783 0.1325551
784 0.1326744
785 0.1330799
786 0.1330023
787 0.1334794
788 0.133558
789 0.1340449
790 0.1339926
791 0.1345365
792 0.134421
793 0.134815
794 0.1343888
795 0.1349334
796 0.1346499
797 0.1348267
798 0.1343367
799 0.1343071
800 0.1336393
801 0.1334684
802 0.1330683
803 0.1329543
804 0.1323944
805 0.1323648
806 0.1318933
807 0.1317953
808 0.1313874
809 0.1315452
810 0.13116
811 0.131189
812 0.1308852
813 0.1311803
814 0.1308732
815 0.1309891
816 0.1307952
817 0.1312817
818 0.1311109
819 0.1315676
820 0.1315832
821 0.1322983
822 0.1324129
823 0.132936
824 0.1327757
825 0.1331086
826 0.1330314
827 0.1332136
828 0.1331649
829 0.1334998
830 0.1331906
831 0.1332309
832 0.1331342
833 0.1334271
834 0.1332806
835 0.1333385
836 0.1329355
837 0.1330808
838 0.1326533
839 0.1326732
840 0.1323024
841 0.1324804
842 0.1322382
843 0.1323529
844 0.1322494
845 0.1323305
846 0.1323389
847 0.1325155
848 0.1324382
849 0.1328312
850 0.1328131
851 0.1332101
852 0.1332893
853 0.1334808
854 0.1332662
855 0.1336965
856 0.1334857
857 0.1335162
858 0.1330637
859 0.1334278
860 0.1329814
861 0.1329052
862 0.1323316
863 0.1322246
864 0.1317485
865 0.1314949
866 0.1310606
867 0.1309232
868 0.1305957
869 0.1305854
870 0.1300321
871 0.129975
872 0.1294475
873 0.1294127
874 0.1289578
875 0.1291629
876 0.1287979
877 0.129003
878 0.12862
879 0.1289978
880 0.1287133
881 0.1289008
882 0.1286402
883 0.1290775
884 0.1288761
885 0.1291367
886 0.128846
887 0.1290875
888 0.1288018
889 0.1288687
890 0.1284103
891 0.1284502
892 0.127931
893 0.1277435
894 0.1271054
895 0.1268931
896 0.1261441
897 0.1258888
898 0.1251199
899 0.1249169
900 0.124126
901 0.1238312
902 0.1228972
903 0.1226074
904 0.1217369
905 0.121295
906 0.1205939
907 0.1203192
908 0.119752
909 0.1197072
910 0.1192599
911 0.119469
912 0.1191474
913 0.1195279
914 0.1193161
915 0.1199772
916 0.120008
917 0.1204208
918 0.1205229
919 0.1214129
920 0.1212744
921 0.1218248
922 0.1218606
923 0.1224369
924 0.1224691
925 0.1229171
926 0.122954
927 0.1234051
928 0.1233363
929 0.1237709
930 0.1236645
931 0.1238572
932 0.1236643
933 0.1238379
934 0.123575
935 0.123914
936 0.1239122
937 0.1241484
938 0.1237761
939 0.1241469
940 0.1240149
941 0.1242513
942 0.1241234
943 0.1246296
944 0.1247354
945 0.1252066
946 0.1255091
947 0.1261132
948 0.1263642
949 0.1270386
950 0.1273628
951 0.1281468
952 0.1286173
953 0.1293569
954 0.1296302
955 0.1305962
956 0.1309169
957 0.1316386
958 0.1319326
959 0.1327287
960 0.1327809
961 0.133199
962 0.132997
963 0.1333545
964 0.133153
965 0.1332098
966 0.1329533
967 0.132852
968 0.1322359
969 0.1322027
970 0.1314193
971 0.1313394
972 0.1307187
973 0.130696
974 0.1300405
975 0.1301706
976 0.1295581
977 0.1295497
978 0.1290282
979 0.1293898
980 0.129071
981 0.1294712
982 0.1289962
983 0.1295923
984 0.1293262
985 0.1300697
986 0.1300143
987 0.1308625
988 0.1311065
989 0.1318628
990 0.1322344
991 0.1330605
992 0.1336075
993 0.1343208
994 0.1346309
995 0.1351016
996 0.1350962
997 0.135774
998 0.1358772
999 0.1366104
1000 0.136838
