"front_frame_moment"
"Iteration" "front_frame_moment"
("Iteration" "front_frame_moment")
1 -2.731724e-05
2 -1.626911e-05
3 -4.918993e-06
4 4.858489e-06
5 3.325563e-06
6 2.012183e-06
7 1.116773e-06
8 1.591271e-06
9 3.352169e-06
10 3.683319e-06
11 3.851115e-06
12 4.148706e-06
13 4.793769e-06
14 5.78552e-06
15 7.089376e-06
16 8.286233e-06
17 9.004725e-06
18 9.405237e-06
19 9.348591e-06
20 9.033581e-06
21 8.378108e-06
22 7.461583e-06
23 6.781073e-06
24 6.606192e-06
25 7.503289e-06
26 8.258313e-06
27 8.630164e-06
28 8.937471e-06
29 8.825958e-06
30 8.822898e-06
31 9.040651e-06
32 9.098339e-06
33 9.121697e-06
34 8.980245e-06
35 8.627077e-06
36 8.088055e-06
37 7.53939e-06
38 6.947335e-06
39 6.262718e-06
40 5.551195e-06
41 4.871596e-06
42 4.32144e-06
43 3.658526e-06
44 3.203518e-06
45 2.709524e-06
46 2.394255e-06
47 2.030228e-06
48 1.659365e-06
49 1.393474e-06
50 1.12233e-06
51 7.945384e-07
52 4.930807e-07
53 2.179944e-07
54 -3.201541e-08
55 -2.128814e-07
56 -3.113816e-07
57 -3.264002e-07
58 -1.989796e-07
59 6.048651e-08
60 4.550988e-07
61 1.012989e-06
62 1.679581e-06
63 2.488825e-06
64 3.424872e-06
65 4.509145e-06
66 5.678404e-06
67 6.882833e-06
68 8.188693e-06
69 9.553693e-06
70 1.105e-05
71 1.253282e-05
72 1.414269e-05
73 1.574312e-05
74 1.7426e-05
75 1.912218e-05
76 2.079364e-05
77 2.24256e-05
78 2.414585e-05
79 2.581614e-05
80 2.746151e-05
81 2.898045e-05
82 3.046904e-05
83 3.188105e-05
84 3.318561e-05
85 3.440447e-05
86 3.542568e-05
87 3.631994e-05
88 3.699018e-05
89 3.748466e-05
90 3.775433e-05
91 3.783096e-05
92 3.768742e-05
93 3.742469e-05
94 3.685687e-05
95 3.612438e-05
96 3.520847e-05
97 3.414962e-05
98 3.286082e-05
99 3.139967e-05
100 2.976774e-05
101 2.800243e-05
102 2.609511e-05
103 2.41354e-05
104 2.201965e-05
105 1.98731e-05
106 1.761613e-05
107 1.535552e-05
108 1.310044e-05
109 1.086342e-05
110 8.625225e-06
111 6.244349e-06
112 4.030397e-06
113 1.775352e-06
114 -3.914006e-07
115 -2.475441e-06
116 -4.597047e-06
117 -6.600929e-06
118 -8.641867e-06
119 -1.058178e-05
120 -1.23781e-05
121 -1.419677e-05
122 -1.579342e-05
123 -1.740076e-05
124 -1.856548e-05
125 -2.001943e-05
126 -2.108224e-05
127 -2.202737e-05
128 -2.272373e-05
129 -2.36501e-05
130 -2.394029e-05
131 -2.428614e-05
132 -2.436128e-05
133 -2.45297e-05
134 -2.413803e-05
135 -2.400647e-05
136 -2.366787e-05
137 -2.320854e-05
138 -2.239011e-05
139 -2.172983e-05
140 -2.121867e-05
141 -2.036574e-05
142 -1.9609e-05
143 -1.886368e-05
144 -1.769644e-05
145 -1.638883e-05
146 -1.496273e-05
147 -1.35026e-05
148 -1.175208e-05
149 -9.981942e-06
150 -7.86384e-06
151 -5.530641e-06
152 -3.008241e-06
153 -1.62468e-07
154 3.061356e-06
155 6.465475e-06
156 1.02616e-05
157 1.435131e-05
158 1.871216e-05
159 2.310726e-05
160 2.766303e-05
161 3.211055e-05
162 3.670633e-05
163 4.0937e-05
164 4.495853e-05
165 4.835484e-05
166 5.101621e-05
167 5.289038e-05
168 5.387565e-05
169 5.353193e-05
170 5.257081e-05
171 5.088376e-05
172 4.886061e-05
173 4.592984e-05
174 4.331758e-05
175 4.042871e-05
176 3.758604e-05
177 3.490677e-05
178 3.18957e-05
179 2.865218e-05
180 2.548833e-05
181 2.263152e-05
182 1.980309e-05
183 1.703208e-05
184 1.431986e-05
185 1.190062e-05
186 9.665222e-06
187 7.492052e-06
188 5.539122e-06
189 3.751012e-06
190 2.162491e-06
191 6.679822e-07
192 -8.077749e-07
193 -2.362618e-06
194 -3.922125e-06
195 -5.487757e-06
196 -7.108413e-06
197 -8.572464e-06
198 -9.965008e-06
199 -1.107671e-05
200 -1.173264e-05
201 -1.196812e-05
202 -1.172394e-05
203 -1.099863e-05
204 -9.851291e-06
205 -8.532974e-06
206 -7.030956e-06
207 -5.443119e-06
208 -3.928249e-06
209 -2.634749e-06
210 -1.5502e-06
211 -3.48932e-07
212 5.280335e-07
213 1.212999e-06
214 1.494866e-06
215 1.591103e-06
216 1.652901e-06
217 1.577841e-06
218 1.544839e-06
219 1.564791e-06
220 1.378229e-06
221 8.400878e-07
222 8.154012e-08
223 -6.548526e-07
224 -1.239362e-06
225 -1.779953e-06
226 -2.255944e-06
227 -2.68346e-06
228 -3.025383e-06
229 -3.003061e-06
230 -2.79518e-06
231 -2.528784e-06
232 -2.208547e-06
233 -2.040435e-06
234 -2.030612e-06
235 -2.217626e-06
236 -2.609402e-06
237 -2.876799e-06
238 -3.244849e-06
239 -3.483754e-06
240 -3.677321e-06
241 -3.651976e-06
242 -3.540378e-06
243 -3.182927e-06
244 -2.915499e-06
245 -2.449023e-06
246 -1.975893e-06
247 -1.446669e-06
248 -1.069699e-06
249 -8.399352e-07
250 -6.976084e-07
251 -6.269887e-07
252 -6.811483e-07
253 -8.226555e-07
254 -1.06741e-06
255 -1.1633e-06
256 -1.455843e-06
257 -1.633926e-06
258 -1.769349e-06
259 -1.869833e-06
260 -2.067914e-06
261 -2.192171e-06
262 -2.296895e-06
263 -2.35357e-06
264 -2.355321e-06
265 -2.409972e-06
266 -2.44103e-06
267 -2.537274e-06
268 -2.560334e-06
269 -2.591486e-06
270 -2.585953e-06
271 -2.632574e-06
272 -2.600123e-06
273 -2.56722e-06
274 -2.479356e-06
275 -2.370127e-06
276 -2.172641e-06
277 -1.983481e-06
278 -1.736145e-06
279 -1.438744e-06
280 -1.078947e-06
281 -7.724327e-07
282 -4.498661e-07
283 -1.921562e-07
284 5.589254e-08
285 2.29956e-07
286 3.284614e-07
287 4.571905e-07
288 5.110693e-07
289 5.976779e-07
290 6.586878e-07
291 7.266917e-07
292 7.994589e-07
293 8.242191e-07
294 8.491852e-07
295 8.545694e-07
296 8.923076e-07
297 9.409613e-07
298 9.523507e-07
299 1.002903e-06
300 1.01042e-06
301 1.022175e-06
302 1.050006e-06
303 1.059753e-06
304 1.073413e-06
305 1.07598e-06
306 1.069537e-06
307 1.074218e-06
308 9.596007e-07
309 8.622562e-07
310 7.576332e-07
311 6.293806e-07
312 4.089495e-07
313 2.324658e-07
314 -2.176489e-08
315 -2.834304e-07
316 -5.215306e-07
317 -7.085182e-07
318 -9.774278e-07
319 -1.045818e-06
320 -1.11401e-06
321 -1.108376e-06
322 -1.076994e-06
323 -9.807203e-07
324 -8.837285e-07
325 -7.224409e-07
326 -5.49024e-07
327 -2.988713e-07
328 -1.020846e-07
329 1.765509e-07
330 3.931293e-07
331 6.802753e-07
332 8.634312e-07
333 1.2002e-06
334 1.411594e-06
335 1.732791e-06
336 1.950126e-06
337 2.250299e-06
338 2.485677e-06
339 2.771405e-06
340 3.003855e-06
341 3.235704e-06
342 3.448344e-06
343 3.66273e-06
344 3.835044e-06
345 4.019292e-06
346 4.166703e-06
347 4.322272e-06
348 4.447359e-06
349 4.543921e-06
350 4.606572e-06
351 4.671001e-06
352 4.689392e-06
353 4.675188e-06
354 4.695703e-06
355 4.64812e-06
356 4.665313e-06
357 4.60645e-06
358 4.573368e-06
359 4.484255e-06
360 4.370193e-06
361 4.238103e-06
362 4.071991e-06
363 3.885883e-06
364 3.674855e-06
365 3.485157e-06
366 3.2526e-06
367 3.030943e-06
368 2.776883e-06
369 2.549448e-06
370 2.273266e-06
371 2.004962e-06
372 1.70538e-06
373 1.44341e-06
374 1.146436e-06
375 8.773163e-07
376 5.884932e-07
377 3.338362e-07
378 7.093416e-08
379 -1.475118e-07
380 -3.871814e-07
381 -5.811762e-07
382 -7.826879e-07
383 -9.218289e-07
384 -1.088406e-06
385 -1.178253e-06
386 -1.298659e-06
387 -1.334704e-06
388 -1.407538e-06
389 -1.404068e-06
390 -1.416623e-06
391 -1.359851e-06
392 -1.313823e-06
393 -1.211094e-06
394 -1.139024e-06
395 -1.007984e-06
396 -9.025035e-07
397 -7.446899e-07
398 -6.205057e-07
399 -4.38598e-07
400 -2.917367e-07
401 -1.227748e-07
402 1.843267e-08
403 2.052615e-07
404 3.643297e-07
405 5.304818e-07
406 6.71057e-07
407 8.169716e-07
408 9.516351e-07
409 1.088143e-06
410 1.218249e-06
411 1.344753e-06
412 1.458679e-06
413 1.560752e-06
414 1.660947e-06
415 1.735896e-06
416 1.78049e-06
417 1.816154e-06
418 1.830861e-06
419 1.838206e-06
420 1.818009e-06
421 1.794336e-06
422 1.737105e-06
423 1.687194e-06
424 1.61433e-06
425 1.528678e-06
426 1.426685e-06
427 1.32877e-06
428 1.218956e-06
429 1.09827e-06
430 9.771005e-07
431 8.449114e-07
432 7.138381e-07
433 5.753265e-07
434 4.314172e-07
435 2.941956e-07
436 1.611572e-07
437 3.091864e-08
438 -9.526821e-08
439 -2.025516e-07
440 -3.112194e-07
441 -3.990001e-07
442 -4.906053e-07
443 -5.540378e-07
444 -6.273532e-07
445 -6.675454e-07
446 -7.265014e-07
447 -7.434284e-07
448 -7.781358e-07
449 -7.741465e-07
450 -7.793945e-07
451 -7.650085e-07
452 -7.472291e-07
453 -6.791804e-07
454 -6.751822e-07
455 -6.091888e-07
456 -5.582897e-07
457 -5.040354e-07
458 -4.450823e-07
459 -3.579333e-07
460 -2.987444e-07
461 -2.204253e-07
462 -1.533606e-07
463 -7.29504e-08
464 -4.331469e-10
465 8.366322e-08
466 1.479762e-07
467 2.252652e-07
468 2.83147e-07
469 3.565096e-07
470 4.142326e-07
471 4.742689e-07
472 5.246875e-07
473 5.834214e-07
474 6.32275e-07
475 6.926243e-07
476 7.349835e-07
477 7.931582e-07
478 8.389577e-07
479 8.940573e-07
480 9.352403e-07
481 9.880125e-07
482 1.026094e-06
483 1.07748e-06
484 1.118628e-06
485 1.168155e-06
486 1.209919e-06
487 1.254042e-06
488 1.299251e-06
489 1.34661e-06
490 1.388317e-06
491 1.434498e-06
