"left_tank_moment"
"Iteration" "left_tank_moment"
("Iteration" "left_tank_moment")
1 -0.04460863
2 0.03858382
3 0.05081996
4 0.05535908
5 0.04829714
6 0.04829451
7 0.04992901
8 0.057219
9 0.06572515
10 0.07325149
11 0.0796519
12 0.08418994
13 0.08587505
14 0.08544198
15 0.08265732
16 0.07908586
17 0.07497336
18 0.07211146
19 0.0695359
20 0.06696668
21 0.0650745
22 0.0636176
23 0.06299354
24 0.06226465
25 0.06233187
26 0.0628984
27 0.06318723
28 0.06471187
29 0.06524421
30 0.06640067
31 0.06634114
32 0.06577668
33 0.06454366
34 0.06243122
35 0.0607534
36 0.05869498
37 0.05684853
38 0.05679803
39 0.05564315
40 0.05663751
41 0.05628343
42 0.05712821
43 0.05709826
44 0.05845977
45 0.05957817
46 0.05992866
47 0.06026635
48 0.05912719
49 0.05871943
50 0.05723948
51 0.05594887
52 0.05409281
53 0.05295631
54 0.05284344
55 0.04966891
56 0.04839142
57 0.04723517
58 0.04601474
59 0.04453317
60 0.0431468
61 0.04165534
62 0.041951
63 0.04077222
64 0.03957035
65 0.0384815
66 0.0358806
67 0.0348862
68 0.03309902
69 0.03208119
70 0.03019562
71 0.0296296
72 0.02915765
73 0.02901688
74 0.03080492
75 0.02911552
76 0.02855458
77 0.02929549
78 0.02914007
79 0.02721807
80 0.02594872
81 0.02601127
82 0.0274568
83 0.02693721
84 0.02622924
85 0.02599143
86 0.02491517
87 0.02697162
88 0.02625329
89 0.02548471
90 0.0244872
91 0.02568456
92 0.02460925
93 0.02311253
94 0.02297911
95 0.02289737
96 0.02219255
97 0.02132561
98 0.01786323
99 0.01534588
100 0.01305355
101 0.01105325
102 0.009638354
103 0.006633573
104 0.002689895
105 -3.507547e-05
106 -0.002336521
107 -0.004408775
108 -0.003051191
109 -0.002038051
110 0.003197599
111 0.008024138
112 0.009751731
113 0.01352157
114 0.01744404
115 0.02153526
116 0.02807603
117 0.03694504
118 0.04561129
119 0.05371999
120 0.06266885
121 0.07205168
122 0.07949701
123 0.0855211
124 0.09624221
125 0.1050131
126 0.1094898
127 0.1103885
128 0.1108308
129 0.1117657
130 0.1113834
131 0.1088952
132 0.1060513
133 0.1004612
134 0.09078833
135 0.07526255
136 0.05706571
137 0.04330946
138 0.0300697
139 0.009012756
140 -0.01083961
141 -0.02895301
142 -0.05111936
143 -0.07089049
144 -0.08520678
145 -0.1002768
146 -0.1184257
147 -0.1336076
148 -0.1489132
149 -0.1615327
150 -0.176469
151 -0.1888924
152 -0.2045926
153 -0.2195118
154 -0.2317021
155 -0.2386517
156 -0.2449416
157 -0.2476237
158 -0.2499661
159 -0.2535981
160 -0.2550763
161 -0.254358
162 -0.2563178
163 -0.2556652
164 -0.2551705
165 -0.2535943
166 -0.2522904
167 -0.2497726
168 -0.2479591
169 -0.246284
170 -0.2423379
171 -0.2401428
172 -0.2366974
173 -0.2329557
174 -0.2297893
175 -0.2272619
176 -0.224074
177 -0.2212182
178 -0.2195588
179 -0.2197959
180 -0.2186476
181 -0.2184925
182 -0.2177971
183 -0.2157234
184 -0.214081
185 -0.210205
186 -0.2057768
187 -0.2014294
188 -0.196838
189 -0.1941272
190 -0.1892191
191 -0.186384
192 -0.1830798
193 -0.1805777
194 -0.1774032
195 -0.1741407
196 -0.1716869
197 -0.1683683
198 -0.1642943
199 -0.1608699
200 -0.1586426
201 -0.1552013
202 -0.1522112
203 -0.1491449
204 -0.1472703
205 -0.1448514
206 -0.141424
207 -0.1380739
208 -0.1345483
209 -0.1314901
210 -0.1291024
211 -0.126583
212 -0.1236316
213 -0.1213174
214 -0.1185898
215 -0.1160984
216 -0.1135679
217 -0.1099865
218 -0.1073204
219 -0.1043281
220 -0.1023196
221 -0.1011212
222 -0.1001828
223 -0.09926814
224 -0.09827554
225 -0.09743171
226 -0.0970491
227 -0.09663664
228 -0.0962054
229 -0.09556625
230 -0.09509422
231 -0.09462504
232 -0.09445555
233 -0.0941332
234 -0.09378126
235 -0.0935533
236 -0.09352934
237 -0.09371183
238 -0.09438782
239 -0.09500993
240 -0.09543629
241 -0.0959478
242 -0.09642117
243 -0.09722835
244 -0.09766365
245 -0.09829207
246 -0.0988426
247 -0.09981757
248 -0.1002478
249 -0.10107
250 -0.101815
251 -0.102467
252 -0.103128
253 -0.1037471
254 -0.1042717
255 -0.1048023
256 -0.1055504
257 -0.1062742
258 -0.1067096
259 -0.1073787
260 -0.1077451
261 -0.108189
262 -0.108699
263 -0.108836
264 -0.1088389
265 -0.1089172
266 -0.108396
267 -0.108324
268 -0.1080138
269 -0.1074988
270 -0.1070931
271 -0.1070077
272 -0.1068259
273 -0.1065444
274 -0.1061809
275 -0.1058267
276 -0.1052705
277 -0.1048342
278 -0.1041538
279 -0.103481
280 -0.1027755
281 -0.1023162
282 -0.1016433
283 -0.1010246
284 -0.1002341
285 -0.09951809
286 -0.09873834
287 -0.09807653
288 -0.09734719
289 -0.09661457
290 -0.09602314
291 -0.09553788
292 -0.09519327
293 -0.09485689
294 -0.09429639
295 -0.09420845
296 -0.0940344
297 -0.09381074
298 -0.09363917
299 -0.09324511
300 -0.09294851
301 -0.09239741
302 -0.09205875
303 -0.09154467
304 -0.09095184
305 -0.09032034
306 -0.08992332
307 -0.08935171
308 -0.0887261
309 -0.08826265
310 -0.08759727
311 -0.08686933
312 -0.08600521
313 -0.08502181
314 -0.08379482
315 -0.0826424
316 -0.08155246
317 -0.08041242
318 -0.079414
319 -0.07855399
320 -0.07746215
321 -0.07635968
322 -0.07519334
323 -0.07411838
324 -0.07309341
325 -0.07207193
326 -0.07120369
327 -0.07038568
328 -0.06942997
329 -0.06848653
330 -0.06759497
331 -0.0665352
332 -0.06578985
333 -0.06476916
334 -0.06399344
335 -0.06314687
336 -0.06243435
337 -0.06150708
338 -0.0608292
339 -0.06006276
340 -0.05943247
341 -0.05879454
342 -0.05820441
343 -0.05766739
344 -0.05720722
345 -0.05682127
346 -0.05635915
347 -0.05594855
348 -0.05572574
349 -0.05547179
350 -0.05523934
351 -0.05496606
352 -0.05482597
353 -0.05467151
354 -0.05459738
355 -0.05466818
356 -0.05479385
357 -0.0546479
358 -0.0545043
359 -0.05448546
360 -0.05453382
361 -0.05440503
362 -0.05433321
363 -0.05419582
364 -0.05394238
365 -0.05367619
366 -0.05343386
367 -0.05326456
368 -0.05321215
369 -0.05301069
370 -0.05282602
371 -0.05262337
372 -0.05229627
373 -0.05204603
374 -0.05195618
375 -0.05191799
376 -0.05179082
377 -0.0516201
378 -0.05154528
379 -0.05155527
380 -0.05141856
381 -0.05132221
382 -0.0512277
383 -0.05118773
384 -0.05118513
385 -0.05117467
386 -0.05109127
387 -0.05100263
388 -0.05099442
389 -0.05094901
390 -0.05100949
391 -0.05116978
392 -0.05132189
393 -0.05151812
394 -0.0517307
395 -0.05203856
396 -0.05222885
397 -0.05255296
398 -0.05287834
399 -0.05306409
400 -0.05350935
401 -0.05388257
402 -0.0543445
403 -0.05496384
404 -0.05556367
405 -0.05601752
406 -0.05649533
407 -0.05722333
408 -0.0577596
409 -0.05842869
410 -0.0591047
411 -0.05989249
412 -0.06061037
413 -0.06150114
414 -0.06232498
415 -0.06304119
416 -0.06354352
417 -0.06428525
418 -0.06465708
419 -0.06505835
420 -0.065424
421 -0.06554167
422 -0.06568408
423 -0.06578054
424 -0.06589717
425 -0.06561264
426 -0.06543073
427 -0.06527182
428 -0.06495849
429 -0.06453765
430 -0.06411638
431 -0.06378014
432 -0.06346519
433 -0.06315061
434 -0.06297956
435 -0.06251643
436 -0.06211838
437 -0.06185935
438 -0.06173135
439 -0.06136329
440 -0.06111101
441 -0.06083042
442 -0.06051314
443 -0.06038152
444 -0.06017195
445 -0.06005999
446 -0.05989072
447 -0.05981818
448 -0.05964879
449 -0.05965734
450 -0.05978831
451 -0.05970376
452 -0.05967006
453 -0.05962496
454 -0.05951901
455 -0.05945314
456 -0.05933025
457 -0.0592174
458 -0.05908583
459 -0.05897298
460 -0.05874427
461 -0.05864077
462 -0.0586081
463 -0.05841074
464 -0.05825973
465 -0.05810533
466 -0.05799643
467 -0.0579491
468 -0.05774858
469 -0.05750713
470 -0.05710816
471 -0.05667112
472 -0.05627883
473 -0.05593443
474 -0.05557192
475 -0.05517546
476 -0.05484828
477 -0.0545383
478 -0.05426609
479 -0.05391153
480 -0.05363306
481 -0.0535257
482 -0.05339281
483 -0.05324101
484 -0.05303586
485 -0.05298533
486 -0.05307114
487 -0.05307875
488 -0.05326631
489 -0.05334068
490 -0.0534119
491 -0.05359868
