"right_wing_lift"
"Iteration" "right_wing_lift"
("Iteration" "right_wing_lift")
1 5.999776
2 12.24171
3 12.14824
4 11.64486
5 11.43577
6 11.47563
7 12.19183
8 13.41414
9 15.25014
10 16.3791
11 17.8602
12 18.78579
13 19.86108
14 20.76547
15 21.83662
16 22.70186
17 23.64092
18 24.30651
19 25.03518
20 25.58035
21 26.18264
22 26.63638
23 27.26697
24 27.78895
25 28.45906
26 29.03175
27 29.76511
28 30.39799
29 31.11214
30 31.69411
31 32.34317
32 32.93757
33 33.58077
34 34.09318
35 34.69096
36 35.17284
37 35.7667
38 36.23311
39 36.90216
40 37.46226
41 38.1154
42 38.73616
43 39.47468
44 40.15743
45 40.918
46 41.54804
47 42.32302
48 42.96299
49 43.71525
50 44.3635
51 45.11215
52 45.76373
53 46.4558
54 46.98146
55 47.58087
56 48.05033
57 48.59198
58 48.9588
59 49.34916
60 49.63396
61 49.94875
62 50.08624
63 50.25461
64 50.28479
65 50.35205
66 50.33774
67 50.30496
68 50.17701
69 50.11018
70 49.9239
71 49.78824
72 49.54123
73 49.26316
74 48.94823
75 48.63441
76 48.2381
77 47.87883
78 47.46096
79 47.10447
80 46.58676
81 46.17756
82 45.696
83 45.28287
84 44.78985
85 44.30922
86 43.82826
87 43.42711
88 43.02001
89 42.68691
90 42.3144
91 42.05761
92 41.69394
93 41.4582
94 41.20744
95 41.07248
96 40.93587
97 40.84467
98 40.74359
99 40.78503
100 40.75349
101 40.83511
102 40.9053
103 41.09936
104 41.24022
105 41.4702
106 41.68753
107 42.00392
108 42.26838
109 42.61184
110 42.91248
111 43.32772
112 43.67115
113 44.05449
114 44.38704
115 44.76097
116 45.04494
117 45.36951
118 45.64711
119 45.94049
120 46.1562
121 46.42667
122 46.63175
123 46.83179
124 47.01168
125 47.17899
126 47.34592
127 47.4912
128 47.63045
129 47.759
130 47.88448
131 47.96946
132 48.05787
133 48.16847
134 48.27083
135 48.38007
136 48.46238
137 48.53181
138 48.60964
139 48.66776
140 48.68664
141 48.73378
142 48.78905
143 48.84361
144 48.86885
145 48.90912
146 48.91438
147 48.93525
148 48.94254
149 48.96962
150 48.98141
151 49.0126
152 49.01337
153 49.06474
154 49.07822
155 49.13529
156 49.14893
157 49.17662
158 49.17363
159 49.19426
160 49.21135
161 49.24512
162 49.29144
163 49.34441
164 49.37819
165 49.42041
166 49.46016
167 49.48353
168 49.51077
169 49.51515
170 49.54288
171 49.57131
172 49.6034
173 49.64803
174 49.69194
175 49.73364
176 49.77569
177 49.81188
178 49.87952
179 49.92351
180 49.97889
181 50.03571
182 50.10767
183 50.16393
184 50.23823
185 50.29933
186 50.37423
187 50.4557
188 50.53124
189 50.613
190 50.68809
191 50.75894
192 50.82351
193 50.89007
194 50.96736
195 51.02575
196 51.08368
197 51.13747
198 51.20123
199 51.26362
200 51.31681
201 51.34856
202 51.38597
203 51.42656
204 51.46619
205 51.48908
206 51.50384
207 51.51816
208 51.55362
209 51.59912
210 51.62832
211 51.64482
212 51.64347
213 51.6551
214 51.6608
215 51.66291
216 51.66231
217 51.64709
218 51.63448
219 51.61248
220 51.58788
221 51.56665
222 51.52988
223 51.51584
224 51.48042
225 51.45904
226 51.43681
227 51.41673
228 51.39311
229 51.37189
230 51.37137
231 51.359
232 51.34992
233 51.3508
234 51.35827
235 51.36485
236 51.3429
237 51.32753
238 51.31498
239 51.31584
240 51.30535
241 51.29833
242 51.27665
243 51.26837
244 51.24444
245 51.24007
246 51.21754
247 51.20761
248 51.18288
249 51.19444
250 51.17055
251 51.15716
252 51.13627
253 51.12026
254 51.10136
255 51.06944
256 51.03545
257 50.99861
258 50.9603
259 50.94049
260 50.90715
261 50.86831
262 50.83212
263 50.81149
264 50.77
265 50.74252
266 50.71536
267 50.69194
268 50.66881
269 50.65234
270 50.62467
271 50.61707
272 50.60307
273 50.60523
274 50.61757
275 50.62938
276 50.63449
277 50.67106
278 50.70992
279 50.77299
280 50.81182
281 50.86515
282 50.92595
283 50.97453
284 51.01073
285 51.0745
286 51.11227
287 51.15578
288 51.20225
289 51.27219
290 51.34991
291 51.42086
292 51.49113
293 51.53798
294 51.59307
295 51.65261
296 51.69122
297 51.7361
298 51.76988
299 51.81658
300 51.88082
301 51.92173
302 51.95358
303 51.98702
304 51.99801
305 52.02508
306 52.01757
307 52.04374
308 52.04667
309 52.03922
310 52.04696
311 52.06209
312 52.06103
313 52.05075
314 52.0416
315 52.04477
316 52.03243
317 52.02929
318 52.0111
319 52.01923
320 51.99169
321 51.98962
322 51.96608
323 51.96119
324 51.92747
325 51.89964
326 51.84715
327 51.81917
328 51.77511
329 51.73244
330 51.68124
331 51.62982
332 51.57355
333 51.53706
334 51.4915
335 51.4677
336 51.41928
337 51.37466
338 51.33334
339 51.30111
340 51.23068
341 51.17703
342 51.10826
343 51.06765
344 51.02042
345 50.98907
346 50.95634
347 50.95114
348 50.92824
349 50.92595
350 50.9094
351 50.91108
352 50.91681
353 50.92488
354 50.92466
355 50.96226
356 50.98484
357 51.02715
358 51.0457
359 51.09322
360 51.10915
361 51.17278
362 51.20237
363 51.25934
364 51.28081
365 51.32115
366 51.34037
367 51.40127
368 51.43394
369 51.47718
370 51.49067
371 51.52377
372 51.52528
373 51.54309
374 51.5522
375 51.55746
376 51.54014
377 51.54284
378 51.52851
379 51.52028
380 51.48605
381 51.45756
382 51.41309
383 51.37315
384 51.31591
385 51.28302
386 51.23031
387 51.18306
388 51.12534
389 51.07967
390 51.01862
391 50.96376
392 50.90336
393 50.86004
394 50.80935
395 50.77596
396 50.7321
397 50.69928
398 50.64932
399 50.62963
400 50.58175
401 50.56934
402 50.5363
403 50.52572
404 50.50056
405 50.505
406 50.49397
407 50.49312
408 50.4769
409 50.49603
410 50.48694
411 50.5092
412 50.50837
413 50.52839
414 50.54114
415 50.56195
416 50.56979
417 50.59792
418 50.62104
419 50.64563
420 50.64977
421 50.66721
422 50.66882
423 50.67894
424 50.68258
425 50.69617
426 50.68639
427 50.68346
428 50.67512
429 50.68051
430 50.66211
431 50.66475
432 50.65441
433 50.65456
434 50.63758
435 50.62436
436 50.61201
437 50.61148
438 50.59089
439 50.59923
440 50.59023
441 50.59559
442 50.57273
443 50.57163
444 50.55553
445 50.55815
446 50.54987
447 50.5504
448 50.53289
449 50.52812
450 50.5084
451 50.50772
452 50.49285
453 50.4929
454 50.4817
455 50.49368
456 50.48049
457 50.48176
458 50.46613
459 50.46198
460 50.43007
461 50.42057
462 50.39365
463 50.38552
464 50.35446
465 50.32811
466 50.28476
467 50.25254
468 50.19972
469 50.16703
470 50.12653
471 50.09185
472 50.03895
473 49.99659
474 49.94463
475 49.90777
476 49.86311
477 49.83127
478 49.78168
479 49.75904
480 49.71587
481 49.70689
482 49.67833
483 49.67426
484 49.65742
485 49.65962
486 49.63567
487 49.63586
488 49.62263
489 49.6312
490 49.61758
491 49.6392
492 49.64861
493 49.67257
494 49.68494
495 49.7187
496 49.74151
497 49.7843
498 49.81105
499 49.86456
500 49.89334
501 49.93886
502 49.96937
503 50.02176
504 50.05283
505 50.09991
506 50.13172
507 50.17497
508 50.20885
509 50.23788
510 50.25761
511 50.29452
512 50.31973
513 50.3404
514 50.35492
515 50.38414
516 50.38061
517 50.3926
518 50.3923
519 50.40342
520 50.39782
521 50.41214
522 50.40646
523 50.41672
524 50.4138
525 50.4236
526 50.42567
527 50.4425
528 50.43578
529 50.44733
530 50.43544
531 50.43922
532 50.42331
533 50.42432
534 50.40574
535 50.41109
536 50.39724
537 50.39824
538 50.37148
539 50.37074
