"right_wing_tank_connect_moment"
"Iteration" "right_wing_tank_connect_moment"
("Iteration" "right_wing_tank_connect_moment")
1 -0.0002607555
2 -0.0002739161
3 -0.0001828047
4 -0.0001357495
5 -0.000124977
6 -0.0001173579
7 -0.0001134611
8 -0.0001190179
9 -0.0001288562
10 -0.000139809
11 -0.0001521068
12 -0.0001673718
13 -0.0001792216
14 -0.0001885945
15 -0.0001936296
16 -0.0001971258
17 -0.0001980139
18 -0.0001959728
19 -0.0001966243
20 -0.0002012878
21 -0.0002005142
22 -0.0001961928
23 -0.0001959006
24 -0.0001943195
25 -0.0001929259
26 -0.000188768
27 -0.0001853192
28 -0.0001833509
29 -0.000180012
30 -0.000179711
31 -0.000180342
32 -0.0001811095
33 -0.0001817713
34 -0.0001824496
35 -0.0001823091
36 -0.0001817643
37 -0.0001811802
38 -0.0001800203
39 -0.0001788302
40 -0.0001774055
41 -0.0001760624
42 -0.0001753586
43 -0.000174449
44 -0.0001748336
45 -0.0001739014
46 -0.000173183
47 -0.0001723956
48 -0.0001723157
49 -0.0001729953
50 -0.0001730115
51 -0.0001729152
52 -0.0001727993
53 -0.0001734536
54 -0.0001757492
55 -0.0001774957
56 -0.0001776033
57 -0.0001772586
58 -0.0001782036
59 -0.0001793615
60 -0.0001793338
61 -0.0001789519
62 -0.0001799355
63 -0.000182132
64 -0.0001844521
65 -0.0001842994
66 -0.0001820359
67 -0.0001816851
68 -0.0001814115
69 -0.0001803555
70 -0.0001776238
71 -0.0001787824
72 -0.0001788275
73 -0.0001781052
74 -0.0001774909
75 -0.0001793591
76 -0.0001793973
77 -0.000177935
78 -0.0001768287
79 -0.0001794429
80 -0.0001811689
81 -0.0001809544
82 -0.0001800031
83 -0.000178677
84 -0.0001801574
85 -0.0001813298
86 -0.0001799005
87 -0.0001786632
88 -0.0001800125
89 -0.0001807401
90 -0.0001785908
91 -0.0001777774
92 -0.0001794703
93 -0.000179588
94 -0.000179283
95 -0.0001779337
96 -0.000179342
97 -0.0001812493
98 -0.0001811863
99 -0.0001807678
100 -0.0001812267
101 -0.0001806947
102 -0.0001802207
103 -0.0001791749
104 -0.0001802561
105 -0.000181362
106 -0.0001811561
107 -0.0001803886
108 -0.0001799708
109 -0.0001794377
110 -0.000179049
111 -0.0001788022
112 -0.0001798287
113 -0.0001807091
114 -0.0001814027
115 -0.0001807558
116 -0.0001799534
117 -0.0001803685
118 -0.0001805796
119 -0.0001810075
120 -0.000181785
121 -0.0001811422
122 -0.0001806534
123 -0.0001801608
124 -0.0001810202
125 -0.0001821154
126 -0.0001827087
127 -0.0001821203
128 -0.0001802179
129 -0.0001798083
130 -0.0001801525
131 -0.0001807207
132 -0.0001808422
133 -0.000180933
134 -0.000181493
135 -0.0001825847
136 -0.0001817419
137 -0.0001809581
138 -0.0001806521
139 -0.0001810532
140 -0.0001829301
141 -0.0001842874
142 -0.0001847351
143 -0.0001830644
144 -0.000182301
145 -0.0001819629
146 -0.0001816954
147 -0.000181952
148 -0.0001808808
149 -0.0001792635
150 -0.0001775373
151 -0.0001780804
152 -0.0001797506
153 -0.0001804062
154 -0.0001803215
155 -0.0001801006
156 -0.0001801125
157 -0.000179801
158 -0.0001799252
159 -0.0001820083
160 -0.0001829545
161 -0.0001831753
162 -0.0001819161
163 -0.0001814556
164 -0.0001811925
165 -0.0001807915
166 -0.0001805037
167 -0.0001795322
168 -0.0001790065
169 -0.0001786293
170 -0.0001785301
171 -0.0001787645
172 -0.0001792865
173 -0.000180225
174 -0.0001809533
175 -0.0001806552
176 -0.0001807604
177 -0.000181959
178 -0.0001830851
179 -0.0001840542
180 -0.000183918
181 -0.0001830535
182 -0.0001820998
183 -0.0001815787
184 -0.0001810629
185 -0.000179768
186 -0.0001798055
187 -0.0001792014
188 -0.0001789482
189 -0.000178843
190 -0.0001786527
191 -0.0001795649
192 -0.0001801442
193 -0.0001806264
194 -0.000181659
195 -0.0001825638
196 -0.000183383
197 -0.0001831141
198 -0.0001827073
199 -0.0001831165
200 -0.0001833691
201 -0.0001829421
202 -0.0001818719
203 -0.0001814093
204 -0.0001815109
205 -0.0001822268
206 -0.0001818055
207 -0.0001808682
208 -0.0001807572
209 -0.0001812704
210 -0.0001821397
211 -0.0001826684
212 -0.000182657
213 -0.0001830311
214 -0.0001826582
215 -0.0001823331
216 -0.000182403
217 -0.0001824702
218 -0.0001824192
219 -0.0001828482
220 -0.0001828428
221 -0.0001823421
222 -0.0001821049
223 -0.0001823248
224 -0.0001828609
225 -0.0001835556
226 -0.0001830293
227 -0.0001819985
228 -0.000181138
229 -0.0001808419
230 -0.0001813027
231 -0.0001820389
232 -0.0001820359
233 -0.0001816878
234 -0.0001800051
235 -0.0001802709
236 -0.0001807527
237 -0.0001807053
238 -0.0001811953
239 -0.0001824437
240 -0.0001825743
241 -0.0001816452
242 -0.0001815008
243 -0.0001824265
244 -0.0001830948
245 -0.0001834387
246 -0.0001814801
247 -0.0001791726
248 -0.000179076
249 -0.0001790457
250 -0.0001786554
251 -0.0001783175
252 -0.0001789838
253 -0.0001809536
254 -0.0001814002
255 -0.0001805413
256 -0.0001809936
257 -0.0001824392
258 -0.000183657
259 -0.0001836997
260 -0.0001823883
261 -0.0001819842
262 -0.0001821285
263 -0.0001816836
264 -0.0001805193
265 -0.0001809016
266 -0.0001801488
267 -0.0001799808
268 -0.0001789924
269 -0.000178983
270 -0.0001797864
271 -0.0001801961
272 -0.0001801406
273 -0.0001813004
274 -0.000182
275 -0.0001828358
276 -0.0001816756
277 -0.0001817149
278 -0.0001832359
279 -0.0001837334
280 -0.000182983
281 -0.000181629
282 -0.0001808392
283 -0.000180637
284 -0.0001805674
285 -0.0001788016
286 -0.0001779525
287 -0.000178125
288 -0.0001781675
289 -0.0001775165
290 -0.0001796324
291 -0.0001810882
292 -0.0001804006
293 -0.0001789407
294 -0.0001789894
295 -0.0001792486
296 -0.0001802787
297 -0.0001808323
298 -0.0001808168
299 -0.0001809395
300 -0.0001797024
301 -0.0001780092
302 -0.0001786936
303 -0.0001793878
304 -0.0001797689
305 -0.0001802686
306 -0.0001785412
307 -0.0001796365
308 -0.0001805971
309 -0.0001795509
310 -0.0001791187
311 -0.0001801488
312 -0.0001813453
313 -0.0001815132
314 -0.0001790538
315 -0.0001797095
316 -0.000180153
317 -0.0001797439
318 -0.0001785687
319 -0.000178661
320 -0.0001794713
321 -0.0001792634
322 -0.0001793596
323 -0.0001803763
324 -0.0001810056
325 -0.0001821203
326 -0.000181642
327 -0.0001798979
328 -0.000179994
329 -0.0001803105
330 -0.0001795159
331 -0.0001789833
332 -0.0001798933
333 -0.0001807724
334 -0.0001812327
335 -0.0001788348
336 -0.0001795165
337 -0.000180032
338 -0.0001794902
339 -0.0001780979
340 -0.0001781163
341 -0.0001792901
342 -0.000179443
343 -0.0001782638
344 -0.0001789
345 -0.0001799511
346 -0.0001803237
347 -0.0001800222
348 -0.0001802479
349 -0.0001806768
350 -0.0001801523
351 -0.0001788158
352 -0.000178951
353 -0.0001797614
354 -0.0001791806
355 -0.0001777452
356 -0.0001792949
357 -0.0001801838
358 -0.0001792555
359 -0.0001783132
360 -0.000179184
361 -0.0001796352
362 -0.0001808872
363 -0.0001805977
364 -0.0001797411
365 -0.0001805807
366 -0.0001810083
367 -0.0001806907
368 -0.0001803647
369 -0.0001811871
370 -0.0001825813
371 -0.0001826048
372 -0.0001793028
373 -0.0001802268
374 -0.0001803091
375 -0.0001788685
376 -0.0001775175
377 -0.0001776975
378 -0.0001792845
379 -0.0001796363
380 -0.0001785915
381 -0.0001788384
382 -0.0001795004
383 -0.0001801893
384 -0.000179438
385 -0.0001796076
386 -0.0001806313
387 -0.0001802768
388 -0.0001791979
389 -0.000179009
390 -0.0001800355
391 -0.000180011
392 -0.0001791432
393 -0.0001794536
394 -0.0001802919
395 -0.0001794538
396 -0.0001787412
397 -0.0001785925
398 -0.0001797354
399 -0.0001804859
400 -0.0001801096
401 -0.0001805758
402 -0.0001813685
403 -0.0001804837
404 -0.0001798295
405 -0.0001806232
406 -0.0001822469
407 -0.000183266
408 -0.0001822628
409 -0.0001807862
410 -0.0001814329
411 -0.0001813705
412 -0.0001811566
413 -0.0001811285
414 -0.0001801584
415 -0.0001810791
416 -0.0001814628
417 -0.0001804242
418 -0.0001791732
419 -0.0001800932
420 -0.0001807303
421 -0.0001817826
422 -0.0001819582
423 -0.0001816924
424 -0.0001815909
425 -0.0001814358
426 -0.0001812898
427 -0.000182561
428 -0.0001828194
429 -0.0001827034
430 -0.0001821428
431 -0.0001800214
432 -0.000180439
433 -0.00018038
434 -0.0001804931
435 -0.0001808906
436 -0.0001802601
437 -0.0001801935
438 -0.0001795656
439 -0.0001791396
440 -0.0001801463
441 -0.000180808
442 -0.0001823521
443 -0.0001826026
444 -0.0001809428
445 -0.0001809075
446 -0.0001811203
447 -0.0001812493
448 -0.0001816714
449 -0.0001828246
450 -0.0001826661
451 -0.0001811553
452 -0.0001818241
453 -0.0001834125
454 -0.0001839906
455 -0.0001833574
456 -0.0001816927
457 -0.0001804394
458 -0.0001803903
459 -0.000180452
460 -0.0001801155
461 -0.0001809492
462 -0.0001814609
463 -0.0001819165
464 -0.0001823537
465 -0.00018179
466 -0.0001814787
467 -0.0001808748
468 -0.0001811984
469 -0.0001821539
470 -0.0001825551
471 -0.0001819555
472 -0.0001804198
473 -0.0001793871
474 -0.0001800955
475 -0.0001808639
476 -0.000181599
477 -0.0001824899
478 -0.0001825224
479 -0.0001818803
480 -0.0001817098
481 -0.0001829177
482 -0.0001851905
483 -0.0001863713
484 -0.0001853691
485 -0.000184404
486 -0.0001833938
487 -0.0001828339
488 -0.0001824785
489 -0.0001805409
490 -0.0001787642
491 -0.0001782747
492 -0.0001781142
493 -0.0001787542
494 -0.0001791944
495 -0.0001788063
496 -0.0001781571
497 -0.0001779396
498 -0.0001791019
499 -0.000181495
500 -0.0001844289
501 -0.0001852805
502 -0.0001834134
503 -0.0001818062
504 -0.0001822634
505 -0.0001818777
506 -0.0001815938
507 -0.0001799267
508 -0.0001782434
509 -0.0001780285
510 -0.0001785072
511 -0.0001789641
512 -0.0001803995
513 -0.0001801377
514 -0.000179523
515 -0.0001793593
516 -0.0001800726
517 -0.00018219
518 -0.0001839008
519 -0.0001846484
520 -0.0001830191
521 -0.0001812819
522 -0.0001807234
523 -0.0001809528
524 -0.0001808796
525 -0.0001801292
526 -0.0001792033
527 -0.0001795659
528 -0.0001802512
529 -0.0001814064
530 -0.0001807117
531 -0.0001806412
532 -0.0001813185
533 -0.0001828385
534 -0.0001835334
535 -0.0001836538
536 -0.0001836785
537 -0.0001838873
538 -0.0001835736
539 -0.0001827017
540 -0.0001820042
541 -0.0001818404
542 -0.0001818867
543 -0.0001809279
544 -0.0001800296
545 -0.0001809457
546 -0.0001819178
547 -0.0001823012
548 -0.0001823404
549 -0.0001824963
550 -0.0001818517
551 -0.0001813786
552 -0.000182164
553 -0.000183639
554 -0.0001833582
555 -0.0001818428
556 -0.0001808184
557 -0.0001809502
558 -0.0001808105
559 -0.0001801911
560 -0.0001793576
561 -0.0001805135
562 -0.0001805817
563 -0.0001813117
564 -0.0001813753
565 -0.0001801409
566 -0.0001797616
567 -0.000179373
568 -0.0001790593
569 -0.0001798218
570 -0.0001803874
571 -0.0001808145
572 -0.0001812749
573 -0.000179378
574 -0.0001800139
575 -0.0001806305
576 -0.0001800817
577 -0.0001808461
578 -0.0001808817
579 -0.0001811283
580 -0.00018103
581 -0.0001804817
582 -0.0001815946
583 -0.0001820687
584 -0.0001823554
585 -0.0001815535
586 -0.0001801243
587 -0.000180158
588 -0.0001801829
589 -0.0001794207
590 -0.0001795121
591 -0.0001794035
592 -0.0001807806
593 -0.0001817906
594 -0.0001814836
595 -0.0001819356
596 -0.0001830161
597 -0.0001833888
598 -0.0001827053
599 -0.0001820538
600 -0.0001814716
601 -0.0001810288
602 -0.0001812834
603 -0.0001815422
604 -0.0001812373
605 -0.0001813733
606 -0.0001811331
607 -0.000180558
608 -0.0001812944
609 -0.0001814305
610 -0.0001814912
611 -0.0001819134
612 -0.0001819968
613 -0.0001822513
614 -0.0001817647
615 -0.0001808627
616 -0.0001821766
617 -0.0001832243
618 -0.000183281
619 -0.0001824993
620 -0.0001818198
621 -0.0001820247
622 -0.0001814384
623 -0.0001806708
624 -0.0001805471
625 -0.0001810794
626 -0.0001808679
627 -0.0001806659
628 -0.0001792025
629 -0.0001803532
630 -0.0001803133
631 -0.0001804536
632 -0.0001799124
633 -0.0001803871
634 -0.0001812899
635 -0.000181247
636 -0.000179829
637 -0.0001805034
638 -0.0001808644
639 -0.0001806105
640 -0.0001802001
641 -0.0001783913
642 -0.0001785806
643 -0.0001787858
644 -0.0001782735
645 -0.0001788388
646 -0.0001791902
647 -0.0001803211
648 -0.0001809297
649 -0.0001797697
650 -0.0001797373
651 -0.0001804568
652 -0.0001807827
653 -0.0001816074
654 -0.0001827828
655 -0.0001829344
656 -0.0001815671
657 -0.0001801338
658 -0.0001806259
659 -0.000180797
660 -0.0001807175
661 -0.0001800552
662 -0.0001774511
663 -0.0001778055
664 -0.0001781603
665 -0.0001792055
666 -0.0001801031
667 -0.0001821192
668 -0.0001818556
669 -0.0001794824
670 -0.0001785794
671 -0.0001799749
672 -0.0001809443
673 -0.0001795883
674 -0.0001796562
675 -0.0001794668
676 -0.0001791822
677 -0.0001794143
678 -0.0001788124
679 -0.0001802365
680 -0.0001813148
681 -0.0001822751
682 -0.000181225
683 -0.0001799186
684 -0.0001791564
685 -0.0001789769
686 -0.0001788029
687 -0.0001793549
688 -0.0001803312
689 -0.0001815257
690 -0.0001816706
691 -0.0001817144
692 -0.0001813674
693 -0.0001817964
694 -0.0001823706
695 -0.000183104
696 -0.0001827332
697 -0.0001821889
698 -0.0001816296
699 -0.0001798074
700 -0.0001799666
701 -0.0001798883
702 -0.0001797513
703 -0.0001802433
704 -0.0001801358
705 -0.0001807265
706 -0.0001810562
707 -0.0001812452
708 -0.0001822673
709 -0.0001836086
710 -0.000184432
711 -0.0001840754
712 -0.0001830763
713 -0.0001822915
714 -0.0001822136
715 -0.0001824417
716 -0.0001812659
717 -0.0001792674
718 -0.0001796392
719 -0.000180085
720 -0.0001804991
721 -0.0001810424
722 -0.0001817977
723 -0.0001818456
724 -0.0001815816
725 -0.000181363
726 -0.0001824763
727 -0.0001839665
728 -0.0001843773
729 -0.0001832363
730 -0.0001823439
731 -0.0001821067
732 -0.0001819047
733 -0.0001827208
734 -0.0001820811
735 -0.0001805282
736 -0.0001797756
737 -0.0001800654
738 -0.0001799856
739 -0.0001802485
740 -0.0001800032
741 -0.0001802196
742 -0.0001804525
743 -0.0001808736
744 -0.000182524
745 -0.0001829686
746 -0.0001822965
747 -0.0001826003
748 -0.0001832846
749 -0.0001839216
750 -0.0001838285
751 -0.0001827281
752 -0.0001825128
753 -0.0001824358
754 -0.0001819738
755 -0.0001808729
756 -0.0001791446
757 -0.0001797056
758 -0.000179539
759 -0.0001786677
760 -0.0001792362
761 -0.000179178
762 -0.000178894
763 -0.0001787195
764 -0.0001800133
765 -0.0001818913
766 -0.0001829785
767 -0.0001831233
768 -0.0001824311
769 -0.0001821524
770 -0.0001815355
771 -0.0001810466
772 -0.0001805543
773 -0.000180392
774 -0.0001800831
775 -0.0001805487
776 -0.0001808079
777 -0.0001814915
778 -0.0001818697
779 -0.0001826176
780 -0.0001830569
781 -0.0001835342
782 -0.0001834648
783 -0.0001835766
784 -0.0001839927
785 -0.0001845742
786 -0.0001844375
787 -0.0001837658
788 -0.0001828428
789 -0.0001826779
790 -0.0001815444
791 -0.0001812542
792 -0.0001803175
793 -0.0001803669
794 -0.0001801609
795 -0.000179963
796 -0.0001800452
797 -0.0001798776
798 -0.0001801972
799 -0.0001805823
800 -0.0001813262
801 -0.0001821949
802 -0.0001826656
803 -0.0001825028
804 -0.0001819064
805 -0.0001810439
806 -0.0001814958
807 -0.0001820582
808 -0.0001821063
809 -0.000181426
810 -0.000179828
811 -0.000179757
812 -0.0001796679
813 -0.000179817
814 -0.0001810402
815 -0.0001815816
816 -0.0001813821
817 -0.0001810566
818 -0.0001817417
819 -0.0001834076
820 -0.0001852353
821 -0.0001854634
822 -0.0001848434
823 -0.0001837567
824 -0.0001839884
825 -0.0001836306
826 -0.0001819286
827 -0.0001815689
828 -0.0001822627
829 -0.0001822192
830 -0.0001825988
831 -0.0001819351
832 -0.0001812957
833 -0.0001817873
834 -0.0001815766
835 -0.000180636
836 -0.00018082
837 -0.0001808031
838 -0.000182858
839 -0.0001835634
840 -0.0001825955
841 -0.0001821476
842 -0.0001818514
843 -0.00018253
844 -0.0001837259
845 -0.0001851868
846 -0.0001845025
847 -0.0001820185
848 -0.0001812547
849 -0.0001809728
850 -0.0001812948
851 -0.0001819655
852 -0.0001799009
853 -0.0001778935
854 -0.0001782863
855 -0.0001795065
856 -0.0001798426
857 -0.0001804962
858 -0.000180735
859 -0.0001808742
860 -0.0001795871
861 -0.000179422
862 -0.0001813517
863 -0.0001824658
864 -0.000182268
865 -0.0001815141
866 -0.0001813289
867 -0.0001813627
868 -0.0001809697
869 -0.0001789774
870 -0.0001793062
871 -0.0001802406
872 -0.0001804065
873 -0.0001794332
874 -0.0001800636
875 -0.0001796721
876 -0.0001792453
877 -0.0001794964
878 -0.0001811099
879 -0.0001824651
880 -0.0001827576
881 -0.000182259
882 -0.0001820189
883 -0.0001807795
884 -0.0001797557
885 -0.0001787394
886 -0.0001791517
887 -0.0001804726
888 -0.0001810333
889 -0.0001809221
890 -0.0001803632
891 -0.0001799307
892 -0.0001798258
893 -0.0001806054
894 -0.0001814198
895 -0.0001825411
896 -0.0001825434
897 -0.0001820668
898 -0.0001823958
899 -0.0001829608
900 -0.0001827899
901 -0.0001822466
902 -0.0001811053
903 -0.0001809512
904 -0.0001802775
905 -0.0001801247
906 -0.000180301
907 -0.0001806445
908 -0.000180878
909 -0.0001807251
910 -0.0001805095
911 -0.000181001
912 -0.0001818827
913 -0.0001829328
914 -0.0001830713
915 -0.0001828515
916 -0.000182459
917 -0.0001816372
918 -0.0001819049
919 -0.000182283
920 -0.0001824414
921 -0.0001820581
922 -0.0001814556
923 -0.0001803917
924 -0.0001800503
925 -0.0001805957
926 -0.0001800775
927 -0.0001803857
928 -0.0001811084
929 -0.0001814772
930 -0.0001810707
931 -0.0001810483
932 -0.0001824546
933 -0.0001837523
