"left_fin_lift"
"Iteration" "left_fin_lift"
("Iteration" "left_fin_lift")
1 0.2767033
2 0.804463
3 0.4620189
4 0.3732768
5 0.01840726
6 0.005610861
7 0.1458556
8 0.1506747
9 0.2518974
10 1.003462
11 0.7428646
12 0.4290098
13 0.4780288
14 0.4903604
15 0.49725
16 0.5161458
17 0.5256935
18 0.5377429
19 0.5465924
20 0.5576802
21 0.564861
22 0.5760602
23 0.5829839
24 0.5921164
25 0.6000744
26 0.6081839
27 0.6129614
28 0.6213452
29 0.6269174
30 0.6336433
31 0.6411422
32 0.6488799
33 0.65556
34 0.6646713
35 0.6711611
36 0.6798192
37 0.6847545
38 0.691998
39 0.6970974
40 0.703052
41 0.7072579
42 0.7138214
43 0.7200879
44 0.7255797
45 0.731756
46 0.7390258
47 0.7450762
48 0.7518536
49 0.7571449
50 0.7652686
51 0.7709148
52 0.7823456
53 0.7907829
54 0.8012257
55 0.8075259
56 0.8179864
57 0.827715
58 0.8376975
59 0.8457003
60 0.855935
61 0.8650115
62 0.8768269
63 0.886432
64 0.8956445
65 0.9045269
66 0.9147804
67 0.9231406
68 0.934548
69 0.9426358
70 0.9503472
71 0.9595305
72 0.9676027
73 0.9757522
74 0.9836774
75 0.9905733
76 0.9972567
77 1.004126
78 1.009766
79 1.014664
80 1.019616
81 1.023419
82 1.026747
83 1.028005
84 1.030664
85 1.03159
86 1.033999
87 1.036235
88 1.039491
89 1.042491
90 1.044252
91 1.046661
92 1.049845
93 1.052701
94 1.055411
95 1.0597
96 1.064193
97 1.069766
98 1.076644
99 1.083777
100 1.089459
101 1.098384
102 1.1069
103 1.115693
104 1.12374
105 1.13537
106 1.146192
107 1.15668
108 1.166999
109 1.178959
110 1.192592
111 1.204636
112 1.216896
113 1.22858
114 1.237213
115 1.245969
116 1.253168
117 1.259376
118 1.264806
119 1.270112
120 1.273628
121 1.276397
122 1.277743
123 1.27866
124 1.27893
125 1.276734
126 1.272882
127 1.267314
128 1.262043
129 1.255727
130 1.248609
131 1.241711
132 1.236199
133 1.228855
134 1.222575
135 1.215519
136 1.208601
137 1.202555
138 1.194006
139 1.187976
140 1.182116
141 1.174781
142 1.168715
143 1.163473
144 1.159172
145 1.152529
146 1.147611
147 1.142747
148 1.137155
149 1.132152
150 1.126673
151 1.121574
152 1.11658
153 1.110464
154 1.106791
155 1.10251
156 1.098229
157 1.093492
158 1.088675
159 1.084291
160 1.079598
161 1.075877
162 1.072405
163 1.070727
164 1.068789
165 1.067212
166 1.066538
167 1.065472
168 1.064259
169 1.061673
170 1.058964
171 1.057172
172 1.056019
173 1.051449
174 1.047429
175 1.04282
176 1.039562
177 1.034148
178 1.03021
179 1.025413
180 1.024125
181 1.021054
182 1.02017
183 1.017807
184 1.01818
185 1.017709
186 1.020623
187 1.022143
188 1.027528
189 1.032262
190 1.038242
191 1.042767
192 1.049657
193 1.054415
194 1.062016
195 1.066387
196 1.073495
197 1.078928
198 1.08595
199 1.090785
200 1.097304
201 1.10248
202 1.108907
203 1.114081
204 1.119461
205 1.124332
206 1.130123
207 1.132898
208 1.138884
209 1.142171
210 1.146601
211 1.149241
212 1.152013
213 1.153929
214 1.156606
215 1.15914
216 1.161301
217 1.163514
218 1.165577
219 1.166119
220 1.169066
221 1.169243
222 1.171169
223 1.17092
224 1.172794
225 1.172072
226 1.173285
227 1.171133
228 1.170858
229 1.167952
230 1.165499
231 1.161522
232 1.157071
233 1.152319
234 1.149288
235 1.143604
236 1.138744
237 1.133709
238 1.128931
239 1.122292
240 1.117905
241 1.111385
242 1.105266
243 1.098418
244 1.094303
245 1.08842
246 1.084727
247 1.07995
248 1.077526
249 1.074325
250 1.07267
251 1.069814
252 1.068289
253 1.065666
254 1.065059
255 1.063808
256 1.064132
257 1.062669
258 1.064526
259 1.06409
260 1.065632
261 1.066829
262 1.068858
263 1.068679
264 1.070765
265 1.070454
266 1.074306
267 1.075551
268 1.079263
269 1.081809
270 1.085801
271 1.08806
272 1.093051
273 1.095858
274 1.099837
275 1.100613
276 1.103311
277 1.103623
278 1.105739
279 1.106116
280 1.107989
281 1.10853
282 1.110319
283 1.111163
284 1.112368
285 1.111444
286 1.112623
287 1.11139
288 1.112001
289 1.112238
290 1.112822
291 1.112692
292 1.11325
293 1.113267
294 1.114551
295 1.114194
296 1.113967
297 1.113281
298 1.113659
299 1.112659
300 1.112744
301 1.112197
302 1.112899
303 1.112772
304 1.11389
305 1.114089
306 1.115572
307 1.115903
308 1.117253
309 1.11815
310 1.119581
311 1.119796
312 1.121165
313 1.121771
314 1.122731
315 1.122223
316 1.123173
317 1.122757
318 1.123095
319 1.122597
320 1.123644
321 1.123561
322 1.1248
323 1.125001
324 1.126175
325 1.125893
326 1.126588
327 1.125902
328 1.127
329 1.126466
330 1.127438
331 1.126511
332 1.127624
333 1.127455
334 1.128827
335 1.128594
336 1.129416
337 1.129158
338 1.130414
339 1.130076
340 1.131047
341 1.131045
342 1.131617
343 1.130812
344 1.131231
345 1.130235
346 1.130994
347 1.130488
348 1.131223
349 1.130646
350 1.131733
351 1.131102
352 1.132018
353 1.13196
354 1.133452
355 1.13344
356 1.135181
357 1.135051
358 1.136363
359 1.136213
360 1.137314
361 1.136788
362 1.137931
363 1.137483
364 1.138442
365 1.137919
366 1.1388
367 1.137894
368 1.138511
369 1.137431
370 1.138183
371 1.136972
372 1.137576
373 1.13625
374 1.137179
375 1.136025
376 1.136528
377 1.135102
378 1.135495
379 1.133669
380 1.133547
381 1.131564
382 1.131491
383 1.12951
384 1.129428
385 1.127142
386 1.12715
387 1.125183
388 1.124954
389 1.122806
390 1.122418
391 1.119955
392 1.119292
393 1.117004
394 1.116587
395 1.114133
396 1.11362
397 1.111026
398 1.110546
399 1.108133
400 1.107913
401 1.105688
402 1.10566
403 1.103613
404 1.10388
405 1.102202
406 1.102932
407 1.101384
408 1.102146
409 1.100836
410 1.101803
411 1.10084
412 1.101429
413 1.100192
414 1.100876
415 1.099791
416 1.100716
417 1.099564
418 1.100488
419 1.099129
420 1.099647
421 1.098491
422 1.099051
423 1.097749
424 1.098136
425 1.096925
426 1.097334
427 1.095998
428 1.096526
429 1.095084
430 1.095624
431 1.094307
432 1.095176
433 1.093956
434 1.094585
435 1.093389
436 1.094482
437 1.093834
438 1.095075
439 1.094628
440 1.09646
441 1.096309
442 1.098711
443 1.099
444 1.10139
445 1.101812
446 1.104308
447 1.105053
448 1.107748
449 1.108377
450 1.111113
451 1.111647
452 1.114668
453 1.115415
454 1.118578
455 1.119379
456 1.122355
457 1.123038
458 1.126029
459 1.126633
460 1.129322
461 1.129995
462 1.132172
463 1.132521
464 1.134834
465 1.135048
466 1.137154
467 1.137558
468 1.139484
469 1.139489
470 1.141205
471 1.141248
472 1.142701
473 1.142706
474 1.143887
475 1.143986
476 1.145728
477 1.145786
478 1.147248
479 1.147369
480 1.149103
481 1.149248
482 1.150138
483 1.150508
484 1.152149
485 1.151995
486 1.153409
487 1.15363
488 1.154853
489 1.154979
490 1.156146
491 1.15639
492 1.157497
493 1.157251
494 1.158361
495 1.157669
496 1.158254
497 1.157524
498 1.15789
499 1.15738
500 1.157481
501 1.156297
502 1.156094
503 1.154629
504 1.154421
505 1.152806
506 1.152339
507 1.150755
508 1.150378
509 1.148532
510 1.147764
511 1.146083
512 1.145414
513 1.143978
514 1.143201
515 1.141656
516 1.141121
517 1.139573
518 1.139134
519 1.137839
520 1.137593
521 1.136033
522 1.135541
523 1.13452
524 1.134479
525 1.133278
526 1.133562
527 1.132405
528 1.133046
529 1.131903
530 1.132171
531 1.131162
532 1.131873
533 1.131031
534 1.131802
535 1.131224
536 1.131795
537 1.130822
538 1.131742
539 1.131114
540 1.132107
541 1.131246
542 1.13234
543 1.131875
544 1.132705
545 1.132074
546 1.13324
547 1.132844
548 1.133882
549 1.133637
550 1.134552
551 1.13411
552 1.134923
553 1.13463
554 1.135715
555 1.135288
556 1.135993
557 1.135725
558 1.13668
559 1.136131
560 1.137142
561 1.13682
562 1.138004
563 1.1378
564 1.138502
565 1.138457
566 1.139313
567 1.13909
568 1.139902
569 1.139812
570 1.140711
571 1.140543
572 1.141551
573 1.141659
574 1.142747
575 1.142785
576 1.144212
577 1.144803
578 1.146134
579 1.146589
580 1.148189
581 1.148626
582 1.150024
583 1.150198
584 1.151589
585 1.151957
586 1.153203
587 1.153651
588 1.155118
589 1.155363
590 1.15667
591 1.156541
592 1.157802
593 1.157603
594 1.158498
595 1.158243
596 1.159012
597 1.158416
598 1.158977
599 1.158084
600 1.158612
601 1.158066
602 1.158361
603 1.157741
604 1.15829
605 1.157706
606 1.158209
607 1.157218
608 1.15732
609 1.156353
610 1.156365
611 1.155302
612 1.155209
613 1.154186
614 1.154192
615 1.152912
616 1.152634
617 1.151262
618 1.15126
619 1.150121
620 1.1496
621 1.14853
622 1.148295
623 1.147004
624 1.146257
625 1.144525
626 1.143821
627 1.142444
628 1.141454
629 1.140257
630 1.139408
631 1.137914
632 1.137073
633 1.136032
634 1.135099
635 1.133895
636 1.133869
637 1.13294
638 1.133117
639 1.132415
640 1.13278
641 1.132112
642 1.132597
643 1.131955
644 1.13254
645 1.132339
646 1.133239
647 1.133278
648 1.134387
649 1.134435
650 1.135593
651 1.135847
652 1.137093
653 1.137301
654 1.138464
655 1.138913
656 1.14014
657 1.140508
658 1.141784
659 1.142227
660 1.143536
661 1.144007
662 1.145308
663 1.145816
664 1.146786
665 1.14694
666 1.147765
667 1.147929
668 1.149002
669 1.149167
670 1.150172
671 1.150164
672 1.150939
673 1.150988
674 1.151726
675 1.151475
676 1.152096
677 1.151569
678 1.152248
679 1.151968
680 1.152526
681 1.15226
682 1.152833
683 1.152545
684 1.153185
685 1.152831
686 1.153299
687 1.152487
688 1.152912
689 1.152052
690 1.152232
691 1.151333
692 1.15133
693 1.15016
694 1.150429
695 1.149753
696 1.149674
697 1.148641
698 1.148774
699 1.147865
700 1.147713
701 1.146674
702 1.146799
703 1.14569
704 1.145517
705 1.144408
706 1.144402
707 1.143161
708 1.142627
709 1.141292
710 1.141168
711 1.139942
712 1.139619
713 1.138377
714 1.138285
715 1.137001
716 1.13686
717 1.135427
718 1.135356
719 1.134069
720 1.133819
721 1.132774
722 1.132636
723 1.131597
724 1.131505
725 1.130566
726 1.130667
727 1.129683
728 1.130077
729 1.129341
730 1.130146
731 1.129737
732 1.130403
733 1.130115
734 1.130997
735 1.13095
736 1.131714
737 1.132236
738 1.132754
739 1.132949
740 1.133501
741 1.133932
742 1.134767
743 1.135096
744 1.135966
745 1.136547
746 1.137369
747 1.137758
748 1.138493
749 1.138862
750 1.139474
751 1.140041
752 1.140592
753 1.141161
754 1.142084
755 1.142573
756 1.143089
757 1.143165
758 1.14365
759 1.143572
760 1.144051
761 1.143804
762 1.144382
763 1.144015
764 1.144155
765 1.143501
766 1.143315
767 1.142634
768 1.142379
769 1.1416
770 1.141153
771 1.140414
772 1.140264
773 1.139155
774 1.139021
775 1.138205
776 1.137691
777 1.137095
778 1.13688
779 1.13643
780 1.136147
781 1.135453
782 1.135278
783 1.134444
784 1.134286
785 1.133731
786 1.133793
787 1.133025
788 1.132947
789 1.132469
790 1.132482
791 1.131897
792 1.13159
793 1.130934
794 1.130731
795 1.130312
796 1.130199
797 1.129696
798 1.129686
799 1.129155
800 1.12931
801 1.129032
802 1.129381
803 1.129308
804 1.129514
805 1.129474
806 1.129826
807 1.129601
808 1.129863
809 1.129558
810 1.130384
811 1.130148
812 1.130833
813 1.131274
814 1.132154
815 1.132398
816 1.133228
817 1.133348
818 1.134569
819 1.134994
820 1.135664
821 1.136178
822 1.136984
823 1.137408
824 1.137967
825 1.138258
826 1.138635
827 1.13877
828 1.139126
829 1.138978
830 1.138945
831 1.13857
832 1.13858
833 1.138323
834 1.1384
835 1.137704
836 1.137791
837 1.137494
838 1.137353
839 1.136816
840 1.136635
841 1.135912
842 1.135717
843 1.134894
844 1.134017
845 1.133201
846 1.132104
847 1.131439
848 1.130602
849 1.130035
850 1.129463
851 1.128703
852 1.12811
853 1.127213
854 1.126695
855 1.125502
856 1.124844
857 1.124091
858 1.123744
859 1.122939
860 1.122858
861 1.121713
862 1.121882
863 1.120995
864 1.121215
865 1.120118
866 1.120431
867 1.119655
868 1.120054
869 1.119205
870 1.119995
871 1.119319
872 1.119882
873 1.119414
874 1.120429
875 1.120268
876 1.121528
877 1.121435
878 1.122524
879 1.122361
880 1.123419
881 1.123613
882 1.124834
883 1.125076
884 1.126206
885 1.12657
886 1.127868
887 1.128258
888 1.129365
889 1.129589
890 1.130362
891 1.13051
892 1.131514
893 1.131618
894 1.132385
895 1.132218
896 1.132793
897 1.132756
898 1.133636
899 1.133422
900 1.134024
901 1.133262
902 1.133887
903 1.133082
904 1.133621
905 1.132875
906 1.133669
907 1.132682
908 1.133043
909 1.131906
910 1.132523
911 1.13171
912 1.131914
913 1.131079
914 1.131588
915 1.13071
916 1.130645
917 1.129672
918 1.129988
919 1.129125
920 1.129244
921 1.128724
922 1.128975
923 1.128169
924 1.127925
925 1.127168
926 1.12692
927 1.126175
928 1.125661
929 1.124661
930 1.124247
931 1.12303
932 1.122301
933 1.121484
934 1.121032
935 1.120214
936 1.119748
937 1.118737
938 1.118534
939 1.117649
940 1.117342
941 1.11668
942 1.116796
943 1.116119
944 1.116241
945 1.115131
946 1.115532
947 1.114908
948 1.115398
949 1.114697
950 1.115089
951 1.114656
952 1.115144
953 1.115134
954 1.11579
955 1.116155
956 1.116714
957 1.116966
958 1.117736
959 1.11825
960 1.11883
961 1.119131
962 1.120117
963 1.120791
964 1.121777
965 1.122287
966 1.123138
967 1.123742
968 1.124881
969 1.12532
970 1.126043
971 1.126382
972 1.126813
973 1.126998
974 1.127115
975 1.127259
976 1.127199
977 1.127033
978 1.127301
979 1.127224
980 1.126879
981 1.126838
982 1.126971
983 1.126717
984 1.126522
985 1.126195
986 1.126141
987 1.125635
988 1.125429
989 1.124893
990 1.124801
991 1.124033
992 1.123684
993 1.123277
994 1.123244
995 1.12289
996 1.122644
997 1.122097
998 1.122309
999 1.121832
1000 1.121737
