"right_fin_lift"
"Iteration" "right_fin_lift"
("Iteration" "right_fin_lift")
1 0.4697879
2 0.6203984
3 0.5115076
4 0.4528467
5 0.4251545
6 0.3984478
7 0.3624411
8 0.3440844
9 0.3305832
10 0.324782
11 0.3251647
12 0.3282585
13 0.3321653
14 0.3354415
15 0.3382345
16 0.3393793
17 0.3399277
18 0.3397281
19 0.3396633
20 0.3401339
21 0.3413537
22 0.3434647
23 0.3464538
24 0.3495063
25 0.3529798
26 0.3562189
27 0.3596816
28 0.3627603
29 0.3658465
30 0.369117
31 0.3726263
32 0.3762327
33 0.3803194
34 0.3845276
35 0.3890359
36 0.3939162
37 0.3986518
38 0.4032434
39 0.4075142
40 0.4120593
41 0.4165059
42 0.4214239
43 0.4268001
44 0.4320993
45 0.4369861
46 0.441987
47 0.4472013
48 0.452191
49 0.4571687
50 0.4624028
51 0.4673568
52 0.4721663
53 0.4770949
54 0.4821977
55 0.4872144
56 0.4922181
57 0.496988
58 0.5015396
59 0.5061904
60 0.5106968
61 0.515196
62 0.5194582
63 0.5237089
64 0.5277077
65 0.5316939
66 0.53527
67 0.5390555
68 0.5428534
69 0.5465811
70 0.5503465
71 0.5539345
72 0.5573386
73 0.560886
74 0.5642588
75 0.5675862
76 0.570704
77 0.5737301
78 0.5768228
79 0.5795624
80 0.5824589
81 0.5851718
82 0.5878826
83 0.5907187
84 0.5935987
85 0.5964941
86 0.5996571
87 0.6024808
88 0.6055747
89 0.6087718
90 0.611945
91 0.6155183
92 0.6196765
93 0.6236204
94 0.6279212
95 0.6326045
96 0.6378517
97 0.6430689
98 0.648993
99 0.654646
100 0.6603798
101 0.6663496
102 0.6721331
103 0.6781238
104 0.683973
105 0.6896996
106 0.6955289
107 0.7012942
108 0.7067953
109 0.7122227
110 0.7170574
111 0.7215657
112 0.7259974
113 0.7298525
114 0.7338666
115 0.7374093
116 0.7404563
117 0.7431955
118 0.7455425
119 0.7472932
120 0.7490368
121 0.7499548
122 0.7509049
123 0.7515293
124 0.7517492
125 0.7514674
126 0.751012
127 0.7501099
128 0.7489396
129 0.7472409
130 0.7456408
131 0.743718
132 0.7419875
133 0.7399982
134 0.7380008
135 0.735764
136 0.7337065
137 0.7314627
138 0.7292224
139 0.7269972
140 0.7247512
141 0.7225893
142 0.7203006
143 0.7181176
144 0.7162367
145 0.7139634
146 0.7119083
147 0.7096118
148 0.7072362
149 0.704529
150 0.7015318
151 0.6985386
152 0.6953648
153 0.6919312
154 0.6881425
155 0.6843449
156 0.6803642
157 0.6761514
158 0.6718475
159 0.6676921
160 0.6635669
161 0.6595065
162 0.6553932
163 0.6515571
164 0.6479145
165 0.6443617
166 0.6410424
167 0.6378966
168 0.6350054
169 0.6326391
170 0.6306613
171 0.6287949
172 0.627345
173 0.6261307
174 0.6251389
175 0.62451
176 0.6241013
177 0.6241342
178 0.6241903
179 0.6243705
180 0.6249496
181 0.6254691
182 0.626158
183 0.6268505
184 0.6274946
185 0.6280939
186 0.6285424
187 0.628983
188 0.6294413
189 0.6298513
190 0.6301854
191 0.6303591
192 0.6305411
193 0.6307305
194 0.6307799
195 0.6311159
196 0.6314225
197 0.6317911
198 0.6321774
199 0.6327119
200 0.6333605
201 0.6342358
202 0.6351756
203 0.6363587
204 0.6375664
205 0.6390182
206 0.6406181
207 0.6422574
208 0.6439322
209 0.6457839
210 0.6474932
211 0.6492424
212 0.6510553
213 0.6527321
214 0.6544221
215 0.6559564
216 0.6574327
217 0.6589633
218 0.6600928
219 0.6611165
220 0.6619212
221 0.6627868
222 0.6636271
223 0.6645561
224 0.6653919
225 0.6662989
226 0.6671658
227 0.6680871
228 0.6691375
229 0.6702002
230 0.6712555
231 0.6724141
232 0.6739063
233 0.6753414
234 0.6770226
235 0.6788529
236 0.680887
237 0.6831543
238 0.6855682
239 0.6880806
240 0.6908165
241 0.6935191
242 0.6963826
243 0.6992754
244 0.7023194
245 0.7050521
246 0.7076972
247 0.7103831
248 0.7130116
249 0.7156106
250 0.7181087
251 0.7202498
252 0.7223939
253 0.7243917
254 0.7264517
255 0.7282478
256 0.7298715
257 0.7313758
258 0.7332326
259 0.7347512
260 0.7362897
261 0.7374943
262 0.7389368
263 0.7399514
264 0.7411435
265 0.7419094
266 0.7431487
267 0.7442749
268 0.7452381
269 0.7459848
270 0.7468407
271 0.7473866
272 0.7478544
273 0.7480748
274 0.7481858
275 0.7482554
276 0.7484204
277 0.7483752
278 0.748173
279 0.7477807
280 0.7473434
281 0.7468222
282 0.7461784
283 0.7456702
284 0.7450646
285 0.7444256
286 0.7437592
287 0.7431598
288 0.7424841
289 0.7419075
290 0.7413746
291 0.7409029
292 0.7404058
293 0.7400021
294 0.7396165
295 0.7393296
296 0.7391949
297 0.7391053
298 0.7387707
299 0.7384726
300 0.7382767
301 0.737877
302 0.7374817
303 0.7372556
304 0.7368544
305 0.7362176
306 0.7355552
307 0.7348041
308 0.7339599
309 0.7330961
310 0.7321444
311 0.7311544
312 0.7301341
313 0.7289708
314 0.7278383
315 0.7267409
316 0.725714
317 0.7245614
318 0.7232873
319 0.7220441
320 0.7207977
321 0.7193595
322 0.7180594
323 0.7167033
324 0.7154622
325 0.7141821
326 0.7130297
327 0.7119228
328 0.7108362
329 0.7095674
330 0.7083667
331 0.7072998
332 0.706259
333 0.7052655
334 0.7043045
335 0.7033756
336 0.7025349
337 0.7016552
338 0.7007841
339 0.6999819
340 0.6993365
341 0.6986881
342 0.6981726
343 0.6975969
344 0.6971242
345 0.6965999
346 0.6961921
347 0.6958624
348 0.6956167
349 0.6954324
350 0.6952003
351 0.6953319
352 0.6953219
353 0.6953904
354 0.6953474
355 0.6955566
356 0.6957992
357 0.6960711
358 0.6963791
359 0.6968136
360 0.6972756
361 0.6977915
362 0.6983272
363 0.6989604
364 0.699603
365 0.7003441
366 0.7010391
367 0.7019274
368 0.7027251
369 0.7035887
370 0.704449
371 0.7053483
372 0.7062083
373 0.7072314
374 0.7081257
375 0.7091617
376 0.7101089
377 0.7112743
378 0.7123387
379 0.7133953
380 0.7144781
381 0.7156845
382 0.7167915
383 0.7178197
384 0.7188194
385 0.7197946
386 0.7207542
387 0.7216755
388 0.7225466
389 0.7234447
390 0.7241524
391 0.725023
392 0.7258076
393 0.7265909
394 0.7271934
395 0.7278718
396 0.7283919
397 0.7290062
398 0.729487
399 0.7299902
400 0.7303423
401 0.7307392
402 0.7310491
403 0.7314054
404 0.7317412
405 0.7318738
406 0.7321298
407 0.7321428
408 0.7321771
409 0.7321712
410 0.7320607
411 0.7319808
412 0.7319576
413 0.7317978
414 0.7314432
415 0.7310708
416 0.7306445
417 0.7302178
418 0.7296516
419 0.7291259
420 0.7283896
421 0.7279381
422 0.727161
423 0.7264519
424 0.7257779
425 0.7250458
426 0.7240277
427 0.7232675
428 0.7224582
429 0.7216523
430 0.7207156
431 0.7197583
432 0.7187744
433 0.717847
434 0.7168682
435 0.7158139
436 0.7147564
437 0.7137166
438 0.7127913
439 0.7117006
440 0.7107546
441 0.7097458
442 0.7087306
443 0.70758
444 0.7064263
445 0.705144
446 0.7040057
447 0.7028645
448 0.7018114
449 0.7005261
450 0.6993678
451 0.6982136
452 0.6971228
453 0.6960267
454 0.6948997
455 0.6937323
456 0.6926832
457 0.6916654
458 0.6907197
459 0.6898223
460 0.6889395
461 0.6880788
462 0.6872943
463 0.6865432
464 0.6859138
465 0.6852698
466 0.6847048
467 0.6841135
468 0.6837102
469 0.6831368
470 0.6827249
471 0.6821892
472 0.6818097
473 0.6814373
474 0.6812168
475 0.6809455
476 0.6807585
477 0.6806251
478 0.6804966
479 0.680321
480 0.6802001
481 0.6801563
482 0.6800646
483 0.6798514
484 0.6797981
485 0.6796634
486 0.6796952
487 0.6796334
488 0.6796857
489 0.6796504
490 0.6796878
491 0.6796413
492 0.6797022
493 0.6796993
494 0.6797957
495 0.6799663
496 0.6801665
497 0.6802313
498 0.6804066
499 0.6804846
500 0.6806422
501 0.6807654
502 0.6810685
503 0.681367
504 0.6816494
505 0.6819336
506 0.6822155
507 0.6826123
508 0.6829523
509 0.6832758
510 0.6837078
511 0.6842031
512 0.6846381
513 0.6851653
514 0.6855894
515 0.6860396
516 0.6864622
517 0.6869634
518 0.6873893
519 0.6879802
520 0.6885213
521 0.6891841
522 0.6897395
523 0.6904872
524 0.6911279
525 0.6918266
526 0.6924133
527 0.6930863
528 0.6936574
529 0.6944389
530 0.6951357
531 0.6959
532 0.6966482
533 0.6974859
534 0.6982522
535 0.6989673
536 0.6996824
537 0.7003486
538 0.700905
539 0.7016032
540 0.7023013
541 0.7029623
542 0.7036642
543 0.7041941
544 0.7047541
545 0.7053497
546 0.705884
547 0.7064099
548 0.7068767
549 0.7074555
550 0.7079037
551 0.7084684
552 0.7090254
553 0.7096127
554 0.7101751
555 0.7106838
556 0.7111565
557 0.711621
558 0.7119184
559 0.7123473
560 0.7126819
561 0.7131519
562 0.713597
563 0.7139859
564 0.7143241
565 0.7145954
566 0.7147927
567 0.7149132
568 0.7149369
569 0.7149616
570 0.7149544
571 0.7147996
572 0.714691
573 0.7146688
574 0.7145512
575 0.7144103
576 0.7141337
577 0.7139481
578 0.7136035
579 0.7133101
580 0.7130086
581 0.7126837
582 0.7123582
583 0.7119364
584 0.7114578
585 0.7110016
586 0.7105037
587 0.7100285
588 0.7094294
589 0.7088441
590 0.7081927
591 0.7075903
592 0.7070008
593 0.7063259
594 0.7056233
595 0.7048493
596 0.7040741
597 0.7032881
598 0.7023964
599 0.7015488
600 0.7006896
601 0.6997091
602 0.6988146
603 0.6979086
604 0.697049
605 0.6960816
606 0.6951143
607 0.6941604
608 0.6932363
609 0.6922033
610 0.6911759
611 0.6902394
612 0.689409
613 0.6884971
614 0.687621
615 0.6867632
616 0.6860583
617 0.6853936
618 0.6846727
619 0.684018
620 0.6834058
621 0.6828907
622 0.6823102
623 0.6819097
624 0.6815971
625 0.6811881
626 0.6808932
627 0.6805624
628 0.6803368
629 0.6801681
630 0.6800239
631 0.6798552
632 0.679846
633 0.6797137
634 0.6796299
635 0.6796176
636 0.6796586
637 0.6797588
638 0.6798444
639 0.6799296
640 0.6799866
641 0.6801203
642 0.6801584
643 0.6802691
644 0.6803074
645 0.6803365
646 0.6804941
647 0.6807272
648 0.6809326
649 0.6811964
650 0.6813613
651 0.6816639
652 0.6818628
653 0.6820865
654 0.6822301
655 0.6823894
656 0.6826022
657 0.6827406
658 0.6828778
659 0.6830871
660 0.683229
661 0.6834529
662 0.6836487
663 0.6837935
664 0.6839476
665 0.6841149
666 0.6842653
667 0.6844342
668 0.6845108
669 0.6846916
670 0.684825
671 0.6850056
672 0.6852049
673 0.685446
674 0.6856028
675 0.685884
676 0.6861981
677 0.6865236
678 0.6868157
679 0.6871362
680 0.6874847
681 0.6878695
682 0.6881969
683 0.6885431
684 0.6889174
685 0.6893027
686 0.6897466
687 0.6900635
688 0.6904647
689 0.6908051
690 0.6912221
691 0.6915451
692 0.691848
693 0.6920798
694 0.6923231
695 0.6926082
696 0.6928785
697 0.6932085
698 0.6934628
699 0.6937636
700 0.6940525
701 0.6943855
702 0.6947256
703 0.6951131
704 0.6953526
705 0.6957388
706 0.6960475
707 0.6963694
708 0.6967078
709 0.6970639
710 0.6972762
711 0.6976016
712 0.697797
713 0.6981196
714 0.6983159
715 0.6985095
716 0.6987343
717 0.6990033
718 0.699098
719 0.6992803
720 0.6993883
721 0.6995013
722 0.6995657
723 0.6996441
724 0.6996322
725 0.6996946
726 0.6996264
727 0.6995578
728 0.6994213
729 0.6992938
730 0.6991003
731 0.6988931
732 0.6985715
733 0.698328
734 0.6980432
735 0.6977545
736 0.6973312
737 0.6969789
738 0.6965671
739 0.6961392
740 0.6957344
741 0.6953024
742 0.6947764
743 0.6944295
744 0.6939555
745 0.6935306
746 0.6930512
747 0.6925348
748 0.692135
749 0.6916495
750 0.691081
751 0.6906782
752 0.6902771
753 0.6898844
754 0.6894859
755 0.6890956
756 0.6886919
757 0.6883445
758 0.6879325
759 0.6875548
760 0.687161
761 0.6867606
762 0.6863311
763 0.6858859
764 0.685478
765 0.6850946
766 0.684663
767 0.6842727
768 0.6838817
769 0.683538
770 0.6831732
771 0.6828812
772 0.6825681
773 0.6823728
774 0.6821184
775 0.6819797
776 0.6818204
777 0.6817113
778 0.6816226
779 0.6815839
780 0.6814886
781 0.6814685
782 0.681436
783 0.6813992
784 0.6814315
785 0.681455
786 0.6815221
787 0.6815509
788 0.6816275
789 0.6816718
790 0.6817104
791 0.6817608
792 0.6818404
793 0.6819543
794 0.6821391
795 0.682353
796 0.6825888
797 0.6828768
798 0.6832139
799 0.683523
800 0.6837969
801 0.684137
802 0.6845078
803 0.6848851
804 0.6853005
805 0.685707
806 0.6860235
807 0.6863813
808 0.6867247
809 0.6871307
810 0.687439
811 0.687787
812 0.6881222
813 0.6884648
814 0.6888094
815 0.6890862
816 0.6892953
817 0.6895443
818 0.6897848
819 0.6899896
820 0.6901754
821 0.6903618
822 0.6905476
823 0.690724
824 0.6908928
825 0.6910274
826 0.6912838
827 0.6914364
828 0.6916106
829 0.6917381
830 0.6918411
831 0.6919733
832 0.6920784
833 0.6921918
834 0.6924049
835 0.6925777
836 0.6926946
837 0.6928216
838 0.6929322
839 0.6930519
840 0.6930956
841 0.6931748
842 0.6932154
843 0.6932985
844 0.6933089
845 0.6933877
846 0.6933999
847 0.6933485
848 0.6933467
849 0.6933662
850 0.693446
851 0.6935216
852 0.6935483
853 0.693619
854 0.693596
855 0.6935621
856 0.6934982
857 0.6934068
858 0.6933129
859 0.6932572
860 0.6932334
861 0.6931658
862 0.693106
863 0.6930546
864 0.6929752
865 0.6929308
866 0.6928818
867 0.6928403
868 0.6928151
869 0.6929187
870 0.692903
871 0.6928934
872 0.6928369
873 0.6928915
874 0.69287
875 0.6928888
876 0.6928649
877 0.6928588
878 0.6927996
879 0.6928146
880 0.6927517
881 0.6926883
882 0.6925999
883 0.6925175
884 0.692318
885 0.6921573
886 0.6918855
887 0.6916736
888 0.6913805
889 0.6911517
890 0.6908598
891 0.6906044
892 0.6903301
893 0.6900985
894 0.6898304
895 0.6895821
896 0.689317
897 0.6890347
898 0.6888425
899 0.6885472
900 0.6882437
901 0.6879596
902 0.6877915
903 0.6874774
904 0.6872579
905 0.6870521
906 0.6867938
907 0.6865683
908 0.6863448
909 0.6860743
910 0.6857835
911 0.685472
912 0.6852555
913 0.6850238
914 0.6848366
915 0.6845785
916 0.6844212
917 0.6842701
918 0.6840442
919 0.6839077
920 0.6838389
921 0.6837735
922 0.6837092
923 0.6836743
924 0.6836461
925 0.6836632
926 0.6836578
927 0.6836945
928 0.6836966
929 0.6837478
930 0.6837739
931 0.6838106
932 0.6838738
933 0.6839859
934 0.6840025
935 0.6840695
936 0.6841798
937 0.6842893
938 0.6843489
939 0.6843643
940 0.6843548
941 0.6843858
942 0.6844116
943 0.6844
944 0.6844128
945 0.6844364
946 0.6844705
947 0.6845269
948 0.6846663
949 0.6848147
950 0.6849014
951 0.6850219
952 0.6851438
953 0.6852686
954 0.6853492
955 0.6854191
956 0.6854997
957 0.6855588
958 0.6857368
959 0.685778
960 0.6859322
961 0.6860033
962 0.6860572
963 0.6861137
964 0.6861999
965 0.6863453
966 0.6864064
967 0.6864654
968 0.686547
969 0.6866756
970 0.6867894
971 0.6868806
972 0.6869944
973 0.6871282
974 0.6871976
975 0.6872684
976 0.6873364
977 0.687379
978 0.6874553
979 0.6875395
980 0.687573
981 0.687654
982 0.6877512
983 0.6878132
984 0.6879162
985 0.6879683
986 0.687991
987 0.6880346
988 0.6881276
989 0.6881912
990 0.6882376
991 0.6883499
992 0.6884784
993 0.6886253
994 0.6887135
995 0.6888543
996 0.6889971
997 0.6891758
998 0.689327
999 0.6894885
1000 0.6896194
